<?xml version="1.0" encoding="UTF-8"?>
<testsuite xmlns:xsi="http://www.w3.org/2001/XMLSchema-instance" xsi:noNamespaceSchemaLocation="https://maven.apache.org/surefire/maven-failsafe-plugin/xsd/failsafe-test-report-3.0.xsd" version="3.0" name="CucumberTestSuite" time="121.058" tests="3" errors="3" skipped="0" failures="0">
  <properties>
    <property name="java.specification.version" value="15"/>
    <property name="webdriver.chrome.driver" value="C:\Users\ponda\Downloads\Video\Web_Automation\src\test\resources\webdriver\chromedriver.exe"/>
    <property name="sun.cpu.isalist" value="amd64"/>
    <property name="sun.jnu.encoding" value="Cp1252"/>
    <property name="java.class.path" value="C:\Users\ponda\Downloads\Video\Web_Automation\target\test-classes;C:\Users\ponda\.m2\repository\net\serenity-bdd\serenity-core\3.2.1\serenity-core-3.2.1.jar;C:\Users\ponda\.m2\repository\net\serenity-bdd\serenity-model\3.2.1\serenity-model-3.2.1.jar;C:\Users\ponda\.m2\repository\org\apache\commons\commons-text\1.9\commons-text-1.9.jar;C:\Users\ponda\.m2\repository\commons-net\commons-net\3.8.0\commons-net-3.8.0.jar;C:\Users\ponda\.m2\repository\com\google\guava\guava\31.1-jre\guava-31.1-jre.jar;C:\Users\ponda\.m2\repository\com\google\guava\failureaccess\1.0.1\failureaccess-1.0.1.jar;C:\Users\ponda\.m2\repository\com\google\guava\listenablefuture\9999.0-empty-to-avoid-conflict-with-guava\listenablefuture-9999.0-empty-to-avoid-conflict-with-guava.jar;C:\Users\ponda\.m2\repository\com\google\code\findbugs\jsr305\3.0.2\jsr305-3.0.2.jar;C:\Users\ponda\.m2\repository\org\checkerframework\checker-qual\3.12.0\checker-qual-3.12.0.jar;C:\Users\ponda\.m2\repository\com\google\errorprone\error_prone_annotations\2.11.0\error_prone_annotations-2.11.0.jar;C:\Users\ponda\.m2\repository\com\google\j2objc\j2objc-annotations\1.3\j2objc-annotations-1.3.jar;C:\Users\ponda\.m2\repository\com\google\inject\guice\5.1.0\guice-5.1.0.jar;C:\Users\ponda\.m2\repository\javax\inject\javax.inject\1\javax.inject-1.jar;C:\Users\ponda\.m2\repository\aopalliance\aopalliance\1.0\aopalliance-1.0.jar;C:\Users\ponda\.m2\repository\org\jsoup\jsoup\1.14.3\jsoup-1.14.3.jar;C:\Users\ponda\.m2\repository\com\thoughtworks\xstream\xstream\1.4.19\xstream-1.4.19.jar;C:\Users\ponda\.m2\repository\io\github\x-stream\mxparser\1.2.2\mxparser-1.2.2.jar;C:\Users\ponda\.m2\repository\xmlpull\xmlpull\1.1.3.1\xmlpull-1.1.3.1.jar;C:\Users\ponda\.m2\repository\io\cucumber\cucumber-java\7.2.3\cucumber-java-7.2.3.jar;C:\Users\ponda\.m2\repository\com\typesafe\config\1.4.2\config-1.4.2.jar;C:\Users\ponda\.m2\repository\org\imgscalr\imgscalr-lib\4.2\imgscalr-lib-4.2.jar;C:\Users\ponda\.m2\repository\org\awaitility\awaitility\4.2.0\awaitility-4.2.0.jar;C:\Users\ponda\.m2\repository\org\freemarker\freemarker\2.3.31\freemarker-2.3.31.jar;C:\Users\ponda\.m2\repository\io\github\classgraph\classgraph\4.8.138\classgraph-4.8.138.jar;C:\Users\ponda\.m2\repository\net\sourceforge\jexcelapi\jxl\2.6.12\jxl-2.6.12.jar;C:\Users\ponda\.m2\repository\net\bytebuddy\byte-buddy\1.12.8\byte-buddy-1.12.8.jar;C:\Users\ponda\.m2\repository\net\bytebuddy\byte-buddy-agent\1.12.8\byte-buddy-agent-1.12.8.jar;C:\Users\ponda\.m2\repository\org\objenesis\objenesis\3.1\objenesis-3.1.jar;C:\Users\ponda\.m2\repository\net\serenity-bdd\serenity-reports\3.2.1\serenity-reports-3.2.1.jar;C:\Users\ponda\.m2\repository\net\serenity-bdd\serenity-stats\3.2.1\serenity-stats-3.2.1.jar;C:\Users\ponda\.m2\repository\net\serenity-bdd\serenity-reports-configuration\3.2.1\serenity-reports-configuration-3.2.1.jar;C:\Users\ponda\.m2\repository\com\vladsch\flexmark\flexmark-all\0.34.30\flexmark-all-0.34.30.jar;C:\Users\ponda\.m2\repository\com\vladsch\flexmark\flexmark\0.34.30\flexmark-0.34.30.jar;C:\Users\ponda\.m2\repository\com\vladsch\flexmark\flexmark-ext-abbreviation\0.34.30\flexmark-ext-abbreviation-0.34.30.jar;C:\Users\ponda\.m2\repository\com\vladsch\flexmark\flexmark-ext-admonition\0.34.30\flexmark-ext-admonition-0.34.30.jar;C:\Users\ponda\.m2\repository\com\vladsch\flexmark\flexmark-ext-anchorlink\0.34.30\flexmark-ext-anchorlink-0.34.30.jar;C:\Users\ponda\.m2\repository\com\vladsch\flexmark\flexmark-ext-aside\0.34.30\flexmark-ext-aside-0.34.30.jar;C:\Users\ponda\.m2\repository\com\vladsch\flexmark\flexmark-ext-attributes\0.34.30\flexmark-ext-attributes-0.34.30.jar;C:\Users\ponda\.m2\repository\com\vladsch\flexmark\flexmark-ext-autolink\0.34.30\flexmark-ext-autolink-0.34.30.jar;C:\Users\ponda\.m2\repository\org\nibor\autolink\autolink\0.6.0\autolink-0.6.0.jar;C:\Users\ponda\.m2\repository\com\vladsch\flexmark\flexmark-ext-definition\0.34.30\flexmark-ext-definition-0.34.30.jar;C:\Users\ponda\.m2\repository\com\vladsch\flexmark\flexmark-ext-emoji\0.34.30\flexmark-ext-emoji-0.34.30.jar;C:\Users\ponda\.m2\repository\com\vladsch\flexmark\flexmark-ext-enumerated-reference\0.34.30\flexmark-ext-enumerated-reference-0.34.30.jar;C:\Users\ponda\.m2\repository\com\vladsch\flexmark\flexmark-ext-escaped-character\0.34.30\flexmark-ext-escaped-character-0.34.30.jar;C:\Users\ponda\.m2\repository\com\vladsch\flexmark\flexmark-ext-footnotes\0.34.30\flexmark-ext-footnotes-0.34.30.jar;C:\Users\ponda\.m2\repository\com\vladsch\flexmark\flexmark-ext-gfm-issues\0.34.30\flexmark-ext-gfm-issues-0.34.30.jar;C:\Users\ponda\.m2\repository\com\vladsch\flexmark\flexmark-ext-gfm-strikethrough\0.34.30\flexmark-ext-gfm-strikethrough-0.34.30.jar;C:\Users\ponda\.m2\repository\com\vladsch\flexmark\flexmark-ext-gfm-tables\0.34.30\flexmark-ext-gfm-tables-0.34.30.jar;C:\Users\ponda\.m2\repository\com\vladsch\flexmark\flexmark-ext-gfm-tasklist\0.34.30\flexmark-ext-gfm-tasklist-0.34.30.jar;C:\Users\ponda\.m2\repository\com\vladsch\flexmark\flexmark-ext-gfm-users\0.34.30\flexmark-ext-gfm-users-0.34.30.jar;C:\Users\ponda\.m2\repository\com\vladsch\flexmark\flexmark-ext-gitlab\0.34.30\flexmark-ext-gitlab-0.34.30.jar;C:\Users\ponda\.m2\repository\com\vladsch\flexmark\flexmark-ext-jekyll-front-matter\0.34.30\flexmark-ext-jekyll-front-matter-0.34.30.jar;C:\Users\ponda\.m2\repository\com\vladsch\flexmark\flexmark-ext-jekyll-tag\0.34.30\flexmark-ext-jekyll-tag-0.34.30.jar;C:\Users\ponda\.m2\repository\com\vladsch\flexmark\flexmark-ext-media-tags\0.34.30\flexmark-ext-media-tags-0.34.30.jar;C:\Users\ponda\.m2\repository\com\vladsch\flexmark\flexmark-test-util\0.34.30\flexmark-test-util-0.34.30.jar;C:\Users\ponda\.m2\repository\com\vladsch\flexmark\flexmark-ext-ins\0.34.30\flexmark-ext-ins-0.34.30.jar;C:\Users\ponda\.m2\repository\com\vladsch\flexmark\flexmark-ext-xwiki-macros\0.34.30\flexmark-ext-xwiki-macros-0.34.30.jar;C:\Users\ponda\.m2\repository\com\vladsch\flexmark\flexmark-ext-superscript\0.34.30\flexmark-ext-superscript-0.34.30.jar;C:\Users\ponda\.m2\repository\com\vladsch\flexmark\flexmark-ext-tables\0.34.30\flexmark-ext-tables-0.34.30.jar;C:\Users\ponda\.m2\repository\com\vladsch\flexmark\flexmark-ext-toc\0.34.30\flexmark-ext-toc-0.34.30.jar;C:\Users\ponda\.m2\repository\com\vladsch\flexmark\flexmark-ext-typographic\0.34.30\flexmark-ext-typographic-0.34.30.jar;C:\Users\ponda\.m2\repository\com\vladsch\flexmark\flexmark-ext-wikilink\0.34.30\flexmark-ext-wikilink-0.34.30.jar;C:\Users\ponda\.m2\repository\com\vladsch\flexmark\flexmark-ext-yaml-front-matter\0.34.30\flexmark-ext-yaml-front-matter-0.34.30.jar;C:\Users\ponda\.m2\repository\com\vladsch\flexmark\flexmark-ext-youtube-embedded\0.34.30\flexmark-ext-youtube-embedded-0.34.30.jar;C:\Users\ponda\.m2\repository\com\vladsch\flexmark\flexmark-formatter\0.34.30\flexmark-formatter-0.34.30.jar;C:\Users\ponda\.m2\repository\com\vladsch\flexmark\flexmark-html-parser\0.34.30\flexmark-html-parser-0.34.30.jar;C:\Users\ponda\.m2\repository\com\vladsch\flexmark\flexmark-jira-converter\0.34.30\flexmark-jira-converter-0.34.30.jar;C:\Users\ponda\.m2\repository\com\vladsch\flexmark\flexmark-pdf-converter\0.34.30\flexmark-pdf-converter-0.34.30.jar;C:\Users\ponda\.m2\repository\com\openhtmltopdf\openhtmltopdf-core\0.0.1-RC13\openhtmltopdf-core-0.0.1-RC13.jar;C:\Users\ponda\.m2\repository\com\openhtmltopdf\openhtmltopdf-pdfbox\0.0.1-RC13\openhtmltopdf-pdfbox-0.0.1-RC13.jar;C:\Users\ponda\.m2\repository\org\apache\pdfbox\pdfbox\2.0.8\pdfbox-2.0.8.jar;C:\Users\ponda\.m2\repository\org\apache\pdfbox\fontbox\2.0.8\fontbox-2.0.8.jar;C:\Users\ponda\.m2\repository\commons-logging\commons-logging\1.2\commons-logging-1.2.jar;C:\Users\ponda\.m2\repository\org\apache\pdfbox\xmpbox\2.0.8\xmpbox-2.0.8.jar;C:\Users\ponda\.m2\repository\de\rototor\pdfbox\graphics2d\0.12\graphics2d-0.12.jar;C:\Users\ponda\.m2\repository\com\openhtmltopdf\openhtmltopdf-rtl-support\0.0.1-RC13\openhtmltopdf-rtl-support-0.0.1-RC13.jar;C:\Users\ponda\.m2\repository\com\ibm\icu\icu4j\59.1\icu4j-59.1.jar;C:\Users\ponda\.m2\repository\com\openhtmltopdf\openhtmltopdf-jsoup-dom-converter\0.0.1-RC13\openhtmltopdf-jsoup-dom-converter-0.0.1-RC13.jar;C:\Users\ponda\.m2\repository\com\vladsch\flexmark\flexmark-profile-pegdown\0.34.30\flexmark-profile-pegdown-0.34.30.jar;C:\Users\ponda\.m2\repository\com\vladsch\flexmark\flexmark-util\0.34.30\flexmark-util-0.34.30.jar;C:\Users\ponda\.m2\repository\com\vladsch\flexmark\flexmark-youtrack-converter\0.34.30\flexmark-youtrack-converter-0.34.30.jar;C:\Users\ponda\.m2\repository\es\nitaur\markdown\txtmark\0.16\txtmark-0.16.jar;C:\Users\ponda\.m2\repository\net\serenity-bdd\serenity-report-resources\3.2.1\serenity-report-resources-3.2.1.jar;C:\Users\ponda\.m2\repository\com\google\code\gson\gson\2.9.0\gson-2.9.0.jar;C:\Users\ponda\.m2\repository\com\fasterxml\jackson\core\jackson-core\2.13.2\jackson-core-2.13.2.jar;C:\Users\ponda\.m2\repository\com\fasterxml\jackson\core\jackson-databind\2.13.2\jackson-databind-2.13.2.jar;C:\Users\ponda\.m2\repository\com\fasterxml\jackson\core\jackson-annotations\2.13.2\jackson-annotations-2.13.2.jar;C:\Users\ponda\.m2\repository\commons-codec\commons-codec\1.15\commons-codec-1.15.jar;C:\Users\ponda\.m2\repository\commons-io\commons-io\2.11.0\commons-io-2.11.0.jar;C:\Users\ponda\.m2\repository\org\seleniumhq\selenium\selenium-java\4.1.2\selenium-java-4.1.2.jar;C:\Users\ponda\.m2\repository\org\seleniumhq\selenium\selenium-devtools-v85\4.1.2\selenium-devtools-v85-4.1.2.jar;C:\Users\ponda\.m2\repository\org\seleniumhq\selenium\selenium-devtools-v95\4.1.2\selenium-devtools-v95-4.1.2.jar;C:\Users\ponda\.m2\repository\org\seleniumhq\selenium\selenium-devtools-v96\4.1.2\selenium-devtools-v96-4.1.2.jar;C:\Users\ponda\.m2\repository\org\seleniumhq\selenium\selenium-devtools-v97\4.1.2\selenium-devtools-v97-4.1.2.jar;C:\Users\ponda\.m2\repository\org\seleniumhq\selenium\selenium-firefox-xpi-driver\4.1.2\selenium-firefox-xpi-driver-4.1.2.jar;C:\Users\ponda\.m2\repository\org\seleniumhq\selenium\selenium-opera-driver\4.1.2\selenium-opera-driver-4.1.2.jar;C:\Users\ponda\.m2\repository\org\seleniumhq\selenium\selenium-remote-driver\4.1.2\selenium-remote-driver-4.1.2.jar;C:\Users\ponda\.m2\repository\com\beust\jcommander\1.82\jcommander-1.82.jar;C:\Users\ponda\.m2\repository\io\netty\netty-buffer\4.1.73.Final\netty-buffer-4.1.73.Final.jar;C:\Users\ponda\.m2\repository\io\netty\netty-codec-http\4.1.73.Final\netty-codec-http-4.1.73.Final.jar;C:\Users\ponda\.m2\repository\io\netty\netty-codec\4.1.73.Final\netty-codec-4.1.73.Final.jar;C:\Users\ponda\.m2\repository\io\netty\netty-handler\4.1.73.Final\netty-handler-4.1.73.Final.jar;C:\Users\ponda\.m2\repository\io\netty\netty-tcnative-classes\2.0.46.Final\netty-tcnative-classes-2.0.46.Final.jar;C:\Users\ponda\.m2\repository\io\netty\netty-common\4.1.73.Final\netty-common-4.1.73.Final.jar;C:\Users\ponda\.m2\repository\io\netty\netty-transport-classes-epoll\4.1.73.Final\netty-transport-classes-epoll-4.1.73.Final.jar;C:\Users\ponda\.m2\repository\io\netty\netty-transport-classes-kqueue\4.1.73.Final\netty-transport-classes-kqueue-4.1.73.Final.jar;C:\Users\ponda\.m2\repository\io\netty\netty-transport-native-epoll\4.1.73.Final\netty-transport-native-epoll-4.1.73.Final.jar;C:\Users\ponda\.m2\repository\io\netty\netty-transport-native-kqueue\4.1.73.Final\netty-transport-native-kqueue-4.1.73.Final.jar;C:\Users\ponda\.m2\repository\io\netty\netty-transport-native-unix-common\4.1.73.Final\netty-transport-native-unix-common-4.1.73.Final.jar;C:\Users\ponda\.m2\repository\io\netty\netty-transport\4.1.73.Final\netty-transport-4.1.73.Final.jar;C:\Users\ponda\.m2\repository\io\netty\netty-resolver\4.1.73.Final\netty-resolver-4.1.73.Final.jar;C:\Users\ponda\.m2\repository\io\opentelemetry\opentelemetry-api\1.10.1\opentelemetry-api-1.10.1.jar;C:\Users\ponda\.m2\repository\io\opentelemetry\opentelemetry-context\1.10.1\opentelemetry-context-1.10.1.jar;C:\Users\ponda\.m2\repository\io\opentelemetry\opentelemetry-exporter-logging\1.10.1\opentelemetry-exporter-logging-1.10.1.jar;C:\Users\ponda\.m2\repository\io\opentelemetry\opentelemetry-sdk-metrics\1.10.1-alpha\opentelemetry-sdk-metrics-1.10.1-alpha.jar;C:\Users\ponda\.m2\repository\io\opentelemetry\opentelemetry-sdk-logs\1.10.1-alpha\opentelemetry-sdk-logs-1.10.1-alpha.jar;C:\Users\ponda\.m2\repository\io\opentelemetry\opentelemetry-sdk-common\1.10.1\opentelemetry-sdk-common-1.10.1.jar;C:\Users\ponda\.m2\repository\io\opentelemetry\opentelemetry-sdk-extension-autoconfigure-spi\1.10.1\opentelemetry-sdk-extension-autoconfigure-spi-1.10.1.jar;C:\Users\ponda\.m2\repository\io\opentelemetry\opentelemetry-sdk-extension-autoconfigure\1.10.1-alpha\opentelemetry-sdk-extension-autoconfigure-1.10.1-alpha.jar;C:\Users\ponda\.m2\repository\io\opentelemetry\opentelemetry-sdk-trace\1.10.1\opentelemetry-sdk-trace-1.10.1.jar;C:\Users\ponda\.m2\repository\io\opentelemetry\opentelemetry-sdk\1.10.1\opentelemetry-sdk-1.10.1.jar;C:\Users\ponda\.m2\repository\io\opentelemetry\opentelemetry-semconv\1.10.1-alpha\opentelemetry-semconv-1.10.1-alpha.jar;C:\Users\ponda\.m2\repository\io\ous\jtoml\2.0.0\jtoml-2.0.0.jar;C:\Users\ponda\.m2\repository\org\apache\commons\commons-exec\1.3\commons-exec-1.3.jar;C:\Users\ponda\.m2\repository\org\asynchttpclient\async-http-client\2.12.3\async-http-client-2.12.3.jar;C:\Users\ponda\.m2\repository\org\asynchttpclient\async-http-client-netty-utils\2.12.3\async-http-client-netty-utils-2.12.3.jar;C:\Users\ponda\.m2\repository\io\netty\netty-codec-socks\4.1.60.Final\netty-codec-socks-4.1.60.Final.jar;C:\Users\ponda\.m2\repository\io\netty\netty-handler-proxy\4.1.60.Final\netty-handler-proxy-4.1.60.Final.jar;C:\Users\ponda\.m2\repository\io\netty\netty-transport-native-epoll\4.1.60.Final\netty-transport-native-epoll-4.1.60.Final-linux-x86_64.jar;C:\Users\ponda\.m2\repository\io\netty\netty-transport-native-kqueue\4.1.60.Final\netty-transport-native-kqueue-4.1.60.Final-osx-x86_64.jar;C:\Users\ponda\.m2\repository\org\reactivestreams\reactive-streams\1.0.3\reactive-streams-1.0.3.jar;C:\Users\ponda\.m2\repository\com\typesafe\netty\netty-reactive-streams\2.0.4\netty-reactive-streams-2.0.4.jar;C:\Users\ponda\.m2\repository\org\seleniumhq\selenium\selenium-http\4.1.2\selenium-http-4.1.2.jar;C:\Users\ponda\.m2\repository\net\jodah\failsafe\2.4.4\failsafe-2.4.4.jar;C:\Users\ponda\.m2\repository\org\seleniumhq\selenium\selenium-safari-driver\4.1.2\selenium-safari-driver-4.1.2.jar;C:\Users\ponda\.m2\repository\org\seleniumhq\selenium\selenium-api\4.1.2\selenium-api-4.1.2.jar;C:\Users\ponda\.m2\repository\org\seleniumhq\selenium\selenium-support\4.1.2\selenium-support-4.1.2.jar;C:\Users\ponda\.m2\repository\com\google\auto\service\auto-service-annotations\1.0.1\auto-service-annotations-1.0.1.jar;C:\Users\ponda\.m2\repository\com\google\auto\service\auto-service\1.0.1\auto-service-1.0.1.jar;C:\Users\ponda\.m2\repository\com\google\auto\auto-common\1.2\auto-common-1.2.jar;C:\Users\ponda\.m2\repository\org\seleniumhq\selenium\selenium-json\4.1.2\selenium-json-4.1.2.jar;C:\Users\ponda\.m2\repository\org\seleniumhq\selenium\selenium-chrome-driver\4.1.2\selenium-chrome-driver-4.1.2.jar;C:\Users\ponda\.m2\repository\org\seleniumhq\selenium\selenium-chromium-driver\4.1.2\selenium-chromium-driver-4.1.2.jar;C:\Users\ponda\.m2\repository\org\seleniumhq\selenium\selenium-firefox-driver\4.1.2\selenium-firefox-driver-4.1.2.jar;C:\Users\ponda\.m2\repository\org\seleniumhq\selenium\selenium-edge-driver\4.1.2\selenium-edge-driver-4.1.2.jar;C:\Users\ponda\.m2\repository\org\seleniumhq\selenium\selenium-ie-driver\4.1.2\selenium-ie-driver-4.1.2.jar;C:\Users\ponda\.m2\repository\org\projectlombok\lombok\1.18.20\lombok-1.18.20.jar;C:\Users\ponda\.m2\repository\io\appium\java-client\8.0.0\java-client-8.0.0.jar;C:\Users\ponda\.m2\repository\commons-validator\commons-validator\1.7\commons-validator-1.7.jar;C:\Users\ponda\.m2\repository\commons-digester\commons-digester\2.1\commons-digester-2.1.jar;C:\Users\ponda\.m2\repository\org\aspectj\aspectjweaver\1.9.8\aspectjweaver-1.9.8.jar;C:\Users\ponda\.m2\repository\org\codehaus\groovy\groovy\3.0.10\groovy-3.0.10.jar;C:\Users\ponda\.m2\repository\net\sf\opencsv\opencsv\2.0\opencsv-2.0.jar;C:\Users\ponda\.m2\repository\commons-beanutils\commons-beanutils\1.9.4\commons-beanutils-1.9.4.jar;C:\Users\ponda\.m2\repository\org\apache\commons\commons-lang3\3.12.0\commons-lang3-3.12.0.jar;C:\Users\ponda\.m2\repository\commons-collections\commons-collections\3.2.2\commons-collections-3.2.2.jar;C:\Users\ponda\.m2\repository\org\fluentlenium\fluentlenium-core\0.10.2\fluentlenium-core-0.10.2.jar;C:\Users\ponda\.m2\repository\io\github\bonigarcia\webdrivermanager\5.1.0\webdrivermanager-5.1.0.jar;C:\Users\ponda\.m2\repository\com\github\docker-java\docker-java\3.2.13\docker-java-3.2.13.jar;C:\Users\ponda\.m2\repository\com\github\docker-java\docker-java-core\3.2.13\docker-java-core-3.2.13.jar;C:\Users\ponda\.m2\repository\com\github\docker-java\docker-java-api\3.2.13\docker-java-api-3.2.13.jar;C:\Users\ponda\.m2\repository\org\apache\commons\commons-compress\1.21\commons-compress-1.21.jar;C:\Users\ponda\.m2\repository\org\bouncycastle\bcpkix-jdk15on\1.64\bcpkix-jdk15on-1.64.jar;C:\Users\ponda\.m2\repository\org\bouncycastle\bcprov-jdk15on\1.64\bcprov-jdk15on-1.64.jar;C:\Users\ponda\.m2\repository\org\slf4j\jcl-over-slf4j\1.7.30\jcl-over-slf4j-1.7.30.jar;C:\Users\ponda\.m2\repository\com\github\docker-java\docker-java-transport-httpclient5\3.2.13\docker-java-transport-httpclient5-3.2.13.jar;C:\Users\ponda\.m2\repository\com\github\docker-java\docker-java-transport\3.2.13\docker-java-transport-3.2.13.jar;C:\Users\ponda\.m2\repository\org\apache\httpcomponents\client5\httpclient5\5.0.3\httpclient5-5.0.3.jar;C:\Users\ponda\.m2\repository\org\apache\httpcomponents\core5\httpcore5\5.0.2\httpcore5-5.0.2.jar;C:\Users\ponda\.m2\repository\net\java\dev\jna\jna\5.8.0\jna-5.8.0.jar;C:\Users\ponda\.m2\repository\org\brotli\dec\0.1.2\dec-0.1.2.jar;C:\Users\ponda\.m2\repository\com\jhlabs\filters\2.0.235\filters-2.0.235.jar;C:\Users\ponda\.m2\repository\com\paulhammant\ngwebdriver\1.1.6\ngwebdriver-1.1.6.jar;C:\Users\ponda\.m2\repository\joda-time\joda-time\2.8.2\joda-time-2.8.2.jar;C:\Users\ponda\.m2\repository\org\hamcrest\hamcrest\2.2\hamcrest-2.2.jar;C:\Users\ponda\.m2\repository\com\google\jimfs\jimfs\1.2\jimfs-1.2.jar;C:\Users\ponda\.m2\repository\org\mockito\mockito-core\3.3.3\mockito-core-3.3.3.jar;C:\Users\ponda\.m2\repository\javax\xml\bind\jaxb-api\2.3.1\jaxb-api-2.3.1.jar;C:\Users\ponda\.m2\repository\javax\activation\javax.activation-api\1.2.0\javax.activation-api-1.2.0.jar;C:\Users\ponda\.m2\repository\com\sun\xml\bind\jaxb-core\2.3.0.1\jaxb-core-2.3.0.1.jar;C:\Users\ponda\.m2\repository\com\sun\xml\bind\jaxb-impl\2.3.3\jaxb-impl-2.3.3.jar;C:\Users\ponda\.m2\repository\jakarta\xml\bind\jakarta.xml.bind-api\2.3.3\jakarta.xml.bind-api-2.3.3.jar;C:\Users\ponda\.m2\repository\com\sun\activation\jakarta.activation\1.2.2\jakarta.activation-1.2.2.jar;C:\Users\ponda\.m2\repository\javax\activation\activation\1.1.1\activation-1.1.1.jar;C:\Users\ponda\.m2\repository\net\serenity-bdd\serenity-cucumber\3.2.1\serenity-cucumber-3.2.1.jar;C:\Users\ponda\.m2\repository\io\cucumber\cucumber-core\7.2.3\cucumber-core-7.2.3.jar;C:\Users\ponda\.m2\repository\io\cucumber\cucumber-gherkin\7.2.3\cucumber-gherkin-7.2.3.jar;C:\Users\ponda\.m2\repository\io\cucumber\cucumber-gherkin-messages\7.2.3\cucumber-gherkin-messages-7.2.3.jar;C:\Users\ponda\.m2\repository\io\cucumber\messages\17.1.1\messages-17.1.1.jar;C:\Users\ponda\.m2\repository\io\cucumber\tag-expressions\4.1.0\tag-expressions-4.1.0.jar;C:\Users\ponda\.m2\repository\io\cucumber\cucumber-expressions\15.0.1\cucumber-expressions-15.0.1.jar;C:\Users\ponda\.m2\repository\io\cucumber\datatable\7.2.3\datatable-7.2.3.jar;C:\Users\ponda\.m2\repository\io\cucumber\cucumber-plugin\7.2.3\cucumber-plugin-7.2.3.jar;C:\Users\ponda\.m2\repository\io\cucumber\docstring\7.2.3\docstring-7.2.3.jar;C:\Users\ponda\.m2\repository\io\cucumber\html-formatter\17.0.0\html-formatter-17.0.0.jar;C:\Users\ponda\.m2\repository\io\cucumber\ci-environment\8.1.0\ci-environment-8.1.0.jar;C:\Users\ponda\.m2\repository\io\cucumber\cucumber-junit\7.2.3\cucumber-junit-7.2.3.jar;C:\Users\ponda\.m2\repository\org\apache\commons\commons-csv\1.5\commons-csv-1.5.jar;C:\Users\ponda\.m2\repository\net\serenity-bdd\serenity-screenplay\3.2.1\serenity-screenplay-3.2.1.jar;C:\Users\ponda\.m2\repository\net\serenity-bdd\serenity-screenplay-webdriver\3.2.1\serenity-screenplay-webdriver-3.2.1.jar;C:\Users\ponda\.m2\repository\net\serenity-bdd\serenity-ensure\3.2.1\serenity-ensure-3.2.1.jar;C:\Users\ponda\.m2\repository\net\serenity-bdd\serenity-junit\3.2.1\serenity-junit-3.2.1.jar;C:\Users\ponda\.m2\repository\org\jetbrains\kotlin\kotlin-stdlib\1.6.0\kotlin-stdlib-1.6.0.jar;C:\Users\ponda\.m2\repository\org\jetbrains\annotations\13.0\annotations-13.0.jar;C:\Users\ponda\.m2\repository\org\jetbrains\kotlin\kotlin-stdlib-common\1.6.0\kotlin-stdlib-common-1.6.0.jar;C:\Users\ponda\.m2\repository\org\junit\platform\junit-platform-launcher\1.8.1\junit-platform-launcher-1.8.1.jar;C:\Users\ponda\.m2\repository\org\junit\platform\junit-platform-engine\1.8.1\junit-platform-engine-1.8.1.jar;C:\Users\ponda\.m2\repository\org\opentest4j\opentest4j\1.2.0\opentest4j-1.2.0.jar;C:\Users\ponda\.m2\repository\org\junit\platform\junit-platform-commons\1.8.1\junit-platform-commons-1.8.1.jar;C:\Users\ponda\.m2\repository\org\apiguardian\apiguardian-api\1.1.2\apiguardian-api-1.1.2.jar;C:\Users\ponda\.m2\repository\org\junit\jupiter\junit-jupiter-engine\5.8.2\junit-jupiter-engine-5.8.2.jar;C:\Users\ponda\.m2\repository\org\junit\jupiter\junit-jupiter-api\5.8.2\junit-jupiter-api-5.8.2.jar;C:\Users\ponda\.m2\repository\org\junit\vintage\junit-vintage-engine\5.8.2\junit-vintage-engine-5.8.2.jar;C:\Users\ponda\.m2\repository\junit\junit\4.13.2\junit-4.13.2.jar;C:\Users\ponda\.m2\repository\org\hamcrest\hamcrest-core\1.3\hamcrest-core-1.3.jar;C:\Users\ponda\.m2\repository\ch\qos\logback\logback-classic\1.2.10\logback-classic-1.2.10.jar;C:\Users\ponda\.m2\repository\ch\qos\logback\logback-core\1.2.10\logback-core-1.2.10.jar;C:\Users\ponda\.m2\repository\org\slf4j\slf4j-api\1.7.32\slf4j-api-1.7.32.jar;C:\Users\ponda\.m2\repository\org\assertj\assertj-core\3.6.2\assertj-core-3.6.2.jar;"/>
    <property name="java.vm.vendor" value="Oracle Corporation"/>
    <property name="sun.arch.data.model" value="64"/>
    <property name="user.variant" value=""/>
    <property name="java.vendor.url" value="https://java.oracle.com/"/>
    <property name="user.timezone" value="Asia/Jakarta"/>
    <property name="log4j2.formatMsgNoLookups" value="true"/>
    <property name="os.name" value="Windows 10"/>
    <property name="java.vm.specification.version" value="15"/>
    <property name="sun.java.launcher" value="SUN_STANDARD"/>
    <property name="user.country" value="ID"/>
    <property name="sun.boot.library.path" value="C:\Program Files\Java\jdk-15.0.2\bin"/>
    <property name="sun.java.command" value="org.apache.maven.surefire.booter.ForkedBooter C:\Users\ponda\AppData\Local\Temp\surefire6631545827503670878 2022-07-19T12-03-24_632-jvmRun1 surefire2841371339726046087tmp surefire_06453939975994395924tmp"/>
    <property name="jdk.debug" value="release"/>
    <property name="surefire.test.class.path" value="C:\Users\ponda\Downloads\Video\Web_Automation\target\test-classes;C:\Users\ponda\.m2\repository\net\serenity-bdd\serenity-core\3.2.1\serenity-core-3.2.1.jar;C:\Users\ponda\.m2\repository\net\serenity-bdd\serenity-model\3.2.1\serenity-model-3.2.1.jar;C:\Users\ponda\.m2\repository\org\apache\commons\commons-text\1.9\commons-text-1.9.jar;C:\Users\ponda\.m2\repository\commons-net\commons-net\3.8.0\commons-net-3.8.0.jar;C:\Users\ponda\.m2\repository\com\google\guava\guava\31.1-jre\guava-31.1-jre.jar;C:\Users\ponda\.m2\repository\com\google\guava\failureaccess\1.0.1\failureaccess-1.0.1.jar;C:\Users\ponda\.m2\repository\com\google\guava\listenablefuture\9999.0-empty-to-avoid-conflict-with-guava\listenablefuture-9999.0-empty-to-avoid-conflict-with-guava.jar;C:\Users\ponda\.m2\repository\com\google\code\findbugs\jsr305\3.0.2\jsr305-3.0.2.jar;C:\Users\ponda\.m2\repository\org\checkerframework\checker-qual\3.12.0\checker-qual-3.12.0.jar;C:\Users\ponda\.m2\repository\com\google\errorprone\error_prone_annotations\2.11.0\error_prone_annotations-2.11.0.jar;C:\Users\ponda\.m2\repository\com\google\j2objc\j2objc-annotations\1.3\j2objc-annotations-1.3.jar;C:\Users\ponda\.m2\repository\com\google\inject\guice\5.1.0\guice-5.1.0.jar;C:\Users\ponda\.m2\repository\javax\inject\javax.inject\1\javax.inject-1.jar;C:\Users\ponda\.m2\repository\aopalliance\aopalliance\1.0\aopalliance-1.0.jar;C:\Users\ponda\.m2\repository\org\jsoup\jsoup\1.14.3\jsoup-1.14.3.jar;C:\Users\ponda\.m2\repository\com\thoughtworks\xstream\xstream\1.4.19\xstream-1.4.19.jar;C:\Users\ponda\.m2\repository\io\github\x-stream\mxparser\1.2.2\mxparser-1.2.2.jar;C:\Users\ponda\.m2\repository\xmlpull\xmlpull\1.1.3.1\xmlpull-1.1.3.1.jar;C:\Users\ponda\.m2\repository\io\cucumber\cucumber-java\7.2.3\cucumber-java-7.2.3.jar;C:\Users\ponda\.m2\repository\com\typesafe\config\1.4.2\config-1.4.2.jar;C:\Users\ponda\.m2\repository\org\imgscalr\imgscalr-lib\4.2\imgscalr-lib-4.2.jar;C:\Users\ponda\.m2\repository\org\awaitility\awaitility\4.2.0\awaitility-4.2.0.jar;C:\Users\ponda\.m2\repository\org\freemarker\freemarker\2.3.31\freemarker-2.3.31.jar;C:\Users\ponda\.m2\repository\io\github\classgraph\classgraph\4.8.138\classgraph-4.8.138.jar;C:\Users\ponda\.m2\repository\net\sourceforge\jexcelapi\jxl\2.6.12\jxl-2.6.12.jar;C:\Users\ponda\.m2\repository\net\bytebuddy\byte-buddy\1.12.8\byte-buddy-1.12.8.jar;C:\Users\ponda\.m2\repository\net\bytebuddy\byte-buddy-agent\1.12.8\byte-buddy-agent-1.12.8.jar;C:\Users\ponda\.m2\repository\org\objenesis\objenesis\3.1\objenesis-3.1.jar;C:\Users\ponda\.m2\repository\net\serenity-bdd\serenity-reports\3.2.1\serenity-reports-3.2.1.jar;C:\Users\ponda\.m2\repository\net\serenity-bdd\serenity-stats\3.2.1\serenity-stats-3.2.1.jar;C:\Users\ponda\.m2\repository\net\serenity-bdd\serenity-reports-configuration\3.2.1\serenity-reports-configuration-3.2.1.jar;C:\Users\ponda\.m2\repository\com\vladsch\flexmark\flexmark-all\0.34.30\flexmark-all-0.34.30.jar;C:\Users\ponda\.m2\repository\com\vladsch\flexmark\flexmark\0.34.30\flexmark-0.34.30.jar;C:\Users\ponda\.m2\repository\com\vladsch\flexmark\flexmark-ext-abbreviation\0.34.30\flexmark-ext-abbreviation-0.34.30.jar;C:\Users\ponda\.m2\repository\com\vladsch\flexmark\flexmark-ext-admonition\0.34.30\flexmark-ext-admonition-0.34.30.jar;C:\Users\ponda\.m2\repository\com\vladsch\flexmark\flexmark-ext-anchorlink\0.34.30\flexmark-ext-anchorlink-0.34.30.jar;C:\Users\ponda\.m2\repository\com\vladsch\flexmark\flexmark-ext-aside\0.34.30\flexmark-ext-aside-0.34.30.jar;C:\Users\ponda\.m2\repository\com\vladsch\flexmark\flexmark-ext-attributes\0.34.30\flexmark-ext-attributes-0.34.30.jar;C:\Users\ponda\.m2\repository\com\vladsch\flexmark\flexmark-ext-autolink\0.34.30\flexmark-ext-autolink-0.34.30.jar;C:\Users\ponda\.m2\repository\org\nibor\autolink\autolink\0.6.0\autolink-0.6.0.jar;C:\Users\ponda\.m2\repository\com\vladsch\flexmark\flexmark-ext-definition\0.34.30\flexmark-ext-definition-0.34.30.jar;C:\Users\ponda\.m2\repository\com\vladsch\flexmark\flexmark-ext-emoji\0.34.30\flexmark-ext-emoji-0.34.30.jar;C:\Users\ponda\.m2\repository\com\vladsch\flexmark\flexmark-ext-enumerated-reference\0.34.30\flexmark-ext-enumerated-reference-0.34.30.jar;C:\Users\ponda\.m2\repository\com\vladsch\flexmark\flexmark-ext-escaped-character\0.34.30\flexmark-ext-escaped-character-0.34.30.jar;C:\Users\ponda\.m2\repository\com\vladsch\flexmark\flexmark-ext-footnotes\0.34.30\flexmark-ext-footnotes-0.34.30.jar;C:\Users\ponda\.m2\repository\com\vladsch\flexmark\flexmark-ext-gfm-issues\0.34.30\flexmark-ext-gfm-issues-0.34.30.jar;C:\Users\ponda\.m2\repository\com\vladsch\flexmark\flexmark-ext-gfm-strikethrough\0.34.30\flexmark-ext-gfm-strikethrough-0.34.30.jar;C:\Users\ponda\.m2\repository\com\vladsch\flexmark\flexmark-ext-gfm-tables\0.34.30\flexmark-ext-gfm-tables-0.34.30.jar;C:\Users\ponda\.m2\repository\com\vladsch\flexmark\flexmark-ext-gfm-tasklist\0.34.30\flexmark-ext-gfm-tasklist-0.34.30.jar;C:\Users\ponda\.m2\repository\com\vladsch\flexmark\flexmark-ext-gfm-users\0.34.30\flexmark-ext-gfm-users-0.34.30.jar;C:\Users\ponda\.m2\repository\com\vladsch\flexmark\flexmark-ext-gitlab\0.34.30\flexmark-ext-gitlab-0.34.30.jar;C:\Users\ponda\.m2\repository\com\vladsch\flexmark\flexmark-ext-jekyll-front-matter\0.34.30\flexmark-ext-jekyll-front-matter-0.34.30.jar;C:\Users\ponda\.m2\repository\com\vladsch\flexmark\flexmark-ext-jekyll-tag\0.34.30\flexmark-ext-jekyll-tag-0.34.30.jar;C:\Users\ponda\.m2\repository\com\vladsch\flexmark\flexmark-ext-media-tags\0.34.30\flexmark-ext-media-tags-0.34.30.jar;C:\Users\ponda\.m2\repository\com\vladsch\flexmark\flexmark-test-util\0.34.30\flexmark-test-util-0.34.30.jar;C:\Users\ponda\.m2\repository\com\vladsch\flexmark\flexmark-ext-ins\0.34.30\flexmark-ext-ins-0.34.30.jar;C:\Users\ponda\.m2\repository\com\vladsch\flexmark\flexmark-ext-xwiki-macros\0.34.30\flexmark-ext-xwiki-macros-0.34.30.jar;C:\Users\ponda\.m2\repository\com\vladsch\flexmark\flexmark-ext-superscript\0.34.30\flexmark-ext-superscript-0.34.30.jar;C:\Users\ponda\.m2\repository\com\vladsch\flexmark\flexmark-ext-tables\0.34.30\flexmark-ext-tables-0.34.30.jar;C:\Users\ponda\.m2\repository\com\vladsch\flexmark\flexmark-ext-toc\0.34.30\flexmark-ext-toc-0.34.30.jar;C:\Users\ponda\.m2\repository\com\vladsch\flexmark\flexmark-ext-typographic\0.34.30\flexmark-ext-typographic-0.34.30.jar;C:\Users\ponda\.m2\repository\com\vladsch\flexmark\flexmark-ext-wikilink\0.34.30\flexmark-ext-wikilink-0.34.30.jar;C:\Users\ponda\.m2\repository\com\vladsch\flexmark\flexmark-ext-yaml-front-matter\0.34.30\flexmark-ext-yaml-front-matter-0.34.30.jar;C:\Users\ponda\.m2\repository\com\vladsch\flexmark\flexmark-ext-youtube-embedded\0.34.30\flexmark-ext-youtube-embedded-0.34.30.jar;C:\Users\ponda\.m2\repository\com\vladsch\flexmark\flexmark-formatter\0.34.30\flexmark-formatter-0.34.30.jar;C:\Users\ponda\.m2\repository\com\vladsch\flexmark\flexmark-html-parser\0.34.30\flexmark-html-parser-0.34.30.jar;C:\Users\ponda\.m2\repository\com\vladsch\flexmark\flexmark-jira-converter\0.34.30\flexmark-jira-converter-0.34.30.jar;C:\Users\ponda\.m2\repository\com\vladsch\flexmark\flexmark-pdf-converter\0.34.30\flexmark-pdf-converter-0.34.30.jar;C:\Users\ponda\.m2\repository\com\openhtmltopdf\openhtmltopdf-core\0.0.1-RC13\openhtmltopdf-core-0.0.1-RC13.jar;C:\Users\ponda\.m2\repository\com\openhtmltopdf\openhtmltopdf-pdfbox\0.0.1-RC13\openhtmltopdf-pdfbox-0.0.1-RC13.jar;C:\Users\ponda\.m2\repository\org\apache\pdfbox\pdfbox\2.0.8\pdfbox-2.0.8.jar;C:\Users\ponda\.m2\repository\org\apache\pdfbox\fontbox\2.0.8\fontbox-2.0.8.jar;C:\Users\ponda\.m2\repository\commons-logging\commons-logging\1.2\commons-logging-1.2.jar;C:\Users\ponda\.m2\repository\org\apache\pdfbox\xmpbox\2.0.8\xmpbox-2.0.8.jar;C:\Users\ponda\.m2\repository\de\rototor\pdfbox\graphics2d\0.12\graphics2d-0.12.jar;C:\Users\ponda\.m2\repository\com\openhtmltopdf\openhtmltopdf-rtl-support\0.0.1-RC13\openhtmltopdf-rtl-support-0.0.1-RC13.jar;C:\Users\ponda\.m2\repository\com\ibm\icu\icu4j\59.1\icu4j-59.1.jar;C:\Users\ponda\.m2\repository\com\openhtmltopdf\openhtmltopdf-jsoup-dom-converter\0.0.1-RC13\openhtmltopdf-jsoup-dom-converter-0.0.1-RC13.jar;C:\Users\ponda\.m2\repository\com\vladsch\flexmark\flexmark-profile-pegdown\0.34.30\flexmark-profile-pegdown-0.34.30.jar;C:\Users\ponda\.m2\repository\com\vladsch\flexmark\flexmark-util\0.34.30\flexmark-util-0.34.30.jar;C:\Users\ponda\.m2\repository\com\vladsch\flexmark\flexmark-youtrack-converter\0.34.30\flexmark-youtrack-converter-0.34.30.jar;C:\Users\ponda\.m2\repository\es\nitaur\markdown\txtmark\0.16\txtmark-0.16.jar;C:\Users\ponda\.m2\repository\net\serenity-bdd\serenity-report-resources\3.2.1\serenity-report-resources-3.2.1.jar;C:\Users\ponda\.m2\repository\com\google\code\gson\gson\2.9.0\gson-2.9.0.jar;C:\Users\ponda\.m2\repository\com\fasterxml\jackson\core\jackson-core\2.13.2\jackson-core-2.13.2.jar;C:\Users\ponda\.m2\repository\com\fasterxml\jackson\core\jackson-databind\2.13.2\jackson-databind-2.13.2.jar;C:\Users\ponda\.m2\repository\com\fasterxml\jackson\core\jackson-annotations\2.13.2\jackson-annotations-2.13.2.jar;C:\Users\ponda\.m2\repository\commons-codec\commons-codec\1.15\commons-codec-1.15.jar;C:\Users\ponda\.m2\repository\commons-io\commons-io\2.11.0\commons-io-2.11.0.jar;C:\Users\ponda\.m2\repository\org\seleniumhq\selenium\selenium-java\4.1.2\selenium-java-4.1.2.jar;C:\Users\ponda\.m2\repository\org\seleniumhq\selenium\selenium-devtools-v85\4.1.2\selenium-devtools-v85-4.1.2.jar;C:\Users\ponda\.m2\repository\org\seleniumhq\selenium\selenium-devtools-v95\4.1.2\selenium-devtools-v95-4.1.2.jar;C:\Users\ponda\.m2\repository\org\seleniumhq\selenium\selenium-devtools-v96\4.1.2\selenium-devtools-v96-4.1.2.jar;C:\Users\ponda\.m2\repository\org\seleniumhq\selenium\selenium-devtools-v97\4.1.2\selenium-devtools-v97-4.1.2.jar;C:\Users\ponda\.m2\repository\org\seleniumhq\selenium\selenium-firefox-xpi-driver\4.1.2\selenium-firefox-xpi-driver-4.1.2.jar;C:\Users\ponda\.m2\repository\org\seleniumhq\selenium\selenium-opera-driver\4.1.2\selenium-opera-driver-4.1.2.jar;C:\Users\ponda\.m2\repository\org\seleniumhq\selenium\selenium-remote-driver\4.1.2\selenium-remote-driver-4.1.2.jar;C:\Users\ponda\.m2\repository\com\beust\jcommander\1.82\jcommander-1.82.jar;C:\Users\ponda\.m2\repository\io\netty\netty-buffer\4.1.73.Final\netty-buffer-4.1.73.Final.jar;C:\Users\ponda\.m2\repository\io\netty\netty-codec-http\4.1.73.Final\netty-codec-http-4.1.73.Final.jar;C:\Users\ponda\.m2\repository\io\netty\netty-codec\4.1.73.Final\netty-codec-4.1.73.Final.jar;C:\Users\ponda\.m2\repository\io\netty\netty-handler\4.1.73.Final\netty-handler-4.1.73.Final.jar;C:\Users\ponda\.m2\repository\io\netty\netty-tcnative-classes\2.0.46.Final\netty-tcnative-classes-2.0.46.Final.jar;C:\Users\ponda\.m2\repository\io\netty\netty-common\4.1.73.Final\netty-common-4.1.73.Final.jar;C:\Users\ponda\.m2\repository\io\netty\netty-transport-classes-epoll\4.1.73.Final\netty-transport-classes-epoll-4.1.73.Final.jar;C:\Users\ponda\.m2\repository\io\netty\netty-transport-classes-kqueue\4.1.73.Final\netty-transport-classes-kqueue-4.1.73.Final.jar;C:\Users\ponda\.m2\repository\io\netty\netty-transport-native-epoll\4.1.73.Final\netty-transport-native-epoll-4.1.73.Final.jar;C:\Users\ponda\.m2\repository\io\netty\netty-transport-native-kqueue\4.1.73.Final\netty-transport-native-kqueue-4.1.73.Final.jar;C:\Users\ponda\.m2\repository\io\netty\netty-transport-native-unix-common\4.1.73.Final\netty-transport-native-unix-common-4.1.73.Final.jar;C:\Users\ponda\.m2\repository\io\netty\netty-transport\4.1.73.Final\netty-transport-4.1.73.Final.jar;C:\Users\ponda\.m2\repository\io\netty\netty-resolver\4.1.73.Final\netty-resolver-4.1.73.Final.jar;C:\Users\ponda\.m2\repository\io\opentelemetry\opentelemetry-api\1.10.1\opentelemetry-api-1.10.1.jar;C:\Users\ponda\.m2\repository\io\opentelemetry\opentelemetry-context\1.10.1\opentelemetry-context-1.10.1.jar;C:\Users\ponda\.m2\repository\io\opentelemetry\opentelemetry-exporter-logging\1.10.1\opentelemetry-exporter-logging-1.10.1.jar;C:\Users\ponda\.m2\repository\io\opentelemetry\opentelemetry-sdk-metrics\1.10.1-alpha\opentelemetry-sdk-metrics-1.10.1-alpha.jar;C:\Users\ponda\.m2\repository\io\opentelemetry\opentelemetry-sdk-logs\1.10.1-alpha\opentelemetry-sdk-logs-1.10.1-alpha.jar;C:\Users\ponda\.m2\repository\io\opentelemetry\opentelemetry-sdk-common\1.10.1\opentelemetry-sdk-common-1.10.1.jar;C:\Users\ponda\.m2\repository\io\opentelemetry\opentelemetry-sdk-extension-autoconfigure-spi\1.10.1\opentelemetry-sdk-extension-autoconfigure-spi-1.10.1.jar;C:\Users\ponda\.m2\repository\io\opentelemetry\opentelemetry-sdk-extension-autoconfigure\1.10.1-alpha\opentelemetry-sdk-extension-autoconfigure-1.10.1-alpha.jar;C:\Users\ponda\.m2\repository\io\opentelemetry\opentelemetry-sdk-trace\1.10.1\opentelemetry-sdk-trace-1.10.1.jar;C:\Users\ponda\.m2\repository\io\opentelemetry\opentelemetry-sdk\1.10.1\opentelemetry-sdk-1.10.1.jar;C:\Users\ponda\.m2\repository\io\opentelemetry\opentelemetry-semconv\1.10.1-alpha\opentelemetry-semconv-1.10.1-alpha.jar;C:\Users\ponda\.m2\repository\io\ous\jtoml\2.0.0\jtoml-2.0.0.jar;C:\Users\ponda\.m2\repository\org\apache\commons\commons-exec\1.3\commons-exec-1.3.jar;C:\Users\ponda\.m2\repository\org\asynchttpclient\async-http-client\2.12.3\async-http-client-2.12.3.jar;C:\Users\ponda\.m2\repository\org\asynchttpclient\async-http-client-netty-utils\2.12.3\async-http-client-netty-utils-2.12.3.jar;C:\Users\ponda\.m2\repository\io\netty\netty-codec-socks\4.1.60.Final\netty-codec-socks-4.1.60.Final.jar;C:\Users\ponda\.m2\repository\io\netty\netty-handler-proxy\4.1.60.Final\netty-handler-proxy-4.1.60.Final.jar;C:\Users\ponda\.m2\repository\io\netty\netty-transport-native-epoll\4.1.60.Final\netty-transport-native-epoll-4.1.60.Final-linux-x86_64.jar;C:\Users\ponda\.m2\repository\io\netty\netty-transport-native-kqueue\4.1.60.Final\netty-transport-native-kqueue-4.1.60.Final-osx-x86_64.jar;C:\Users\ponda\.m2\repository\org\reactivestreams\reactive-streams\1.0.3\reactive-streams-1.0.3.jar;C:\Users\ponda\.m2\repository\com\typesafe\netty\netty-reactive-streams\2.0.4\netty-reactive-streams-2.0.4.jar;C:\Users\ponda\.m2\repository\org\seleniumhq\selenium\selenium-http\4.1.2\selenium-http-4.1.2.jar;C:\Users\ponda\.m2\repository\net\jodah\failsafe\2.4.4\failsafe-2.4.4.jar;C:\Users\ponda\.m2\repository\org\seleniumhq\selenium\selenium-safari-driver\4.1.2\selenium-safari-driver-4.1.2.jar;C:\Users\ponda\.m2\repository\org\seleniumhq\selenium\selenium-api\4.1.2\selenium-api-4.1.2.jar;C:\Users\ponda\.m2\repository\org\seleniumhq\selenium\selenium-support\4.1.2\selenium-support-4.1.2.jar;C:\Users\ponda\.m2\repository\com\google\auto\service\auto-service-annotations\1.0.1\auto-service-annotations-1.0.1.jar;C:\Users\ponda\.m2\repository\com\google\auto\service\auto-service\1.0.1\auto-service-1.0.1.jar;C:\Users\ponda\.m2\repository\com\google\auto\auto-common\1.2\auto-common-1.2.jar;C:\Users\ponda\.m2\repository\org\seleniumhq\selenium\selenium-json\4.1.2\selenium-json-4.1.2.jar;C:\Users\ponda\.m2\repository\org\seleniumhq\selenium\selenium-chrome-driver\4.1.2\selenium-chrome-driver-4.1.2.jar;C:\Users\ponda\.m2\repository\org\seleniumhq\selenium\selenium-chromium-driver\4.1.2\selenium-chromium-driver-4.1.2.jar;C:\Users\ponda\.m2\repository\org\seleniumhq\selenium\selenium-firefox-driver\4.1.2\selenium-firefox-driver-4.1.2.jar;C:\Users\ponda\.m2\repository\org\seleniumhq\selenium\selenium-edge-driver\4.1.2\selenium-edge-driver-4.1.2.jar;C:\Users\ponda\.m2\repository\org\seleniumhq\selenium\selenium-ie-driver\4.1.2\selenium-ie-driver-4.1.2.jar;C:\Users\ponda\.m2\repository\org\projectlombok\lombok\1.18.20\lombok-1.18.20.jar;C:\Users\ponda\.m2\repository\io\appium\java-client\8.0.0\java-client-8.0.0.jar;C:\Users\ponda\.m2\repository\commons-validator\commons-validator\1.7\commons-validator-1.7.jar;C:\Users\ponda\.m2\repository\commons-digester\commons-digester\2.1\commons-digester-2.1.jar;C:\Users\ponda\.m2\repository\org\aspectj\aspectjweaver\1.9.8\aspectjweaver-1.9.8.jar;C:\Users\ponda\.m2\repository\org\codehaus\groovy\groovy\3.0.10\groovy-3.0.10.jar;C:\Users\ponda\.m2\repository\net\sf\opencsv\opencsv\2.0\opencsv-2.0.jar;C:\Users\ponda\.m2\repository\commons-beanutils\commons-beanutils\1.9.4\commons-beanutils-1.9.4.jar;C:\Users\ponda\.m2\repository\org\apache\commons\commons-lang3\3.12.0\commons-lang3-3.12.0.jar;C:\Users\ponda\.m2\repository\commons-collections\commons-collections\3.2.2\commons-collections-3.2.2.jar;C:\Users\ponda\.m2\repository\org\fluentlenium\fluentlenium-core\0.10.2\fluentlenium-core-0.10.2.jar;C:\Users\ponda\.m2\repository\io\github\bonigarcia\webdrivermanager\5.1.0\webdrivermanager-5.1.0.jar;C:\Users\ponda\.m2\repository\com\github\docker-java\docker-java\3.2.13\docker-java-3.2.13.jar;C:\Users\ponda\.m2\repository\com\github\docker-java\docker-java-core\3.2.13\docker-java-core-3.2.13.jar;C:\Users\ponda\.m2\repository\com\github\docker-java\docker-java-api\3.2.13\docker-java-api-3.2.13.jar;C:\Users\ponda\.m2\repository\org\apache\commons\commons-compress\1.21\commons-compress-1.21.jar;C:\Users\ponda\.m2\repository\org\bouncycastle\bcpkix-jdk15on\1.64\bcpkix-jdk15on-1.64.jar;C:\Users\ponda\.m2\repository\org\bouncycastle\bcprov-jdk15on\1.64\bcprov-jdk15on-1.64.jar;C:\Users\ponda\.m2\repository\org\slf4j\jcl-over-slf4j\1.7.30\jcl-over-slf4j-1.7.30.jar;C:\Users\ponda\.m2\repository\com\github\docker-java\docker-java-transport-httpclient5\3.2.13\docker-java-transport-httpclient5-3.2.13.jar;C:\Users\ponda\.m2\repository\com\github\docker-java\docker-java-transport\3.2.13\docker-java-transport-3.2.13.jar;C:\Users\ponda\.m2\repository\org\apache\httpcomponents\client5\httpclient5\5.0.3\httpclient5-5.0.3.jar;C:\Users\ponda\.m2\repository\org\apache\httpcomponents\core5\httpcore5\5.0.2\httpcore5-5.0.2.jar;C:\Users\ponda\.m2\repository\net\java\dev\jna\jna\5.8.0\jna-5.8.0.jar;C:\Users\ponda\.m2\repository\org\brotli\dec\0.1.2\dec-0.1.2.jar;C:\Users\ponda\.m2\repository\com\jhlabs\filters\2.0.235\filters-2.0.235.jar;C:\Users\ponda\.m2\repository\com\paulhammant\ngwebdriver\1.1.6\ngwebdriver-1.1.6.jar;C:\Users\ponda\.m2\repository\joda-time\joda-time\2.8.2\joda-time-2.8.2.jar;C:\Users\ponda\.m2\repository\org\hamcrest\hamcrest\2.2\hamcrest-2.2.jar;C:\Users\ponda\.m2\repository\com\google\jimfs\jimfs\1.2\jimfs-1.2.jar;C:\Users\ponda\.m2\repository\org\mockito\mockito-core\3.3.3\mockito-core-3.3.3.jar;C:\Users\ponda\.m2\repository\javax\xml\bind\jaxb-api\2.3.1\jaxb-api-2.3.1.jar;C:\Users\ponda\.m2\repository\javax\activation\javax.activation-api\1.2.0\javax.activation-api-1.2.0.jar;C:\Users\ponda\.m2\repository\com\sun\xml\bind\jaxb-core\2.3.0.1\jaxb-core-2.3.0.1.jar;C:\Users\ponda\.m2\repository\com\sun\xml\bind\jaxb-impl\2.3.3\jaxb-impl-2.3.3.jar;C:\Users\ponda\.m2\repository\jakarta\xml\bind\jakarta.xml.bind-api\2.3.3\jakarta.xml.bind-api-2.3.3.jar;C:\Users\ponda\.m2\repository\com\sun\activation\jakarta.activation\1.2.2\jakarta.activation-1.2.2.jar;C:\Users\ponda\.m2\repository\javax\activation\activation\1.1.1\activation-1.1.1.jar;C:\Users\ponda\.m2\repository\net\serenity-bdd\serenity-cucumber\3.2.1\serenity-cucumber-3.2.1.jar;C:\Users\ponda\.m2\repository\io\cucumber\cucumber-core\7.2.3\cucumber-core-7.2.3.jar;C:\Users\ponda\.m2\repository\io\cucumber\cucumber-gherkin\7.2.3\cucumber-gherkin-7.2.3.jar;C:\Users\ponda\.m2\repository\io\cucumber\cucumber-gherkin-messages\7.2.3\cucumber-gherkin-messages-7.2.3.jar;C:\Users\ponda\.m2\repository\io\cucumber\messages\17.1.1\messages-17.1.1.jar;C:\Users\ponda\.m2\repository\io\cucumber\tag-expressions\4.1.0\tag-expressions-4.1.0.jar;C:\Users\ponda\.m2\repository\io\cucumber\cucumber-expressions\15.0.1\cucumber-expressions-15.0.1.jar;C:\Users\ponda\.m2\repository\io\cucumber\datatable\7.2.3\datatable-7.2.3.jar;C:\Users\ponda\.m2\repository\io\cucumber\cucumber-plugin\7.2.3\cucumber-plugin-7.2.3.jar;C:\Users\ponda\.m2\repository\io\cucumber\docstring\7.2.3\docstring-7.2.3.jar;C:\Users\ponda\.m2\repository\io\cucumber\html-formatter\17.0.0\html-formatter-17.0.0.jar;C:\Users\ponda\.m2\repository\io\cucumber\ci-environment\8.1.0\ci-environment-8.1.0.jar;C:\Users\ponda\.m2\repository\io\cucumber\cucumber-junit\7.2.3\cucumber-junit-7.2.3.jar;C:\Users\ponda\.m2\repository\org\apache\commons\commons-csv\1.5\commons-csv-1.5.jar;C:\Users\ponda\.m2\repository\net\serenity-bdd\serenity-screenplay\3.2.1\serenity-screenplay-3.2.1.jar;C:\Users\ponda\.m2\repository\net\serenity-bdd\serenity-screenplay-webdriver\3.2.1\serenity-screenplay-webdriver-3.2.1.jar;C:\Users\ponda\.m2\repository\net\serenity-bdd\serenity-ensure\3.2.1\serenity-ensure-3.2.1.jar;C:\Users\ponda\.m2\repository\net\serenity-bdd\serenity-junit\3.2.1\serenity-junit-3.2.1.jar;C:\Users\ponda\.m2\repository\org\jetbrains\kotlin\kotlin-stdlib\1.6.0\kotlin-stdlib-1.6.0.jar;C:\Users\ponda\.m2\repository\org\jetbrains\annotations\13.0\annotations-13.0.jar;C:\Users\ponda\.m2\repository\org\jetbrains\kotlin\kotlin-stdlib-common\1.6.0\kotlin-stdlib-common-1.6.0.jar;C:\Users\ponda\.m2\repository\org\junit\platform\junit-platform-launcher\1.8.1\junit-platform-launcher-1.8.1.jar;C:\Users\ponda\.m2\repository\org\junit\platform\junit-platform-engine\1.8.1\junit-platform-engine-1.8.1.jar;C:\Users\ponda\.m2\repository\org\opentest4j\opentest4j\1.2.0\opentest4j-1.2.0.jar;C:\Users\ponda\.m2\repository\org\junit\platform\junit-platform-commons\1.8.1\junit-platform-commons-1.8.1.jar;C:\Users\ponda\.m2\repository\org\apiguardian\apiguardian-api\1.1.2\apiguardian-api-1.1.2.jar;C:\Users\ponda\.m2\repository\org\junit\jupiter\junit-jupiter-engine\5.8.2\junit-jupiter-engine-5.8.2.jar;C:\Users\ponda\.m2\repository\org\junit\jupiter\junit-jupiter-api\5.8.2\junit-jupiter-api-5.8.2.jar;C:\Users\ponda\.m2\repository\org\junit\vintage\junit-vintage-engine\5.8.2\junit-vintage-engine-5.8.2.jar;C:\Users\ponda\.m2\repository\junit\junit\4.13.2\junit-4.13.2.jar;C:\Users\ponda\.m2\repository\org\hamcrest\hamcrest-core\1.3\hamcrest-core-1.3.jar;C:\Users\ponda\.m2\repository\ch\qos\logback\logback-classic\1.2.10\logback-classic-1.2.10.jar;C:\Users\ponda\.m2\repository\ch\qos\logback\logback-core\1.2.10\logback-core-1.2.10.jar;C:\Users\ponda\.m2\repository\org\slf4j\slf4j-api\1.7.32\slf4j-api-1.7.32.jar;C:\Users\ponda\.m2\repository\org\assertj\assertj-core\3.6.2\assertj-core-3.6.2.jar;"/>
    <property name="sun.cpu.endian" value="little"/>
    <property name="user.home" value="C:\Users\ponda"/>
    <property name="user.language" value="en"/>
    <property name="java.specification.vendor" value="Oracle Corporation"/>
    <property name="jdk.module.path" value="C:\Users\ponda\Downloads\Video\Web_Automation\target\Web_Automation-1.0-SNAPSHOT.jar"/>
    <property name="java.version.date" value="2021-01-19"/>
    <property name="java.home" value="C:\Program Files\Java\jdk-15.0.2"/>
    <property name="file.separator" value="\"/>
    <property name="basedir" value="C:\Users\ponda\Downloads\Video\Web_Automation"/>
    <property name="java.vm.compressedOopsMode" value="32-bit"/>
    <property name="line.separator" value="&#10;"/>
    <property name="java.vm.specification.vendor" value="Oracle Corporation"/>
    <property name="java.specification.name" value="Java Platform API Specification"/>
    <property name="surefire.real.class.path" value="C:\Users\ponda\.m2\repository\org\apache\maven\surefire\surefire-booter\3.0.0-M5\surefire-booter-3.0.0-M5.jar;C:\Users\ponda\.m2\repository\org\apache\maven\surefire\surefire-api\3.0.0-M5\surefire-api-3.0.0-M5.jar;C:\Users\ponda\.m2\repository\org\apache\maven\surefire\surefire-logger-api\3.0.0-M5\surefire-logger-api-3.0.0-M5.jar;C:\Users\ponda\.m2\repository\org\apache\maven\surefire\surefire-shared-utils\3.0.0-M4\surefire-shared-utils-3.0.0-M4.jar;C:\Users\ponda\.m2\repository\org\apache\maven\surefire\surefire-extensions-spi\3.0.0-M5\surefire-extensions-spi-3.0.0-M5.jar;C:\Users\ponda\Downloads\Video\Web_Automation\target\test-classes;C:\Users\ponda\.m2\repository\net\serenity-bdd\serenity-core\3.2.1\serenity-core-3.2.1.jar;C:\Users\ponda\.m2\repository\net\serenity-bdd\serenity-model\3.2.1\serenity-model-3.2.1.jar;C:\Users\ponda\.m2\repository\org\apache\commons\commons-text\1.9\commons-text-1.9.jar;C:\Users\ponda\.m2\repository\commons-net\commons-net\3.8.0\commons-net-3.8.0.jar;C:\Users\ponda\.m2\repository\com\google\guava\guava\31.1-jre\guava-31.1-jre.jar;C:\Users\ponda\.m2\repository\com\google\guava\failureaccess\1.0.1\failureaccess-1.0.1.jar;C:\Users\ponda\.m2\repository\com\google\guava\listenablefuture\9999.0-empty-to-avoid-conflict-with-guava\listenablefuture-9999.0-empty-to-avoid-conflict-with-guava.jar;C:\Users\ponda\.m2\repository\com\google\code\findbugs\jsr305\3.0.2\jsr305-3.0.2.jar;C:\Users\ponda\.m2\repository\org\checkerframework\checker-qual\3.12.0\checker-qual-3.12.0.jar;C:\Users\ponda\.m2\repository\com\google\errorprone\error_prone_annotations\2.11.0\error_prone_annotations-2.11.0.jar;C:\Users\ponda\.m2\repository\com\google\j2objc\j2objc-annotations\1.3\j2objc-annotations-1.3.jar;C:\Users\ponda\.m2\repository\com\google\inject\guice\5.1.0\guice-5.1.0.jar;C:\Users\ponda\.m2\repository\javax\inject\javax.inject\1\javax.inject-1.jar;C:\Users\ponda\.m2\repository\aopalliance\aopalliance\1.0\aopalliance-1.0.jar;C:\Users\ponda\.m2\repository\org\jsoup\jsoup\1.14.3\jsoup-1.14.3.jar;C:\Users\ponda\.m2\repository\com\thoughtworks\xstream\xstream\1.4.19\xstream-1.4.19.jar;C:\Users\ponda\.m2\repository\io\github\x-stream\mxparser\1.2.2\mxparser-1.2.2.jar;C:\Users\ponda\.m2\repository\xmlpull\xmlpull\1.1.3.1\xmlpull-1.1.3.1.jar;C:\Users\ponda\.m2\repository\io\cucumber\cucumber-java\7.2.3\cucumber-java-7.2.3.jar;C:\Users\ponda\.m2\repository\com\typesafe\config\1.4.2\config-1.4.2.jar;C:\Users\ponda\.m2\repository\org\imgscalr\imgscalr-lib\4.2\imgscalr-lib-4.2.jar;C:\Users\ponda\.m2\repository\org\awaitility\awaitility\4.2.0\awaitility-4.2.0.jar;C:\Users\ponda\.m2\repository\org\freemarker\freemarker\2.3.31\freemarker-2.3.31.jar;C:\Users\ponda\.m2\repository\io\github\classgraph\classgraph\4.8.138\classgraph-4.8.138.jar;C:\Users\ponda\.m2\repository\net\sourceforge\jexcelapi\jxl\2.6.12\jxl-2.6.12.jar;C:\Users\ponda\.m2\repository\net\bytebuddy\byte-buddy\1.12.8\byte-buddy-1.12.8.jar;C:\Users\ponda\.m2\repository\net\bytebuddy\byte-buddy-agent\1.12.8\byte-buddy-agent-1.12.8.jar;C:\Users\ponda\.m2\repository\org\objenesis\objenesis\3.1\objenesis-3.1.jar;C:\Users\ponda\.m2\repository\net\serenity-bdd\serenity-reports\3.2.1\serenity-reports-3.2.1.jar;C:\Users\ponda\.m2\repository\net\serenity-bdd\serenity-stats\3.2.1\serenity-stats-3.2.1.jar;C:\Users\ponda\.m2\repository\net\serenity-bdd\serenity-reports-configuration\3.2.1\serenity-reports-configuration-3.2.1.jar;C:\Users\ponda\.m2\repository\com\vladsch\flexmark\flexmark-all\0.34.30\flexmark-all-0.34.30.jar;C:\Users\ponda\.m2\repository\com\vladsch\flexmark\flexmark\0.34.30\flexmark-0.34.30.jar;C:\Users\ponda\.m2\repository\com\vladsch\flexmark\flexmark-ext-abbreviation\0.34.30\flexmark-ext-abbreviation-0.34.30.jar;C:\Users\ponda\.m2\repository\com\vladsch\flexmark\flexmark-ext-admonition\0.34.30\flexmark-ext-admonition-0.34.30.jar;C:\Users\ponda\.m2\repository\com\vladsch\flexmark\flexmark-ext-anchorlink\0.34.30\flexmark-ext-anchorlink-0.34.30.jar;C:\Users\ponda\.m2\repository\com\vladsch\flexmark\flexmark-ext-aside\0.34.30\flexmark-ext-aside-0.34.30.jar;C:\Users\ponda\.m2\repository\com\vladsch\flexmark\flexmark-ext-attributes\0.34.30\flexmark-ext-attributes-0.34.30.jar;C:\Users\ponda\.m2\repository\com\vladsch\flexmark\flexmark-ext-autolink\0.34.30\flexmark-ext-autolink-0.34.30.jar;C:\Users\ponda\.m2\repository\org\nibor\autolink\autolink\0.6.0\autolink-0.6.0.jar;C:\Users\ponda\.m2\repository\com\vladsch\flexmark\flexmark-ext-definition\0.34.30\flexmark-ext-definition-0.34.30.jar;C:\Users\ponda\.m2\repository\com\vladsch\flexmark\flexmark-ext-emoji\0.34.30\flexmark-ext-emoji-0.34.30.jar;C:\Users\ponda\.m2\repository\com\vladsch\flexmark\flexmark-ext-enumerated-reference\0.34.30\flexmark-ext-enumerated-reference-0.34.30.jar;C:\Users\ponda\.m2\repository\com\vladsch\flexmark\flexmark-ext-escaped-character\0.34.30\flexmark-ext-escaped-character-0.34.30.jar;C:\Users\ponda\.m2\repository\com\vladsch\flexmark\flexmark-ext-footnotes\0.34.30\flexmark-ext-footnotes-0.34.30.jar;C:\Users\ponda\.m2\repository\com\vladsch\flexmark\flexmark-ext-gfm-issues\0.34.30\flexmark-ext-gfm-issues-0.34.30.jar;C:\Users\ponda\.m2\repository\com\vladsch\flexmark\flexmark-ext-gfm-strikethrough\0.34.30\flexmark-ext-gfm-strikethrough-0.34.30.jar;C:\Users\ponda\.m2\repository\com\vladsch\flexmark\flexmark-ext-gfm-tables\0.34.30\flexmark-ext-gfm-tables-0.34.30.jar;C:\Users\ponda\.m2\repository\com\vladsch\flexmark\flexmark-ext-gfm-tasklist\0.34.30\flexmark-ext-gfm-tasklist-0.34.30.jar;C:\Users\ponda\.m2\repository\com\vladsch\flexmark\flexmark-ext-gfm-users\0.34.30\flexmark-ext-gfm-users-0.34.30.jar;C:\Users\ponda\.m2\repository\com\vladsch\flexmark\flexmark-ext-gitlab\0.34.30\flexmark-ext-gitlab-0.34.30.jar;C:\Users\ponda\.m2\repository\com\vladsch\flexmark\flexmark-ext-jekyll-front-matter\0.34.30\flexmark-ext-jekyll-front-matter-0.34.30.jar;C:\Users\ponda\.m2\repository\com\vladsch\flexmark\flexmark-ext-jekyll-tag\0.34.30\flexmark-ext-jekyll-tag-0.34.30.jar;C:\Users\ponda\.m2\repository\com\vladsch\flexmark\flexmark-ext-media-tags\0.34.30\flexmark-ext-media-tags-0.34.30.jar;C:\Users\ponda\.m2\repository\com\vladsch\flexmark\flexmark-test-util\0.34.30\flexmark-test-util-0.34.30.jar;C:\Users\ponda\.m2\repository\com\vladsch\flexmark\flexmark-ext-ins\0.34.30\flexmark-ext-ins-0.34.30.jar;C:\Users\ponda\.m2\repository\com\vladsch\flexmark\flexmark-ext-xwiki-macros\0.34.30\flexmark-ext-xwiki-macros-0.34.30.jar;C:\Users\ponda\.m2\repository\com\vladsch\flexmark\flexmark-ext-superscript\0.34.30\flexmark-ext-superscript-0.34.30.jar;C:\Users\ponda\.m2\repository\com\vladsch\flexmark\flexmark-ext-tables\0.34.30\flexmark-ext-tables-0.34.30.jar;C:\Users\ponda\.m2\repository\com\vladsch\flexmark\flexmark-ext-toc\0.34.30\flexmark-ext-toc-0.34.30.jar;C:\Users\ponda\.m2\repository\com\vladsch\flexmark\flexmark-ext-typographic\0.34.30\flexmark-ext-typographic-0.34.30.jar;C:\Users\ponda\.m2\repository\com\vladsch\flexmark\flexmark-ext-wikilink\0.34.30\flexmark-ext-wikilink-0.34.30.jar;C:\Users\ponda\.m2\repository\com\vladsch\flexmark\flexmark-ext-yaml-front-matter\0.34.30\flexmark-ext-yaml-front-matter-0.34.30.jar;C:\Users\ponda\.m2\repository\com\vladsch\flexmark\flexmark-ext-youtube-embedded\0.34.30\flexmark-ext-youtube-embedded-0.34.30.jar;C:\Users\ponda\.m2\repository\com\vladsch\flexmark\flexmark-formatter\0.34.30\flexmark-formatter-0.34.30.jar;C:\Users\ponda\.m2\repository\com\vladsch\flexmark\flexmark-html-parser\0.34.30\flexmark-html-parser-0.34.30.jar;C:\Users\ponda\.m2\repository\com\vladsch\flexmark\flexmark-jira-converter\0.34.30\flexmark-jira-converter-0.34.30.jar;C:\Users\ponda\.m2\repository\com\vladsch\flexmark\flexmark-pdf-converter\0.34.30\flexmark-pdf-converter-0.34.30.jar;C:\Users\ponda\.m2\repository\com\openhtmltopdf\openhtmltopdf-core\0.0.1-RC13\openhtmltopdf-core-0.0.1-RC13.jar;C:\Users\ponda\.m2\repository\com\openhtmltopdf\openhtmltopdf-pdfbox\0.0.1-RC13\openhtmltopdf-pdfbox-0.0.1-RC13.jar;C:\Users\ponda\.m2\repository\org\apache\pdfbox\pdfbox\2.0.8\pdfbox-2.0.8.jar;C:\Users\ponda\.m2\repository\org\apache\pdfbox\fontbox\2.0.8\fontbox-2.0.8.jar;C:\Users\ponda\.m2\repository\commons-logging\commons-logging\1.2\commons-logging-1.2.jar;C:\Users\ponda\.m2\repository\org\apache\pdfbox\xmpbox\2.0.8\xmpbox-2.0.8.jar;C:\Users\ponda\.m2\repository\de\rototor\pdfbox\graphics2d\0.12\graphics2d-0.12.jar;C:\Users\ponda\.m2\repository\com\openhtmltopdf\openhtmltopdf-rtl-support\0.0.1-RC13\openhtmltopdf-rtl-support-0.0.1-RC13.jar;C:\Users\ponda\.m2\repository\com\ibm\icu\icu4j\59.1\icu4j-59.1.jar;C:\Users\ponda\.m2\repository\com\openhtmltopdf\openhtmltopdf-jsoup-dom-converter\0.0.1-RC13\openhtmltopdf-jsoup-dom-converter-0.0.1-RC13.jar;C:\Users\ponda\.m2\repository\com\vladsch\flexmark\flexmark-profile-pegdown\0.34.30\flexmark-profile-pegdown-0.34.30.jar;C:\Users\ponda\.m2\repository\com\vladsch\flexmark\flexmark-util\0.34.30\flexmark-util-0.34.30.jar;C:\Users\ponda\.m2\repository\com\vladsch\flexmark\flexmark-youtrack-converter\0.34.30\flexmark-youtrack-converter-0.34.30.jar;C:\Users\ponda\.m2\repository\es\nitaur\markdown\txtmark\0.16\txtmark-0.16.jar;C:\Users\ponda\.m2\repository\net\serenity-bdd\serenity-report-resources\3.2.1\serenity-report-resources-3.2.1.jar;C:\Users\ponda\.m2\repository\com\google\code\gson\gson\2.9.0\gson-2.9.0.jar;C:\Users\ponda\.m2\repository\com\fasterxml\jackson\core\jackson-core\2.13.2\jackson-core-2.13.2.jar;C:\Users\ponda\.m2\repository\com\fasterxml\jackson\core\jackson-databind\2.13.2\jackson-databind-2.13.2.jar;C:\Users\ponda\.m2\repository\com\fasterxml\jackson\core\jackson-annotations\2.13.2\jackson-annotations-2.13.2.jar;C:\Users\ponda\.m2\repository\commons-codec\commons-codec\1.15\commons-codec-1.15.jar;C:\Users\ponda\.m2\repository\commons-io\commons-io\2.11.0\commons-io-2.11.0.jar;C:\Users\ponda\.m2\repository\org\seleniumhq\selenium\selenium-java\4.1.2\selenium-java-4.1.2.jar;C:\Users\ponda\.m2\repository\org\seleniumhq\selenium\selenium-devtools-v85\4.1.2\selenium-devtools-v85-4.1.2.jar;C:\Users\ponda\.m2\repository\org\seleniumhq\selenium\selenium-devtools-v95\4.1.2\selenium-devtools-v95-4.1.2.jar;C:\Users\ponda\.m2\repository\org\seleniumhq\selenium\selenium-devtools-v96\4.1.2\selenium-devtools-v96-4.1.2.jar;C:\Users\ponda\.m2\repository\org\seleniumhq\selenium\selenium-devtools-v97\4.1.2\selenium-devtools-v97-4.1.2.jar;C:\Users\ponda\.m2\repository\org\seleniumhq\selenium\selenium-firefox-xpi-driver\4.1.2\selenium-firefox-xpi-driver-4.1.2.jar;C:\Users\ponda\.m2\repository\org\seleniumhq\selenium\selenium-opera-driver\4.1.2\selenium-opera-driver-4.1.2.jar;C:\Users\ponda\.m2\repository\org\seleniumhq\selenium\selenium-remote-driver\4.1.2\selenium-remote-driver-4.1.2.jar;C:\Users\ponda\.m2\repository\com\beust\jcommander\1.82\jcommander-1.82.jar;C:\Users\ponda\.m2\repository\io\netty\netty-buffer\4.1.73.Final\netty-buffer-4.1.73.Final.jar;C:\Users\ponda\.m2\repository\io\netty\netty-codec-http\4.1.73.Final\netty-codec-http-4.1.73.Final.jar;C:\Users\ponda\.m2\repository\io\netty\netty-codec\4.1.73.Final\netty-codec-4.1.73.Final.jar;C:\Users\ponda\.m2\repository\io\netty\netty-handler\4.1.73.Final\netty-handler-4.1.73.Final.jar;C:\Users\ponda\.m2\repository\io\netty\netty-tcnative-classes\2.0.46.Final\netty-tcnative-classes-2.0.46.Final.jar;C:\Users\ponda\.m2\repository\io\netty\netty-common\4.1.73.Final\netty-common-4.1.73.Final.jar;C:\Users\ponda\.m2\repository\io\netty\netty-transport-classes-epoll\4.1.73.Final\netty-transport-classes-epoll-4.1.73.Final.jar;C:\Users\ponda\.m2\repository\io\netty\netty-transport-classes-kqueue\4.1.73.Final\netty-transport-classes-kqueue-4.1.73.Final.jar;C:\Users\ponda\.m2\repository\io\netty\netty-transport-native-epoll\4.1.73.Final\netty-transport-native-epoll-4.1.73.Final.jar;C:\Users\ponda\.m2\repository\io\netty\netty-transport-native-kqueue\4.1.73.Final\netty-transport-native-kqueue-4.1.73.Final.jar;C:\Users\ponda\.m2\repository\io\netty\netty-transport-native-unix-common\4.1.73.Final\netty-transport-native-unix-common-4.1.73.Final.jar;C:\Users\ponda\.m2\repository\io\netty\netty-transport\4.1.73.Final\netty-transport-4.1.73.Final.jar;C:\Users\ponda\.m2\repository\io\netty\netty-resolver\4.1.73.Final\netty-resolver-4.1.73.Final.jar;C:\Users\ponda\.m2\repository\io\opentelemetry\opentelemetry-api\1.10.1\opentelemetry-api-1.10.1.jar;C:\Users\ponda\.m2\repository\io\opentelemetry\opentelemetry-context\1.10.1\opentelemetry-context-1.10.1.jar;C:\Users\ponda\.m2\repository\io\opentelemetry\opentelemetry-exporter-logging\1.10.1\opentelemetry-exporter-logging-1.10.1.jar;C:\Users\ponda\.m2\repository\io\opentelemetry\opentelemetry-sdk-metrics\1.10.1-alpha\opentelemetry-sdk-metrics-1.10.1-alpha.jar;C:\Users\ponda\.m2\repository\io\opentelemetry\opentelemetry-sdk-logs\1.10.1-alpha\opentelemetry-sdk-logs-1.10.1-alpha.jar;C:\Users\ponda\.m2\repository\io\opentelemetry\opentelemetry-sdk-common\1.10.1\opentelemetry-sdk-common-1.10.1.jar;C:\Users\ponda\.m2\repository\io\opentelemetry\opentelemetry-sdk-extension-autoconfigure-spi\1.10.1\opentelemetry-sdk-extension-autoconfigure-spi-1.10.1.jar;C:\Users\ponda\.m2\repository\io\opentelemetry\opentelemetry-sdk-extension-autoconfigure\1.10.1-alpha\opentelemetry-sdk-extension-autoconfigure-1.10.1-alpha.jar;C:\Users\ponda\.m2\repository\io\opentelemetry\opentelemetry-sdk-trace\1.10.1\opentelemetry-sdk-trace-1.10.1.jar;C:\Users\ponda\.m2\repository\io\opentelemetry\opentelemetry-sdk\1.10.1\opentelemetry-sdk-1.10.1.jar;C:\Users\ponda\.m2\repository\io\opentelemetry\opentelemetry-semconv\1.10.1-alpha\opentelemetry-semconv-1.10.1-alpha.jar;C:\Users\ponda\.m2\repository\io\ous\jtoml\2.0.0\jtoml-2.0.0.jar;C:\Users\ponda\.m2\repository\org\apache\commons\commons-exec\1.3\commons-exec-1.3.jar;C:\Users\ponda\.m2\repository\org\asynchttpclient\async-http-client\2.12.3\async-http-client-2.12.3.jar;C:\Users\ponda\.m2\repository\org\asynchttpclient\async-http-client-netty-utils\2.12.3\async-http-client-netty-utils-2.12.3.jar;C:\Users\ponda\.m2\repository\io\netty\netty-codec-socks\4.1.60.Final\netty-codec-socks-4.1.60.Final.jar;C:\Users\ponda\.m2\repository\io\netty\netty-handler-proxy\4.1.60.Final\netty-handler-proxy-4.1.60.Final.jar;C:\Users\ponda\.m2\repository\io\netty\netty-transport-native-epoll\4.1.60.Final\netty-transport-native-epoll-4.1.60.Final-linux-x86_64.jar;C:\Users\ponda\.m2\repository\io\netty\netty-transport-native-kqueue\4.1.60.Final\netty-transport-native-kqueue-4.1.60.Final-osx-x86_64.jar;C:\Users\ponda\.m2\repository\org\reactivestreams\reactive-streams\1.0.3\reactive-streams-1.0.3.jar;C:\Users\ponda\.m2\repository\com\typesafe\netty\netty-reactive-streams\2.0.4\netty-reactive-streams-2.0.4.jar;C:\Users\ponda\.m2\repository\org\seleniumhq\selenium\selenium-http\4.1.2\selenium-http-4.1.2.jar;C:\Users\ponda\.m2\repository\net\jodah\failsafe\2.4.4\failsafe-2.4.4.jar;C:\Users\ponda\.m2\repository\org\seleniumhq\selenium\selenium-safari-driver\4.1.2\selenium-safari-driver-4.1.2.jar;C:\Users\ponda\.m2\repository\org\seleniumhq\selenium\selenium-api\4.1.2\selenium-api-4.1.2.jar;C:\Users\ponda\.m2\repository\org\seleniumhq\selenium\selenium-support\4.1.2\selenium-support-4.1.2.jar;C:\Users\ponda\.m2\repository\com\google\auto\service\auto-service-annotations\1.0.1\auto-service-annotations-1.0.1.jar;C:\Users\ponda\.m2\repository\com\google\auto\service\auto-service\1.0.1\auto-service-1.0.1.jar;C:\Users\ponda\.m2\repository\com\google\auto\auto-common\1.2\auto-common-1.2.jar;C:\Users\ponda\.m2\repository\org\seleniumhq\selenium\selenium-json\4.1.2\selenium-json-4.1.2.jar;C:\Users\ponda\.m2\repository\org\seleniumhq\selenium\selenium-chrome-driver\4.1.2\selenium-chrome-driver-4.1.2.jar;C:\Users\ponda\.m2\repository\org\seleniumhq\selenium\selenium-chromium-driver\4.1.2\selenium-chromium-driver-4.1.2.jar;C:\Users\ponda\.m2\repository\org\seleniumhq\selenium\selenium-firefox-driver\4.1.2\selenium-firefox-driver-4.1.2.jar;C:\Users\ponda\.m2\repository\org\seleniumhq\selenium\selenium-edge-driver\4.1.2\selenium-edge-driver-4.1.2.jar;C:\Users\ponda\.m2\repository\org\seleniumhq\selenium\selenium-ie-driver\4.1.2\selenium-ie-driver-4.1.2.jar;C:\Users\ponda\.m2\repository\org\projectlombok\lombok\1.18.20\lombok-1.18.20.jar;C:\Users\ponda\.m2\repository\io\appium\java-client\8.0.0\java-client-8.0.0.jar;C:\Users\ponda\.m2\repository\commons-validator\commons-validator\1.7\commons-validator-1.7.jar;C:\Users\ponda\.m2\repository\commons-digester\commons-digester\2.1\commons-digester-2.1.jar;C:\Users\ponda\.m2\repository\org\aspectj\aspectjweaver\1.9.8\aspectjweaver-1.9.8.jar;C:\Users\ponda\.m2\repository\org\codehaus\groovy\groovy\3.0.10\groovy-3.0.10.jar;C:\Users\ponda\.m2\repository\net\sf\opencsv\opencsv\2.0\opencsv-2.0.jar;C:\Users\ponda\.m2\repository\commons-beanutils\commons-beanutils\1.9.4\commons-beanutils-1.9.4.jar;C:\Users\ponda\.m2\repository\org\apache\commons\commons-lang3\3.12.0\commons-lang3-3.12.0.jar;C:\Users\ponda\.m2\repository\commons-collections\commons-collections\3.2.2\commons-collections-3.2.2.jar;C:\Users\ponda\.m2\repository\org\fluentlenium\fluentlenium-core\0.10.2\fluentlenium-core-0.10.2.jar;C:\Users\ponda\.m2\repository\io\github\bonigarcia\webdrivermanager\5.1.0\webdrivermanager-5.1.0.jar;C:\Users\ponda\.m2\repository\com\github\docker-java\docker-java\3.2.13\docker-java-3.2.13.jar;C:\Users\ponda\.m2\repository\com\github\docker-java\docker-java-core\3.2.13\docker-java-core-3.2.13.jar;C:\Users\ponda\.m2\repository\com\github\docker-java\docker-java-api\3.2.13\docker-java-api-3.2.13.jar;C:\Users\ponda\.m2\repository\org\apache\commons\commons-compress\1.21\commons-compress-1.21.jar;C:\Users\ponda\.m2\repository\org\bouncycastle\bcpkix-jdk15on\1.64\bcpkix-jdk15on-1.64.jar;C:\Users\ponda\.m2\repository\org\bouncycastle\bcprov-jdk15on\1.64\bcprov-jdk15on-1.64.jar;C:\Users\ponda\.m2\repository\org\slf4j\jcl-over-slf4j\1.7.30\jcl-over-slf4j-1.7.30.jar;C:\Users\ponda\.m2\repository\com\github\docker-java\docker-java-transport-httpclient5\3.2.13\docker-java-transport-httpclient5-3.2.13.jar;C:\Users\ponda\.m2\repository\com\github\docker-java\docker-java-transport\3.2.13\docker-java-transport-3.2.13.jar;C:\Users\ponda\.m2\repository\org\apache\httpcomponents\client5\httpclient5\5.0.3\httpclient5-5.0.3.jar;C:\Users\ponda\.m2\repository\org\apache\httpcomponents\core5\httpcore5\5.0.2\httpcore5-5.0.2.jar;C:\Users\ponda\.m2\repository\net\java\dev\jna\jna\5.8.0\jna-5.8.0.jar;C:\Users\ponda\.m2\repository\org\brotli\dec\0.1.2\dec-0.1.2.jar;C:\Users\ponda\.m2\repository\com\jhlabs\filters\2.0.235\filters-2.0.235.jar;C:\Users\ponda\.m2\repository\com\paulhammant\ngwebdriver\1.1.6\ngwebdriver-1.1.6.jar;C:\Users\ponda\.m2\repository\joda-time\joda-time\2.8.2\joda-time-2.8.2.jar;C:\Users\ponda\.m2\repository\org\hamcrest\hamcrest\2.2\hamcrest-2.2.jar;C:\Users\ponda\.m2\repository\com\google\jimfs\jimfs\1.2\jimfs-1.2.jar;C:\Users\ponda\.m2\repository\org\mockito\mockito-core\3.3.3\mockito-core-3.3.3.jar;C:\Users\ponda\.m2\repository\javax\xml\bind\jaxb-api\2.3.1\jaxb-api-2.3.1.jar;C:\Users\ponda\.m2\repository\javax\activation\javax.activation-api\1.2.0\javax.activation-api-1.2.0.jar;C:\Users\ponda\.m2\repository\com\sun\xml\bind\jaxb-core\2.3.0.1\jaxb-core-2.3.0.1.jar;C:\Users\ponda\.m2\repository\com\sun\xml\bind\jaxb-impl\2.3.3\jaxb-impl-2.3.3.jar;C:\Users\ponda\.m2\repository\jakarta\xml\bind\jakarta.xml.bind-api\2.3.3\jakarta.xml.bind-api-2.3.3.jar;C:\Users\ponda\.m2\repository\com\sun\activation\jakarta.activation\1.2.2\jakarta.activation-1.2.2.jar;C:\Users\ponda\.m2\repository\javax\activation\activation\1.1.1\activation-1.1.1.jar;C:\Users\ponda\.m2\repository\net\serenity-bdd\serenity-cucumber\3.2.1\serenity-cucumber-3.2.1.jar;C:\Users\ponda\.m2\repository\io\cucumber\cucumber-core\7.2.3\cucumber-core-7.2.3.jar;C:\Users\ponda\.m2\repository\io\cucumber\cucumber-gherkin\7.2.3\cucumber-gherkin-7.2.3.jar;C:\Users\ponda\.m2\repository\io\cucumber\cucumber-gherkin-messages\7.2.3\cucumber-gherkin-messages-7.2.3.jar;C:\Users\ponda\.m2\repository\io\cucumber\messages\17.1.1\messages-17.1.1.jar;C:\Users\ponda\.m2\repository\io\cucumber\tag-expressions\4.1.0\tag-expressions-4.1.0.jar;C:\Users\ponda\.m2\repository\io\cucumber\cucumber-expressions\15.0.1\cucumber-expressions-15.0.1.jar;C:\Users\ponda\.m2\repository\io\cucumber\datatable\7.2.3\datatable-7.2.3.jar;C:\Users\ponda\.m2\repository\io\cucumber\cucumber-plugin\7.2.3\cucumber-plugin-7.2.3.jar;C:\Users\ponda\.m2\repository\io\cucumber\docstring\7.2.3\docstring-7.2.3.jar;C:\Users\ponda\.m2\repository\io\cucumber\html-formatter\17.0.0\html-formatter-17.0.0.jar;C:\Users\ponda\.m2\repository\io\cucumber\ci-environment\8.1.0\ci-environment-8.1.0.jar;C:\Users\ponda\.m2\repository\io\cucumber\cucumber-junit\7.2.3\cucumber-junit-7.2.3.jar;C:\Users\ponda\.m2\repository\org\apache\commons\commons-csv\1.5\commons-csv-1.5.jar;C:\Users\ponda\.m2\repository\net\serenity-bdd\serenity-screenplay\3.2.1\serenity-screenplay-3.2.1.jar;C:\Users\ponda\.m2\repository\net\serenity-bdd\serenity-screenplay-webdriver\3.2.1\serenity-screenplay-webdriver-3.2.1.jar;C:\Users\ponda\.m2\repository\net\serenity-bdd\serenity-ensure\3.2.1\serenity-ensure-3.2.1.jar;C:\Users\ponda\.m2\repository\net\serenity-bdd\serenity-junit\3.2.1\serenity-junit-3.2.1.jar;C:\Users\ponda\.m2\repository\org\jetbrains\kotlin\kotlin-stdlib\1.6.0\kotlin-stdlib-1.6.0.jar;C:\Users\ponda\.m2\repository\org\jetbrains\annotations\13.0\annotations-13.0.jar;C:\Users\ponda\.m2\repository\org\jetbrains\kotlin\kotlin-stdlib-common\1.6.0\kotlin-stdlib-common-1.6.0.jar;C:\Users\ponda\.m2\repository\org\junit\platform\junit-platform-launcher\1.8.1\junit-platform-launcher-1.8.1.jar;C:\Users\ponda\.m2\repository\org\junit\platform\junit-platform-engine\1.8.1\junit-platform-engine-1.8.1.jar;C:\Users\ponda\.m2\repository\org\opentest4j\opentest4j\1.2.0\opentest4j-1.2.0.jar;C:\Users\ponda\.m2\repository\org\junit\platform\junit-platform-commons\1.8.1\junit-platform-commons-1.8.1.jar;C:\Users\ponda\.m2\repository\org\apiguardian\apiguardian-api\1.1.2\apiguardian-api-1.1.2.jar;C:\Users\ponda\.m2\repository\org\junit\jupiter\junit-jupiter-engine\5.8.2\junit-jupiter-engine-5.8.2.jar;C:\Users\ponda\.m2\repository\org\junit\jupiter\junit-jupiter-api\5.8.2\junit-jupiter-api-5.8.2.jar;C:\Users\ponda\.m2\repository\org\junit\vintage\junit-vintage-engine\5.8.2\junit-vintage-engine-5.8.2.jar;C:\Users\ponda\.m2\repository\junit\junit\4.13.2\junit-4.13.2.jar;C:\Users\ponda\.m2\repository\org\hamcrest\hamcrest-core\1.3\hamcrest-core-1.3.jar;C:\Users\ponda\.m2\repository\ch\qos\logback\logback-classic\1.2.10\logback-classic-1.2.10.jar;C:\Users\ponda\.m2\repository\ch\qos\logback\logback-core\1.2.10\logback-core-1.2.10.jar;C:\Users\ponda\.m2\repository\org\slf4j\slf4j-api\1.7.32\slf4j-api-1.7.32.jar;C:\Users\ponda\.m2\repository\org\assertj\assertj-core\3.6.2\assertj-core-3.6.2.jar;C:\Users\ponda\.m2\repository\org\apache\maven\surefire\surefire-junit-platform\3.0.0-M5\surefire-junit-platform-3.0.0-M5.jar;C:\Users\ponda\.m2\repository\org\apache\maven\surefire\common-java5\3.0.0-M5\common-java5-3.0.0-M5.jar"/>
    <property name="user.script" value=""/>
    <property name="java.protocol.handler.pkgs" value="com.google.common"/>
    <property name="sun.management.compiler" value="HotSpot 64-Bit Tiered Compilers"/>
    <property name="java.runtime.version" value="15.0.2+7-27"/>
    <property name="user.name" value="ponda"/>
    <property name="path.separator" value=";"/>
    <property name="os.version" value="10.0"/>
    <property name="java.runtime.name" value="Java(TM) SE Runtime Environment"/>
    <property name="file.encoding" value="Cp1252"/>
    <property name="webdriver.base.url" value=""/>
    <property name="java.vm.name" value="Java HotSpot(TM) 64-Bit Server VM"/>
    <property name="localRepository" value="C:\Users\ponda\.m2\repository"/>
    <property name="java.vendor.url.bug" value="https://bugreport.java.com/bugreport/"/>
    <property name="java.io.tmpdir" value="C:\Users\ponda\AppData\Local\Temp\"/>
    <property name="java.version" value="15.0.2"/>
    <property name="user.dir" value="C:\Users\ponda\Downloads\Video\Web_Automation"/>
    <property name="os.arch" value="amd64"/>
    <property name="java.vm.specification.name" value="Java Virtual Machine Specification"/>
    <property name="sun.os.patch.level" value=""/>
    <property name="java.library.path" value="C:\Program Files\Java\jdk-15.0.2\bin;C:\Windows\Sun\Java\bin;C:\Windows\system32;C:\Windows;C:\Program Files\Common Files\Oracle\Java\javapath;&quot;C:\Program Files\Common Files\Oracle\Java\javapath;C:\Program Files\Java\jdk-16.0.1\bin&quot;;C:\Windows\system32;C:\Windows;C:\Windows\System32\Wbem;C:\Windows\System32\WindowsPowerShell\v1.0\;C:\Windows\System32\OpenSSH\;C:\ProgramData\chocolatey\bin;C:\Program Files (x86)\GtkSharp\2.12\bin;C:\Program Files\Git\cmd;C:\Users\ponda\AppData\Local\Android\Sdk\platform-tools;C:\Program Files\nodejs\;C:\Program Files\Java\jdk-15.0.2\bin;C:\Program Files\apache-maven-3.8.5\bin;C:\Users\ponda\AppData\Local\Microsoft\WindowsApps;C:\Program Files\JetBrains\PyCharm Community Edition 2020.3.5\bin;;C:\tools\dart-sdk\bin;C:\Users\ponda\AppData\Roaming\Pub\Cache\bin;C:\Program Files\JetBrains\IntelliJ IDEA Community Edition 2021.3.3\bin;;%IntelliJ IDEA%;C:\Users\ponda\AppData\Roaming\npm;C:\Users\ponda\AppData\Local\GitHubDesktop\bin;."/>
    <property name="java.vm.info" value="mixed mode"/>
    <property name="java.vendor" value="Oracle Corporation"/>
    <property name="java.vm.version" value="15.0.2+7-27"/>
    <property name="sun.io.unicode.encoding" value="UnicodeLittle"/>
    <property name="java.class.version" value="59.0"/>
  </properties>
  <testcase name="Update vaccination booking&apos;s status #1" classname="Vaccination Bookings" time="49.25">
    <error type="org.openqa.selenium.NoSuchElementException"><![CDATA[org.openqa.selenium.NoSuchElementException: 
no such element: Unable to locate element: {"method":"xpath","selector":"//*[@class= 'p-[4px] mx-1 bg-green-200  font-bold text-xs rounded-xl text-white inline-block cursor-pointer']"}
  (Session info: chrome=103.0.5060.114)
For documentation on this error, please visit: https://selenium.dev/exceptions/#no_such_element
Build info: version: '4.1.2', revision: '9a5a329c5a'
System info: host: 'INGGRIT', ip: '192.168.137.1', os.name: 'Windows 10', os.arch: 'amd64', os.version: '10.0', java.version: '15.0.2'
Driver info: org.openqa.selenium.chrome.ChromeDriver
Command: [90b176e448e9c40e0ae63004c01877a3, findElement {using=xpath, value=//*[@class= 'p-[4px] mx-1 bg-green-200  font-bold text-xs rounded-xl text-white inline-block cursor-pointer']}]
Capabilities {acceptInsecureCerts: false, browserName: chrome, browserVersion: 103.0.5060.114, chrome: {chromedriverVersion: 102.0.5005.61 (0e59bcc00cc4..., userDataDir: C:\Users\ponda\AppData\Loca...}, goog:chromeOptions: {debuggerAddress: localhost:62382}, javascriptEnabled: true, networkConnectionEnabled: false, pageLoadStrategy: normal, platform: WINDOWS, platformName: WINDOWS, proxy: Proxy(), se:cdp: ws://localhost:62382/devtoo..., se:cdpVersion: 103.0.5060.114, setWindowRect: true, strictFileInteractability: false, timeouts: {implicit: 0, pageLoad: 300000, script: 30000}, unhandledPromptBehavior: dismiss and notify, webauthn:extension:credBlob: true, webauthn:extension:largeBlob: true, webauthn:virtualAuthenticators: true}
Session ID: 90b176e448e9c40e0ae63004c01877a3
]]></error>
    <system-out><![CDATA[12:03:38.296 [main] INFO io.cucumber.core.plugin.SerenityReporter - Running feature from file:///C:/Users/ponda/Downloads/Video/Web_Automation/src/test/resources/features/vaccination_bookings.feature
12:03:38.901 [main] INFO  - 

-------------------------------------------------------------------------------------
     _______. _______ .______       _______ .__   __.  __  .___________.____    ____ 
    /       ||   ____||   _  \     |   ____||  \ |  | |  | |           |\   \  /   / 
   |   (----`|  |__   |  |_)  |    |  |__   |   \|  | |  | `---|  |----` \   \/   /  
    \   \    |   __|  |      /     |   __|  |  . `  | |  |     |  |       \_    _/   
.----)   |   |  |____ |  |\  \----.|  |____ |  |\   | |  |     |  |         |  |     
|_______/    |_______|| _| `._____||_______||__| \__| |__|     |__|         |__|    
                                                                                     
 News and tutorials at http://www.serenity-bdd.info                                  
 Documentation at https://wakaleo.gitbooks.io/the-serenity-book/content/             
 Join the Serenity Community on Gitter: https://gitter.im/serenity-bdd/serenity-core 
 Serenity BDD Support and Training at http://serenity-bdd.info/#/trainingandsupport  
-------------------------------------------------------------------------------------

12:03:38.908 [main] DEBUG net.thucydides.core.steps.StepEventBus - Test suite started for story net.thucydides.core.model.Story@8968bd7a
12:03:38.916 [main] INFO  - Test Suite Started: Vaccination Bookings
12:03:38.951 [main] INFO io.cucumber.core.plugin.SerenityReporter - Running feature from file:///C:/Users/ponda/Downloads/Video/Web_Automation/src/test/resources/features/vaccine_stock.feature
12:03:38.971 [main] DEBUG net.thucydides.core.steps.StepEventBus - Test suite started for story net.thucydides.core.model.Story@7da66dd6
12:03:38.972 [main] INFO  - Test Suite Started: Vaccine Stock
12:03:38.974 [main] INFO io.cucumber.core.plugin.SerenityReporter - Running feature from file:///C:/Users/ponda/Downloads/Video/Web_Automation/src/test/resources/features/vaccination_bookings.feature
12:03:38.984 [main] DEBUG net.thucydides.core.steps.StepEventBus - Test suite started for story net.thucydides.core.model.Story@8968bd7a
12:03:38.985 [main] INFO  - Test Suite Started: Vaccination Bookings

Scenario Outline: Update vaccination booking's status                                  &amp#27;[90m# src/test/resources/features/vaccination_bookings.feature:16&amp#27;[0m
12:03:39.429 [main] INFO io.cucumber.core.plugin.SerenityReporter - Running feature from file:///C:/Users/ponda/Downloads/Video/Web_Automation/src/test/resources/features/vaccination_bookings.feature
12:03:39.847 [main] INFO  - 
  _____   ___   ___   _____     ___   _____     _     ___   _____   ___   ___  
 |_   _| | __| / __| |_   _|   / __| |_   _|   /_\   | _ \ |_   _| | __| |   \ 
   | |   | _|  \__ \   | |     \__ \   | |    / _ \  |   /   | |   | _|  | |) |
   |_|   |___| |___/   |_|     |___/   |_|   /_/ \_\ |_|_\   |_|   |___| |___/ 

Update vaccination booking's status(vaccination-bookings;update-vaccination-booking-s-status)
--------------------------------------------------------------------------------
12:03:40.897 [main] INFO net.serenitybdd.core.webdriver.driverproviders.ChromeDriverProvider - Using automatically driver download
12:03:43.677 [main] DEBUG io.github.bonigarcia.wdm.cache.ResolutionCache - Resolution chrome=103 in cache (valid until 12:57:45 19/07/2022 WIB)
12:03:43.716 [main] DEBUG io.github.bonigarcia.wdm.cache.ResolutionCache - Resolution chrome103=103.0.5060.53 in cache (valid until 09:25:39 20/07/2022 WIB)
12:03:43.730 [main] INFO io.github.bonigarcia.wdm.WebDriverManager - Using chromedriver 103.0.5060.53 (resolved driver for Chrome 103)
12:03:43.796 [main] DEBUG io.github.bonigarcia.wdm.WebDriverManager - Driver chromedriver 103.0.5060.53 found in cache
12:03:43.802 [main] INFO io.github.bonigarcia.wdm.WebDriverManager - Exporting webdriver.chrome.driver as C:\Users\ponda\.cache\selenium\chromedriver\win32\103.0.5060.53\chromedriver.exe
12:03:45.364 [main] DEBUG net.thucydides.core.reflection.ClassFinder - Could not load class .CucumberTestSuite
12:03:45.365 [main] DEBUG net.thucydides.core.reflection.ClassFinder - Could not load class .starter.pages.addFamMember
12:03:45.365 [main] DEBUG net.thucydides.core.reflection.ClassFinder - Could not load class .starter.pages.admin.login_admin
12:03:45.365 [main] DEBUG net.thucydides.core.reflection.ClassFinder - Could not load class .starter.pages.admin.sessionAvailability
12:03:45.365 [main] DEBUG net.thucydides.core.reflection.ClassFinder - Could not load class .starter.pages.admin.vaccination_booking
12:03:45.366 [main] DEBUG net.thucydides.core.reflection.ClassFinder - Could not load class .starter.pages.admin.vaccination_stock
12:03:45.366 [main] DEBUG net.thucydides.core.reflection.ClassFinder - Could not load class .starter.pages.dashboardPage
12:03:45.366 [main] DEBUG net.thucydides.core.reflection.ClassFinder - Could not load class .starter.pages.loginPage
12:03:45.366 [main] DEBUG net.thucydides.core.reflection.ClassFinder - Could not load class .starter.pages.registerPage
12:03:45.366 [main] DEBUG net.thucydides.core.reflection.ClassFinder - Could not load class .starter.stepdefinitions.addFamilyMemSteps
12:03:45.366 [main] DEBUG net.thucydides.core.reflection.ClassFinder - Could not load class .starter.stepdefinitions.loginSteps
12:03:45.367 [main] DEBUG net.thucydides.core.reflection.ClassFinder - Could not load class .starter.stepdefinitions.login_adminSteps
12:03:45.367 [main] DEBUG net.thucydides.core.reflection.ClassFinder - Could not load class .starter.stepdefinitions.registerSteps
12:03:45.367 [main] DEBUG net.thucydides.core.reflection.ClassFinder - Could not load class .starter.stepdefinitions.sessionAvailSteps
12:03:45.367 [main] DEBUG net.thucydides.core.reflection.ClassFinder - Could not load class .starter.stepdefinitions.vaccinationBookingSteps
12:03:45.368 [main] DEBUG net.thucydides.core.reflection.ClassFinder - Could not load class .starter.stepdefinitions.vaccineStockSteps
12:03:45.369 [main] DEBUG net.thucydides.core.reflection.ClassFinder - Could not load class META-INF.versions.9.com.sun.istack.logging.StackHelper
12:03:45.370 [main] DEBUG net.thucydides.core.reflection.ClassFinder - Could not load class META-INF.versions.9.com.sun.xml.bind.v2.runtime.reflect.opt.AccessorInjector
12:03:45.371 [main] DEBUG net.thucydides.core.reflection.ClassFinder - Could not load class META-INF.versions.9.com.sun.xml.bind.v2.runtime.reflect.opt.Injector
12:03:45.373 [main] DEBUG net.thucydides.core.reflection.ClassFinder - Could not load class META-INF.versions.9.com.sun.xml.bind.v2.runtime.reflect.opt.OptimizedAccessorFactory
12:03:45.374 [main] DEBUG net.thucydides.core.reflection.ClassFinder - Could not load class META-INF.versions.9.com.sun.xml.bind.v2.runtime.reflect.opt.OptimizedTransducedAccessorFactory
12:03:45.375 [main] DEBUG net.thucydides.core.reflection.ClassFinder - Could not load class META-INF.versions.9.io.opentelemetry.sdk.internal.CurrentJavaVersionSpecific
12:03:45.376 [main] DEBUG net.thucydides.core.reflection.ClassFinder - Could not load class META-INF.versions.9.io.opentelemetry.sdk.internal.Java9VersionSpecific
12:03:45.377 [main] DEBUG net.thucydides.core.reflection.ClassFinder - Could not load class META-INF.versions.9.javax.xml.bind.ModuleUtil
12:03:45.378 [main] DEBUG net.thucydides.core.reflection.ClassFinder - Could not load class META-INF.versions.9.module-info
12:03:45.381 [main] DEBUG net.thucydides.core.reflection.ClassFinder - Could not load class META-INF.versions.9.org.junit.platform.commons.util.ModuleUtils
12:03:46.445 [main] DEBUG net.thucydides.core.reflection.ClassFinder - Could not load class com.google.gson.internal.
12:03:47.036 [main] DEBUG net.thucydides.core.reflection.ClassFinder - Could not load class com.sun.xml.bind.v2.runtime.output.FastInfosetStreamWriterOutput
12:03:48.553 [main] DEBUG net.thucydides.core.reflection.ClassFinder - Could not load class module-info
12:03:57.778 [main] DEBUG io.netty.util.internal.logging.InternalLoggerFactory - Using SLF4J as the default logging framework
12:03:57.788 [main] DEBUG io.netty.util.ResourceLeakDetector - -Dio.netty.leakDetection.level: simple
12:03:57.788 [main] DEBUG io.netty.util.ResourceLeakDetector - -Dio.netty.leakDetection.targetRecords: 4
12:03:57.799 [main] DEBUG io.netty.util.ResourceLeakDetectorFactory - Loaded default ResourceLeakDetector: io.netty.util.ResourceLeakDetector@6ea48ca1
12:03:57.854 [main] DEBUG io.netty.util.internal.PlatformDependent0 - -Dio.netty.noUnsafe: false
12:03:57.854 [main] DEBUG io.netty.util.internal.PlatformDependent0 - Java version: 15
12:03:57.857 [main] DEBUG io.netty.util.internal.PlatformDependent0 - sun.misc.Unsafe.theUnsafe: available
12:03:57.859 [main] DEBUG io.netty.util.internal.PlatformDependent0 - sun.misc.Unsafe.copyMemory: available
12:03:57.860 [main] DEBUG io.netty.util.internal.PlatformDependent0 - java.nio.Buffer.address: available
12:03:57.862 [main] DEBUG io.netty.util.internal.PlatformDependent0 - direct buffer constructor: unavailable: Reflective setAccessible(true) disabled
12:03:57.864 [main] DEBUG io.netty.util.internal.PlatformDependent0 - java.nio.Bits.unaligned: available, true
12:03:57.868 [main] DEBUG io.netty.util.internal.PlatformDependent0 - jdk.internal.misc.Unsafe.allocateUninitializedArray(int): unavailable: class io.netty.util.internal.PlatformDependent0$6 cannot access class jdk.internal.misc.Unsafe (in module java.base) because module java.base does not export jdk.internal.misc to unnamed module @70e0accd
12:03:57.872 [main] DEBUG io.netty.util.internal.PlatformDependent0 - java.nio.DirectByteBuffer.<init>(long, int): unavailable
12:03:57.872 [main] DEBUG io.netty.util.internal.PlatformDependent - sun.misc.Unsafe: available
12:03:57.880 [main] DEBUG io.netty.util.internal.PlatformDependent - maxDirectMemory: 2000683008 bytes (maybe)
12:03:57.880 [main] DEBUG io.netty.util.internal.PlatformDependent - -Dio.netty.tmpdir: C:\Users\ponda\AppData\Local\Temp (java.io.tmpdir)
12:03:57.881 [main] DEBUG io.netty.util.internal.PlatformDependent - -Dio.netty.bitMode: 64 (sun.arch.data.model)
12:03:57.882 [main] DEBUG io.netty.util.internal.PlatformDependent - Platform: Windows
12:03:57.884 [main] DEBUG io.netty.util.internal.PlatformDependent - -Dio.netty.maxDirectMemory: -1 bytes
12:03:57.884 [main] DEBUG io.netty.util.internal.PlatformDependent - -Dio.netty.uninitializedArrayAllocationThreshold: -1
12:03:57.887 [main] DEBUG io.netty.util.internal.CleanerJava9 - java.nio.ByteBuffer.cleaner(): available
12:03:57.888 [main] DEBUG io.netty.util.internal.PlatformDependent - -Dio.netty.noPreferDirect: false
12:03:57.914 [main] DEBUG io.netty.util.internal.PlatformDependent - org.jctools-core.MpscChunkedArrayQueue: available
12:03:57.974 [main] DEBUG io.netty.util.internal.InternalThreadLocalMap - -Dio.netty.threadLocalMap.stringBuilder.initialSize: 1024
12:03:57.975 [main] DEBUG io.netty.util.internal.InternalThreadLocalMap - -Dio.netty.threadLocalMap.stringBuilder.maxSize: 4096
12:03:58.089 [main] DEBUG io.netty.handler.ssl.JdkSslContext - Default protocols (JDK): [TLSv1.3, TLSv1.2, TLSv1.1, TLSv1] 
12:03:58.092 [main] DEBUG io.netty.handler.ssl.JdkSslContext - Default cipher suites (JDK): [TLS_ECDHE_ECDSA_WITH_AES_256_GCM_SHA384, TLS_ECDHE_ECDSA_WITH_AES_128_GCM_SHA256, TLS_ECDHE_RSA_WITH_AES_128_GCM_SHA256, TLS_ECDHE_RSA_WITH_AES_256_GCM_SHA384, TLS_ECDHE_RSA_WITH_AES_128_CBC_SHA, TLS_ECDHE_RSA_WITH_AES_256_CBC_SHA, TLS_RSA_WITH_AES_128_GCM_SHA256, TLS_RSA_WITH_AES_128_CBC_SHA, TLS_RSA_WITH_AES_256_CBC_SHA, TLS_AES_128_GCM_SHA256, TLS_AES_256_GCM_SHA384]
12:03:58.178 [main] DEBUG io.netty.channel.MultithreadEventLoopGroup - -Dio.netty.eventLoopThreads: 4
12:03:58.208 [main] DEBUG io.netty.channel.nio.NioEventLoop - -Dio.netty.noKeySetOptimization: false
12:03:58.209 [main] DEBUG io.netty.channel.nio.NioEventLoop - -Dio.netty.selectorAutoRebuildThreshold: 512
12:03:58.324 [main] DEBUG io.netty.buffer.PooledByteBufAllocator - -Dio.netty.allocator.numHeapArenas: 4
12:03:58.325 [main] DEBUG io.netty.buffer.PooledByteBufAllocator - -Dio.netty.allocator.numDirectArenas: 4
12:03:58.326 [main] DEBUG io.netty.buffer.PooledByteBufAllocator - -Dio.netty.allocator.pageSize: 8192
12:03:58.326 [main] DEBUG io.netty.buffer.PooledByteBufAllocator - -Dio.netty.allocator.maxOrder: 11
12:03:58.326 [main] DEBUG io.netty.buffer.PooledByteBufAllocator - -Dio.netty.allocator.chunkSize: 16777216
12:03:58.326 [main] DEBUG io.netty.buffer.PooledByteBufAllocator - -Dio.netty.allocator.smallCacheSize: 256
12:03:58.326 [main] DEBUG io.netty.buffer.PooledByteBufAllocator - -Dio.netty.allocator.normalCacheSize: 64
12:03:58.331 [main] DEBUG io.netty.buffer.PooledByteBufAllocator - -Dio.netty.allocator.maxCachedBufferCapacity: 32768
12:03:58.335 [main] DEBUG io.netty.buffer.PooledByteBufAllocator - -Dio.netty.allocator.cacheTrimInterval: 8192
12:03:58.335 [main] DEBUG io.netty.buffer.PooledByteBufAllocator - -Dio.netty.allocator.cacheTrimIntervalMillis: 0
12:03:58.335 [main] DEBUG io.netty.buffer.PooledByteBufAllocator - -Dio.netty.allocator.useCacheForAllThreads: true
12:03:58.335 [main] DEBUG io.netty.buffer.PooledByteBufAllocator - -Dio.netty.allocator.maxCachedByteBuffersPerChunk: 1023
12:03:58.358 [main] DEBUG io.netty.buffer.ByteBufUtil - -Dio.netty.allocator.type: pooled
12:03:58.358 [main] DEBUG io.netty.buffer.ByteBufUtil - -Dio.netty.threadLocalDirectBufferSize: 0
12:03:58.358 [main] DEBUG io.netty.buffer.ByteBufUtil - -Dio.netty.maxThreadLocalCharBufferSize: 16384
12:03:58.900 [main] DEBUG net.serenitybdd.core.webdriver.driverproviders.ProvideNewDriver - Instantiating driver
12:03:58.900 [main] DEBUG net.serenitybdd.core.webdriver.driverproviders.ProvideNewDriver - Driver capabilities: Capabilities {acceptInsecureCerts: false, base.url: https://evizy-app.netlify.app, browserName: chrome, chrome.driver: src/test/resources/webdrive..., driver: chrome, goog:chromeOptions: {args: [], extensions: []}}
12:04:00.013 [Forwarding newSession on session null to remote] DEBUG io.netty.channel.DefaultChannelId - -Dio.netty.processId: 25648 (auto-detected)
12:04:00.018 [Forwarding newSession on session null to remote] DEBUG io.netty.util.NetUtil - -Djava.net.preferIPv4Stack: false
12:04:00.018 [Forwarding newSession on session null to remote] DEBUG io.netty.util.NetUtil - -Djava.net.preferIPv6Addresses: false
12:04:00.047 [Forwarding newSession on session null to remote] DEBUG io.netty.util.NetUtilInitializations - Loopback interface: lo (Software Loopback Interface 1, 127.0.0.1)
12:04:00.055 [Forwarding newSession on session null to remote] DEBUG io.netty.util.NetUtil - Failed to get SOMAXCONN from sysctl and file \proc\sys\net\core\somaxconn. Default: 200
12:04:00.151 [Forwarding newSession on session null to remote] DEBUG io.netty.channel.DefaultChannelId - -Dio.netty.machineId: b0:a4:60:ff:fe:51:c9:7b (auto-detected)
12:04:00.267 [AsyncHttpClient-1-2] DEBUG io.netty.buffer.AbstractByteBuf - -Dio.netty.buffer.checkAccessible: true
12:04:00.267 [AsyncHttpClient-1-2] DEBUG io.netty.buffer.AbstractByteBuf - -Dio.netty.buffer.checkBounds: true
12:04:00.267 [AsyncHttpClient-1-2] DEBUG io.netty.util.ResourceLeakDetectorFactory - Loaded default ResourceLeakDetector: io.netty.util.ResourceLeakDetector@5633af93
12:04:00.303 [AsyncHttpClient-1-2] DEBUG org.asynchttpclient.netty.channel.NettyConnectListener - Using new Channel '[id: 0x1d89c032, L:/127.0.0.1:62381 - R:localhost/127.0.0.1:59841]' for 'POST' to '/session'
12:04:00.344 [AsyncHttpClient-1-2] DEBUG io.netty.util.Recycler - -Dio.netty.recycler.maxCapacityPerThread: 4096
12:04:00.344 [AsyncHttpClient-1-2] DEBUG io.netty.util.Recycler - -Dio.netty.recycler.ratio: 8
12:04:00.344 [AsyncHttpClient-1-2] DEBUG io.netty.util.Recycler - -Dio.netty.recycler.chunkSize: 32
12:04:00.345 [AsyncHttpClient-1-2] DEBUG io.netty.util.Recycler - -Dio.netty.recycler.blocking: false
12:04:02.914 [AsyncHttpClient-1-2] DEBUG io.netty.handler.codec.compression.Brotli - brotli4j not in the classpath; Brotli support will be unavailable.
12:04:02.914 [AsyncHttpClient-1-2] DEBUG org.asynchttpclient.netty.handler.HttpHandler - 

Request DefaultHttpRequest(decodeResult: success, version: HTTP/1.1)
POST /session HTTP/1.1
User-Agent: selenium/4.1.2 (java windows)
Content-Length: 610
Content-Type: application/json; charset=utf-8
host: localhost:59841
accept: */*

Response DefaultHttpResponse(decodeResult: success, version: HTTP/1.1)
HTTP/1.1 200 OK
Content-Type: application/json; charset=utf-8
cache-control: no-cache
content-length: 791

12:04:02.943 [AsyncHttpClient-1-2] DEBUG org.asynchttpclient.netty.channel.ChannelManager - Adding key: http://localhost:59841 for channel [id: 0x1d89c032, L:/127.0.0.1:62381 - R:localhost/127.0.0.1:59841]
12:04:03.244 [AsyncHttpClient-1-3] DEBUG org.asynchttpclient.netty.channel.NettyConnectListener - Using new Channel '[id: 0x306f3d7c, L:/127.0.0.1:62389 - R:localhost/127.0.0.1:62382]' for 'GET' to '/json/version'
12:04:03.259 [AsyncHttpClient-1-3] DEBUG org.asynchttpclient.netty.handler.HttpHandler - 

Request DefaultFullHttpRequest(decodeResult: success, version: HTTP/1.1, content: EmptyByteBufBE)
GET /json/version HTTP/1.1
User-Agent: selenium/4.1.2 (java windows)
host: localhost:62382
accept: */*

Response DefaultHttpResponse(decodeResult: success, version: HTTP/1.1)
HTTP/1.1 200 OK
Content-Type: application/json; charset=UTF-8
content-length: 429

12:04:03.260 [AsyncHttpClient-1-3] DEBUG org.asynchttpclient.netty.channel.ChannelManager - Adding key: http://localhost:62382 for channel [id: 0x306f3d7c, L:/127.0.0.1:62389 - R:localhost/127.0.0.1:62382]
12:04:03.276 [main] DEBUG io.netty.util.internal.ThreadLocalRandom - -Dio.netty.initialSeedUniquifier: 0xa59719ce9bbd4b93
12:04:03.378 [AsyncHttpClient-1-4] DEBUG org.asynchttpclient.netty.channel.NettyConnectListener - Using new Channel '[id: 0xcaaae31c, L:/127.0.0.1:62391 - R:localhost/127.0.0.1:62382]' for 'GET' to '/devtools/browser/fb53e301-8afe-4a1e-a828-ea57592b6d2a'
12:04:03.405 [AsyncHttpClient-1-4] DEBUG org.asynchttpclient.netty.handler.WebSocketHandler - 

Request DefaultFullHttpRequest(decodeResult: success, version: HTTP/1.1, content: EmptyByteBufBE)
GET /devtools/browser/fb53e301-8afe-4a1e-a828-ea57592b6d2a HTTP/1.1
upgrade: websocket
connection: upgrade
sec-websocket-key: Tls1EbomcrHZo8HFxjCOug==
sec-websocket-version: 13
origin: http://localhost:62382
host: localhost:62382
accept: */*
user-agent: AHC/2.1

Response DefaultHttpResponse(decodeResult: success, version: HTTP/1.1)
HTTP/1.1 101 WebSocket Protocol Handshake
Upgrade: WebSocket
Connection: Upgrade
Sec-WebSocket-Accept: EybYy5ug1pozIjm9EYyXmh0dpMw=

12:04:03.610 [Forwarding maximizeCurrentWindow on session 90b176e448e9c40e0ae63004c01877a3 to remote] DEBUG org.asynchttpclient.netty.request.NettyRequestSender - Using pooled Channel '[id: 0x1d89c032, L:/127.0.0.1:62381 - R:localhost/127.0.0.1:59841]' for 'POST' to 'http://localhost:59841/session/90b176e448e9c40e0ae63004c01877a3/window/maximize'
12:04:03.610 [Forwarding maximizeCurrentWindow on session 90b176e448e9c40e0ae63004c01877a3 to remote] DEBUG org.asynchttpclient.netty.request.NettyRequestSender - Using open Channel [id: 0x1d89c032, L:/127.0.0.1:62381 - R:localhost/127.0.0.1:59841] for POST '/session/90b176e448e9c40e0ae63004c01877a3/window/maximize'
12:04:03.777 [AsyncHttpClient-1-1] DEBUG org.asynchttpclient.netty.channel.DefaultChannelPool - Entry count for : http://localhost:62382 : 1
12:04:03.900 [AsyncHttpClient-1-2] DEBUG org.asynchttpclient.netty.handler.HttpHandler - 

Request DefaultHttpRequest(decodeResult: success, version: HTTP/1.1)
POST /session/90b176e448e9c40e0ae63004c01877a3/window/maximize HTTP/1.1
User-Agent: selenium/4.1.2 (java windows)
Content-Length: 3
Content-Type: application/json; charset=utf-8
host: localhost:59841
accept: */*

Response DefaultHttpResponse(decodeResult: success, version: HTTP/1.1)
HTTP/1.1 200 OK
Content-Type: application/json; charset=utf-8
cache-control: no-cache
content-length: 51

12:04:03.902 [AsyncHttpClient-1-2] DEBUG org.asynchttpclient.netty.channel.ChannelManager - Adding key: http://localhost:59841 for channel [id: 0x1d89c032, L:/127.0.0.1:62381 - R:localhost/127.0.0.1:59841]
12:04:04.851 [AsyncHttpClient-1-1] DEBUG org.asynchttpclient.netty.channel.DefaultChannelPool - Entry count for : http://localhost:62382 : 1
12:04:04.851 [AsyncHttpClient-1-1] DEBUG org.asynchttpclient.netty.channel.DefaultChannelPool - Entry count for : http://localhost:59841 : 1
12:04:05.934 [main] DEBUG net.thucydides.core.reflection.ClassFinder - Could not load class .CucumberTestSuite
12:04:05.935 [main] DEBUG net.thucydides.core.reflection.ClassFinder - Could not load class .starter.pages.addFamMember
12:04:05.937 [main] DEBUG net.thucydides.core.reflection.ClassFinder - Could not load class .starter.pages.admin.login_admin
12:04:05.942 [main] DEBUG net.thucydides.core.reflection.ClassFinder - Could not load class .starter.pages.admin.sessionAvailability
12:04:05.947 [main] DEBUG net.thucydides.core.reflection.ClassFinder - Could not load class .starter.pages.admin.vaccination_booking
12:04:05.947 [main] DEBUG net.thucydides.core.reflection.ClassFinder - Could not load class .starter.pages.admin.vaccination_stock
12:04:05.947 [main] DEBUG net.thucydides.core.reflection.ClassFinder - Could not load class .starter.pages.dashboardPage
12:04:05.947 [main] DEBUG net.thucydides.core.reflection.ClassFinder - Could not load class .starter.pages.loginPage
12:04:05.947 [main] DEBUG net.thucydides.core.reflection.ClassFinder - Could not load class .starter.pages.registerPage
12:04:05.947 [main] DEBUG net.thucydides.core.reflection.ClassFinder - Could not load class .starter.stepdefinitions.addFamilyMemSteps
12:04:05.947 [main] DEBUG net.thucydides.core.reflection.ClassFinder - Could not load class .starter.stepdefinitions.loginSteps
12:04:05.947 [main] DEBUG net.thucydides.core.reflection.ClassFinder - Could not load class .starter.stepdefinitions.login_adminSteps
12:04:05.981 [main] DEBUG net.thucydides.core.reflection.ClassFinder - Could not load class .starter.stepdefinitions.registerSteps
12:04:05.982 [main] DEBUG net.thucydides.core.reflection.ClassFinder - Could not load class .starter.stepdefinitions.sessionAvailSteps
12:04:05.982 [main] DEBUG net.thucydides.core.reflection.ClassFinder - Could not load class .starter.stepdefinitions.vaccinationBookingSteps
12:04:05.982 [main] DEBUG net.thucydides.core.reflection.ClassFinder - Could not load class .starter.stepdefinitions.vaccineStockSteps
12:04:05.983 [main] DEBUG net.thucydides.core.reflection.ClassFinder - Could not load class META-INF.versions.9.com.sun.istack.logging.StackHelper
12:04:05.984 [main] DEBUG net.thucydides.core.reflection.ClassFinder - Could not load class META-INF.versions.9.com.sun.xml.bind.v2.runtime.reflect.opt.AccessorInjector
12:04:05.985 [main] DEBUG net.thucydides.core.reflection.ClassFinder - Could not load class META-INF.versions.9.com.sun.xml.bind.v2.runtime.reflect.opt.Injector
12:04:05.986 [main] DEBUG net.thucydides.core.reflection.ClassFinder - Could not load class META-INF.versions.9.com.sun.xml.bind.v2.runtime.reflect.opt.OptimizedAccessorFactory
12:04:05.988 [main] DEBUG net.thucydides.core.reflection.ClassFinder - Could not load class META-INF.versions.9.com.sun.xml.bind.v2.runtime.reflect.opt.OptimizedTransducedAccessorFactory
12:04:05.989 [main] DEBUG net.thucydides.core.reflection.ClassFinder - Could not load class META-INF.versions.9.io.opentelemetry.sdk.internal.CurrentJavaVersionSpecific
12:04:05.990 [main] DEBUG net.thucydides.core.reflection.ClassFinder - Could not load class META-INF.versions.9.io.opentelemetry.sdk.internal.Java9VersionSpecific
12:04:05.992 [AsyncHttpClient-1-1] DEBUG org.asynchttpclient.netty.channel.DefaultChannelPool - Entry count for : http://localhost:62382 : 1
12:04:05.993 [AsyncHttpClient-1-1] DEBUG org.asynchttpclient.netty.channel.DefaultChannelPool - Entry count for : http://localhost:59841 : 1
12:04:05.991 [main] DEBUG net.thucydides.core.reflection.ClassFinder - Could not load class META-INF.versions.9.javax.xml.bind.ModuleUtil
12:04:05.993 [main] DEBUG net.thucydides.core.reflection.ClassFinder - Could not load class META-INF.versions.9.module-info
12:04:05.995 [main] DEBUG net.thucydides.core.reflection.ClassFinder - Could not load class META-INF.versions.9.org.junit.platform.commons.util.ModuleUtils
12:04:06.000 [main] DEBUG net.thucydides.core.reflection.ClassFinder - Could not load class com.google.gson.internal.
12:04:06.002 [main] DEBUG net.thucydides.core.reflection.ClassFinder - Could not load class com.sun.xml.bind.v2.runtime.output.FastInfosetStreamWriterOutput
12:04:06.008 [main] DEBUG net.thucydides.core.reflection.ClassFinder - Could not load class module-info
12:04:06.070 [Forwarding get on session 90b176e448e9c40e0ae63004c01877a3 to remote] DEBUG org.asynchttpclient.netty.request.NettyRequestSender - Using pooled Channel '[id: 0x1d89c032, L:/127.0.0.1:62381 - R:localhost/127.0.0.1:59841]' for 'POST' to 'http://localhost:59841/session/90b176e448e9c40e0ae63004c01877a3/url'
12:04:06.142 [Forwarding get on session 90b176e448e9c40e0ae63004c01877a3 to remote] DEBUG org.asynchttpclient.netty.request.NettyRequestSender - Using open Channel [id: 0x1d89c032, L:/127.0.0.1:62381 - R:localhost/127.0.0.1:59841] for POST '/session/90b176e448e9c40e0ae63004c01877a3/url'
12:04:07.396 [AsyncHttpClient-1-1] DEBUG org.asynchttpclient.netty.channel.DefaultChannelPool - Entry count for : http://localhost:62382 : 1
12:04:08.520 [AsyncHttpClient-1-1] DEBUG org.asynchttpclient.netty.channel.DefaultChannelPool - Entry count for : http://localhost:62382 : 1
12:04:08.769 [AsyncHttpClient-1-2] DEBUG org.asynchttpclient.netty.handler.HttpHandler - 

Request DefaultHttpRequest(decodeResult: success, version: HTTP/1.1)
POST /session/90b176e448e9c40e0ae63004c01877a3/url HTTP/1.1
User-Agent: selenium/4.1.2 (java windows)
Content-Length: 76
Content-Type: application/json; charset=utf-8
host: localhost:59841
accept: */*

Response DefaultHttpResponse(decodeResult: success, version: HTTP/1.1)
HTTP/1.1 200 OK
Content-Type: application/json; charset=utf-8
cache-control: no-cache
content-length: 14

12:04:08.770 [AsyncHttpClient-1-2] DEBUG org.asynchttpclient.netty.channel.ChannelManager - Adding key: http://localhost:59841 for channel [id: 0x1d89c032, L:/127.0.0.1:62381 - R:localhost/127.0.0.1:59841]
12:04:08.798 [Forwarding setTimeout on session 90b176e448e9c40e0ae63004c01877a3 to remote] DEBUG org.asynchttpclient.netty.request.NettyRequestSender - Using pooled Channel '[id: 0x1d89c032, L:/127.0.0.1:62381 - R:localhost/127.0.0.1:59841]' for 'POST' to 'http://localhost:59841/session/90b176e448e9c40e0ae63004c01877a3/timeouts'
12:04:08.798 [Forwarding setTimeout on session 90b176e448e9c40e0ae63004c01877a3 to remote] DEBUG org.asynchttpclient.netty.request.NettyRequestSender - Using open Channel [id: 0x1d89c032, L:/127.0.0.1:62381 - R:localhost/127.0.0.1:59841] for POST '/session/90b176e448e9c40e0ae63004c01877a3/timeouts'
12:04:08.827 [AsyncHttpClient-1-2] DEBUG org.asynchttpclient.netty.handler.HttpHandler - 

Request DefaultHttpRequest(decodeResult: success, version: HTTP/1.1)
POST /session/90b176e448e9c40e0ae63004c01877a3/timeouts HTTP/1.1
User-Agent: selenium/4.1.2 (java windows)
Content-Length: 22
Content-Type: application/json; charset=utf-8
host: localhost:59841
accept: */*

Response DefaultHttpResponse(decodeResult: success, version: HTTP/1.1)
HTTP/1.1 200 OK
Content-Type: application/json; charset=utf-8
cache-control: no-cache
content-length: 14

12:04:08.828 [AsyncHttpClient-1-2] DEBUG org.asynchttpclient.netty.channel.ChannelManager - Adding key: http://localhost:59841 for channel [id: 0x1d89c032, L:/127.0.0.1:62381 - R:localhost/127.0.0.1:59841]
12:04:08.862 [Forwarding getCurrentUrl on session 90b176e448e9c40e0ae63004c01877a3 to remote] DEBUG org.asynchttpclient.netty.request.NettyRequestSender - Using pooled Channel '[id: 0x1d89c032, L:/127.0.0.1:62381 - R:localhost/127.0.0.1:59841]' for 'GET' to 'http://localhost:59841/session/90b176e448e9c40e0ae63004c01877a3/url'
12:04:08.862 [Forwarding getCurrentUrl on session 90b176e448e9c40e0ae63004c01877a3 to remote] DEBUG org.asynchttpclient.netty.request.NettyRequestSender - Using open Channel [id: 0x1d89c032, L:/127.0.0.1:62381 - R:localhost/127.0.0.1:59841] for GET '/session/90b176e448e9c40e0ae63004c01877a3/url'
12:04:08.876 [AsyncHttpClient-1-2] DEBUG org.asynchttpclient.netty.handler.HttpHandler - 

Request DefaultFullHttpRequest(decodeResult: success, version: HTTP/1.1, content: EmptyByteBufBE)
GET /session/90b176e448e9c40e0ae63004c01877a3/url HTTP/1.1
User-Agent: selenium/4.1.2 (java windows)
Cache-Control: no-cache
Content-Type: application/json; charset=utf-8
host: localhost:59841
accept: */*

Response DefaultHttpResponse(decodeResult: success, version: HTTP/1.1)
HTTP/1.1 200 OK
Content-Type: application/json; charset=utf-8
cache-control: no-cache
content-length: 53

12:04:08.878 [AsyncHttpClient-1-2] DEBUG org.asynchttpclient.netty.channel.ChannelManager - Adding key: http://localhost:59841 for channel [id: 0x1d89c032, L:/127.0.0.1:62381 - R:localhost/127.0.0.1:59841]
  &amp#27;[32mGiven &amp#27;[0m&amp#27;[32mI am on Evizy login admin page for vaccination session&amp#27;[0m                         &amp#27;[90m# starter.stepdefinitions.sessionAvailSteps.iAmOnEvizyLoginAdminPageForVaccinationSession()&amp#27;[0m
12:04:09.096 [main] DEBUG net.serenitybdd.core.photography.Darkroom - Opening darkroom
12:04:09.104 [Forwarding screenshot on session 90b176e448e9c40e0ae63004c01877a3 to remote] DEBUG org.asynchttpclient.netty.request.NettyRequestSender - Using pooled Channel '[id: 0x1d89c032, L:/127.0.0.1:62381 - R:localhost/127.0.0.1:59841]' for 'GET' to 'http://localhost:59841/session/90b176e448e9c40e0ae63004c01877a3/screenshot'
12:04:09.114 [Forwarding screenshot on session 90b176e448e9c40e0ae63004c01877a3 to remote] DEBUG org.asynchttpclient.netty.request.NettyRequestSender - Using open Channel [id: 0x1d89c032, L:/127.0.0.1:62381 - R:localhost/127.0.0.1:59841] for GET '/session/90b176e448e9c40e0ae63004c01877a3/screenshot'
12:04:09.139 [Darkroom Processing Line] DEBUG net.serenitybdd.core.photography.DarkroomProcessingLine - Darkroom processing line starting up
12:04:09.639 [AsyncHttpClient-1-1] DEBUG org.asynchttpclient.netty.channel.DefaultChannelPool - Entry count for : http://localhost:62382 : 1
12:04:10.226 [AsyncHttpClient-1-2] DEBUG org.asynchttpclient.netty.handler.HttpHandler - 

Request DefaultFullHttpRequest(decodeResult: success, version: HTTP/1.1, content: EmptyByteBufBE)
GET /session/90b176e448e9c40e0ae63004c01877a3/screenshot HTTP/1.1
User-Agent: selenium/4.1.2 (java windows)
Cache-Control: no-cache
Content-Type: application/json; charset=utf-8
host: localhost:59841
accept: */*

Response DefaultHttpResponse(decodeResult: success, version: HTTP/1.1)
HTTP/1.1 200 OK
Content-Type: application/json; charset=utf-8
cache-control: no-cache
content-length: 665208

12:04:10.249 [AsyncHttpClient-1-2] DEBUG org.asynchttpclient.netty.channel.ChannelManager - Adding key: http://localhost:59841 for channel [id: 0x1d89c032, L:/127.0.0.1:62381 - R:localhost/127.0.0.1:59841]
12:04:10.713 [main] DEBUG net.serenitybdd.core.photography.Darkroom - Send negative for processing for target\site\serenity\2c1f36d9ed6d83a040ce305829ae3d5aa2ca8176a2ab04dc3bb248570b46c122.png
12:04:10.715 [Darkroom Processing Line] DEBUG net.serenitybdd.core.photography.DarkroomProcessingLine - Processing screenshot image in /var/screenshots/screenshot-14162151438393792782
12:04:10.715 [Darkroom Processing Line] DEBUG net.serenitybdd.core.photography.DarkroomProcessingLine - Saving screenshot to target\site\serenity\2c1f36d9ed6d83a040ce305829ae3d5aa2ca8176a2ab04dc3bb248570b46c122.png
12:04:10.731 [AsyncHttpClient-1-1] DEBUG org.asynchttpclient.netty.channel.DefaultChannelPool - Entry count for : http://localhost:62382 : 1
12:04:10.731 [AsyncHttpClient-1-1] DEBUG org.asynchttpclient.netty.channel.DefaultChannelPool - Entry count for : http://localhost:59841 : 1
12:04:10.773 [Forwarding findElement on session 90b176e448e9c40e0ae63004c01877a3 to remote] DEBUG org.asynchttpclient.netty.request.NettyRequestSender - Using pooled Channel '[id: 0x1d89c032, L:/127.0.0.1:62381 - R:localhost/127.0.0.1:59841]' for 'POST' to 'http://localhost:59841/session/90b176e448e9c40e0ae63004c01877a3/element'
12:04:10.773 [Forwarding findElement on session 90b176e448e9c40e0ae63004c01877a3 to remote] DEBUG org.asynchttpclient.netty.request.NettyRequestSender - Using open Channel [id: 0x1d89c032, L:/127.0.0.1:62381 - R:localhost/127.0.0.1:59841] for POST '/session/90b176e448e9c40e0ae63004c01877a3/element'
12:04:10.814 [AsyncHttpClient-1-2] DEBUG org.asynchttpclient.netty.handler.HttpHandler - 

Request DefaultHttpRequest(decodeResult: success, version: HTTP/1.1)
POST /session/90b176e448e9c40e0ae63004c01877a3/element HTTP/1.1
User-Agent: selenium/4.1.2 (java windows)
Content-Length: 70
Content-Type: application/json; charset=utf-8
host: localhost:59841
accept: */*

Response DefaultHttpResponse(decodeResult: success, version: HTTP/1.1)
HTTP/1.1 200 OK
Content-Type: application/json; charset=utf-8
cache-control: no-cache
content-length: 88

12:04:10.814 [AsyncHttpClient-1-2] DEBUG org.asynchttpclient.netty.channel.ChannelManager - Adding key: http://localhost:59841 for channel [id: 0x1d89c032, L:/127.0.0.1:62381 - R:localhost/127.0.0.1:59841]
12:04:10.825 [Forwarding clearElement on session 90b176e448e9c40e0ae63004c01877a3 to remote] DEBUG org.asynchttpclient.netty.request.NettyRequestSender - Using pooled Channel '[id: 0x1d89c032, L:/127.0.0.1:62381 - R:localhost/127.0.0.1:59841]' for 'POST' to 'http://localhost:59841/session/90b176e448e9c40e0ae63004c01877a3/element/cf0e24d6-6b9f-4dff-9340-716528065bc2/clear'
12:04:10.825 [Forwarding clearElement on session 90b176e448e9c40e0ae63004c01877a3 to remote] DEBUG org.asynchttpclient.netty.request.NettyRequestSender - Using open Channel [id: 0x1d89c032, L:/127.0.0.1:62381 - R:localhost/127.0.0.1:59841] for POST '/session/90b176e448e9c40e0ae63004c01877a3/element/cf0e24d6-6b9f-4dff-9340-716528065bc2/clear'
12:04:10.936 [AsyncHttpClient-1-2] DEBUG org.asynchttpclient.netty.handler.HttpHandler - 

Request DefaultHttpRequest(decodeResult: success, version: HTTP/1.1)
POST /session/90b176e448e9c40e0ae63004c01877a3/element/cf0e24d6-6b9f-4dff-9340-716528065bc2/clear HTTP/1.1
User-Agent: selenium/4.1.2 (java windows)
Content-Length: 50
Content-Type: application/json; charset=utf-8
host: localhost:59841
accept: */*

Response DefaultHttpResponse(decodeResult: success, version: HTTP/1.1)
HTTP/1.1 200 OK
Content-Type: application/json; charset=utf-8
cache-control: no-cache
content-length: 14

12:04:10.937 [AsyncHttpClient-1-2] DEBUG org.asynchttpclient.netty.channel.ChannelManager - Adding key: http://localhost:59841 for channel [id: 0x1d89c032, L:/127.0.0.1:62381 - R:localhost/127.0.0.1:59841]
12:04:10.950 [Forwarding sendKeysToElement on session 90b176e448e9c40e0ae63004c01877a3 to remote] DEBUG org.asynchttpclient.netty.request.NettyRequestSender - Using pooled Channel '[id: 0x1d89c032, L:/127.0.0.1:62381 - R:localhost/127.0.0.1:59841]' for 'POST' to 'http://localhost:59841/session/90b176e448e9c40e0ae63004c01877a3/element/cf0e24d6-6b9f-4dff-9340-716528065bc2/value'
12:04:10.951 [Forwarding sendKeysToElement on session 90b176e448e9c40e0ae63004c01877a3 to remote] DEBUG org.asynchttpclient.netty.request.NettyRequestSender - Using open Channel [id: 0x1d89c032, L:/127.0.0.1:62381 - R:localhost/127.0.0.1:59841] for POST '/session/90b176e448e9c40e0ae63004c01877a3/element/cf0e24d6-6b9f-4dff-9340-716528065bc2/value'
12:04:11.235 [AsyncHttpClient-1-2] DEBUG org.asynchttpclient.netty.handler.HttpHandler - 

Request DefaultHttpRequest(decodeResult: success, version: HTTP/1.1)
POST /session/90b176e448e9c40e0ae63004c01877a3/element/cf0e24d6-6b9f-4dff-9340-716528065bc2/value HTTP/1.1
User-Agent: selenium/4.1.2 (java windows)
Content-Length: 181
Content-Type: application/json; charset=utf-8
host: localhost:59841
accept: */*

Response DefaultHttpResponse(decodeResult: success, version: HTTP/1.1)
HTTP/1.1 200 OK
Content-Type: application/json; charset=utf-8
cache-control: no-cache
content-length: 14

12:04:11.235 [AsyncHttpClient-1-2] DEBUG org.asynchttpclient.netty.channel.ChannelManager - Adding key: http://localhost:59841 for channel [id: 0x1d89c032, L:/127.0.0.1:62381 - R:localhost/127.0.0.1:59841]
12:04:11.251 [Forwarding findElement on session 90b176e448e9c40e0ae63004c01877a3 to remote] DEBUG org.asynchttpclient.netty.request.NettyRequestSender - Using pooled Channel '[id: 0x1d89c032, L:/127.0.0.1:62381 - R:localhost/127.0.0.1:59841]' for 'POST' to 'http://localhost:59841/session/90b176e448e9c40e0ae63004c01877a3/element'
12:04:11.251 [Forwarding findElement on session 90b176e448e9c40e0ae63004c01877a3 to remote] DEBUG org.asynchttpclient.netty.request.NettyRequestSender - Using open Channel [id: 0x1d89c032, L:/127.0.0.1:62381 - R:localhost/127.0.0.1:59841] for POST '/session/90b176e448e9c40e0ae63004c01877a3/element'
12:04:11.280 [AsyncHttpClient-1-2] DEBUG org.asynchttpclient.netty.handler.HttpHandler - 

Request DefaultHttpRequest(decodeResult: success, version: HTTP/1.1)
POST /session/90b176e448e9c40e0ae63004c01877a3/element HTTP/1.1
User-Agent: selenium/4.1.2 (java windows)
Content-Length: 70
Content-Type: application/json; charset=utf-8
host: localhost:59841
accept: */*

Response DefaultHttpResponse(decodeResult: success, version: HTTP/1.1)
HTTP/1.1 200 OK
Content-Type: application/json; charset=utf-8
cache-control: no-cache
content-length: 88

12:04:11.281 [AsyncHttpClient-1-2] DEBUG org.asynchttpclient.netty.channel.ChannelManager - Adding key: http://localhost:59841 for channel [id: 0x1d89c032, L:/127.0.0.1:62381 - R:localhost/127.0.0.1:59841]
12:04:11.286 [Forwarding clearElement on session 90b176e448e9c40e0ae63004c01877a3 to remote] DEBUG org.asynchttpclient.netty.request.NettyRequestSender - Using pooled Channel '[id: 0x1d89c032, L:/127.0.0.1:62381 - R:localhost/127.0.0.1:59841]' for 'POST' to 'http://localhost:59841/session/90b176e448e9c40e0ae63004c01877a3/element/73d273cf-0664-433a-a807-473d424d6b84/clear'
12:04:11.286 [Forwarding clearElement on session 90b176e448e9c40e0ae63004c01877a3 to remote] DEBUG org.asynchttpclient.netty.request.NettyRequestSender - Using open Channel [id: 0x1d89c032, L:/127.0.0.1:62381 - R:localhost/127.0.0.1:59841] for POST '/session/90b176e448e9c40e0ae63004c01877a3/element/73d273cf-0664-433a-a807-473d424d6b84/clear'
12:04:11.351 [AsyncHttpClient-1-2] DEBUG org.asynchttpclient.netty.handler.HttpHandler - 

Request DefaultHttpRequest(decodeResult: success, version: HTTP/1.1)
POST /session/90b176e448e9c40e0ae63004c01877a3/element/73d273cf-0664-433a-a807-473d424d6b84/clear HTTP/1.1
User-Agent: selenium/4.1.2 (java windows)
Content-Length: 50
Content-Type: application/json; charset=utf-8
host: localhost:59841
accept: */*

Response DefaultHttpResponse(decodeResult: success, version: HTTP/1.1)
HTTP/1.1 200 OK
Content-Type: application/json; charset=utf-8
cache-control: no-cache
content-length: 14

12:04:11.352 [AsyncHttpClient-1-2] DEBUG org.asynchttpclient.netty.channel.ChannelManager - Adding key: http://localhost:59841 for channel [id: 0x1d89c032, L:/127.0.0.1:62381 - R:localhost/127.0.0.1:59841]
12:04:11.360 [Forwarding sendKeysToElement on session 90b176e448e9c40e0ae63004c01877a3 to remote] DEBUG org.asynchttpclient.netty.request.NettyRequestSender - Using pooled Channel '[id: 0x1d89c032, L:/127.0.0.1:62381 - R:localhost/127.0.0.1:59841]' for 'POST' to 'http://localhost:59841/session/90b176e448e9c40e0ae63004c01877a3/element/73d273cf-0664-433a-a807-473d424d6b84/value'
12:04:11.360 [Forwarding sendKeysToElement on session 90b176e448e9c40e0ae63004c01877a3 to remote] DEBUG org.asynchttpclient.netty.request.NettyRequestSender - Using open Channel [id: 0x1d89c032, L:/127.0.0.1:62381 - R:localhost/127.0.0.1:59841] for POST '/session/90b176e448e9c40e0ae63004c01877a3/element/73d273cf-0664-433a-a807-473d424d6b84/value'
12:04:11.644 [AsyncHttpClient-1-2] DEBUG org.asynchttpclient.netty.handler.HttpHandler - 

Request DefaultHttpRequest(decodeResult: success, version: HTTP/1.1)
POST /session/90b176e448e9c40e0ae63004c01877a3/element/73d273cf-0664-433a-a807-473d424d6b84/value HTTP/1.1
User-Agent: selenium/4.1.2 (java windows)
Content-Length: 201
Content-Type: application/json; charset=utf-8
host: localhost:59841
accept: */*

Response DefaultHttpResponse(decodeResult: success, version: HTTP/1.1)
HTTP/1.1 200 OK
Content-Type: application/json; charset=utf-8
cache-control: no-cache
content-length: 14

12:04:11.645 [AsyncHttpClient-1-2] DEBUG org.asynchttpclient.netty.channel.ChannelManager - Adding key: http://localhost:59841 for channel [id: 0x1d89c032, L:/127.0.0.1:62381 - R:localhost/127.0.0.1:59841]
12:04:11.670 [Forwarding findElement on session 90b176e448e9c40e0ae63004c01877a3 to remote] DEBUG org.asynchttpclient.netty.request.NettyRequestSender - Using pooled Channel '[id: 0x1d89c032, L:/127.0.0.1:62381 - R:localhost/127.0.0.1:59841]' for 'POST' to 'http://localhost:59841/session/90b176e448e9c40e0ae63004c01877a3/element'
12:04:11.671 [Forwarding findElement on session 90b176e448e9c40e0ae63004c01877a3 to remote] DEBUG org.asynchttpclient.netty.request.NettyRequestSender - Using open Channel [id: 0x1d89c032, L:/127.0.0.1:62381 - R:localhost/127.0.0.1:59841] for POST '/session/90b176e448e9c40e0ae63004c01877a3/element'
12:04:11.699 [AsyncHttpClient-1-2] DEBUG org.asynchttpclient.netty.handler.HttpHandler - 

Request DefaultHttpRequest(decodeResult: success, version: HTTP/1.1)
POST /session/90b176e448e9c40e0ae63004c01877a3/element HTTP/1.1
User-Agent: selenium/4.1.2 (java windows)
Content-Length: 68
Content-Type: application/json; charset=utf-8
host: localhost:59841
accept: */*

Response DefaultHttpResponse(decodeResult: success, version: HTTP/1.1)
HTTP/1.1 200 OK
Content-Type: application/json; charset=utf-8
cache-control: no-cache
content-length: 88

12:04:11.699 [AsyncHttpClient-1-2] DEBUG org.asynchttpclient.netty.channel.ChannelManager - Adding key: http://localhost:59841 for channel [id: 0x1d89c032, L:/127.0.0.1:62381 - R:localhost/127.0.0.1:59841]
12:04:11.704 [Forwarding getElementTagName on session 90b176e448e9c40e0ae63004c01877a3 to remote] DEBUG org.asynchttpclient.netty.request.NettyRequestSender - Using pooled Channel '[id: 0x1d89c032, L:/127.0.0.1:62381 - R:localhost/127.0.0.1:59841]' for 'GET' to 'http://localhost:59841/session/90b176e448e9c40e0ae63004c01877a3/element/ea6a80c8-3f7e-4d03-9a54-c4155c267c8b/name'
12:04:11.705 [Forwarding getElementTagName on session 90b176e448e9c40e0ae63004c01877a3 to remote] DEBUG org.asynchttpclient.netty.request.NettyRequestSender - Using open Channel [id: 0x1d89c032, L:/127.0.0.1:62381 - R:localhost/127.0.0.1:59841] for GET '/session/90b176e448e9c40e0ae63004c01877a3/element/ea6a80c8-3f7e-4d03-9a54-c4155c267c8b/name'
12:04:11.722 [AsyncHttpClient-1-2] DEBUG org.asynchttpclient.netty.handler.HttpHandler - 

Request DefaultFullHttpRequest(decodeResult: success, version: HTTP/1.1, content: EmptyByteBufBE)
GET /session/90b176e448e9c40e0ae63004c01877a3/element/ea6a80c8-3f7e-4d03-9a54-c4155c267c8b/name HTTP/1.1
User-Agent: selenium/4.1.2 (java windows)
Cache-Control: no-cache
Content-Type: application/json; charset=utf-8
host: localhost:59841
accept: */*

Response DefaultHttpResponse(decodeResult: success, version: HTTP/1.1)
HTTP/1.1 200 OK
Content-Type: application/json; charset=utf-8
cache-control: no-cache
content-length: 17

12:04:11.722 [AsyncHttpClient-1-2] DEBUG org.asynchttpclient.netty.channel.ChannelManager - Adding key: http://localhost:59841 for channel [id: 0x1d89c032, L:/127.0.0.1:62381 - R:localhost/127.0.0.1:59841]
12:04:11.731 [Forwarding getElementTagName on session 90b176e448e9c40e0ae63004c01877a3 to remote] DEBUG org.asynchttpclient.netty.request.NettyRequestSender - Using pooled Channel '[id: 0x1d89c032, L:/127.0.0.1:62381 - R:localhost/127.0.0.1:59841]' for 'GET' to 'http://localhost:59841/session/90b176e448e9c40e0ae63004c01877a3/element/ea6a80c8-3f7e-4d03-9a54-c4155c267c8b/name'
12:04:11.731 [Forwarding getElementTagName on session 90b176e448e9c40e0ae63004c01877a3 to remote] DEBUG org.asynchttpclient.netty.request.NettyRequestSender - Using open Channel [id: 0x1d89c032, L:/127.0.0.1:62381 - R:localhost/127.0.0.1:59841] for GET '/session/90b176e448e9c40e0ae63004c01877a3/element/ea6a80c8-3f7e-4d03-9a54-c4155c267c8b/name'
12:04:11.744 [AsyncHttpClient-1-2] DEBUG org.asynchttpclient.netty.handler.HttpHandler - 

Request DefaultFullHttpRequest(decodeResult: success, version: HTTP/1.1, content: EmptyByteBufBE)
GET /session/90b176e448e9c40e0ae63004c01877a3/element/ea6a80c8-3f7e-4d03-9a54-c4155c267c8b/name HTTP/1.1
User-Agent: selenium/4.1.2 (java windows)
Cache-Control: no-cache
Content-Type: application/json; charset=utf-8
host: localhost:59841
accept: */*

Response DefaultHttpResponse(decodeResult: success, version: HTTP/1.1)
HTTP/1.1 200 OK
Content-Type: application/json; charset=utf-8
cache-control: no-cache
content-length: 17

12:04:11.745 [AsyncHttpClient-1-2] DEBUG org.asynchttpclient.netty.channel.ChannelManager - Adding key: http://localhost:59841 for channel [id: 0x1d89c032, L:/127.0.0.1:62381 - R:localhost/127.0.0.1:59841]
12:04:11.762 [Forwarding isElementEnabled on session 90b176e448e9c40e0ae63004c01877a3 to remote] DEBUG org.asynchttpclient.netty.request.NettyRequestSender - Using pooled Channel '[id: 0x1d89c032, L:/127.0.0.1:62381 - R:localhost/127.0.0.1:59841]' for 'GET' to 'http://localhost:59841/session/90b176e448e9c40e0ae63004c01877a3/element/ea6a80c8-3f7e-4d03-9a54-c4155c267c8b/enabled'
12:04:11.762 [Forwarding isElementEnabled on session 90b176e448e9c40e0ae63004c01877a3 to remote] DEBUG org.asynchttpclient.netty.request.NettyRequestSender - Using open Channel [id: 0x1d89c032, L:/127.0.0.1:62381 - R:localhost/127.0.0.1:59841] for GET '/session/90b176e448e9c40e0ae63004c01877a3/element/ea6a80c8-3f7e-4d03-9a54-c4155c267c8b/enabled'
12:04:11.779 [AsyncHttpClient-1-2] DEBUG org.asynchttpclient.netty.handler.HttpHandler - 

Request DefaultFullHttpRequest(decodeResult: success, version: HTTP/1.1, content: EmptyByteBufBE)
GET /session/90b176e448e9c40e0ae63004c01877a3/element/ea6a80c8-3f7e-4d03-9a54-c4155c267c8b/enabled HTTP/1.1
User-Agent: selenium/4.1.2 (java windows)
Cache-Control: no-cache
Content-Type: application/json; charset=utf-8
host: localhost:59841
accept: */*

Response DefaultHttpResponse(decodeResult: success, version: HTTP/1.1)
HTTP/1.1 200 OK
Content-Type: application/json; charset=utf-8
cache-control: no-cache
content-length: 14

12:04:11.780 [AsyncHttpClient-1-2] DEBUG org.asynchttpclient.netty.channel.ChannelManager - Adding key: http://localhost:59841 for channel [id: 0x1d89c032, L:/127.0.0.1:62381 - R:localhost/127.0.0.1:59841]
12:04:11.784 [Forwarding isElementEnabled on session 90b176e448e9c40e0ae63004c01877a3 to remote] DEBUG org.asynchttpclient.netty.request.NettyRequestSender - Using pooled Channel '[id: 0x1d89c032, L:/127.0.0.1:62381 - R:localhost/127.0.0.1:59841]' for 'GET' to 'http://localhost:59841/session/90b176e448e9c40e0ae63004c01877a3/element/ea6a80c8-3f7e-4d03-9a54-c4155c267c8b/enabled'
12:04:11.785 [Forwarding isElementEnabled on session 90b176e448e9c40e0ae63004c01877a3 to remote] DEBUG org.asynchttpclient.netty.request.NettyRequestSender - Using open Channel [id: 0x1d89c032, L:/127.0.0.1:62381 - R:localhost/127.0.0.1:59841] for GET '/session/90b176e448e9c40e0ae63004c01877a3/element/ea6a80c8-3f7e-4d03-9a54-c4155c267c8b/enabled'
12:04:11.797 [AsyncHttpClient-1-2] DEBUG org.asynchttpclient.netty.handler.HttpHandler - 

Request DefaultFullHttpRequest(decodeResult: success, version: HTTP/1.1, content: EmptyByteBufBE)
GET /session/90b176e448e9c40e0ae63004c01877a3/element/ea6a80c8-3f7e-4d03-9a54-c4155c267c8b/enabled HTTP/1.1
User-Agent: selenium/4.1.2 (java windows)
Cache-Control: no-cache
Content-Type: application/json; charset=utf-8
host: localhost:59841
accept: */*

Response DefaultHttpResponse(decodeResult: success, version: HTTP/1.1)
HTTP/1.1 200 OK
Content-Type: application/json; charset=utf-8
cache-control: no-cache
content-length: 14

12:04:11.798 [AsyncHttpClient-1-2] DEBUG org.asynchttpclient.netty.channel.ChannelManager - Adding key: http://localhost:59841 for channel [id: 0x1d89c032, L:/127.0.0.1:62381 - R:localhost/127.0.0.1:59841]
12:04:11.808 [Forwarding findElement on session 90b176e448e9c40e0ae63004c01877a3 to remote] DEBUG org.asynchttpclient.netty.request.NettyRequestSender - Using pooled Channel '[id: 0x1d89c032, L:/127.0.0.1:62381 - R:localhost/127.0.0.1:59841]' for 'POST' to 'http://localhost:59841/session/90b176e448e9c40e0ae63004c01877a3/element'
12:04:11.809 [Forwarding findElement on session 90b176e448e9c40e0ae63004c01877a3 to remote] DEBUG org.asynchttpclient.netty.request.NettyRequestSender - Using open Channel [id: 0x1d89c032, L:/127.0.0.1:62381 - R:localhost/127.0.0.1:59841] for POST '/session/90b176e448e9c40e0ae63004c01877a3/element'
12:04:11.831 [AsyncHttpClient-1-1] DEBUG org.asynchttpclient.netty.channel.DefaultChannelPool - Entry count for : http://localhost:62382 : 1
12:04:11.841 [AsyncHttpClient-1-2] DEBUG org.asynchttpclient.netty.handler.HttpHandler - 

Request DefaultHttpRequest(decodeResult: success, version: HTTP/1.1)
POST /session/90b176e448e9c40e0ae63004c01877a3/element HTTP/1.1
User-Agent: selenium/4.1.2 (java windows)
Content-Length: 68
Content-Type: application/json; charset=utf-8
host: localhost:59841
accept: */*

Response DefaultHttpResponse(decodeResult: success, version: HTTP/1.1)
HTTP/1.1 200 OK
Content-Type: application/json; charset=utf-8
cache-control: no-cache
content-length: 88

12:04:11.842 [AsyncHttpClient-1-2] DEBUG org.asynchttpclient.netty.channel.ChannelManager - Adding key: http://localhost:59841 for channel [id: 0x1d89c032, L:/127.0.0.1:62381 - R:localhost/127.0.0.1:59841]
12:04:11.847 [Forwarding clickElement on session 90b176e448e9c40e0ae63004c01877a3 to remote] DEBUG org.asynchttpclient.netty.request.NettyRequestSender - Using pooled Channel '[id: 0x1d89c032, L:/127.0.0.1:62381 - R:localhost/127.0.0.1:59841]' for 'POST' to 'http://localhost:59841/session/90b176e448e9c40e0ae63004c01877a3/element/ea6a80c8-3f7e-4d03-9a54-c4155c267c8b/click'
12:04:11.848 [Forwarding clickElement on session 90b176e448e9c40e0ae63004c01877a3 to remote] DEBUG org.asynchttpclient.netty.request.NettyRequestSender - Using open Channel [id: 0x1d89c032, L:/127.0.0.1:62381 - R:localhost/127.0.0.1:59841] for POST '/session/90b176e448e9c40e0ae63004c01877a3/element/ea6a80c8-3f7e-4d03-9a54-c4155c267c8b/click'
12:04:11.956 [AsyncHttpClient-1-2] DEBUG org.asynchttpclient.netty.handler.HttpHandler - 

Request DefaultHttpRequest(decodeResult: success, version: HTTP/1.1)
POST /session/90b176e448e9c40e0ae63004c01877a3/element/ea6a80c8-3f7e-4d03-9a54-c4155c267c8b/click HTTP/1.1
User-Agent: selenium/4.1.2 (java windows)
Content-Length: 50
Content-Type: application/json; charset=utf-8
host: localhost:59841
accept: */*

Response DefaultHttpResponse(decodeResult: success, version: HTTP/1.1)
HTTP/1.1 200 OK
Content-Type: application/json; charset=utf-8
cache-control: no-cache
content-length: 14

12:04:11.956 [AsyncHttpClient-1-2] DEBUG org.asynchttpclient.netty.channel.ChannelManager - Adding key: http://localhost:59841 for channel [id: 0x1d89c032, L:/127.0.0.1:62381 - R:localhost/127.0.0.1:59841]
  &amp#27;[32mWhen &amp#27;[0m&amp#27;[32mI enter my username and password for vaccination session and click login button&amp#27;[0m &amp#27;[90m# starter.stepdefinitions.sessionAvailSteps.iEnterMyUsernameAndPasswordForVaccinationSessionAndClickLoginButton()&amp#27;[0m
12:04:11.978 [Forwarding screenshot on session 90b176e448e9c40e0ae63004c01877a3 to remote] DEBUG org.asynchttpclient.netty.request.NettyRequestSender - Using pooled Channel '[id: 0x1d89c032, L:/127.0.0.1:62381 - R:localhost/127.0.0.1:59841]' for 'GET' to 'http://localhost:59841/session/90b176e448e9c40e0ae63004c01877a3/screenshot'
12:04:11.978 [Forwarding screenshot on session 90b176e448e9c40e0ae63004c01877a3 to remote] DEBUG org.asynchttpclient.netty.request.NettyRequestSender - Using open Channel [id: 0x1d89c032, L:/127.0.0.1:62381 - R:localhost/127.0.0.1:59841] for GET '/session/90b176e448e9c40e0ae63004c01877a3/screenshot'
12:04:12.533 [AsyncHttpClient-1-2] DEBUG org.asynchttpclient.netty.handler.HttpHandler - 

Request DefaultFullHttpRequest(decodeResult: success, version: HTTP/1.1, content: EmptyByteBufBE)
GET /session/90b176e448e9c40e0ae63004c01877a3/screenshot HTTP/1.1
User-Agent: selenium/4.1.2 (java windows)
Cache-Control: no-cache
Content-Type: application/json; charset=utf-8
host: localhost:59841
accept: */*

Response DefaultHttpResponse(decodeResult: success, version: HTTP/1.1)
HTTP/1.1 200 OK
Content-Type: application/json; charset=utf-8
cache-control: no-cache
content-length: 657608

12:04:12.546 [AsyncHttpClient-1-2] DEBUG org.asynchttpclient.netty.channel.ChannelManager - Adding key: http://localhost:59841 for channel [id: 0x1d89c032, L:/127.0.0.1:62381 - R:localhost/127.0.0.1:59841]
12:04:12.669 [main] DEBUG net.serenitybdd.core.photography.Darkroom - Send negative for processing for target\site\serenity\427d7c5bd519e3e08d645df5e6cacb49c2683440379a39781ad688e619a6eed1.png
12:04:12.690 [Darkroom Processing Line] DEBUG net.serenitybdd.core.photography.DarkroomProcessingLine - Processing screenshot image in /var/screenshots/screenshot-18433723468954546442
12:04:12.690 [Darkroom Processing Line] DEBUG net.serenitybdd.core.photography.DarkroomProcessingLine - Saving screenshot to target\site\serenity\427d7c5bd519e3e08d645df5e6cacb49c2683440379a39781ad688e619a6eed1.png
12:04:12.995 [AsyncHttpClient-1-1] DEBUG org.asynchttpclient.netty.channel.DefaultChannelPool - Entry count for : http://localhost:62382 : 1
12:04:12.995 [AsyncHttpClient-1-1] DEBUG org.asynchttpclient.netty.channel.DefaultChannelPool - Entry count for : http://localhost:59841 : 1
12:04:14.071 [AsyncHttpClient-1-1] DEBUG org.asynchttpclient.netty.channel.DefaultChannelPool - Entry count for : http://localhost:62382 : 1
12:04:14.071 [AsyncHttpClient-1-1] DEBUG org.asynchttpclient.netty.channel.DefaultChannelPool - Entry count for : http://localhost:59841 : 1
12:04:15.137 [AsyncHttpClient-1-1] DEBUG org.asynchttpclient.netty.channel.DefaultChannelPool - Entry count for : http://localhost:62382 : 1
12:04:15.138 [AsyncHttpClient-1-1] DEBUG org.asynchttpclient.netty.channel.DefaultChannelPool - Entry count for : http://localhost:59841 : 1
12:04:15.183 [Forwarding screenshot on session 90b176e448e9c40e0ae63004c01877a3 to remote] DEBUG org.asynchttpclient.netty.request.NettyRequestSender - Using pooled Channel '[id: 0x1d89c032, L:/127.0.0.1:62381 - R:localhost/127.0.0.1:59841]' for 'GET' to 'http://localhost:59841/session/90b176e448e9c40e0ae63004c01877a3/screenshot'
12:04:15.184 [Forwarding screenshot on session 90b176e448e9c40e0ae63004c01877a3 to remote] DEBUG org.asynchttpclient.netty.request.NettyRequestSender - Using open Channel [id: 0x1d89c032, L:/127.0.0.1:62381 - R:localhost/127.0.0.1:59841] for GET '/session/90b176e448e9c40e0ae63004c01877a3/screenshot'
12:04:15.662 [AsyncHttpClient-1-2] DEBUG org.asynchttpclient.netty.handler.HttpHandler - 

Request DefaultFullHttpRequest(decodeResult: success, version: HTTP/1.1, content: EmptyByteBufBE)
GET /session/90b176e448e9c40e0ae63004c01877a3/screenshot HTTP/1.1
User-Agent: selenium/4.1.2 (java windows)
Cache-Control: no-cache
Content-Type: application/json; charset=utf-8
host: localhost:59841
accept: */*

Response DefaultHttpResponse(decodeResult: success, version: HTTP/1.1)
HTTP/1.1 200 OK
Content-Type: application/json; charset=utf-8
cache-control: no-cache
content-length: 575408

12:04:15.677 [AsyncHttpClient-1-2] DEBUG org.asynchttpclient.netty.channel.ChannelManager - Adding key: http://localhost:59841 for channel [id: 0x1d89c032, L:/127.0.0.1:62381 - R:localhost/127.0.0.1:59841]
12:04:16.182 [main] DEBUG net.serenitybdd.core.photography.Darkroom - Send negative for processing for target\site\serenity\133b9780295ad5b263af1e3770c008380d0007addc0bb4f791804e876154ae3c.png
12:04:16.183 [Darkroom Processing Line] DEBUG net.serenitybdd.core.photography.DarkroomProcessingLine - Processing screenshot image in /var/screenshots/screenshot-11652866139171130272
12:04:16.183 [Darkroom Processing Line] DEBUG net.serenitybdd.core.photography.DarkroomProcessingLine - Saving screenshot to target\site\serenity\133b9780295ad5b263af1e3770c008380d0007addc0bb4f791804e876154ae3c.png
12:04:16.187 [main] DEBUG net.thucydides.core.steps.StepInterceptor - STARTING STEP: addFamilyMemSteps.iDirectedToDashboard - menuOnDashboardDisplayed
12:04:16.205 [Forwarding findElement on session 90b176e448e9c40e0ae63004c01877a3 to remote] DEBUG org.asynchttpclient.netty.request.NettyRequestSender - Using pooled Channel '[id: 0x1d89c032, L:/127.0.0.1:62381 - R:localhost/127.0.0.1:59841]' for 'POST' to 'http://localhost:59841/session/90b176e448e9c40e0ae63004c01877a3/element'
12:04:16.205 [Forwarding findElement on session 90b176e448e9c40e0ae63004c01877a3 to remote] DEBUG org.asynchttpclient.netty.request.NettyRequestSender - Using open Channel [id: 0x1d89c032, L:/127.0.0.1:62381 - R:localhost/127.0.0.1:59841] for POST '/session/90b176e448e9c40e0ae63004c01877a3/element'
12:04:16.237 [AsyncHttpClient-1-2] DEBUG org.asynchttpclient.netty.handler.HttpHandler - 

Request DefaultHttpRequest(decodeResult: success, version: HTTP/1.1)
POST /session/90b176e448e9c40e0ae63004c01877a3/element HTTP/1.1
User-Agent: selenium/4.1.2 (java windows)
Content-Length: 118
Content-Type: application/json; charset=utf-8
host: localhost:59841
accept: */*

Response DefaultHttpResponse(decodeResult: success, version: HTTP/1.1)
HTTP/1.1 200 OK
Content-Type: application/json; charset=utf-8
cache-control: no-cache
content-length: 88

12:04:16.238 [AsyncHttpClient-1-2] DEBUG org.asynchttpclient.netty.channel.ChannelManager - Adding key: http://localhost:59841 for channel [id: 0x1d89c032, L:/127.0.0.1:62381 - R:localhost/127.0.0.1:59841]
12:04:16.243 [AsyncHttpClient-1-1] DEBUG org.asynchttpclient.netty.channel.DefaultChannelPool - Entry count for : http://localhost:62382 : 1
12:04:16.243 [AsyncHttpClient-1-1] DEBUG org.asynchttpclient.netty.channel.DefaultChannelPool - Entry count for : http://localhost:59841 : 1
12:04:16.258 [Forwarding isElementDisplayed on session 90b176e448e9c40e0ae63004c01877a3 to remote] DEBUG org.asynchttpclient.netty.request.NettyRequestSender - Using pooled Channel '[id: 0x1d89c032, L:/127.0.0.1:62381 - R:localhost/127.0.0.1:59841]' for 'POST' to 'http://localhost:59841/session/90b176e448e9c40e0ae63004c01877a3/execute/sync'
12:04:16.259 [Forwarding isElementDisplayed on session 90b176e448e9c40e0ae63004c01877a3 to remote] DEBUG org.asynchttpclient.netty.request.NettyRequestSender - Using open Channel [id: 0x1d89c032, L:/127.0.0.1:62381 - R:localhost/127.0.0.1:59841] for POST '/session/90b176e448e9c40e0ae63004c01877a3/execute/sync'
12:04:16.295 [AsyncHttpClient-1-2] DEBUG org.asynchttpclient.netty.handler.HttpHandler - 

Request DefaultHttpRequest(decodeResult: success, version: HTTP/1.1)
POST /session/90b176e448e9c40e0ae63004c01877a3/execute/sync HTTP/1.1
User-Agent: selenium/4.1.2 (java windows)
Content-Length: 48780
Content-Type: application/json; charset=utf-8
host: localhost:59841
accept: */*

Response DefaultHttpResponse(decodeResult: success, version: HTTP/1.1)
HTTP/1.1 200 OK
Content-Type: application/json; charset=utf-8
cache-control: no-cache
content-length: 14

12:04:16.296 [AsyncHttpClient-1-2] DEBUG org.asynchttpclient.netty.channel.ChannelManager - Adding key: http://localhost:59841 for channel [id: 0x1d89c032, L:/127.0.0.1:62381 - R:localhost/127.0.0.1:59841]
12:04:16.314 [Forwarding screenshot on session 90b176e448e9c40e0ae63004c01877a3 to remote] DEBUG org.asynchttpclient.netty.request.NettyRequestSender - Using pooled Channel '[id: 0x1d89c032, L:/127.0.0.1:62381 - R:localhost/127.0.0.1:59841]' for 'GET' to 'http://localhost:59841/session/90b176e448e9c40e0ae63004c01877a3/screenshot'
12:04:16.315 [Forwarding screenshot on session 90b176e448e9c40e0ae63004c01877a3 to remote] DEBUG org.asynchttpclient.netty.request.NettyRequestSender - Using open Channel [id: 0x1d89c032, L:/127.0.0.1:62381 - R:localhost/127.0.0.1:59841] for GET '/session/90b176e448e9c40e0ae63004c01877a3/screenshot'
12:04:16.775 [AsyncHttpClient-1-2] DEBUG org.asynchttpclient.netty.handler.HttpHandler - 

Request DefaultFullHttpRequest(decodeResult: success, version: HTTP/1.1, content: EmptyByteBufBE)
GET /session/90b176e448e9c40e0ae63004c01877a3/screenshot HTTP/1.1
User-Agent: selenium/4.1.2 (java windows)
Cache-Control: no-cache
Content-Type: application/json; charset=utf-8
host: localhost:59841
accept: */*

Response DefaultHttpResponse(decodeResult: success, version: HTTP/1.1)
HTTP/1.1 200 OK
Content-Type: application/json; charset=utf-8
cache-control: no-cache
content-length: 575408

12:04:16.789 [AsyncHttpClient-1-2] DEBUG org.asynchttpclient.netty.channel.ChannelManager - Adding key: http://localhost:59841 for channel [id: 0x1d89c032, L:/127.0.0.1:62381 - R:localhost/127.0.0.1:59841]
12:04:16.865 [main] DEBUG net.serenitybdd.core.photography.Darkroom - Send negative for processing for target\site\serenity\133b9780295ad5b263af1e3770c008380d0007addc0bb4f791804e876154ae3c.png
12:04:16.865 [main] DEBUG net.thucydides.core.steps.StepInterceptor - STEP DONE: menuOnDashboardDisplayed
  &amp#27;[32mAnd &amp#27;[0m&amp#27;[32mI directed to dashboard&amp#27;[0m                                                          &amp#27;[90m# starter.stepdefinitions.addFamilyMemSteps.iDirectedToDashboard()&amp#27;[0m
12:04:16.962 [Forwarding screenshot on session 90b176e448e9c40e0ae63004c01877a3 to remote] DEBUG org.asynchttpclient.netty.request.NettyRequestSender - Using pooled Channel '[id: 0x1d89c032, L:/127.0.0.1:62381 - R:localhost/127.0.0.1:59841]' for 'GET' to 'http://localhost:59841/session/90b176e448e9c40e0ae63004c01877a3/screenshot'
12:04:16.962 [Forwarding screenshot on session 90b176e448e9c40e0ae63004c01877a3 to remote] DEBUG org.asynchttpclient.netty.request.NettyRequestSender - Using open Channel [id: 0x1d89c032, L:/127.0.0.1:62381 - R:localhost/127.0.0.1:59841] for GET '/session/90b176e448e9c40e0ae63004c01877a3/screenshot'
12:04:17.331 [AsyncHttpClient-1-1] DEBUG org.asynchttpclient.netty.channel.DefaultChannelPool - Entry count for : http://localhost:62382 : 1
12:04:17.407 [AsyncHttpClient-1-2] DEBUG org.asynchttpclient.netty.handler.HttpHandler - 

Request DefaultFullHttpRequest(decodeResult: success, version: HTTP/1.1, content: EmptyByteBufBE)
GET /session/90b176e448e9c40e0ae63004c01877a3/screenshot HTTP/1.1
User-Agent: selenium/4.1.2 (java windows)
Cache-Control: no-cache
Content-Type: application/json; charset=utf-8
host: localhost:59841
accept: */*

Response DefaultHttpResponse(decodeResult: success, version: HTTP/1.1)
HTTP/1.1 200 OK
Content-Type: application/json; charset=utf-8
cache-control: no-cache
content-length: 575408

12:04:17.481 [AsyncHttpClient-1-2] DEBUG org.asynchttpclient.netty.channel.ChannelManager - Adding key: http://localhost:59841 for channel [id: 0x1d89c032, L:/127.0.0.1:62381 - R:localhost/127.0.0.1:59841]
12:04:17.535 [main] DEBUG net.serenitybdd.core.photography.Darkroom - Send negative for processing for target\site\serenity\133b9780295ad5b263af1e3770c008380d0007addc0bb4f791804e876154ae3c.png
12:04:17.659 [Forwarding findElement on session 90b176e448e9c40e0ae63004c01877a3 to remote] DEBUG org.asynchttpclient.netty.request.NettyRequestSender - Using pooled Channel '[id: 0x1d89c032, L:/127.0.0.1:62381 - R:localhost/127.0.0.1:59841]' for 'POST' to 'http://localhost:59841/session/90b176e448e9c40e0ae63004c01877a3/element'
12:04:17.659 [Forwarding findElement on session 90b176e448e9c40e0ae63004c01877a3 to remote] DEBUG org.asynchttpclient.netty.request.NettyRequestSender - Using open Channel [id: 0x1d89c032, L:/127.0.0.1:62381 - R:localhost/127.0.0.1:59841] for POST '/session/90b176e448e9c40e0ae63004c01877a3/element'
12:04:17.701 [AsyncHttpClient-1-2] DEBUG org.asynchttpclient.netty.handler.HttpHandler - 

Request DefaultHttpRequest(decodeResult: success, version: HTTP/1.1)
POST /session/90b176e448e9c40e0ae63004c01877a3/element HTTP/1.1
User-Agent: selenium/4.1.2 (java windows)
Content-Length: 179
Content-Type: application/json; charset=utf-8
host: localhost:59841
accept: */*

Response DefaultHttpResponse(decodeResult: success, version: HTTP/1.1)
HTTP/1.1 200 OK
Content-Type: application/json; charset=utf-8
cache-control: no-cache
content-length: 88

12:04:17.702 [AsyncHttpClient-1-2] DEBUG org.asynchttpclient.netty.channel.ChannelManager - Adding key: http://localhost:59841 for channel [id: 0x1d89c032, L:/127.0.0.1:62381 - R:localhost/127.0.0.1:59841]
12:04:17.707 [Forwarding getElementTagName on session 90b176e448e9c40e0ae63004c01877a3 to remote] DEBUG org.asynchttpclient.netty.request.NettyRequestSender - Using pooled Channel '[id: 0x1d89c032, L:/127.0.0.1:62381 - R:localhost/127.0.0.1:59841]' for 'GET' to 'http://localhost:59841/session/90b176e448e9c40e0ae63004c01877a3/element/72f88afe-ff59-42f7-a481-590927d5136d/name'
12:04:17.707 [Forwarding getElementTagName on session 90b176e448e9c40e0ae63004c01877a3 to remote] DEBUG org.asynchttpclient.netty.request.NettyRequestSender - Using open Channel [id: 0x1d89c032, L:/127.0.0.1:62381 - R:localhost/127.0.0.1:59841] for GET '/session/90b176e448e9c40e0ae63004c01877a3/element/72f88afe-ff59-42f7-a481-590927d5136d/name'
12:04:17.726 [AsyncHttpClient-1-2] DEBUG org.asynchttpclient.netty.handler.HttpHandler - 

Request DefaultFullHttpRequest(decodeResult: success, version: HTTP/1.1, content: EmptyByteBufBE)
GET /session/90b176e448e9c40e0ae63004c01877a3/element/72f88afe-ff59-42f7-a481-590927d5136d/name HTTP/1.1
User-Agent: selenium/4.1.2 (java windows)
Cache-Control: no-cache
Content-Type: application/json; charset=utf-8
host: localhost:59841
accept: */*

Response DefaultHttpResponse(decodeResult: success, version: HTTP/1.1)
HTTP/1.1 200 OK
Content-Type: application/json; charset=utf-8
cache-control: no-cache
content-length: 18

12:04:17.727 [AsyncHttpClient-1-2] DEBUG org.asynchttpclient.netty.channel.ChannelManager - Adding key: http://localhost:59841 for channel [id: 0x1d89c032, L:/127.0.0.1:62381 - R:localhost/127.0.0.1:59841]
12:04:17.744 [Forwarding getElementTagName on session 90b176e448e9c40e0ae63004c01877a3 to remote] DEBUG org.asynchttpclient.netty.request.NettyRequestSender - Using pooled Channel '[id: 0x1d89c032, L:/127.0.0.1:62381 - R:localhost/127.0.0.1:59841]' for 'GET' to 'http://localhost:59841/session/90b176e448e9c40e0ae63004c01877a3/element/72f88afe-ff59-42f7-a481-590927d5136d/name'
12:04:17.745 [Forwarding getElementTagName on session 90b176e448e9c40e0ae63004c01877a3 to remote] DEBUG org.asynchttpclient.netty.request.NettyRequestSender - Using open Channel [id: 0x1d89c032, L:/127.0.0.1:62381 - R:localhost/127.0.0.1:59841] for GET '/session/90b176e448e9c40e0ae63004c01877a3/element/72f88afe-ff59-42f7-a481-590927d5136d/name'
12:04:17.752 [AsyncHttpClient-1-2] DEBUG org.asynchttpclient.netty.handler.HttpHandler - 

Request DefaultFullHttpRequest(decodeResult: success, version: HTTP/1.1, content: EmptyByteBufBE)
GET /session/90b176e448e9c40e0ae63004c01877a3/element/72f88afe-ff59-42f7-a481-590927d5136d/name HTTP/1.1
User-Agent: selenium/4.1.2 (java windows)
Cache-Control: no-cache
Content-Type: application/json; charset=utf-8
host: localhost:59841
accept: */*

Response DefaultHttpResponse(decodeResult: success, version: HTTP/1.1)
HTTP/1.1 200 OK
Content-Type: application/json; charset=utf-8
cache-control: no-cache
content-length: 18

12:04:17.753 [AsyncHttpClient-1-2] DEBUG org.asynchttpclient.netty.channel.ChannelManager - Adding key: http://localhost:59841 for channel [id: 0x1d89c032, L:/127.0.0.1:62381 - R:localhost/127.0.0.1:59841]
12:04:17.779 [Forwarding isElementEnabled on session 90b176e448e9c40e0ae63004c01877a3 to remote] DEBUG org.asynchttpclient.netty.request.NettyRequestSender - Using pooled Channel '[id: 0x1d89c032, L:/127.0.0.1:62381 - R:localhost/127.0.0.1:59841]' for 'GET' to 'http://localhost:59841/session/90b176e448e9c40e0ae63004c01877a3/element/72f88afe-ff59-42f7-a481-590927d5136d/enabled'
12:04:17.779 [Forwarding isElementEnabled on session 90b176e448e9c40e0ae63004c01877a3 to remote] DEBUG org.asynchttpclient.netty.request.NettyRequestSender - Using open Channel [id: 0x1d89c032, L:/127.0.0.1:62381 - R:localhost/127.0.0.1:59841] for GET '/session/90b176e448e9c40e0ae63004c01877a3/element/72f88afe-ff59-42f7-a481-590927d5136d/enabled'
12:04:17.886 [AsyncHttpClient-1-2] DEBUG org.asynchttpclient.netty.handler.HttpHandler - 

Request DefaultFullHttpRequest(decodeResult: success, version: HTTP/1.1, content: EmptyByteBufBE)
GET /session/90b176e448e9c40e0ae63004c01877a3/element/72f88afe-ff59-42f7-a481-590927d5136d/enabled HTTP/1.1
User-Agent: selenium/4.1.2 (java windows)
Cache-Control: no-cache
Content-Type: application/json; charset=utf-8
host: localhost:59841
accept: */*

Response DefaultHttpResponse(decodeResult: success, version: HTTP/1.1)
HTTP/1.1 200 OK
Content-Type: application/json; charset=utf-8
cache-control: no-cache
content-length: 14

12:04:17.888 [AsyncHttpClient-1-2] DEBUG org.asynchttpclient.netty.channel.ChannelManager - Adding key: http://localhost:59841 for channel [id: 0x1d89c032, L:/127.0.0.1:62381 - R:localhost/127.0.0.1:59841]
12:04:17.894 [Forwarding isElementEnabled on session 90b176e448e9c40e0ae63004c01877a3 to remote] DEBUG org.asynchttpclient.netty.request.NettyRequestSender - Using pooled Channel '[id: 0x1d89c032, L:/127.0.0.1:62381 - R:localhost/127.0.0.1:59841]' for 'GET' to 'http://localhost:59841/session/90b176e448e9c40e0ae63004c01877a3/element/72f88afe-ff59-42f7-a481-590927d5136d/enabled'
12:04:17.894 [Forwarding isElementEnabled on session 90b176e448e9c40e0ae63004c01877a3 to remote] DEBUG org.asynchttpclient.netty.request.NettyRequestSender - Using open Channel [id: 0x1d89c032, L:/127.0.0.1:62381 - R:localhost/127.0.0.1:59841] for GET '/session/90b176e448e9c40e0ae63004c01877a3/element/72f88afe-ff59-42f7-a481-590927d5136d/enabled'
12:04:17.911 [AsyncHttpClient-1-2] DEBUG org.asynchttpclient.netty.handler.HttpHandler - 

Request DefaultFullHttpRequest(decodeResult: success, version: HTTP/1.1, content: EmptyByteBufBE)
GET /session/90b176e448e9c40e0ae63004c01877a3/element/72f88afe-ff59-42f7-a481-590927d5136d/enabled HTTP/1.1
User-Agent: selenium/4.1.2 (java windows)
Cache-Control: no-cache
Content-Type: application/json; charset=utf-8
host: localhost:59841
accept: */*

Response DefaultHttpResponse(decodeResult: success, version: HTTP/1.1)
HTTP/1.1 200 OK
Content-Type: application/json; charset=utf-8
cache-control: no-cache
content-length: 14

12:04:17.914 [AsyncHttpClient-1-2] DEBUG org.asynchttpclient.netty.channel.ChannelManager - Adding key: http://localhost:59841 for channel [id: 0x1d89c032, L:/127.0.0.1:62381 - R:localhost/127.0.0.1:59841]
12:04:17.928 [Forwarding findElement on session 90b176e448e9c40e0ae63004c01877a3 to remote] DEBUG org.asynchttpclient.netty.request.NettyRequestSender - Using pooled Channel '[id: 0x1d89c032, L:/127.0.0.1:62381 - R:localhost/127.0.0.1:59841]' for 'POST' to 'http://localhost:59841/session/90b176e448e9c40e0ae63004c01877a3/element'
12:04:17.928 [Forwarding findElement on session 90b176e448e9c40e0ae63004c01877a3 to remote] DEBUG org.asynchttpclient.netty.request.NettyRequestSender - Using open Channel [id: 0x1d89c032, L:/127.0.0.1:62381 - R:localhost/127.0.0.1:59841] for POST '/session/90b176e448e9c40e0ae63004c01877a3/element'
12:04:17.946 [AsyncHttpClient-1-2] DEBUG org.asynchttpclient.netty.handler.HttpHandler - 

Request DefaultHttpRequest(decodeResult: success, version: HTTP/1.1)
POST /session/90b176e448e9c40e0ae63004c01877a3/element HTTP/1.1
User-Agent: selenium/4.1.2 (java windows)
Content-Length: 179
Content-Type: application/json; charset=utf-8
host: localhost:59841
accept: */*

Response DefaultHttpResponse(decodeResult: success, version: HTTP/1.1)
HTTP/1.1 200 OK
Content-Type: application/json; charset=utf-8
cache-control: no-cache
content-length: 88

12:04:17.947 [AsyncHttpClient-1-2] DEBUG org.asynchttpclient.netty.channel.ChannelManager - Adding key: http://localhost:59841 for channel [id: 0x1d89c032, L:/127.0.0.1:62381 - R:localhost/127.0.0.1:59841]
12:04:17.962 [Forwarding clickElement on session 90b176e448e9c40e0ae63004c01877a3 to remote] DEBUG org.asynchttpclient.netty.request.NettyRequestSender - Using pooled Channel '[id: 0x1d89c032, L:/127.0.0.1:62381 - R:localhost/127.0.0.1:59841]' for 'POST' to 'http://localhost:59841/session/90b176e448e9c40e0ae63004c01877a3/element/72f88afe-ff59-42f7-a481-590927d5136d/click'
12:04:17.962 [Forwarding clickElement on session 90b176e448e9c40e0ae63004c01877a3 to remote] DEBUG org.asynchttpclient.netty.request.NettyRequestSender - Using open Channel [id: 0x1d89c032, L:/127.0.0.1:62381 - R:localhost/127.0.0.1:59841] for POST '/session/90b176e448e9c40e0ae63004c01877a3/element/72f88afe-ff59-42f7-a481-590927d5136d/click'
12:04:18.342 [AsyncHttpClient-1-2] DEBUG org.asynchttpclient.netty.handler.HttpHandler - 

Request DefaultHttpRequest(decodeResult: success, version: HTTP/1.1)
POST /session/90b176e448e9c40e0ae63004c01877a3/element/72f88afe-ff59-42f7-a481-590927d5136d/click HTTP/1.1
User-Agent: selenium/4.1.2 (java windows)
Content-Length: 50
Content-Type: application/json; charset=utf-8
host: localhost:59841
accept: */*

Response DefaultHttpResponse(decodeResult: success, version: HTTP/1.1)
HTTP/1.1 200 OK
Content-Type: application/json; charset=utf-8
cache-control: no-cache
content-length: 14

12:04:18.343 [AsyncHttpClient-1-2] DEBUG org.asynchttpclient.netty.channel.ChannelManager - Adding key: http://localhost:59841 for channel [id: 0x1d89c032, L:/127.0.0.1:62381 - R:localhost/127.0.0.1:59841]
  &amp#27;[32mAnd &amp#27;[0m&amp#27;[32mI click vaccination bookings&amp#27;[0m                                                     &amp#27;[90m# starter.stepdefinitions.vaccinationBookingSteps.iClickVaccinationBookings()&amp#27;[0m
12:04:18.377 [Forwarding screenshot on session 90b176e448e9c40e0ae63004c01877a3 to remote] DEBUG org.asynchttpclient.netty.request.NettyRequestSender - Using pooled Channel '[id: 0x1d89c032, L:/127.0.0.1:62381 - R:localhost/127.0.0.1:59841]' for 'GET' to 'http://localhost:59841/session/90b176e448e9c40e0ae63004c01877a3/screenshot'
12:04:18.378 [Forwarding screenshot on session 90b176e448e9c40e0ae63004c01877a3 to remote] DEBUG org.asynchttpclient.netty.request.NettyRequestSender - Using open Channel [id: 0x1d89c032, L:/127.0.0.1:62381 - R:localhost/127.0.0.1:59841] for GET '/session/90b176e448e9c40e0ae63004c01877a3/screenshot'
12:04:18.479 [AsyncHttpClient-1-1] DEBUG org.asynchttpclient.netty.channel.DefaultChannelPool - Entry count for : http://localhost:62382 : 1
12:04:18.674 [AsyncHttpClient-1-2] DEBUG org.asynchttpclient.netty.handler.HttpHandler - 

Request DefaultFullHttpRequest(decodeResult: success, version: HTTP/1.1, content: EmptyByteBufBE)
GET /session/90b176e448e9c40e0ae63004c01877a3/screenshot HTTP/1.1
User-Agent: selenium/4.1.2 (java windows)
Cache-Control: no-cache
Content-Type: application/json; charset=utf-8
host: localhost:59841
accept: */*

Response DefaultHttpResponse(decodeResult: success, version: HTTP/1.1)
HTTP/1.1 200 OK
Content-Type: application/json; charset=utf-8
cache-control: no-cache
content-length: 47848

12:04:18.675 [AsyncHttpClient-1-2] DEBUG org.asynchttpclient.netty.channel.ChannelManager - Adding key: http://localhost:59841 for channel [id: 0x1d89c032, L:/127.0.0.1:62381 - R:localhost/127.0.0.1:59841]
12:04:18.681 [main] DEBUG net.serenitybdd.core.photography.Darkroom - Send negative for processing for target\site\serenity\53605293d6b97be9111c26575b4478928d2eea6c0acd8c6666ffbaba60a8a8a8.png
12:04:18.682 [Darkroom Processing Line] DEBUG net.serenitybdd.core.photography.DarkroomProcessingLine - Processing screenshot image in /var/screenshots/screenshot-17029460208103872582
12:04:18.683 [Darkroom Processing Line] DEBUG net.serenitybdd.core.photography.DarkroomProcessingLine - Saving screenshot to target\site\serenity\53605293d6b97be9111c26575b4478928d2eea6c0acd8c6666ffbaba60a8a8a8.png
12:04:19.534 [Forwarding findElement on session 90b176e448e9c40e0ae63004c01877a3 to remote] DEBUG org.asynchttpclient.netty.request.NettyRequestSender - Using pooled Channel '[id: 0x1d89c032, L:/127.0.0.1:62381 - R:localhost/127.0.0.1:59841]' for 'POST' to 'http://localhost:59841/session/90b176e448e9c40e0ae63004c01877a3/element'
12:04:19.534 [Forwarding findElement on session 90b176e448e9c40e0ae63004c01877a3 to remote] DEBUG org.asynchttpclient.netty.request.NettyRequestSender - Using open Channel [id: 0x1d89c032, L:/127.0.0.1:62381 - R:localhost/127.0.0.1:59841] for POST '/session/90b176e448e9c40e0ae63004c01877a3/element'
12:04:19.546 [AsyncHttpClient-1-1] DEBUG org.asynchttpclient.netty.channel.DefaultChannelPool - Entry count for : http://localhost:62382 : 1
12:04:19.573 [AsyncHttpClient-1-2] DEBUG org.asynchttpclient.netty.handler.HttpHandler - 

Request DefaultHttpRequest(decodeResult: success, version: HTTP/1.1)
POST /session/90b176e448e9c40e0ae63004c01877a3/element HTTP/1.1
User-Agent: selenium/4.1.2 (java windows)
Content-Length: 107
Content-Type: application/json; charset=utf-8
host: localhost:59841
accept: */*

Response DefaultHttpResponse(decodeResult: success, version: HTTP/1.1)
HTTP/1.1 200 OK
Content-Type: application/json; charset=utf-8
cache-control: no-cache
content-length: 88

12:04:19.573 [AsyncHttpClient-1-2] DEBUG org.asynchttpclient.netty.channel.ChannelManager - Adding key: http://localhost:59841 for channel [id: 0x1d89c032, L:/127.0.0.1:62381 - R:localhost/127.0.0.1:59841]
12:04:19.579 [Forwarding getElementTagName on session 90b176e448e9c40e0ae63004c01877a3 to remote] DEBUG org.asynchttpclient.netty.request.NettyRequestSender - Using pooled Channel '[id: 0x1d89c032, L:/127.0.0.1:62381 - R:localhost/127.0.0.1:59841]' for 'GET' to 'http://localhost:59841/session/90b176e448e9c40e0ae63004c01877a3/element/80f5e4f5-88f6-466b-8ee8-bbf3d006750c/name'
12:04:19.579 [Forwarding getElementTagName on session 90b176e448e9c40e0ae63004c01877a3 to remote] DEBUG org.asynchttpclient.netty.request.NettyRequestSender - Using open Channel [id: 0x1d89c032, L:/127.0.0.1:62381 - R:localhost/127.0.0.1:59841] for GET '/session/90b176e448e9c40e0ae63004c01877a3/element/80f5e4f5-88f6-466b-8ee8-bbf3d006750c/name'
12:04:19.590 [AsyncHttpClient-1-2] DEBUG org.asynchttpclient.netty.handler.HttpHandler - 

Request DefaultFullHttpRequest(decodeResult: success, version: HTTP/1.1, content: EmptyByteBufBE)
GET /session/90b176e448e9c40e0ae63004c01877a3/element/80f5e4f5-88f6-466b-8ee8-bbf3d006750c/name HTTP/1.1
User-Agent: selenium/4.1.2 (java windows)
Cache-Control: no-cache
Content-Type: application/json; charset=utf-8
host: localhost:59841
accept: */*

Response DefaultHttpResponse(decodeResult: success, version: HTTP/1.1)
HTTP/1.1 200 OK
Content-Type: application/json; charset=utf-8
cache-control: no-cache
content-length: 15

12:04:19.591 [AsyncHttpClient-1-2] DEBUG org.asynchttpclient.netty.channel.ChannelManager - Adding key: http://localhost:59841 for channel [id: 0x1d89c032, L:/127.0.0.1:62381 - R:localhost/127.0.0.1:59841]
12:04:19.596 [Forwarding getElementTagName on session 90b176e448e9c40e0ae63004c01877a3 to remote] DEBUG org.asynchttpclient.netty.request.NettyRequestSender - Using pooled Channel '[id: 0x1d89c032, L:/127.0.0.1:62381 - R:localhost/127.0.0.1:59841]' for 'GET' to 'http://localhost:59841/session/90b176e448e9c40e0ae63004c01877a3/element/80f5e4f5-88f6-466b-8ee8-bbf3d006750c/name'
12:04:19.597 [Forwarding getElementTagName on session 90b176e448e9c40e0ae63004c01877a3 to remote] DEBUG org.asynchttpclient.netty.request.NettyRequestSender - Using open Channel [id: 0x1d89c032, L:/127.0.0.1:62381 - R:localhost/127.0.0.1:59841] for GET '/session/90b176e448e9c40e0ae63004c01877a3/element/80f5e4f5-88f6-466b-8ee8-bbf3d006750c/name'
12:04:19.606 [AsyncHttpClient-1-2] DEBUG org.asynchttpclient.netty.handler.HttpHandler - 

Request DefaultFullHttpRequest(decodeResult: success, version: HTTP/1.1, content: EmptyByteBufBE)
GET /session/90b176e448e9c40e0ae63004c01877a3/element/80f5e4f5-88f6-466b-8ee8-bbf3d006750c/name HTTP/1.1
User-Agent: selenium/4.1.2 (java windows)
Cache-Control: no-cache
Content-Type: application/json; charset=utf-8
host: localhost:59841
accept: */*

Response DefaultHttpResponse(decodeResult: success, version: HTTP/1.1)
HTTP/1.1 200 OK
Content-Type: application/json; charset=utf-8
cache-control: no-cache
content-length: 15

12:04:19.606 [AsyncHttpClient-1-2] DEBUG org.asynchttpclient.netty.channel.ChannelManager - Adding key: http://localhost:59841 for channel [id: 0x1d89c032, L:/127.0.0.1:62381 - R:localhost/127.0.0.1:59841]
12:04:19.610 [Forwarding findElement on session 90b176e448e9c40e0ae63004c01877a3 to remote] DEBUG org.asynchttpclient.netty.request.NettyRequestSender - Using pooled Channel '[id: 0x1d89c032, L:/127.0.0.1:62381 - R:localhost/127.0.0.1:59841]' for 'POST' to 'http://localhost:59841/session/90b176e448e9c40e0ae63004c01877a3/element'
12:04:19.611 [Forwarding findElement on session 90b176e448e9c40e0ae63004c01877a3 to remote] DEBUG org.asynchttpclient.netty.request.NettyRequestSender - Using open Channel [id: 0x1d89c032, L:/127.0.0.1:62381 - R:localhost/127.0.0.1:59841] for POST '/session/90b176e448e9c40e0ae63004c01877a3/element'
12:04:19.629 [AsyncHttpClient-1-2] DEBUG org.asynchttpclient.netty.handler.HttpHandler - 

Request DefaultHttpRequest(decodeResult: success, version: HTTP/1.1)
POST /session/90b176e448e9c40e0ae63004c01877a3/element HTTP/1.1
User-Agent: selenium/4.1.2 (java windows)
Content-Length: 107
Content-Type: application/json; charset=utf-8
host: localhost:59841
accept: */*

Response DefaultHttpResponse(decodeResult: success, version: HTTP/1.1)
HTTP/1.1 200 OK
Content-Type: application/json; charset=utf-8
cache-control: no-cache
content-length: 88

12:04:19.630 [AsyncHttpClient-1-2] DEBUG org.asynchttpclient.netty.channel.ChannelManager - Adding key: http://localhost:59841 for channel [id: 0x1d89c032, L:/127.0.0.1:62381 - R:localhost/127.0.0.1:59841]
12:04:19.638 [Forwarding clickElement on session 90b176e448e9c40e0ae63004c01877a3 to remote] DEBUG org.asynchttpclient.netty.request.NettyRequestSender - Using pooled Channel '[id: 0x1d89c032, L:/127.0.0.1:62381 - R:localhost/127.0.0.1:59841]' for 'POST' to 'http://localhost:59841/session/90b176e448e9c40e0ae63004c01877a3/element/80f5e4f5-88f6-466b-8ee8-bbf3d006750c/click'
12:04:19.638 [Forwarding clickElement on session 90b176e448e9c40e0ae63004c01877a3 to remote] DEBUG org.asynchttpclient.netty.request.NettyRequestSender - Using open Channel [id: 0x1d89c032, L:/127.0.0.1:62381 - R:localhost/127.0.0.1:59841] for POST '/session/90b176e448e9c40e0ae63004c01877a3/element/80f5e4f5-88f6-466b-8ee8-bbf3d006750c/click'
12:04:19.828 [AsyncHttpClient-1-2] DEBUG org.asynchttpclient.netty.handler.HttpHandler - 

Request DefaultHttpRequest(decodeResult: success, version: HTTP/1.1)
POST /session/90b176e448e9c40e0ae63004c01877a3/element/80f5e4f5-88f6-466b-8ee8-bbf3d006750c/click HTTP/1.1
User-Agent: selenium/4.1.2 (java windows)
Content-Length: 50
Content-Type: application/json; charset=utf-8
host: localhost:59841
accept: */*

Response DefaultHttpResponse(decodeResult: success, version: HTTP/1.1)
HTTP/1.1 200 OK
Content-Type: application/json; charset=utf-8
cache-control: no-cache
content-length: 14

12:04:19.829 [AsyncHttpClient-1-2] DEBUG org.asynchttpclient.netty.channel.ChannelManager - Adding key: http://localhost:59841 for channel [id: 0x1d89c032, L:/127.0.0.1:62381 - R:localhost/127.0.0.1:59841]
  &amp#27;[32mAnd &amp#27;[0m&amp#27;[32mI click my health facility&amp#27;[0m                                                       &amp#27;[90m# starter.stepdefinitions.sessionAvailSteps.iClickMyHealthFacility()&amp#27;[0m
12:04:19.855 [Forwarding screenshot on session 90b176e448e9c40e0ae63004c01877a3 to remote] DEBUG org.asynchttpclient.netty.request.NettyRequestSender - Using pooled Channel '[id: 0x1d89c032, L:/127.0.0.1:62381 - R:localhost/127.0.0.1:59841]' for 'GET' to 'http://localhost:59841/session/90b176e448e9c40e0ae63004c01877a3/screenshot'
12:04:19.855 [Forwarding screenshot on session 90b176e448e9c40e0ae63004c01877a3 to remote] DEBUG org.asynchttpclient.netty.request.NettyRequestSender - Using open Channel [id: 0x1d89c032, L:/127.0.0.1:62381 - R:localhost/127.0.0.1:59841] for GET '/session/90b176e448e9c40e0ae63004c01877a3/screenshot'
12:04:20.186 [AsyncHttpClient-1-2] DEBUG org.asynchttpclient.netty.handler.HttpHandler - 

Request DefaultFullHttpRequest(decodeResult: success, version: HTTP/1.1, content: EmptyByteBufBE)
GET /session/90b176e448e9c40e0ae63004c01877a3/screenshot HTTP/1.1
User-Agent: selenium/4.1.2 (java windows)
Cache-Control: no-cache
Content-Type: application/json; charset=utf-8
host: localhost:59841
accept: */*

Response DefaultHttpResponse(decodeResult: success, version: HTTP/1.1)
HTTP/1.1 200 OK
Content-Type: application/json; charset=utf-8
cache-control: no-cache
content-length: 30268

12:04:20.188 [AsyncHttpClient-1-2] DEBUG org.asynchttpclient.netty.channel.ChannelManager - Adding key: http://localhost:59841 for channel [id: 0x1d89c032, L:/127.0.0.1:62381 - R:localhost/127.0.0.1:59841]
12:04:20.197 [main] DEBUG net.serenitybdd.core.photography.Darkroom - Send negative for processing for target\site\serenity\cf423ff77d8b40815115420e5f817e17cd5453b7e263a41e3c2d0211940b8406.png
12:04:20.211 [Darkroom Processing Line] DEBUG net.serenitybdd.core.photography.DarkroomProcessingLine - Processing screenshot image in /var/screenshots/screenshot-12937348945561056790
12:04:20.212 [Darkroom Processing Line] DEBUG net.serenitybdd.core.photography.DarkroomProcessingLine - Saving screenshot to target\site\serenity\cf423ff77d8b40815115420e5f817e17cd5453b7e263a41e3c2d0211940b8406.png
12:04:20.233 [Forwarding findElement on session 90b176e448e9c40e0ae63004c01877a3 to remote] DEBUG org.asynchttpclient.netty.request.NettyRequestSender - Using pooled Channel '[id: 0x1d89c032, L:/127.0.0.1:62381 - R:localhost/127.0.0.1:59841]' for 'POST' to 'http://localhost:59841/session/90b176e448e9c40e0ae63004c01877a3/element'
12:04:20.233 [Forwarding findElement on session 90b176e448e9c40e0ae63004c01877a3 to remote] DEBUG org.asynchttpclient.netty.request.NettyRequestSender - Using open Channel [id: 0x1d89c032, L:/127.0.0.1:62381 - R:localhost/127.0.0.1:59841] for POST '/session/90b176e448e9c40e0ae63004c01877a3/element'
12:04:20.535 [AsyncHttpClient-1-2] DEBUG org.asynchttpclient.netty.handler.HttpHandler - 

Request DefaultHttpRequest(decodeResult: success, version: HTTP/1.1)
POST /session/90b176e448e9c40e0ae63004c01877a3/element HTTP/1.1
User-Agent: selenium/4.1.2 (java windows)
Content-Length: 80
Content-Type: application/json; charset=utf-8
host: localhost:59841
accept: */*

Response DefaultHttpResponse(decodeResult: success, version: HTTP/1.1)
HTTP/1.1 200 OK
Content-Type: application/json; charset=utf-8
cache-control: no-cache
content-length: 88

12:04:20.536 [AsyncHttpClient-1-2] DEBUG org.asynchttpclient.netty.channel.ChannelManager - Adding key: http://localhost:59841 for channel [id: 0x1d89c032, L:/127.0.0.1:62381 - R:localhost/127.0.0.1:59841]
12:04:20.552 [Forwarding getElementTagName on session 90b176e448e9c40e0ae63004c01877a3 to remote] DEBUG org.asynchttpclient.netty.request.NettyRequestSender - Using pooled Channel '[id: 0x1d89c032, L:/127.0.0.1:62381 - R:localhost/127.0.0.1:59841]' for 'GET' to 'http://localhost:59841/session/90b176e448e9c40e0ae63004c01877a3/element/616b1595-20a6-4456-a7c7-415bf17b9709/name'
12:04:20.552 [Forwarding getElementTagName on session 90b176e448e9c40e0ae63004c01877a3 to remote] DEBUG org.asynchttpclient.netty.request.NettyRequestSender - Using open Channel [id: 0x1d89c032, L:/127.0.0.1:62381 - R:localhost/127.0.0.1:59841] for GET '/session/90b176e448e9c40e0ae63004c01877a3/element/616b1595-20a6-4456-a7c7-415bf17b9709/name'
12:04:20.568 [AsyncHttpClient-1-2] DEBUG org.asynchttpclient.netty.handler.HttpHandler - 

Request DefaultFullHttpRequest(decodeResult: success, version: HTTP/1.1, content: EmptyByteBufBE)
GET /session/90b176e448e9c40e0ae63004c01877a3/element/616b1595-20a6-4456-a7c7-415bf17b9709/name HTTP/1.1
User-Agent: selenium/4.1.2 (java windows)
Cache-Control: no-cache
Content-Type: application/json; charset=utf-8
host: localhost:59841
accept: */*

Response DefaultHttpResponse(decodeResult: success, version: HTTP/1.1)
HTTP/1.1 200 OK
Content-Type: application/json; charset=utf-8
cache-control: no-cache
content-length: 15

12:04:20.569 [AsyncHttpClient-1-2] DEBUG org.asynchttpclient.netty.channel.ChannelManager - Adding key: http://localhost:59841 for channel [id: 0x1d89c032, L:/127.0.0.1:62381 - R:localhost/127.0.0.1:59841]
12:04:20.579 [Forwarding getElementTagName on session 90b176e448e9c40e0ae63004c01877a3 to remote] DEBUG org.asynchttpclient.netty.request.NettyRequestSender - Using pooled Channel '[id: 0x1d89c032, L:/127.0.0.1:62381 - R:localhost/127.0.0.1:59841]' for 'GET' to 'http://localhost:59841/session/90b176e448e9c40e0ae63004c01877a3/element/616b1595-20a6-4456-a7c7-415bf17b9709/name'
12:04:20.579 [Forwarding getElementTagName on session 90b176e448e9c40e0ae63004c01877a3 to remote] DEBUG org.asynchttpclient.netty.request.NettyRequestSender - Using open Channel [id: 0x1d89c032, L:/127.0.0.1:62381 - R:localhost/127.0.0.1:59841] for GET '/session/90b176e448e9c40e0ae63004c01877a3/element/616b1595-20a6-4456-a7c7-415bf17b9709/name'
12:04:20.590 [AsyncHttpClient-1-2] DEBUG org.asynchttpclient.netty.handler.HttpHandler - 

Request DefaultFullHttpRequest(decodeResult: success, version: HTTP/1.1, content: EmptyByteBufBE)
GET /session/90b176e448e9c40e0ae63004c01877a3/element/616b1595-20a6-4456-a7c7-415bf17b9709/name HTTP/1.1
User-Agent: selenium/4.1.2 (java windows)
Cache-Control: no-cache
Content-Type: application/json; charset=utf-8
host: localhost:59841
accept: */*

Response DefaultHttpResponse(decodeResult: success, version: HTTP/1.1)
HTTP/1.1 200 OK
Content-Type: application/json; charset=utf-8
cache-control: no-cache
content-length: 15

12:04:20.591 [AsyncHttpClient-1-2] DEBUG org.asynchttpclient.netty.channel.ChannelManager - Adding key: http://localhost:59841 for channel [id: 0x1d89c032, L:/127.0.0.1:62381 - R:localhost/127.0.0.1:59841]
12:04:20.608 [Forwarding findElement on session 90b176e448e9c40e0ae63004c01877a3 to remote] DEBUG org.asynchttpclient.netty.request.NettyRequestSender - Using pooled Channel '[id: 0x1d89c032, L:/127.0.0.1:62381 - R:localhost/127.0.0.1:59841]' for 'POST' to 'http://localhost:59841/session/90b176e448e9c40e0ae63004c01877a3/element'
12:04:20.608 [Forwarding findElement on session 90b176e448e9c40e0ae63004c01877a3 to remote] DEBUG org.asynchttpclient.netty.request.NettyRequestSender - Using open Channel [id: 0x1d89c032, L:/127.0.0.1:62381 - R:localhost/127.0.0.1:59841] for POST '/session/90b176e448e9c40e0ae63004c01877a3/element'
12:04:20.624 [AsyncHttpClient-1-2] DEBUG org.asynchttpclient.netty.handler.HttpHandler - 

Request DefaultHttpRequest(decodeResult: success, version: HTTP/1.1)
POST /session/90b176e448e9c40e0ae63004c01877a3/element HTTP/1.1
User-Agent: selenium/4.1.2 (java windows)
Content-Length: 80
Content-Type: application/json; charset=utf-8
host: localhost:59841
accept: */*

Response DefaultHttpResponse(decodeResult: success, version: HTTP/1.1)
HTTP/1.1 200 OK
Content-Type: application/json; charset=utf-8
cache-control: no-cache
content-length: 88

12:04:20.625 [AsyncHttpClient-1-2] DEBUG org.asynchttpclient.netty.channel.ChannelManager - Adding key: http://localhost:59841 for channel [id: 0x1d89c032, L:/127.0.0.1:62381 - R:localhost/127.0.0.1:59841]
12:04:20.630 [Forwarding clickElement on session 90b176e448e9c40e0ae63004c01877a3 to remote] DEBUG org.asynchttpclient.netty.request.NettyRequestSender - Using pooled Channel '[id: 0x1d89c032, L:/127.0.0.1:62381 - R:localhost/127.0.0.1:59841]' for 'POST' to 'http://localhost:59841/session/90b176e448e9c40e0ae63004c01877a3/element/616b1595-20a6-4456-a7c7-415bf17b9709/click'
12:04:20.630 [Forwarding clickElement on session 90b176e448e9c40e0ae63004c01877a3 to remote] DEBUG org.asynchttpclient.netty.request.NettyRequestSender - Using open Channel [id: 0x1d89c032, L:/127.0.0.1:62381 - R:localhost/127.0.0.1:59841] for POST '/session/90b176e448e9c40e0ae63004c01877a3/element/616b1595-20a6-4456-a7c7-415bf17b9709/click'
12:04:20.679 [AsyncHttpClient-1-1] DEBUG org.asynchttpclient.netty.channel.DefaultChannelPool - Entry count for : http://localhost:62382 : 1
12:04:20.929 [AsyncHttpClient-1-2] DEBUG org.asynchttpclient.netty.handler.HttpHandler - 

Request DefaultHttpRequest(decodeResult: success, version: HTTP/1.1)
POST /session/90b176e448e9c40e0ae63004c01877a3/element/616b1595-20a6-4456-a7c7-415bf17b9709/click HTTP/1.1
User-Agent: selenium/4.1.2 (java windows)
Content-Length: 50
Content-Type: application/json; charset=utf-8
host: localhost:59841
accept: */*

Response DefaultHttpResponse(decodeResult: success, version: HTTP/1.1)
HTTP/1.1 200 OK
Content-Type: application/json; charset=utf-8
cache-control: no-cache
content-length: 14

12:04:20.930 [AsyncHttpClient-1-2] DEBUG org.asynchttpclient.netty.channel.ChannelManager - Adding key: http://localhost:59841 for channel [id: 0x1d89c032, L:/127.0.0.1:62381 - R:localhost/127.0.0.1:59841]
  &amp#27;[32mAnd &amp#27;[0m&amp#27;[32mI click edit status button&amp#27;[0m                                                       &amp#27;[90m# starter.stepdefinitions.vaccinationBookingSteps.iClickEditStatusButton()&amp#27;[0m
12:04:20.974 [Forwarding screenshot on session 90b176e448e9c40e0ae63004c01877a3 to remote] DEBUG org.asynchttpclient.netty.request.NettyRequestSender - Using pooled Channel '[id: 0x1d89c032, L:/127.0.0.1:62381 - R:localhost/127.0.0.1:59841]' for 'GET' to 'http://localhost:59841/session/90b176e448e9c40e0ae63004c01877a3/screenshot'
12:04:20.974 [Forwarding screenshot on session 90b176e448e9c40e0ae63004c01877a3 to remote] DEBUG org.asynchttpclient.netty.request.NettyRequestSender - Using open Channel [id: 0x1d89c032, L:/127.0.0.1:62381 - R:localhost/127.0.0.1:59841] for GET '/session/90b176e448e9c40e0ae63004c01877a3/screenshot'
12:04:21.456 [AsyncHttpClient-1-2] DEBUG org.asynchttpclient.netty.handler.HttpHandler - 

Request DefaultFullHttpRequest(decodeResult: success, version: HTTP/1.1, content: EmptyByteBufBE)
GET /session/90b176e448e9c40e0ae63004c01877a3/screenshot HTTP/1.1
User-Agent: selenium/4.1.2 (java windows)
Cache-Control: no-cache
Content-Type: application/json; charset=utf-8
host: localhost:59841
accept: */*

Response DefaultHttpResponse(decodeResult: success, version: HTTP/1.1)
HTTP/1.1 200 OK
Content-Type: application/json; charset=utf-8
cache-control: no-cache
content-length: 60504

12:04:21.457 [AsyncHttpClient-1-2] DEBUG org.asynchttpclient.netty.channel.ChannelManager - Adding key: http://localhost:59841 for channel [id: 0x1d89c032, L:/127.0.0.1:62381 - R:localhost/127.0.0.1:59841]
12:04:21.472 [main] DEBUG net.serenitybdd.core.photography.Darkroom - Send negative for processing for target\site\serenity\9f626027bbbeff8cd005c302e56f86057c9aa7d1c2e3b63904a9434f64732669.png
12:04:21.489 [Darkroom Processing Line] DEBUG net.serenitybdd.core.photography.DarkroomProcessingLine - Processing screenshot image in /var/screenshots/screenshot-3286784842463260923
12:04:21.489 [Darkroom Processing Line] DEBUG net.serenitybdd.core.photography.DarkroomProcessingLine - Saving screenshot to target\site\serenity\9f626027bbbeff8cd005c302e56f86057c9aa7d1c2e3b63904a9434f64732669.png
12:04:21.725 [AsyncHttpClient-1-1] DEBUG org.asynchttpclient.netty.channel.DefaultChannelPool - Entry count for : http://localhost:62382 : 1
12:04:21.725 [AsyncHttpClient-1-1] DEBUG org.asynchttpclient.netty.channel.DefaultChannelPool - Entry count for : http://localhost:59841 : 1
12:04:22.726 [Forwarding findElement on session 90b176e448e9c40e0ae63004c01877a3 to remote] DEBUG org.asynchttpclient.netty.request.NettyRequestSender - Using pooled Channel '[id: 0x1d89c032, L:/127.0.0.1:62381 - R:localhost/127.0.0.1:59841]' for 'POST' to 'http://localhost:59841/session/90b176e448e9c40e0ae63004c01877a3/element'
12:04:22.726 [Forwarding findElement on session 90b176e448e9c40e0ae63004c01877a3 to remote] DEBUG org.asynchttpclient.netty.request.NettyRequestSender - Using open Channel [id: 0x1d89c032, L:/127.0.0.1:62381 - R:localhost/127.0.0.1:59841] for POST '/session/90b176e448e9c40e0ae63004c01877a3/element'
12:04:22.834 [AsyncHttpClient-1-1] DEBUG org.asynchttpclient.netty.channel.DefaultChannelPool - Entry count for : http://localhost:62382 : 1
12:04:23.924 [AsyncHttpClient-1-1] DEBUG org.asynchttpclient.netty.channel.DefaultChannelPool - Entry count for : http://localhost:62382 : 1
12:04:24.772 [AsyncHttpClient-1-2] DEBUG org.asynchttpclient.netty.handler.HttpHandler - 

Request DefaultHttpRequest(decodeResult: success, version: HTTP/1.1)
POST /session/90b176e448e9c40e0ae63004c01877a3/element HTTP/1.1
User-Agent: selenium/4.1.2 (java windows)
Content-Length: 156
Content-Type: application/json; charset=utf-8
host: localhost:59841
accept: */*

Response DefaultHttpResponse(decodeResult: success, version: HTTP/1.1)
HTTP/1.1 404 Not Found
Content-Type: application/json; charset=utf-8
cache-control: no-cache
content-length: 1116

12:04:24.772 [AsyncHttpClient-1-2] DEBUG org.asynchttpclient.netty.channel.ChannelManager - Adding key: http://localhost:59841 for channel [id: 0x1d89c032, L:/127.0.0.1:62381 - R:localhost/127.0.0.1:59841]
  &amp#27;[31mAnd &amp#27;[0m&amp#27;[31mI click choose vaccination status &amp#27;[0m&amp#27;[31m&amp#27;[1m"vaccinated"&amp#27;[0m                                   &amp#27;[90m# starter.stepdefinitions.vaccinationBookingSteps.iClickChooseVaccinationStatus(java.lang.String)&amp#27;[0m
      &amp#27;[31morg.openqa.selenium.NoSuchElementException: no such element: Unable to locate element: {"method":"xpath","selector":"//*[@class= 'p-[4px] mx-1 bg-green-200  font-bold text-xs rounded-xl text-white inline-block cursor-pointer']"}
  (Session info: chrome=103.0.5060.114)
For documentation on this error, please visit: https://selenium.dev/exceptions/#no_such_element
Build info: version: '4.1.2', revision: '9a5a329c5a'
System info: host: 'INGGRIT', ip: '192.168.137.1', os.name: 'Windows 10', os.arch: 'amd64', os.version: '10.0', java.version: '15.0.2'
Driver info: org.openqa.selenium.chrome.ChromeDriver
Command: [90b176e448e9c40e0ae63004c01877a3, findElement {using=xpath, value=//*[@class= 'p-[4px] mx-1 bg-green-200  font-bold text-xs rounded-xl text-white inline-block cursor-pointer']}]
Capabilities {acceptInsecureCerts: false, browserName: chrome, browserVersion: 103.0.5060.114, chrome: {chromedriverVersion: 102.0.5005.61 (0e59bcc00cc4..., userDataDir: C:\Users\ponda\AppData\Loca...}, goog:chromeOptions: {debuggerAddress: localhost:62382}, javascriptEnabled: true, networkConnectionEnabled: false, pageLoadStrategy: normal, platform: WINDOWS, platformName: WINDOWS, proxy: Proxy(), se:cdp: ws://localhost:62382/devtoo..., se:cdpVersion: 103.0.5060.114, setWindowRect: true, strictFileInteractability: false, timeouts: {implicit: 0, pageLoad: 300000, script: 30000}, unhandledPromptBehavior: dismiss and notify, webauthn:extension:credBlob: true, webauthn:extension:largeBlob: true, webauthn:virtualAuthenticators: true}
Session ID: 90b176e448e9c40e0ae63004c01877a3
	at java.base/jdk.internal.reflect.NativeConstructorAccessorImpl.newInstance0(Native Method)
	at java.base/jdk.internal.reflect.NativeConstructorAccessorImpl.newInstance(NativeConstructorAccessorImpl.java:64)
	at java.base/jdk.internal.reflect.DelegatingConstructorAccessorImpl.newInstance(DelegatingConstructorAccessorImpl.java:45)
	at java.base/java.lang.reflect.Constructor.newInstanceWithCaller(Constructor.java:500)
	at java.base/java.lang.reflect.Constructor.newInstance(Constructor.java:481)
	at org.openqa.selenium.remote.codec.w3c.W3CHttpResponseCodec.createException(W3CHttpResponseCodec.java:200)
	at org.openqa.selenium.remote.codec.w3c.W3CHttpResponseCodec.decode(W3CHttpResponseCodec.java:133)
	at org.openqa.selenium.remote.codec.w3c.W3CHttpResponseCodec.decode(W3CHttpResponseCodec.java:53)
	at org.openqa.selenium.remote.HttpCommandExecutor.execute(HttpCommandExecutor.java:184)
	at org.openqa.selenium.remote.service.DriverCommandExecutor.invokeExecute(DriverCommandExecutor.java:167)
	at org.openqa.selenium.remote.service.DriverCommandExecutor.execute(DriverCommandExecutor.java:142)
	at org.openqa.selenium.remote.RemoteWebDriver.execute(RemoteWebDriver.java:558)
	at org.openqa.selenium.remote.ElementLocation$ElementFinder$2.findElement(ElementLocation.java:162)
	at org.openqa.selenium.remote.ElementLocation.findElement(ElementLocation.java:60)
	at org.openqa.selenium.remote.RemoteWebDriver.findElement(RemoteWebDriver.java:382)
	at org.openqa.selenium.remote.RemoteWebDriver.findElement(RemoteWebDriver.java:374)
	at net.thucydides.core.webdriver.WebDriverFacade.findElement(WebDriverFacade.java:224)
	at net.serenitybdd.core.pages.WebElementResolverByLocator.resolveForDriver(WebElementResolverByLocator.java:25)
	at net.serenitybdd.core.pages.WebElementFacadeImpl.getResolvedElement(WebElementFacadeImpl.java:191)
	at net.serenitybdd.core.pages.WebElementFacadeImpl.getElement(WebElementFacadeImpl.java:186)
	at net.serenitybdd.core.pages.SerenityActions.wrappedElementIn(SerenityActions.java:14)
	at net.serenitybdd.core.pages.SerenityActions.moveToElement(SerenityActions.java:57)
	at Web.Automation@1.0-SNAPSHOT/starter.pages.admin.vaccination_booking.scrollTo(vaccination_booking.java:39)
	at Web.Automation@1.0-SNAPSHOT/starter.stepdefinitions.vaccinationBookingSteps.iClickChooseVaccinationStatus(vaccinationBookingSteps.java:23)
	at âœ½.I click choose vaccination status "vaccinated"(file:///C:/Users/ponda/Downloads/Video/Web_Automation/src/test/resources/features/vaccination_bookings.feature:10)
&amp#27;[0m
12:04:24.914 [Forwarding screenshot on session 90b176e448e9c40e0ae63004c01877a3 to remote] DEBUG org.asynchttpclient.netty.request.NettyRequestSender - Using pooled Channel '[id: 0x1d89c032, L:/127.0.0.1:62381 - R:localhost/127.0.0.1:59841]' for 'GET' to 'http://localhost:59841/session/90b176e448e9c40e0ae63004c01877a3/screenshot'
12:04:24.915 [Forwarding screenshot on session 90b176e448e9c40e0ae63004c01877a3 to remote] DEBUG org.asynchttpclient.netty.request.NettyRequestSender - Using open Channel [id: 0x1d89c032, L:/127.0.0.1:62381 - R:localhost/127.0.0.1:59841] for GET '/session/90b176e448e9c40e0ae63004c01877a3/screenshot'
12:04:25.106 [AsyncHttpClient-1-1] DEBUG org.asynchttpclient.netty.channel.DefaultChannelPool - Entry count for : http://localhost:62382 : 1
12:04:25.187 [AsyncHttpClient-1-2] DEBUG org.asynchttpclient.netty.handler.HttpHandler - 

Request DefaultFullHttpRequest(decodeResult: success, version: HTTP/1.1, content: EmptyByteBufBE)
GET /session/90b176e448e9c40e0ae63004c01877a3/screenshot HTTP/1.1
User-Agent: selenium/4.1.2 (java windows)
Cache-Control: no-cache
Content-Type: application/json; charset=utf-8
host: localhost:59841
accept: */*

Response DefaultHttpResponse(decodeResult: success, version: HTTP/1.1)
HTTP/1.1 200 OK
Content-Type: application/json; charset=utf-8
cache-control: no-cache
content-length: 87384

12:04:25.189 [AsyncHttpClient-1-2] DEBUG org.asynchttpclient.netty.channel.ChannelManager - Adding key: http://localhost:59841 for channel [id: 0x1d89c032, L:/127.0.0.1:62381 - R:localhost/127.0.0.1:59841]
12:04:25.196 [main] DEBUG net.serenitybdd.core.photography.Darkroom - Send negative for processing for target\site\serenity\665b50965319f8d02e8455eeb1452a1b29abac9d0c16d9b13e733ae69439a275.png
12:04:25.202 [Forwarding getPageSource on session 90b176e448e9c40e0ae63004c01877a3 to remote] DEBUG org.asynchttpclient.netty.request.NettyRequestSender - Using pooled Channel '[id: 0x1d89c032, L:/127.0.0.1:62381 - R:localhost/127.0.0.1:59841]' for 'POST' to 'http://localhost:59841/session/90b176e448e9c40e0ae63004c01877a3/execute/sync'
12:04:25.202 [Forwarding getPageSource on session 90b176e448e9c40e0ae63004c01877a3 to remote] DEBUG org.asynchttpclient.netty.request.NettyRequestSender - Using open Channel [id: 0x1d89c032, L:/127.0.0.1:62381 - R:localhost/127.0.0.1:59841] for POST '/session/90b176e448e9c40e0ae63004c01877a3/execute/sync'
12:04:25.196 [Darkroom Processing Line] DEBUG net.serenitybdd.core.photography.DarkroomProcessingLine - Processing screenshot image in /var/screenshots/screenshot-7523432663602026433
12:04:25.204 [Darkroom Processing Line] DEBUG net.serenitybdd.core.photography.DarkroomProcessingLine - Saving screenshot to target\site\serenity\665b50965319f8d02e8455eeb1452a1b29abac9d0c16d9b13e733ae69439a275.png
12:04:25.286 [AsyncHttpClient-1-2] DEBUG org.asynchttpclient.netty.handler.HttpHandler - 

Request DefaultHttpRequest(decodeResult: success, version: HTTP/1.1)
POST /session/90b176e448e9c40e0ae63004c01877a3/execute/sync HTTP/1.1
User-Agent: selenium/4.1.2 (java windows)
Content-Length: 176
Content-Type: application/json; charset=utf-8
host: localhost:59841
accept: */*

Response DefaultHttpResponse(decodeResult: success, version: HTTP/1.1)
HTTP/1.1 200 OK
Content-Type: application/json; charset=utf-8
cache-control: no-cache
content-length: 47878

12:04:25.287 [AsyncHttpClient-1-2] DEBUG org.asynchttpclient.netty.channel.ChannelManager - Adding key: http://localhost:59841 for channel [id: 0x1d89c032, L:/127.0.0.1:62381 - R:localhost/127.0.0.1:59841]
12:04:25.718 [Forwarding getCurrentUrl on session 90b176e448e9c40e0ae63004c01877a3 to remote] DEBUG org.asynchttpclient.netty.request.NettyRequestSender - Using pooled Channel '[id: 0x1d89c032, L:/127.0.0.1:62381 - R:localhost/127.0.0.1:59841]' for 'GET' to 'http://localhost:59841/session/90b176e448e9c40e0ae63004c01877a3/url'
12:04:25.719 [Forwarding getCurrentUrl on session 90b176e448e9c40e0ae63004c01877a3 to remote] DEBUG org.asynchttpclient.netty.request.NettyRequestSender - Using open Channel [id: 0x1d89c032, L:/127.0.0.1:62381 - R:localhost/127.0.0.1:59841] for GET '/session/90b176e448e9c40e0ae63004c01877a3/url'
12:04:25.733 [AsyncHttpClient-1-2] DEBUG org.asynchttpclient.netty.handler.HttpHandler - 

Request DefaultFullHttpRequest(decodeResult: success, version: HTTP/1.1, content: EmptyByteBufBE)
GET /session/90b176e448e9c40e0ae63004c01877a3/url HTTP/1.1
User-Agent: selenium/4.1.2 (java windows)
Cache-Control: no-cache
Content-Type: application/json; charset=utf-8
host: localhost:59841
accept: */*

Response DefaultHttpResponse(decodeResult: success, version: HTTP/1.1)
HTTP/1.1 200 OK
Content-Type: application/json; charset=utf-8
cache-control: no-cache
content-length: 87

12:04:25.734 [AsyncHttpClient-1-2] DEBUG org.asynchttpclient.netty.channel.ChannelManager - Adding key: http://localhost:59841 for channel [id: 0x1d89c032, L:/127.0.0.1:62381 - R:localhost/127.0.0.1:59841]
  &amp#27;[36mAnd &amp#27;[0m&amp#27;[36mI click update button&amp#27;[0m                                                            &amp#27;[90m# starter.stepdefinitions.vaccinationBookingSteps.iClickUpdateButton()&amp#27;[0m
  &amp#27;[36mAnd &amp#27;[0m&amp#27;[36mI success update vaccination status &amp#27;[0m&amp#27;[36m&amp#27;[1m"vaccinated"&amp#27;[0m                                 &amp#27;[90m# starter.stepdefinitions.vaccinationBookingSteps.iSuccessUpdateVaccinationStatus(java.lang.String)&amp#27;[0m
12:04:26.148 [AsyncHttpClient-1-1] DEBUG org.asynchttpclient.netty.channel.DefaultChannelPool - Entry count for : http://localhost:62382 : 1
12:04:26.148 [AsyncHttpClient-1-1] DEBUG org.asynchttpclient.netty.channel.DefaultChannelPool - Entry count for : http://localhost:59841 : 1
12:04:26.265 [AsyncHttpClient-1-4] DEBUG org.asynchttpclient.netty.handler.WebSocketHandler - Channel Closed: [id: 0xcaaae31c, L:/127.0.0.1:62391 ! R:localhost/127.0.0.1:62382] with attribute NettyResponseFuture{currentRetry=5,
	isDone=1,
	isCancelled=0,
	asyncHandler=org.asynchttpclient.ws.WebSocketUpgradeHandler@2774a9,
	nettyRequest=org.asynchttpclient.netty.request.NettyRequest@3c58314a,
	future=java.util.concurrent.CompletableFuture@70b5a908[Completed normally],
	uri=ws://localhost:62382/devtools/browser/fb53e301-8afe-4a1e-a828-ea57592b6d2a,
	keepAlive=true,
	redirectCount=0,
	timeoutsHolder=null,
	inAuth=0,
	touch=1658207043510}
12:04:26.266 [AsyncHttpClient-1-4] DEBUG org.asynchttpclient.netty.channel.ChannelManager - Closing Channel [id: 0xcaaae31c, L:/127.0.0.1:62391 ! R:localhost/127.0.0.1:62382] 
12:04:26.270 [Driver Command Executor] DEBUG org.asynchttpclient.netty.request.NettyRequestSender - Using pooled Channel '[id: 0x1d89c032, L:/127.0.0.1:62381 - R:localhost/127.0.0.1:59841]' for 'DELETE' to 'http://localhost:59841/session/90b176e448e9c40e0ae63004c01877a3'
12:04:26.271 [Driver Command Executor] DEBUG org.asynchttpclient.netty.request.NettyRequestSender - Using open Channel [id: 0x1d89c032, L:/127.0.0.1:62381 - R:localhost/127.0.0.1:59841] for DELETE '/session/90b176e448e9c40e0ae63004c01877a3'
12:04:27.062 [AsyncHttpClient-1-3] DEBUG org.asynchttpclient.netty.handler.HttpHandler - Unexpected I/O exception on channel [id: 0x306f3d7c, L:/127.0.0.1:62389 - R:localhost/127.0.0.1:62382]
java.net.SocketException: Connection reset
	at java.base/sun.nio.ch.SocketChannelImpl.throwConnectionReset(SocketChannelImpl.java:367)
	at java.base/sun.nio.ch.SocketChannelImpl.read(SocketChannelImpl.java:398)
	at io.netty.buffer.PooledByteBuf.setBytes(PooledByteBuf.java:258)
	at io.netty.buffer.AbstractByteBuf.writeBytes(AbstractByteBuf.java:1132)
	at io.netty.channel.socket.nio.NioSocketChannel.doReadBytes(NioSocketChannel.java:350)
	at io.netty.channel.nio.AbstractNioByteChannel$NioByteUnsafe.read(AbstractNioByteChannel.java:151)
	at io.netty.channel.nio.NioEventLoop.processSelectedKey(NioEventLoop.java:722)
	at io.netty.channel.nio.NioEventLoop.processSelectedKeysOptimized(NioEventLoop.java:658)
	at io.netty.channel.nio.NioEventLoop.processSelectedKeys(NioEventLoop.java:584)
	at io.netty.channel.nio.NioEventLoop.run(NioEventLoop.java:496)
	at io.netty.util.concurrent.SingleThreadEventExecutor$4.run(SingleThreadEventExecutor.java:986)
	at io.netty.util.internal.ThreadExecutorMap$2.run(ThreadExecutorMap.java:74)
	at io.netty.util.concurrent.FastThreadLocalRunnable.run(FastThreadLocalRunnable.java:30)
	at java.base/java.lang.Thread.run(Thread.java:832)
12:04:27.063 [AsyncHttpClient-1-3] DEBUG org.asynchttpclient.netty.channel.ChannelManager - Closing Channel [id: 0x306f3d7c, L:/127.0.0.1:62389 - R:localhost/127.0.0.1:62382] 
12:04:27.067 [AsyncHttpClient-1-3] DEBUG org.asynchttpclient.netty.handler.HttpHandler - Channel Closed: [id: 0x306f3d7c, L:/127.0.0.1:62389 ! R:localhost/127.0.0.1:62382] with attribute DISCARD
12:04:27.226 [AsyncHttpClient-1-1] DEBUG org.asynchttpclient.netty.channel.DefaultChannelPool - Entry count for : http://localhost:62382 : 1
12:04:27.226 [AsyncHttpClient-1-1] DEBUG org.asynchttpclient.netty.channel.DefaultChannelPool - Adding Candidate expired Channel [id: 0x306f3d7c, L:/127.0.0.1:62389 ! R:localhost/127.0.0.1:62382] isIdleTimeoutExpired=false isRemotelyClosed=true isTtlExpired=false
12:04:27.226 [AsyncHttpClient-1-1] DEBUG org.asynchttpclient.netty.channel.DefaultChannelPool - Closing Idle Channel [id: 0x306f3d7c, L:/127.0.0.1:62389 ! R:localhost/127.0.0.1:62382]
12:04:27.227 [AsyncHttpClient-1-1] DEBUG org.asynchttpclient.netty.channel.DefaultChannelPool - Closed 1 connections out of 1 in 1 ms
12:04:27.257 [AsyncHttpClient-1-2] DEBUG org.asynchttpclient.netty.handler.HttpHandler - 

Request DefaultFullHttpRequest(decodeResult: success, version: HTTP/1.1, content: EmptyByteBufBE)
DELETE /session/90b176e448e9c40e0ae63004c01877a3 HTTP/1.1
User-Agent: selenium/4.1.2 (java windows)
Content-Type: application/json; charset=utf-8
host: localhost:59841
accept: */*

Response DefaultHttpResponse(decodeResult: success, version: HTTP/1.1)
HTTP/1.1 200 OK
Content-Type: application/json; charset=utf-8
cache-control: no-cache
content-length: 14

12:04:27.258 [AsyncHttpClient-1-2] DEBUG org.asynchttpclient.netty.channel.ChannelManager - Adding key: http://localhost:59841 for channel [id: 0x1d89c032, L:/127.0.0.1:62381 - R:localhost/127.0.0.1:59841]
12:04:27.688 [AsyncHttpClient-1-2] DEBUG org.asynchttpclient.netty.handler.HttpHandler - Channel Closed: [id: 0x1d89c032, L:/127.0.0.1:62381 ! R:localhost/127.0.0.1:59841] with attribute DISCARD
12:04:28.219 [main] ERROR  - 
  _____   ___   ___   _____     ___   ___   ___    ___    ___ 
 |_   _| | __| / __| |_   _|   | __| | _ \ | _ \  / _ \  | _ \
   | |   | _|  \__ \   | |     | _|  |   / |   / | (_) | |   /
   |_|   |___| |___/   |_|     |___| |_|_\ |_|_\  \___/  |_|_\

Update vaccination booking's status
---------------------------------------------------------------
12:04:28.227 [main] DEBUG  - RELATED ISSUES: 
12:04:28.232 [main] ERROR  -     Test failed at step: And I click choose vaccination status "vaccinated"
12:04:28.233 [main] ERROR  -     no such element: Unable to locate element: {"method":"xpath","selector":"//*[@class= 'p-[4px] mx-1 bg-green-200  font-bold text-xs rounded-xl text-white inline-block cursor-pointer']"}
]]></system-out>
    <system-err><![CDATA[Starting ChromeDriver 102.0.5005.61 (0e59bcc00cc4985ce39ad31c150065f159d95ad3-refs/branch-heads/5005@{#819}) on port 59841
Only local connections are allowed.
Please see https://chromedriver.chromium.org/security-considerations for suggestions on keeping ChromeDriver safe.
ChromeDriver was started successfully.
[1658207042.372][WARNING]: This version of ChromeDriver has not been tested with Chrome version 103.
Jul 19, 2022 12:04:03 PM org.openqa.selenium.remote.ProtocolHandshake createSession
INFO: Detected dialect: W3C
Jul 19, 2022 12:04:03 PM org.openqa.selenium.devtools.CdpVersionFinder findNearestMatch
WARNING: Unable to find an exact match for CDP version 103, so returning the closest version found: a no-op implementation
Jul 19, 2022 12:04:03 PM org.openqa.selenium.devtools.CdpVersionFinder findNearestMatch
INFO: Unable to find CDP implementation matching 103.
Jul 19, 2022 12:04:03 PM org.openqa.selenium.chromium.ChromiumDriver lambda$new$3
WARNING: Unable to find version of CDP to use for . You may need to include a dependency on a specific version of the CDP using something similar to `org.seleniumhq.selenium:selenium-devtools-v86:4.1.2` where the version ("v86") matches the version of the chromium-based browser you're using and the version number of the artifact is the same as Selenium's.
]]></system-err>
  </testcase>
  <testcase name="Update vaccination booking&apos;s status #2" classname="Vaccination Bookings" time="23.851">
    <error type="org.openqa.selenium.NoSuchElementException"><![CDATA[org.openqa.selenium.NoSuchElementException: 
no such element: Unable to locate element: {"method":"xpath","selector":"//*[@class= 'p-[4px] mx-1 bg-green-200  font-bold text-xs rounded-xl text-white inline-block cursor-pointer']"}
  (Session info: chrome=103.0.5060.114)
For documentation on this error, please visit: https://selenium.dev/exceptions/#no_such_element
Build info: version: '4.1.2', revision: '9a5a329c5a'
System info: host: 'INGGRIT', ip: '192.168.137.1', os.name: 'Windows 10', os.arch: 'amd64', os.version: '10.0', java.version: '15.0.2'
Driver info: org.openqa.selenium.chrome.ChromeDriver
Command: [084f90fcdba188c630b053b5ff69274e, findElement {using=xpath, value=//*[@class= 'p-[4px] mx-1 bg-green-200  font-bold text-xs rounded-xl text-white inline-block cursor-pointer']}]
Capabilities {acceptInsecureCerts: false, browserName: chrome, browserVersion: 103.0.5060.114, chrome: {chromedriverVersion: 102.0.5005.61 (0e59bcc00cc4..., userDataDir: C:\Users\ponda\AppData\Loca...}, goog:chromeOptions: {debuggerAddress: localhost:62414}, javascriptEnabled: true, networkConnectionEnabled: false, pageLoadStrategy: normal, platform: WINDOWS, platformName: WINDOWS, proxy: Proxy(), se:cdp: ws://localhost:62414/devtoo..., se:cdpVersion: 103.0.5060.114, setWindowRect: true, strictFileInteractability: false, timeouts: {implicit: 0, pageLoad: 300000, script: 30000}, unhandledPromptBehavior: dismiss and notify, webauthn:extension:credBlob: true, webauthn:extension:largeBlob: true, webauthn:virtualAuthenticators: true}
Session ID: 084f90fcdba188c630b053b5ff69274e
]]></error>
    <system-out><![CDATA[12:04:28.334 [AsyncHttpClient-1-1] DEBUG org.asynchttpclient.netty.channel.DefaultChannelPool - Entry count for : http://localhost:59841 : 1
12:04:28.334 [AsyncHttpClient-1-1] DEBUG org.asynchttpclient.netty.channel.DefaultChannelPool - Adding Candidate expired Channel [id: 0x1d89c032, L:/127.0.0.1:62381 ! R:localhost/127.0.0.1:59841] isIdleTimeoutExpired=false isRemotelyClosed=true isTtlExpired=false
12:04:28.334 [AsyncHttpClient-1-1] DEBUG org.asynchttpclient.netty.channel.DefaultChannelPool - Closing Idle Channel [id: 0x1d89c032, L:/127.0.0.1:62381 ! R:localhost/127.0.0.1:59841]
12:04:28.334 [AsyncHttpClient-1-1] DEBUG org.asynchttpclient.netty.channel.DefaultChannelPool - Closed 1 connections out of 1 in 0 ms

Scenario Outline: Update vaccination booking's status                                  &amp#27;[90m# src/test/resources/features/vaccination_bookings.feature:17&amp#27;[0m
12:04:28.357 [main] INFO io.cucumber.core.plugin.SerenityReporter - Running feature from file:///C:/Users/ponda/Downloads/Video/Web_Automation/src/test/resources/features/vaccination_bookings.feature
12:04:28.395 [main] INFO net.serenitybdd.core.webdriver.driverproviders.ChromeDriverProvider - Using automatically driver download
12:04:28.720 [main] DEBUG io.github.bonigarcia.wdm.cache.ResolutionCache - Resolution chrome=103 in cache (valid until 12:57:45 19/07/2022 WIB)
12:04:28.737 [main] DEBUG io.github.bonigarcia.wdm.cache.ResolutionCache - Resolution chrome103=103.0.5060.53 in cache (valid until 09:25:39 20/07/2022 WIB)
12:04:28.744 [main] INFO io.github.bonigarcia.wdm.WebDriverManager - Using chromedriver 103.0.5060.53 (resolved driver for Chrome 103)
12:04:28.794 [main] DEBUG io.github.bonigarcia.wdm.WebDriverManager - Driver chromedriver 103.0.5060.53 found in cache
12:04:28.796 [main] INFO io.github.bonigarcia.wdm.WebDriverManager - Exporting webdriver.chrome.driver as C:\Users\ponda\.cache\selenium\chromedriver\win32\103.0.5060.53\chromedriver.exe
12:04:29.026 [main] DEBUG net.serenitybdd.core.webdriver.driverproviders.ProvideNewDriver - Instantiating driver
12:04:29.026 [main] DEBUG net.serenitybdd.core.webdriver.driverproviders.ProvideNewDriver - Driver capabilities: Capabilities {acceptInsecureCerts: false, base.url: https://evizy-app.netlify.app, browserName: chrome, chrome.driver: src/test/resources/webdrive..., driver: chrome, goog:chromeOptions: {args: [], extensions: []}}
12:04:29.608 [AsyncHttpClient-1-5] DEBUG org.asynchttpclient.netty.channel.NettyConnectListener - Using new Channel '[id: 0xd121e5de, L:/127.0.0.1:62413 - R:localhost/127.0.0.1:53990]' for 'POST' to '/session'
12:04:32.194 [AsyncHttpClient-1-5] DEBUG org.asynchttpclient.netty.handler.HttpHandler - 

Request DefaultHttpRequest(decodeResult: success, version: HTTP/1.1)
POST /session HTTP/1.1
User-Agent: selenium/4.1.2 (java windows)
Content-Length: 610
Content-Type: application/json; charset=utf-8
host: localhost:53990
accept: */*

Response DefaultHttpResponse(decodeResult: success, version: HTTP/1.1)
HTTP/1.1 200 OK
Content-Type: application/json; charset=utf-8
cache-control: no-cache
content-length: 790

12:04:32.195 [AsyncHttpClient-1-5] DEBUG org.asynchttpclient.netty.channel.ChannelManager - Adding key: http://localhost:53990 for channel [id: 0xd121e5de, L:/127.0.0.1:62413 - R:localhost/127.0.0.1:53990]
12:04:32.244 [AsyncHttpClient-1-2] DEBUG org.asynchttpclient.netty.channel.NettyConnectListener - Using new Channel '[id: 0x6e4f325f, L:/127.0.0.1:62421 - R:localhost/127.0.0.1:62414]' for 'GET' to '/json/version'
12:04:32.248 [AsyncHttpClient-1-2] DEBUG org.asynchttpclient.netty.handler.HttpHandler - 

Request DefaultFullHttpRequest(decodeResult: success, version: HTTP/1.1, content: EmptyByteBufBE)
GET /json/version HTTP/1.1
User-Agent: selenium/4.1.2 (java windows)
host: localhost:62414
accept: */*

Response DefaultHttpResponse(decodeResult: success, version: HTTP/1.1)
HTTP/1.1 200 OK
Content-Type: application/json; charset=UTF-8
content-length: 429

12:04:32.261 [AsyncHttpClient-1-2] DEBUG org.asynchttpclient.netty.channel.ChannelManager - Adding key: http://localhost:62414 for channel [id: 0x6e4f325f, L:/127.0.0.1:62421 - R:localhost/127.0.0.1:62414]
12:04:32.269 [AsyncHttpClient-1-3] DEBUG org.asynchttpclient.netty.channel.NettyConnectListener - Using new Channel '[id: 0x80838cdc, L:/127.0.0.1:62422 - R:localhost/127.0.0.1:62414]' for 'GET' to '/devtools/browser/be9fc19d-363e-4f93-80f3-7ff9082312b7'
12:04:32.271 [AsyncHttpClient-1-3] DEBUG org.asynchttpclient.netty.handler.WebSocketHandler - 

Request DefaultFullHttpRequest(decodeResult: success, version: HTTP/1.1, content: EmptyByteBufBE)
GET /devtools/browser/be9fc19d-363e-4f93-80f3-7ff9082312b7 HTTP/1.1
upgrade: websocket
connection: upgrade
sec-websocket-key: l1VDNFB4PWkg4hQy9wF68A==
sec-websocket-version: 13
origin: http://localhost:62414
host: localhost:62414
accept: */*
user-agent: AHC/2.1

Response DefaultHttpResponse(decodeResult: success, version: HTTP/1.1)
HTTP/1.1 101 WebSocket Protocol Handshake
Upgrade: WebSocket
Connection: Upgrade
Sec-WebSocket-Accept: cGxWkmCbxpOuuWJCv5efYf4HA5Y=

12:04:32.331 [Forwarding maximizeCurrentWindow on session 084f90fcdba188c630b053b5ff69274e to remote] DEBUG org.asynchttpclient.netty.request.NettyRequestSender - Using pooled Channel '[id: 0xd121e5de, L:/127.0.0.1:62413 - R:localhost/127.0.0.1:53990]' for 'POST' to 'http://localhost:53990/session/084f90fcdba188c630b053b5ff69274e/window/maximize'
12:04:32.331 [Forwarding maximizeCurrentWindow on session 084f90fcdba188c630b053b5ff69274e to remote] DEBUG org.asynchttpclient.netty.request.NettyRequestSender - Using open Channel [id: 0xd121e5de, L:/127.0.0.1:62413 - R:localhost/127.0.0.1:53990] for POST '/session/084f90fcdba188c630b053b5ff69274e/window/maximize'
12:04:32.841 [AsyncHttpClient-1-1] DEBUG org.asynchttpclient.netty.channel.DefaultChannelPool - Entry count for : http://localhost:62414 : 1
12:04:32.951 [AsyncHttpClient-1-5] DEBUG org.asynchttpclient.netty.handler.HttpHandler - 

Request DefaultHttpRequest(decodeResult: success, version: HTTP/1.1)
POST /session/084f90fcdba188c630b053b5ff69274e/window/maximize HTTP/1.1
User-Agent: selenium/4.1.2 (java windows)
Content-Length: 3
Content-Type: application/json; charset=utf-8
host: localhost:53990
accept: */*

Response DefaultHttpResponse(decodeResult: success, version: HTTP/1.1)
HTTP/1.1 200 OK
Content-Type: application/json; charset=utf-8
cache-control: no-cache
content-length: 51

12:04:32.957 [AsyncHttpClient-1-5] DEBUG org.asynchttpclient.netty.channel.ChannelManager - Adding key: http://localhost:53990 for channel [id: 0xd121e5de, L:/127.0.0.1:62413 - R:localhost/127.0.0.1:53990]
12:04:32.963 [Forwarding get on session 084f90fcdba188c630b053b5ff69274e to remote] DEBUG org.asynchttpclient.netty.request.NettyRequestSender - Using pooled Channel '[id: 0xd121e5de, L:/127.0.0.1:62413 - R:localhost/127.0.0.1:53990]' for 'POST' to 'http://localhost:53990/session/084f90fcdba188c630b053b5ff69274e/url'
12:04:32.963 [Forwarding get on session 084f90fcdba188c630b053b5ff69274e to remote] DEBUG org.asynchttpclient.netty.request.NettyRequestSender - Using open Channel [id: 0xd121e5de, L:/127.0.0.1:62413 - R:localhost/127.0.0.1:53990] for POST '/session/084f90fcdba188c630b053b5ff69274e/url'
12:04:34.031 [AsyncHttpClient-1-1] DEBUG org.asynchttpclient.netty.channel.DefaultChannelPool - Entry count for : http://localhost:62414 : 1
12:04:34.684 [AsyncHttpClient-1-5] DEBUG org.asynchttpclient.netty.handler.HttpHandler - 

Request DefaultHttpRequest(decodeResult: success, version: HTTP/1.1)
POST /session/084f90fcdba188c630b053b5ff69274e/url HTTP/1.1
User-Agent: selenium/4.1.2 (java windows)
Content-Length: 76
Content-Type: application/json; charset=utf-8
host: localhost:53990
accept: */*

Response DefaultHttpResponse(decodeResult: success, version: HTTP/1.1)
HTTP/1.1 200 OK
Content-Type: application/json; charset=utf-8
cache-control: no-cache
content-length: 14

12:04:34.738 [AsyncHttpClient-1-5] DEBUG org.asynchttpclient.netty.channel.ChannelManager - Adding key: http://localhost:53990 for channel [id: 0xd121e5de, L:/127.0.0.1:62413 - R:localhost/127.0.0.1:53990]
12:04:34.743 [Forwarding setTimeout on session 084f90fcdba188c630b053b5ff69274e to remote] DEBUG org.asynchttpclient.netty.request.NettyRequestSender - Using pooled Channel '[id: 0xd121e5de, L:/127.0.0.1:62413 - R:localhost/127.0.0.1:53990]' for 'POST' to 'http://localhost:53990/session/084f90fcdba188c630b053b5ff69274e/timeouts'
12:04:34.743 [Forwarding setTimeout on session 084f90fcdba188c630b053b5ff69274e to remote] DEBUG org.asynchttpclient.netty.request.NettyRequestSender - Using open Channel [id: 0xd121e5de, L:/127.0.0.1:62413 - R:localhost/127.0.0.1:53990] for POST '/session/084f90fcdba188c630b053b5ff69274e/timeouts'
12:04:34.746 [AsyncHttpClient-1-5] DEBUG org.asynchttpclient.netty.handler.HttpHandler - 

Request DefaultHttpRequest(decodeResult: success, version: HTTP/1.1)
POST /session/084f90fcdba188c630b053b5ff69274e/timeouts HTTP/1.1
User-Agent: selenium/4.1.2 (java windows)
Content-Length: 22
Content-Type: application/json; charset=utf-8
host: localhost:53990
accept: */*

Response DefaultHttpResponse(decodeResult: success, version: HTTP/1.1)
HTTP/1.1 200 OK
Content-Type: application/json; charset=utf-8
cache-control: no-cache
content-length: 14

12:04:34.747 [AsyncHttpClient-1-5] DEBUG org.asynchttpclient.netty.channel.ChannelManager - Adding key: http://localhost:53990 for channel [id: 0xd121e5de, L:/127.0.0.1:62413 - R:localhost/127.0.0.1:53990]
12:04:34.754 [Forwarding getCurrentUrl on session 084f90fcdba188c630b053b5ff69274e to remote] DEBUG org.asynchttpclient.netty.request.NettyRequestSender - Using pooled Channel '[id: 0xd121e5de, L:/127.0.0.1:62413 - R:localhost/127.0.0.1:53990]' for 'GET' to 'http://localhost:53990/session/084f90fcdba188c630b053b5ff69274e/url'
12:04:34.754 [Forwarding getCurrentUrl on session 084f90fcdba188c630b053b5ff69274e to remote] DEBUG org.asynchttpclient.netty.request.NettyRequestSender - Using open Channel [id: 0xd121e5de, L:/127.0.0.1:62413 - R:localhost/127.0.0.1:53990] for GET '/session/084f90fcdba188c630b053b5ff69274e/url'
12:04:34.865 [AsyncHttpClient-1-5] DEBUG org.asynchttpclient.netty.handler.HttpHandler - 

Request DefaultFullHttpRequest(decodeResult: success, version: HTTP/1.1, content: EmptyByteBufBE)
GET /session/084f90fcdba188c630b053b5ff69274e/url HTTP/1.1
User-Agent: selenium/4.1.2 (java windows)
Cache-Control: no-cache
Content-Type: application/json; charset=utf-8
host: localhost:53990
accept: */*

Response DefaultHttpResponse(decodeResult: success, version: HTTP/1.1)
HTTP/1.1 200 OK
Content-Type: application/json; charset=utf-8
cache-control: no-cache
content-length: 53

12:04:34.866 [AsyncHttpClient-1-5] DEBUG org.asynchttpclient.netty.channel.ChannelManager - Adding key: http://localhost:53990 for channel [id: 0xd121e5de, L:/127.0.0.1:62413 - R:localhost/127.0.0.1:53990]
  &amp#27;[32mGiven &amp#27;[0m&amp#27;[32mI am on Evizy login admin page for vaccination session&amp#27;[0m                         &amp#27;[90m# starter.stepdefinitions.sessionAvailSteps.iAmOnEvizyLoginAdminPageForVaccinationSession()&amp#27;[0m
12:04:34.889 [Forwarding screenshot on session 084f90fcdba188c630b053b5ff69274e to remote] DEBUG org.asynchttpclient.netty.request.NettyRequestSender - Using pooled Channel '[id: 0xd121e5de, L:/127.0.0.1:62413 - R:localhost/127.0.0.1:53990]' for 'GET' to 'http://localhost:53990/session/084f90fcdba188c630b053b5ff69274e/screenshot'
12:04:34.889 [Forwarding screenshot on session 084f90fcdba188c630b053b5ff69274e to remote] DEBUG org.asynchttpclient.netty.request.NettyRequestSender - Using open Channel [id: 0xd121e5de, L:/127.0.0.1:62413 - R:localhost/127.0.0.1:53990] for GET '/session/084f90fcdba188c630b053b5ff69274e/screenshot'
12:04:35.126 [AsyncHttpClient-1-1] DEBUG org.asynchttpclient.netty.channel.DefaultChannelPool - Entry count for : http://localhost:62414 : 1
12:04:35.881 [AsyncHttpClient-1-5] DEBUG org.asynchttpclient.netty.handler.HttpHandler - 

Request DefaultFullHttpRequest(decodeResult: success, version: HTTP/1.1, content: EmptyByteBufBE)
GET /session/084f90fcdba188c630b053b5ff69274e/screenshot HTTP/1.1
User-Agent: selenium/4.1.2 (java windows)
Cache-Control: no-cache
Content-Type: application/json; charset=utf-8
host: localhost:53990
accept: */*

Response DefaultHttpResponse(decodeResult: success, version: HTTP/1.1)
HTTP/1.1 200 OK
Content-Type: application/json; charset=utf-8
cache-control: no-cache
content-length: 665208

12:04:35.911 [AsyncHttpClient-1-5] DEBUG org.asynchttpclient.netty.channel.ChannelManager - Adding key: http://localhost:53990 for channel [id: 0xd121e5de, L:/127.0.0.1:62413 - R:localhost/127.0.0.1:53990]
12:04:35.983 [main] DEBUG net.serenitybdd.core.photography.Darkroom - Send negative for processing for target\site\serenity\2c1f36d9ed6d83a040ce305829ae3d5aa2ca8176a2ab04dc3bb248570b46c122.png
12:04:36.053 [Forwarding screenshot on session 084f90fcdba188c630b053b5ff69274e to remote] DEBUG org.asynchttpclient.netty.request.NettyRequestSender - Using pooled Channel '[id: 0xd121e5de, L:/127.0.0.1:62413 - R:localhost/127.0.0.1:53990]' for 'GET' to 'http://localhost:53990/session/084f90fcdba188c630b053b5ff69274e/screenshot'
12:04:36.053 [Forwarding screenshot on session 084f90fcdba188c630b053b5ff69274e to remote] DEBUG org.asynchttpclient.netty.request.NettyRequestSender - Using open Channel [id: 0xd121e5de, L:/127.0.0.1:62413 - R:localhost/127.0.0.1:53990] for GET '/session/084f90fcdba188c630b053b5ff69274e/screenshot'
12:04:36.230 [AsyncHttpClient-1-1] DEBUG org.asynchttpclient.netty.channel.DefaultChannelPool - Entry count for : http://localhost:62414 : 1
12:04:36.579 [AsyncHttpClient-1-5] DEBUG org.asynchttpclient.netty.handler.HttpHandler - 

Request DefaultFullHttpRequest(decodeResult: success, version: HTTP/1.1, content: EmptyByteBufBE)
GET /session/084f90fcdba188c630b053b5ff69274e/screenshot HTTP/1.1
User-Agent: selenium/4.1.2 (java windows)
Cache-Control: no-cache
Content-Type: application/json; charset=utf-8
host: localhost:53990
accept: */*

Response DefaultHttpResponse(decodeResult: success, version: HTTP/1.1)
HTTP/1.1 200 OK
Content-Type: application/json; charset=utf-8
cache-control: no-cache
content-length: 665208

12:04:36.586 [AsyncHttpClient-1-5] DEBUG org.asynchttpclient.netty.channel.ChannelManager - Adding key: http://localhost:53990 for channel [id: 0xd121e5de, L:/127.0.0.1:62413 - R:localhost/127.0.0.1:53990]
12:04:36.644 [main] DEBUG net.serenitybdd.core.photography.Darkroom - Send negative for processing for target\site\serenity\2c1f36d9ed6d83a040ce305829ae3d5aa2ca8176a2ab04dc3bb248570b46c122.png
12:04:36.658 [Forwarding findElement on session 084f90fcdba188c630b053b5ff69274e to remote] DEBUG org.asynchttpclient.netty.request.NettyRequestSender - Using pooled Channel '[id: 0xd121e5de, L:/127.0.0.1:62413 - R:localhost/127.0.0.1:53990]' for 'POST' to 'http://localhost:53990/session/084f90fcdba188c630b053b5ff69274e/element'
12:04:36.658 [Forwarding findElement on session 084f90fcdba188c630b053b5ff69274e to remote] DEBUG org.asynchttpclient.netty.request.NettyRequestSender - Using open Channel [id: 0xd121e5de, L:/127.0.0.1:62413 - R:localhost/127.0.0.1:53990] for POST '/session/084f90fcdba188c630b053b5ff69274e/element'
12:04:36.686 [AsyncHttpClient-1-5] DEBUG org.asynchttpclient.netty.handler.HttpHandler - 

Request DefaultHttpRequest(decodeResult: success, version: HTTP/1.1)
POST /session/084f90fcdba188c630b053b5ff69274e/element HTTP/1.1
User-Agent: selenium/4.1.2 (java windows)
Content-Length: 70
Content-Type: application/json; charset=utf-8
host: localhost:53990
accept: */*

Response DefaultHttpResponse(decodeResult: success, version: HTTP/1.1)
HTTP/1.1 200 OK
Content-Type: application/json; charset=utf-8
cache-control: no-cache
content-length: 88

12:04:36.687 [AsyncHttpClient-1-5] DEBUG org.asynchttpclient.netty.channel.ChannelManager - Adding key: http://localhost:53990 for channel [id: 0xd121e5de, L:/127.0.0.1:62413 - R:localhost/127.0.0.1:53990]
12:04:36.694 [Forwarding clearElement on session 084f90fcdba188c630b053b5ff69274e to remote] DEBUG org.asynchttpclient.netty.request.NettyRequestSender - Using pooled Channel '[id: 0xd121e5de, L:/127.0.0.1:62413 - R:localhost/127.0.0.1:53990]' for 'POST' to 'http://localhost:53990/session/084f90fcdba188c630b053b5ff69274e/element/32f6f0c4-69c2-4fc9-bc64-08da36ee4949/clear'
12:04:36.694 [Forwarding clearElement on session 084f90fcdba188c630b053b5ff69274e to remote] DEBUG org.asynchttpclient.netty.request.NettyRequestSender - Using open Channel [id: 0xd121e5de, L:/127.0.0.1:62413 - R:localhost/127.0.0.1:53990] for POST '/session/084f90fcdba188c630b053b5ff69274e/element/32f6f0c4-69c2-4fc9-bc64-08da36ee4949/clear'
12:04:36.776 [AsyncHttpClient-1-5] DEBUG org.asynchttpclient.netty.handler.HttpHandler - 

Request DefaultHttpRequest(decodeResult: success, version: HTTP/1.1)
POST /session/084f90fcdba188c630b053b5ff69274e/element/32f6f0c4-69c2-4fc9-bc64-08da36ee4949/clear HTTP/1.1
User-Agent: selenium/4.1.2 (java windows)
Content-Length: 50
Content-Type: application/json; charset=utf-8
host: localhost:53990
accept: */*

Response DefaultHttpResponse(decodeResult: success, version: HTTP/1.1)
HTTP/1.1 200 OK
Content-Type: application/json; charset=utf-8
cache-control: no-cache
content-length: 14

12:04:36.776 [AsyncHttpClient-1-5] DEBUG org.asynchttpclient.netty.channel.ChannelManager - Adding key: http://localhost:53990 for channel [id: 0xd121e5de, L:/127.0.0.1:62413 - R:localhost/127.0.0.1:53990]
12:04:36.782 [Forwarding sendKeysToElement on session 084f90fcdba188c630b053b5ff69274e to remote] DEBUG org.asynchttpclient.netty.request.NettyRequestSender - Using pooled Channel '[id: 0xd121e5de, L:/127.0.0.1:62413 - R:localhost/127.0.0.1:53990]' for 'POST' to 'http://localhost:53990/session/084f90fcdba188c630b053b5ff69274e/element/32f6f0c4-69c2-4fc9-bc64-08da36ee4949/value'
12:04:36.782 [Forwarding sendKeysToElement on session 084f90fcdba188c630b053b5ff69274e to remote] DEBUG org.asynchttpclient.netty.request.NettyRequestSender - Using open Channel [id: 0xd121e5de, L:/127.0.0.1:62413 - R:localhost/127.0.0.1:53990] for POST '/session/084f90fcdba188c630b053b5ff69274e/element/32f6f0c4-69c2-4fc9-bc64-08da36ee4949/value'
12:04:37.103 [AsyncHttpClient-1-5] DEBUG org.asynchttpclient.netty.handler.HttpHandler - 

Request DefaultHttpRequest(decodeResult: success, version: HTTP/1.1)
POST /session/084f90fcdba188c630b053b5ff69274e/element/32f6f0c4-69c2-4fc9-bc64-08da36ee4949/value HTTP/1.1
User-Agent: selenium/4.1.2 (java windows)
Content-Length: 181
Content-Type: application/json; charset=utf-8
host: localhost:53990
accept: */*

Response DefaultHttpResponse(decodeResult: success, version: HTTP/1.1)
HTTP/1.1 200 OK
Content-Type: application/json; charset=utf-8
cache-control: no-cache
content-length: 14

12:04:37.104 [AsyncHttpClient-1-5] DEBUG org.asynchttpclient.netty.channel.ChannelManager - Adding key: http://localhost:53990 for channel [id: 0xd121e5de, L:/127.0.0.1:62413 - R:localhost/127.0.0.1:53990]
12:04:37.121 [Forwarding findElement on session 084f90fcdba188c630b053b5ff69274e to remote] DEBUG org.asynchttpclient.netty.request.NettyRequestSender - Using pooled Channel '[id: 0xd121e5de, L:/127.0.0.1:62413 - R:localhost/127.0.0.1:53990]' for 'POST' to 'http://localhost:53990/session/084f90fcdba188c630b053b5ff69274e/element'
12:04:37.121 [Forwarding findElement on session 084f90fcdba188c630b053b5ff69274e to remote] DEBUG org.asynchttpclient.netty.request.NettyRequestSender - Using open Channel [id: 0xd121e5de, L:/127.0.0.1:62413 - R:localhost/127.0.0.1:53990] for POST '/session/084f90fcdba188c630b053b5ff69274e/element'
12:04:37.146 [AsyncHttpClient-1-5] DEBUG org.asynchttpclient.netty.handler.HttpHandler - 

Request DefaultHttpRequest(decodeResult: success, version: HTTP/1.1)
POST /session/084f90fcdba188c630b053b5ff69274e/element HTTP/1.1
User-Agent: selenium/4.1.2 (java windows)
Content-Length: 70
Content-Type: application/json; charset=utf-8
host: localhost:53990
accept: */*

Response DefaultHttpResponse(decodeResult: success, version: HTTP/1.1)
HTTP/1.1 200 OK
Content-Type: application/json; charset=utf-8
cache-control: no-cache
content-length: 88

12:04:37.146 [AsyncHttpClient-1-5] DEBUG org.asynchttpclient.netty.channel.ChannelManager - Adding key: http://localhost:53990 for channel [id: 0xd121e5de, L:/127.0.0.1:62413 - R:localhost/127.0.0.1:53990]
12:04:37.154 [Forwarding clearElement on session 084f90fcdba188c630b053b5ff69274e to remote] DEBUG org.asynchttpclient.netty.request.NettyRequestSender - Using pooled Channel '[id: 0xd121e5de, L:/127.0.0.1:62413 - R:localhost/127.0.0.1:53990]' for 'POST' to 'http://localhost:53990/session/084f90fcdba188c630b053b5ff69274e/element/e9e2fcd1-c05c-4281-ba11-ab4b1df6d0bb/clear'
12:04:37.154 [Forwarding clearElement on session 084f90fcdba188c630b053b5ff69274e to remote] DEBUG org.asynchttpclient.netty.request.NettyRequestSender - Using open Channel [id: 0xd121e5de, L:/127.0.0.1:62413 - R:localhost/127.0.0.1:53990] for POST '/session/084f90fcdba188c630b053b5ff69274e/element/e9e2fcd1-c05c-4281-ba11-ab4b1df6d0bb/clear'
12:04:37.258 [AsyncHttpClient-1-5] DEBUG org.asynchttpclient.netty.handler.HttpHandler - 

Request DefaultHttpRequest(decodeResult: success, version: HTTP/1.1)
POST /session/084f90fcdba188c630b053b5ff69274e/element/e9e2fcd1-c05c-4281-ba11-ab4b1df6d0bb/clear HTTP/1.1
User-Agent: selenium/4.1.2 (java windows)
Content-Length: 50
Content-Type: application/json; charset=utf-8
host: localhost:53990
accept: */*

Response DefaultHttpResponse(decodeResult: success, version: HTTP/1.1)
HTTP/1.1 200 OK
Content-Type: application/json; charset=utf-8
cache-control: no-cache
content-length: 14

12:04:37.259 [AsyncHttpClient-1-5] DEBUG org.asynchttpclient.netty.channel.ChannelManager - Adding key: http://localhost:53990 for channel [id: 0xd121e5de, L:/127.0.0.1:62413 - R:localhost/127.0.0.1:53990]
12:04:37.264 [Forwarding sendKeysToElement on session 084f90fcdba188c630b053b5ff69274e to remote] DEBUG org.asynchttpclient.netty.request.NettyRequestSender - Using pooled Channel '[id: 0xd121e5de, L:/127.0.0.1:62413 - R:localhost/127.0.0.1:53990]' for 'POST' to 'http://localhost:53990/session/084f90fcdba188c630b053b5ff69274e/element/e9e2fcd1-c05c-4281-ba11-ab4b1df6d0bb/value'
12:04:37.265 [Forwarding sendKeysToElement on session 084f90fcdba188c630b053b5ff69274e to remote] DEBUG org.asynchttpclient.netty.request.NettyRequestSender - Using open Channel [id: 0xd121e5de, L:/127.0.0.1:62413 - R:localhost/127.0.0.1:53990] for POST '/session/084f90fcdba188c630b053b5ff69274e/element/e9e2fcd1-c05c-4281-ba11-ab4b1df6d0bb/value'
12:04:37.357 [AsyncHttpClient-1-1] DEBUG org.asynchttpclient.netty.channel.DefaultChannelPool - Entry count for : http://localhost:62414 : 1
12:04:37.500 [AsyncHttpClient-1-5] DEBUG org.asynchttpclient.netty.handler.HttpHandler - 

Request DefaultHttpRequest(decodeResult: success, version: HTTP/1.1)
POST /session/084f90fcdba188c630b053b5ff69274e/element/e9e2fcd1-c05c-4281-ba11-ab4b1df6d0bb/value HTTP/1.1
User-Agent: selenium/4.1.2 (java windows)
Content-Length: 201
Content-Type: application/json; charset=utf-8
host: localhost:53990
accept: */*

Response DefaultHttpResponse(decodeResult: success, version: HTTP/1.1)
HTTP/1.1 200 OK
Content-Type: application/json; charset=utf-8
cache-control: no-cache
content-length: 14

12:04:37.501 [AsyncHttpClient-1-5] DEBUG org.asynchttpclient.netty.channel.ChannelManager - Adding key: http://localhost:53990 for channel [id: 0xd121e5de, L:/127.0.0.1:62413 - R:localhost/127.0.0.1:53990]
12:04:37.514 [Forwarding findElement on session 084f90fcdba188c630b053b5ff69274e to remote] DEBUG org.asynchttpclient.netty.request.NettyRequestSender - Using pooled Channel '[id: 0xd121e5de, L:/127.0.0.1:62413 - R:localhost/127.0.0.1:53990]' for 'POST' to 'http://localhost:53990/session/084f90fcdba188c630b053b5ff69274e/element'
12:04:37.514 [Forwarding findElement on session 084f90fcdba188c630b053b5ff69274e to remote] DEBUG org.asynchttpclient.netty.request.NettyRequestSender - Using open Channel [id: 0xd121e5de, L:/127.0.0.1:62413 - R:localhost/127.0.0.1:53990] for POST '/session/084f90fcdba188c630b053b5ff69274e/element'
12:04:37.546 [AsyncHttpClient-1-5] DEBUG org.asynchttpclient.netty.handler.HttpHandler - 

Request DefaultHttpRequest(decodeResult: success, version: HTTP/1.1)
POST /session/084f90fcdba188c630b053b5ff69274e/element HTTP/1.1
User-Agent: selenium/4.1.2 (java windows)
Content-Length: 68
Content-Type: application/json; charset=utf-8
host: localhost:53990
accept: */*

Response DefaultHttpResponse(decodeResult: success, version: HTTP/1.1)
HTTP/1.1 200 OK
Content-Type: application/json; charset=utf-8
cache-control: no-cache
content-length: 88

12:04:37.546 [AsyncHttpClient-1-5] DEBUG org.asynchttpclient.netty.channel.ChannelManager - Adding key: http://localhost:53990 for channel [id: 0xd121e5de, L:/127.0.0.1:62413 - R:localhost/127.0.0.1:53990]
12:04:37.552 [Forwarding getElementTagName on session 084f90fcdba188c630b053b5ff69274e to remote] DEBUG org.asynchttpclient.netty.request.NettyRequestSender - Using pooled Channel '[id: 0xd121e5de, L:/127.0.0.1:62413 - R:localhost/127.0.0.1:53990]' for 'GET' to 'http://localhost:53990/session/084f90fcdba188c630b053b5ff69274e/element/958fe3d6-81b2-45ea-9f19-155d58f2893f/name'
12:04:37.568 [Forwarding getElementTagName on session 084f90fcdba188c630b053b5ff69274e to remote] DEBUG org.asynchttpclient.netty.request.NettyRequestSender - Using open Channel [id: 0xd121e5de, L:/127.0.0.1:62413 - R:localhost/127.0.0.1:53990] for GET '/session/084f90fcdba188c630b053b5ff69274e/element/958fe3d6-81b2-45ea-9f19-155d58f2893f/name'
12:04:37.586 [AsyncHttpClient-1-5] DEBUG org.asynchttpclient.netty.handler.HttpHandler - 

Request DefaultFullHttpRequest(decodeResult: success, version: HTTP/1.1, content: EmptyByteBufBE)
GET /session/084f90fcdba188c630b053b5ff69274e/element/958fe3d6-81b2-45ea-9f19-155d58f2893f/name HTTP/1.1
User-Agent: selenium/4.1.2 (java windows)
Cache-Control: no-cache
Content-Type: application/json; charset=utf-8
host: localhost:53990
accept: */*

Response DefaultHttpResponse(decodeResult: success, version: HTTP/1.1)
HTTP/1.1 200 OK
Content-Type: application/json; charset=utf-8
cache-control: no-cache
content-length: 17

12:04:37.586 [AsyncHttpClient-1-5] DEBUG org.asynchttpclient.netty.channel.ChannelManager - Adding key: http://localhost:53990 for channel [id: 0xd121e5de, L:/127.0.0.1:62413 - R:localhost/127.0.0.1:53990]
12:04:37.595 [Forwarding getElementTagName on session 084f90fcdba188c630b053b5ff69274e to remote] DEBUG org.asynchttpclient.netty.request.NettyRequestSender - Using pooled Channel '[id: 0xd121e5de, L:/127.0.0.1:62413 - R:localhost/127.0.0.1:53990]' for 'GET' to 'http://localhost:53990/session/084f90fcdba188c630b053b5ff69274e/element/958fe3d6-81b2-45ea-9f19-155d58f2893f/name'
12:04:37.595 [Forwarding getElementTagName on session 084f90fcdba188c630b053b5ff69274e to remote] DEBUG org.asynchttpclient.netty.request.NettyRequestSender - Using open Channel [id: 0xd121e5de, L:/127.0.0.1:62413 - R:localhost/127.0.0.1:53990] for GET '/session/084f90fcdba188c630b053b5ff69274e/element/958fe3d6-81b2-45ea-9f19-155d58f2893f/name'
12:04:37.604 [AsyncHttpClient-1-5] DEBUG org.asynchttpclient.netty.handler.HttpHandler - 

Request DefaultFullHttpRequest(decodeResult: success, version: HTTP/1.1, content: EmptyByteBufBE)
GET /session/084f90fcdba188c630b053b5ff69274e/element/958fe3d6-81b2-45ea-9f19-155d58f2893f/name HTTP/1.1
User-Agent: selenium/4.1.2 (java windows)
Cache-Control: no-cache
Content-Type: application/json; charset=utf-8
host: localhost:53990
accept: */*

Response DefaultHttpResponse(decodeResult: success, version: HTTP/1.1)
HTTP/1.1 200 OK
Content-Type: application/json; charset=utf-8
cache-control: no-cache
content-length: 17

12:04:37.606 [AsyncHttpClient-1-5] DEBUG org.asynchttpclient.netty.channel.ChannelManager - Adding key: http://localhost:53990 for channel [id: 0xd121e5de, L:/127.0.0.1:62413 - R:localhost/127.0.0.1:53990]
12:04:37.624 [Forwarding isElementEnabled on session 084f90fcdba188c630b053b5ff69274e to remote] DEBUG org.asynchttpclient.netty.request.NettyRequestSender - Using pooled Channel '[id: 0xd121e5de, L:/127.0.0.1:62413 - R:localhost/127.0.0.1:53990]' for 'GET' to 'http://localhost:53990/session/084f90fcdba188c630b053b5ff69274e/element/958fe3d6-81b2-45ea-9f19-155d58f2893f/enabled'
12:04:37.624 [Forwarding isElementEnabled on session 084f90fcdba188c630b053b5ff69274e to remote] DEBUG org.asynchttpclient.netty.request.NettyRequestSender - Using open Channel [id: 0xd121e5de, L:/127.0.0.1:62413 - R:localhost/127.0.0.1:53990] for GET '/session/084f90fcdba188c630b053b5ff69274e/element/958fe3d6-81b2-45ea-9f19-155d58f2893f/enabled'
12:04:37.655 [AsyncHttpClient-1-5] DEBUG org.asynchttpclient.netty.handler.HttpHandler - 

Request DefaultFullHttpRequest(decodeResult: success, version: HTTP/1.1, content: EmptyByteBufBE)
GET /session/084f90fcdba188c630b053b5ff69274e/element/958fe3d6-81b2-45ea-9f19-155d58f2893f/enabled HTTP/1.1
User-Agent: selenium/4.1.2 (java windows)
Cache-Control: no-cache
Content-Type: application/json; charset=utf-8
host: localhost:53990
accept: */*

Response DefaultHttpResponse(decodeResult: success, version: HTTP/1.1)
HTTP/1.1 200 OK
Content-Type: application/json; charset=utf-8
cache-control: no-cache
content-length: 14

12:04:37.655 [AsyncHttpClient-1-5] DEBUG org.asynchttpclient.netty.channel.ChannelManager - Adding key: http://localhost:53990 for channel [id: 0xd121e5de, L:/127.0.0.1:62413 - R:localhost/127.0.0.1:53990]
12:04:37.659 [Forwarding isElementEnabled on session 084f90fcdba188c630b053b5ff69274e to remote] DEBUG org.asynchttpclient.netty.request.NettyRequestSender - Using pooled Channel '[id: 0xd121e5de, L:/127.0.0.1:62413 - R:localhost/127.0.0.1:53990]' for 'GET' to 'http://localhost:53990/session/084f90fcdba188c630b053b5ff69274e/element/958fe3d6-81b2-45ea-9f19-155d58f2893f/enabled'
12:04:37.659 [Forwarding isElementEnabled on session 084f90fcdba188c630b053b5ff69274e to remote] DEBUG org.asynchttpclient.netty.request.NettyRequestSender - Using open Channel [id: 0xd121e5de, L:/127.0.0.1:62413 - R:localhost/127.0.0.1:53990] for GET '/session/084f90fcdba188c630b053b5ff69274e/element/958fe3d6-81b2-45ea-9f19-155d58f2893f/enabled'
12:04:37.675 [AsyncHttpClient-1-5] DEBUG org.asynchttpclient.netty.handler.HttpHandler - 

Request DefaultFullHttpRequest(decodeResult: success, version: HTTP/1.1, content: EmptyByteBufBE)
GET /session/084f90fcdba188c630b053b5ff69274e/element/958fe3d6-81b2-45ea-9f19-155d58f2893f/enabled HTTP/1.1
User-Agent: selenium/4.1.2 (java windows)
Cache-Control: no-cache
Content-Type: application/json; charset=utf-8
host: localhost:53990
accept: */*

Response DefaultHttpResponse(decodeResult: success, version: HTTP/1.1)
HTTP/1.1 200 OK
Content-Type: application/json; charset=utf-8
cache-control: no-cache
content-length: 14

12:04:37.675 [AsyncHttpClient-1-5] DEBUG org.asynchttpclient.netty.channel.ChannelManager - Adding key: http://localhost:53990 for channel [id: 0xd121e5de, L:/127.0.0.1:62413 - R:localhost/127.0.0.1:53990]
12:04:37.688 [Forwarding findElement on session 084f90fcdba188c630b053b5ff69274e to remote] DEBUG org.asynchttpclient.netty.request.NettyRequestSender - Using pooled Channel '[id: 0xd121e5de, L:/127.0.0.1:62413 - R:localhost/127.0.0.1:53990]' for 'POST' to 'http://localhost:53990/session/084f90fcdba188c630b053b5ff69274e/element'
12:04:37.688 [Forwarding findElement on session 084f90fcdba188c630b053b5ff69274e to remote] DEBUG org.asynchttpclient.netty.request.NettyRequestSender - Using open Channel [id: 0xd121e5de, L:/127.0.0.1:62413 - R:localhost/127.0.0.1:53990] for POST '/session/084f90fcdba188c630b053b5ff69274e/element'
12:04:37.712 [AsyncHttpClient-1-5] DEBUG org.asynchttpclient.netty.handler.HttpHandler - 

Request DefaultHttpRequest(decodeResult: success, version: HTTP/1.1)
POST /session/084f90fcdba188c630b053b5ff69274e/element HTTP/1.1
User-Agent: selenium/4.1.2 (java windows)
Content-Length: 68
Content-Type: application/json; charset=utf-8
host: localhost:53990
accept: */*

Response DefaultHttpResponse(decodeResult: success, version: HTTP/1.1)
HTTP/1.1 200 OK
Content-Type: application/json; charset=utf-8
cache-control: no-cache
content-length: 88

12:04:37.715 [AsyncHttpClient-1-5] DEBUG org.asynchttpclient.netty.channel.ChannelManager - Adding key: http://localhost:53990 for channel [id: 0xd121e5de, L:/127.0.0.1:62413 - R:localhost/127.0.0.1:53990]
12:04:37.725 [Forwarding clickElement on session 084f90fcdba188c630b053b5ff69274e to remote] DEBUG org.asynchttpclient.netty.request.NettyRequestSender - Using pooled Channel '[id: 0xd121e5de, L:/127.0.0.1:62413 - R:localhost/127.0.0.1:53990]' for 'POST' to 'http://localhost:53990/session/084f90fcdba188c630b053b5ff69274e/element/958fe3d6-81b2-45ea-9f19-155d58f2893f/click'
12:04:37.727 [Forwarding clickElement on session 084f90fcdba188c630b053b5ff69274e to remote] DEBUG org.asynchttpclient.netty.request.NettyRequestSender - Using open Channel [id: 0xd121e5de, L:/127.0.0.1:62413 - R:localhost/127.0.0.1:53990] for POST '/session/084f90fcdba188c630b053b5ff69274e/element/958fe3d6-81b2-45ea-9f19-155d58f2893f/click'
12:04:37.960 [AsyncHttpClient-1-5] DEBUG org.asynchttpclient.netty.handler.HttpHandler - 

Request DefaultHttpRequest(decodeResult: success, version: HTTP/1.1)
POST /session/084f90fcdba188c630b053b5ff69274e/element/958fe3d6-81b2-45ea-9f19-155d58f2893f/click HTTP/1.1
User-Agent: selenium/4.1.2 (java windows)
Content-Length: 50
Content-Type: application/json; charset=utf-8
host: localhost:53990
accept: */*

Response DefaultHttpResponse(decodeResult: success, version: HTTP/1.1)
HTTP/1.1 200 OK
Content-Type: application/json; charset=utf-8
cache-control: no-cache
content-length: 14

12:04:37.960 [AsyncHttpClient-1-5] DEBUG org.asynchttpclient.netty.channel.ChannelManager - Adding key: http://localhost:53990 for channel [id: 0xd121e5de, L:/127.0.0.1:62413 - R:localhost/127.0.0.1:53990]
  &amp#27;[32mWhen &amp#27;[0m&amp#27;[32mI enter my username and password for vaccination session and click login button&amp#27;[0m &amp#27;[90m# starter.stepdefinitions.sessionAvailSteps.iEnterMyUsernameAndPasswordForVaccinationSessionAndClickLoginButton()&amp#27;[0m
12:04:37.992 [Forwarding screenshot on session 084f90fcdba188c630b053b5ff69274e to remote] DEBUG org.asynchttpclient.netty.request.NettyRequestSender - Using pooled Channel '[id: 0xd121e5de, L:/127.0.0.1:62413 - R:localhost/127.0.0.1:53990]' for 'GET' to 'http://localhost:53990/session/084f90fcdba188c630b053b5ff69274e/screenshot'
12:04:37.992 [Forwarding screenshot on session 084f90fcdba188c630b053b5ff69274e to remote] DEBUG org.asynchttpclient.netty.request.NettyRequestSender - Using open Channel [id: 0xd121e5de, L:/127.0.0.1:62413 - R:localhost/127.0.0.1:53990] for GET '/session/084f90fcdba188c630b053b5ff69274e/screenshot'
12:04:38.425 [AsyncHttpClient-1-1] DEBUG org.asynchttpclient.netty.channel.DefaultChannelPool - Entry count for : http://localhost:62414 : 1
12:04:38.522 [AsyncHttpClient-1-5] DEBUG org.asynchttpclient.netty.handler.HttpHandler - 

Request DefaultFullHttpRequest(decodeResult: success, version: HTTP/1.1, content: EmptyByteBufBE)
GET /session/084f90fcdba188c630b053b5ff69274e/screenshot HTTP/1.1
User-Agent: selenium/4.1.2 (java windows)
Cache-Control: no-cache
Content-Type: application/json; charset=utf-8
host: localhost:53990
accept: */*

Response DefaultHttpResponse(decodeResult: success, version: HTTP/1.1)
HTTP/1.1 200 OK
Content-Type: application/json; charset=utf-8
cache-control: no-cache
content-length: 657608

12:04:38.529 [AsyncHttpClient-1-5] DEBUG org.asynchttpclient.netty.channel.ChannelManager - Adding key: http://localhost:53990 for channel [id: 0xd121e5de, L:/127.0.0.1:62413 - R:localhost/127.0.0.1:53990]
12:04:38.573 [main] DEBUG net.serenitybdd.core.photography.Darkroom - Send negative for processing for target\site\serenity\427d7c5bd519e3e08d645df5e6cacb49c2683440379a39781ad688e619a6eed1.png
12:04:38.716 [Forwarding screenshot on session 084f90fcdba188c630b053b5ff69274e to remote] DEBUG org.asynchttpclient.netty.request.NettyRequestSender - Using pooled Channel '[id: 0xd121e5de, L:/127.0.0.1:62413 - R:localhost/127.0.0.1:53990]' for 'GET' to 'http://localhost:53990/session/084f90fcdba188c630b053b5ff69274e/screenshot'
12:04:38.716 [Forwarding screenshot on session 084f90fcdba188c630b053b5ff69274e to remote] DEBUG org.asynchttpclient.netty.request.NettyRequestSender - Using open Channel [id: 0xd121e5de, L:/127.0.0.1:62413 - R:localhost/127.0.0.1:53990] for GET '/session/084f90fcdba188c630b053b5ff69274e/screenshot'
12:04:39.438 [AsyncHttpClient-1-5] DEBUG org.asynchttpclient.netty.handler.HttpHandler - 

Request DefaultFullHttpRequest(decodeResult: success, version: HTTP/1.1, content: EmptyByteBufBE)
GET /session/084f90fcdba188c630b053b5ff69274e/screenshot HTTP/1.1
User-Agent: selenium/4.1.2 (java windows)
Cache-Control: no-cache
Content-Type: application/json; charset=utf-8
host: localhost:53990
accept: */*

Response DefaultHttpResponse(decodeResult: success, version: HTTP/1.1)
HTTP/1.1 200 OK
Content-Type: application/json; charset=utf-8
cache-control: no-cache
content-length: 657608

12:04:39.446 [AsyncHttpClient-1-5] DEBUG org.asynchttpclient.netty.channel.ChannelManager - Adding key: http://localhost:53990 for channel [id: 0xd121e5de, L:/127.0.0.1:62413 - R:localhost/127.0.0.1:53990]
12:04:39.522 [main] DEBUG net.serenitybdd.core.photography.Darkroom - Send negative for processing for target\site\serenity\427d7c5bd519e3e08d645df5e6cacb49c2683440379a39781ad688e619a6eed1.png
12:04:39.595 [AsyncHttpClient-1-1] DEBUG org.asynchttpclient.netty.channel.DefaultChannelPool - Entry count for : http://localhost:53990 : 1
12:04:39.595 [AsyncHttpClient-1-1] DEBUG org.asynchttpclient.netty.channel.DefaultChannelPool - Entry count for : http://localhost:62414 : 1
12:04:39.775 [Forwarding screenshot on session 084f90fcdba188c630b053b5ff69274e to remote] DEBUG org.asynchttpclient.netty.request.NettyRequestSender - Using pooled Channel '[id: 0xd121e5de, L:/127.0.0.1:62413 - R:localhost/127.0.0.1:53990]' for 'GET' to 'http://localhost:53990/session/084f90fcdba188c630b053b5ff69274e/screenshot'
12:04:39.778 [Forwarding screenshot on session 084f90fcdba188c630b053b5ff69274e to remote] DEBUG org.asynchttpclient.netty.request.NettyRequestSender - Using open Channel [id: 0xd121e5de, L:/127.0.0.1:62413 - R:localhost/127.0.0.1:53990] for GET '/session/084f90fcdba188c630b053b5ff69274e/screenshot'
12:04:40.201 [AsyncHttpClient-1-5] DEBUG org.asynchttpclient.netty.handler.HttpHandler - 

Request DefaultFullHttpRequest(decodeResult: success, version: HTTP/1.1, content: EmptyByteBufBE)
GET /session/084f90fcdba188c630b053b5ff69274e/screenshot HTTP/1.1
User-Agent: selenium/4.1.2 (java windows)
Cache-Control: no-cache
Content-Type: application/json; charset=utf-8
host: localhost:53990
accept: */*

Response DefaultHttpResponse(decodeResult: success, version: HTTP/1.1)
HTTP/1.1 200 OK
Content-Type: application/json; charset=utf-8
cache-control: no-cache
content-length: 575408

12:04:40.208 [AsyncHttpClient-1-5] DEBUG org.asynchttpclient.netty.channel.ChannelManager - Adding key: http://localhost:53990 for channel [id: 0xd121e5de, L:/127.0.0.1:62413 - R:localhost/127.0.0.1:53990]
12:04:40.246 [main] DEBUG net.serenitybdd.core.photography.Darkroom - Send negative for processing for target\site\serenity\133b9780295ad5b263af1e3770c008380d0007addc0bb4f791804e876154ae3c.png
12:04:40.247 [main] DEBUG net.thucydides.core.steps.StepInterceptor - STARTING STEP: addFamilyMemSteps.iDirectedToDashboard - menuOnDashboardDisplayed
12:04:40.287 [Forwarding findElement on session 084f90fcdba188c630b053b5ff69274e to remote] DEBUG org.asynchttpclient.netty.request.NettyRequestSender - Using pooled Channel '[id: 0xd121e5de, L:/127.0.0.1:62413 - R:localhost/127.0.0.1:53990]' for 'POST' to 'http://localhost:53990/session/084f90fcdba188c630b053b5ff69274e/element'
12:04:40.287 [Forwarding findElement on session 084f90fcdba188c630b053b5ff69274e to remote] DEBUG org.asynchttpclient.netty.request.NettyRequestSender - Using open Channel [id: 0xd121e5de, L:/127.0.0.1:62413 - R:localhost/127.0.0.1:53990] for POST '/session/084f90fcdba188c630b053b5ff69274e/element'
12:04:40.313 [AsyncHttpClient-1-5] DEBUG org.asynchttpclient.netty.handler.HttpHandler - 

Request DefaultHttpRequest(decodeResult: success, version: HTTP/1.1)
POST /session/084f90fcdba188c630b053b5ff69274e/element HTTP/1.1
User-Agent: selenium/4.1.2 (java windows)
Content-Length: 118
Content-Type: application/json; charset=utf-8
host: localhost:53990
accept: */*

Response DefaultHttpResponse(decodeResult: success, version: HTTP/1.1)
HTTP/1.1 200 OK
Content-Type: application/json; charset=utf-8
cache-control: no-cache
content-length: 88

12:04:40.314 [AsyncHttpClient-1-5] DEBUG org.asynchttpclient.netty.channel.ChannelManager - Adding key: http://localhost:53990 for channel [id: 0xd121e5de, L:/127.0.0.1:62413 - R:localhost/127.0.0.1:53990]
12:04:40.341 [Forwarding isElementDisplayed on session 084f90fcdba188c630b053b5ff69274e to remote] DEBUG org.asynchttpclient.netty.request.NettyRequestSender - Using pooled Channel '[id: 0xd121e5de, L:/127.0.0.1:62413 - R:localhost/127.0.0.1:53990]' for 'POST' to 'http://localhost:53990/session/084f90fcdba188c630b053b5ff69274e/execute/sync'
12:04:40.341 [Forwarding isElementDisplayed on session 084f90fcdba188c630b053b5ff69274e to remote] DEBUG org.asynchttpclient.netty.request.NettyRequestSender - Using open Channel [id: 0xd121e5de, L:/127.0.0.1:62413 - R:localhost/127.0.0.1:53990] for POST '/session/084f90fcdba188c630b053b5ff69274e/execute/sync'
12:04:40.392 [AsyncHttpClient-1-5] DEBUG org.asynchttpclient.netty.handler.HttpHandler - 

Request DefaultHttpRequest(decodeResult: success, version: HTTP/1.1)
POST /session/084f90fcdba188c630b053b5ff69274e/execute/sync HTTP/1.1
User-Agent: selenium/4.1.2 (java windows)
Content-Length: 48780
Content-Type: application/json; charset=utf-8
host: localhost:53990
accept: */*

Response DefaultHttpResponse(decodeResult: success, version: HTTP/1.1)
HTTP/1.1 200 OK
Content-Type: application/json; charset=utf-8
cache-control: no-cache
content-length: 14

12:04:40.393 [AsyncHttpClient-1-5] DEBUG org.asynchttpclient.netty.channel.ChannelManager - Adding key: http://localhost:53990 for channel [id: 0xd121e5de, L:/127.0.0.1:62413 - R:localhost/127.0.0.1:53990]
12:04:40.416 [Forwarding screenshot on session 084f90fcdba188c630b053b5ff69274e to remote] DEBUG org.asynchttpclient.netty.request.NettyRequestSender - Using pooled Channel '[id: 0xd121e5de, L:/127.0.0.1:62413 - R:localhost/127.0.0.1:53990]' for 'GET' to 'http://localhost:53990/session/084f90fcdba188c630b053b5ff69274e/screenshot'
12:04:40.416 [Forwarding screenshot on session 084f90fcdba188c630b053b5ff69274e to remote] DEBUG org.asynchttpclient.netty.request.NettyRequestSender - Using open Channel [id: 0xd121e5de, L:/127.0.0.1:62413 - R:localhost/127.0.0.1:53990] for GET '/session/084f90fcdba188c630b053b5ff69274e/screenshot'
12:04:40.625 [AsyncHttpClient-1-1] DEBUG org.asynchttpclient.netty.channel.DefaultChannelPool - Entry count for : http://localhost:62414 : 1
12:04:40.846 [AsyncHttpClient-1-5] DEBUG org.asynchttpclient.netty.handler.HttpHandler - 

Request DefaultFullHttpRequest(decodeResult: success, version: HTTP/1.1, content: EmptyByteBufBE)
GET /session/084f90fcdba188c630b053b5ff69274e/screenshot HTTP/1.1
User-Agent: selenium/4.1.2 (java windows)
Cache-Control: no-cache
Content-Type: application/json; charset=utf-8
host: localhost:53990
accept: */*

Response DefaultHttpResponse(decodeResult: success, version: HTTP/1.1)
HTTP/1.1 200 OK
Content-Type: application/json; charset=utf-8
cache-control: no-cache
content-length: 575408

12:04:40.852 [AsyncHttpClient-1-5] DEBUG org.asynchttpclient.netty.channel.ChannelManager - Adding key: http://localhost:53990 for channel [id: 0xd121e5de, L:/127.0.0.1:62413 - R:localhost/127.0.0.1:53990]
12:04:40.959 [main] DEBUG net.serenitybdd.core.photography.Darkroom - Send negative for processing for target\site\serenity\133b9780295ad5b263af1e3770c008380d0007addc0bb4f791804e876154ae3c.png
12:04:40.960 [main] DEBUG net.thucydides.core.steps.StepInterceptor - STEP DONE: menuOnDashboardDisplayed
  &amp#27;[32mAnd &amp#27;[0m&amp#27;[32mI directed to dashboard&amp#27;[0m                                                          &amp#27;[90m# starter.stepdefinitions.addFamilyMemSteps.iDirectedToDashboard()&amp#27;[0m
12:04:41.091 [Forwarding screenshot on session 084f90fcdba188c630b053b5ff69274e to remote] DEBUG org.asynchttpclient.netty.request.NettyRequestSender - Using pooled Channel '[id: 0xd121e5de, L:/127.0.0.1:62413 - R:localhost/127.0.0.1:53990]' for 'GET' to 'http://localhost:53990/session/084f90fcdba188c630b053b5ff69274e/screenshot'
12:04:41.091 [Forwarding screenshot on session 084f90fcdba188c630b053b5ff69274e to remote] DEBUG org.asynchttpclient.netty.request.NettyRequestSender - Using open Channel [id: 0xd121e5de, L:/127.0.0.1:62413 - R:localhost/127.0.0.1:53990] for GET '/session/084f90fcdba188c630b053b5ff69274e/screenshot'
12:04:41.642 [AsyncHttpClient-1-5] DEBUG org.asynchttpclient.netty.handler.HttpHandler - 

Request DefaultFullHttpRequest(decodeResult: success, version: HTTP/1.1, content: EmptyByteBufBE)
GET /session/084f90fcdba188c630b053b5ff69274e/screenshot HTTP/1.1
User-Agent: selenium/4.1.2 (java windows)
Cache-Control: no-cache
Content-Type: application/json; charset=utf-8
host: localhost:53990
accept: */*

Response DefaultHttpResponse(decodeResult: success, version: HTTP/1.1)
HTTP/1.1 200 OK
Content-Type: application/json; charset=utf-8
cache-control: no-cache
content-length: 575408

12:04:41.648 [AsyncHttpClient-1-5] DEBUG org.asynchttpclient.netty.channel.ChannelManager - Adding key: http://localhost:53990 for channel [id: 0xd121e5de, L:/127.0.0.1:62413 - R:localhost/127.0.0.1:53990]
12:04:41.700 [main] DEBUG net.serenitybdd.core.photography.Darkroom - Send negative for processing for target\site\serenity\133b9780295ad5b263af1e3770c008380d0007addc0bb4f791804e876154ae3c.png
12:04:41.756 [Forwarding screenshot on session 084f90fcdba188c630b053b5ff69274e to remote] DEBUG org.asynchttpclient.netty.request.NettyRequestSender - Using pooled Channel '[id: 0xd121e5de, L:/127.0.0.1:62413 - R:localhost/127.0.0.1:53990]' for 'GET' to 'http://localhost:53990/session/084f90fcdba188c630b053b5ff69274e/screenshot'
12:04:41.756 [Forwarding screenshot on session 084f90fcdba188c630b053b5ff69274e to remote] DEBUG org.asynchttpclient.netty.request.NettyRequestSender - Using open Channel [id: 0xd121e5de, L:/127.0.0.1:62413 - R:localhost/127.0.0.1:53990] for GET '/session/084f90fcdba188c630b053b5ff69274e/screenshot'
12:04:41.759 [AsyncHttpClient-1-1] DEBUG org.asynchttpclient.netty.channel.DefaultChannelPool - Entry count for : http://localhost:62414 : 1
12:04:42.257 [AsyncHttpClient-1-5] DEBUG org.asynchttpclient.netty.handler.HttpHandler - 

Request DefaultFullHttpRequest(decodeResult: success, version: HTTP/1.1, content: EmptyByteBufBE)
GET /session/084f90fcdba188c630b053b5ff69274e/screenshot HTTP/1.1
User-Agent: selenium/4.1.2 (java windows)
Cache-Control: no-cache
Content-Type: application/json; charset=utf-8
host: localhost:53990
accept: */*

Response DefaultHttpResponse(decodeResult: success, version: HTTP/1.1)
HTTP/1.1 200 OK
Content-Type: application/json; charset=utf-8
cache-control: no-cache
content-length: 575408

12:04:42.261 [AsyncHttpClient-1-5] DEBUG org.asynchttpclient.netty.channel.ChannelManager - Adding key: http://localhost:53990 for channel [id: 0xd121e5de, L:/127.0.0.1:62413 - R:localhost/127.0.0.1:53990]
12:04:42.300 [main] DEBUG net.serenitybdd.core.photography.Darkroom - Send negative for processing for target\site\serenity\133b9780295ad5b263af1e3770c008380d0007addc0bb4f791804e876154ae3c.png
12:04:42.349 [Forwarding findElement on session 084f90fcdba188c630b053b5ff69274e to remote] DEBUG org.asynchttpclient.netty.request.NettyRequestSender - Using pooled Channel '[id: 0xd121e5de, L:/127.0.0.1:62413 - R:localhost/127.0.0.1:53990]' for 'POST' to 'http://localhost:53990/session/084f90fcdba188c630b053b5ff69274e/element'
12:04:42.349 [Forwarding findElement on session 084f90fcdba188c630b053b5ff69274e to remote] DEBUG org.asynchttpclient.netty.request.NettyRequestSender - Using open Channel [id: 0xd121e5de, L:/127.0.0.1:62413 - R:localhost/127.0.0.1:53990] for POST '/session/084f90fcdba188c630b053b5ff69274e/element'
12:04:42.401 [AsyncHttpClient-1-5] DEBUG org.asynchttpclient.netty.handler.HttpHandler - 

Request DefaultHttpRequest(decodeResult: success, version: HTTP/1.1)
POST /session/084f90fcdba188c630b053b5ff69274e/element HTTP/1.1
User-Agent: selenium/4.1.2 (java windows)
Content-Length: 179
Content-Type: application/json; charset=utf-8
host: localhost:53990
accept: */*

Response DefaultHttpResponse(decodeResult: success, version: HTTP/1.1)
HTTP/1.1 200 OK
Content-Type: application/json; charset=utf-8
cache-control: no-cache
content-length: 88

12:04:42.401 [AsyncHttpClient-1-5] DEBUG org.asynchttpclient.netty.channel.ChannelManager - Adding key: http://localhost:53990 for channel [id: 0xd121e5de, L:/127.0.0.1:62413 - R:localhost/127.0.0.1:53990]
12:04:42.410 [Forwarding getElementTagName on session 084f90fcdba188c630b053b5ff69274e to remote] DEBUG org.asynchttpclient.netty.request.NettyRequestSender - Using pooled Channel '[id: 0xd121e5de, L:/127.0.0.1:62413 - R:localhost/127.0.0.1:53990]' for 'GET' to 'http://localhost:53990/session/084f90fcdba188c630b053b5ff69274e/element/ab0fd4b5-eea5-4357-abb5-90534fde9c0c/name'
12:04:42.410 [Forwarding getElementTagName on session 084f90fcdba188c630b053b5ff69274e to remote] DEBUG org.asynchttpclient.netty.request.NettyRequestSender - Using open Channel [id: 0xd121e5de, L:/127.0.0.1:62413 - R:localhost/127.0.0.1:53990] for GET '/session/084f90fcdba188c630b053b5ff69274e/element/ab0fd4b5-eea5-4357-abb5-90534fde9c0c/name'
12:04:42.426 [AsyncHttpClient-1-5] DEBUG org.asynchttpclient.netty.handler.HttpHandler - 

Request DefaultFullHttpRequest(decodeResult: success, version: HTTP/1.1, content: EmptyByteBufBE)
GET /session/084f90fcdba188c630b053b5ff69274e/element/ab0fd4b5-eea5-4357-abb5-90534fde9c0c/name HTTP/1.1
User-Agent: selenium/4.1.2 (java windows)
Cache-Control: no-cache
Content-Type: application/json; charset=utf-8
host: localhost:53990
accept: */*

Response DefaultHttpResponse(decodeResult: success, version: HTTP/1.1)
HTTP/1.1 200 OK
Content-Type: application/json; charset=utf-8
cache-control: no-cache
content-length: 18

12:04:42.426 [AsyncHttpClient-1-5] DEBUG org.asynchttpclient.netty.channel.ChannelManager - Adding key: http://localhost:53990 for channel [id: 0xd121e5de, L:/127.0.0.1:62413 - R:localhost/127.0.0.1:53990]
12:04:42.433 [Forwarding getElementTagName on session 084f90fcdba188c630b053b5ff69274e to remote] DEBUG org.asynchttpclient.netty.request.NettyRequestSender - Using pooled Channel '[id: 0xd121e5de, L:/127.0.0.1:62413 - R:localhost/127.0.0.1:53990]' for 'GET' to 'http://localhost:53990/session/084f90fcdba188c630b053b5ff69274e/element/ab0fd4b5-eea5-4357-abb5-90534fde9c0c/name'
12:04:42.433 [Forwarding getElementTagName on session 084f90fcdba188c630b053b5ff69274e to remote] DEBUG org.asynchttpclient.netty.request.NettyRequestSender - Using open Channel [id: 0xd121e5de, L:/127.0.0.1:62413 - R:localhost/127.0.0.1:53990] for GET '/session/084f90fcdba188c630b053b5ff69274e/element/ab0fd4b5-eea5-4357-abb5-90534fde9c0c/name'
12:04:42.450 [AsyncHttpClient-1-5] DEBUG org.asynchttpclient.netty.handler.HttpHandler - 

Request DefaultFullHttpRequest(decodeResult: success, version: HTTP/1.1, content: EmptyByteBufBE)
GET /session/084f90fcdba188c630b053b5ff69274e/element/ab0fd4b5-eea5-4357-abb5-90534fde9c0c/name HTTP/1.1
User-Agent: selenium/4.1.2 (java windows)
Cache-Control: no-cache
Content-Type: application/json; charset=utf-8
host: localhost:53990
accept: */*

Response DefaultHttpResponse(decodeResult: success, version: HTTP/1.1)
HTTP/1.1 200 OK
Content-Type: application/json; charset=utf-8
cache-control: no-cache
content-length: 18

12:04:42.450 [AsyncHttpClient-1-5] DEBUG org.asynchttpclient.netty.channel.ChannelManager - Adding key: http://localhost:53990 for channel [id: 0xd121e5de, L:/127.0.0.1:62413 - R:localhost/127.0.0.1:53990]
12:04:42.459 [Forwarding isElementEnabled on session 084f90fcdba188c630b053b5ff69274e to remote] DEBUG org.asynchttpclient.netty.request.NettyRequestSender - Using pooled Channel '[id: 0xd121e5de, L:/127.0.0.1:62413 - R:localhost/127.0.0.1:53990]' for 'GET' to 'http://localhost:53990/session/084f90fcdba188c630b053b5ff69274e/element/ab0fd4b5-eea5-4357-abb5-90534fde9c0c/enabled'
12:04:42.459 [Forwarding isElementEnabled on session 084f90fcdba188c630b053b5ff69274e to remote] DEBUG org.asynchttpclient.netty.request.NettyRequestSender - Using open Channel [id: 0xd121e5de, L:/127.0.0.1:62413 - R:localhost/127.0.0.1:53990] for GET '/session/084f90fcdba188c630b053b5ff69274e/element/ab0fd4b5-eea5-4357-abb5-90534fde9c0c/enabled'
12:04:42.482 [AsyncHttpClient-1-5] DEBUG org.asynchttpclient.netty.handler.HttpHandler - 

Request DefaultFullHttpRequest(decodeResult: success, version: HTTP/1.1, content: EmptyByteBufBE)
GET /session/084f90fcdba188c630b053b5ff69274e/element/ab0fd4b5-eea5-4357-abb5-90534fde9c0c/enabled HTTP/1.1
User-Agent: selenium/4.1.2 (java windows)
Cache-Control: no-cache
Content-Type: application/json; charset=utf-8
host: localhost:53990
accept: */*

Response DefaultHttpResponse(decodeResult: success, version: HTTP/1.1)
HTTP/1.1 200 OK
Content-Type: application/json; charset=utf-8
cache-control: no-cache
content-length: 14

12:04:42.482 [AsyncHttpClient-1-5] DEBUG org.asynchttpclient.netty.channel.ChannelManager - Adding key: http://localhost:53990 for channel [id: 0xd121e5de, L:/127.0.0.1:62413 - R:localhost/127.0.0.1:53990]
12:04:42.486 [Forwarding isElementEnabled on session 084f90fcdba188c630b053b5ff69274e to remote] DEBUG org.asynchttpclient.netty.request.NettyRequestSender - Using pooled Channel '[id: 0xd121e5de, L:/127.0.0.1:62413 - R:localhost/127.0.0.1:53990]' for 'GET' to 'http://localhost:53990/session/084f90fcdba188c630b053b5ff69274e/element/ab0fd4b5-eea5-4357-abb5-90534fde9c0c/enabled'
12:04:42.486 [Forwarding isElementEnabled on session 084f90fcdba188c630b053b5ff69274e to remote] DEBUG org.asynchttpclient.netty.request.NettyRequestSender - Using open Channel [id: 0xd121e5de, L:/127.0.0.1:62413 - R:localhost/127.0.0.1:53990] for GET '/session/084f90fcdba188c630b053b5ff69274e/element/ab0fd4b5-eea5-4357-abb5-90534fde9c0c/enabled'
12:04:42.497 [AsyncHttpClient-1-5] DEBUG org.asynchttpclient.netty.handler.HttpHandler - 

Request DefaultFullHttpRequest(decodeResult: success, version: HTTP/1.1, content: EmptyByteBufBE)
GET /session/084f90fcdba188c630b053b5ff69274e/element/ab0fd4b5-eea5-4357-abb5-90534fde9c0c/enabled HTTP/1.1
User-Agent: selenium/4.1.2 (java windows)
Cache-Control: no-cache
Content-Type: application/json; charset=utf-8
host: localhost:53990
accept: */*

Response DefaultHttpResponse(decodeResult: success, version: HTTP/1.1)
HTTP/1.1 200 OK
Content-Type: application/json; charset=utf-8
cache-control: no-cache
content-length: 14

12:04:42.497 [AsyncHttpClient-1-5] DEBUG org.asynchttpclient.netty.channel.ChannelManager - Adding key: http://localhost:53990 for channel [id: 0xd121e5de, L:/127.0.0.1:62413 - R:localhost/127.0.0.1:53990]
12:04:42.504 [Forwarding findElement on session 084f90fcdba188c630b053b5ff69274e to remote] DEBUG org.asynchttpclient.netty.request.NettyRequestSender - Using pooled Channel '[id: 0xd121e5de, L:/127.0.0.1:62413 - R:localhost/127.0.0.1:53990]' for 'POST' to 'http://localhost:53990/session/084f90fcdba188c630b053b5ff69274e/element'
12:04:42.505 [Forwarding findElement on session 084f90fcdba188c630b053b5ff69274e to remote] DEBUG org.asynchttpclient.netty.request.NettyRequestSender - Using open Channel [id: 0xd121e5de, L:/127.0.0.1:62413 - R:localhost/127.0.0.1:53990] for POST '/session/084f90fcdba188c630b053b5ff69274e/element'
12:04:42.520 [AsyncHttpClient-1-5] DEBUG org.asynchttpclient.netty.handler.HttpHandler - 

Request DefaultHttpRequest(decodeResult: success, version: HTTP/1.1)
POST /session/084f90fcdba188c630b053b5ff69274e/element HTTP/1.1
User-Agent: selenium/4.1.2 (java windows)
Content-Length: 179
Content-Type: application/json; charset=utf-8
host: localhost:53990
accept: */*

Response DefaultHttpResponse(decodeResult: success, version: HTTP/1.1)
HTTP/1.1 200 OK
Content-Type: application/json; charset=utf-8
cache-control: no-cache
content-length: 88

12:04:42.521 [AsyncHttpClient-1-5] DEBUG org.asynchttpclient.netty.channel.ChannelManager - Adding key: http://localhost:53990 for channel [id: 0xd121e5de, L:/127.0.0.1:62413 - R:localhost/127.0.0.1:53990]
12:04:42.526 [Forwarding clickElement on session 084f90fcdba188c630b053b5ff69274e to remote] DEBUG org.asynchttpclient.netty.request.NettyRequestSender - Using pooled Channel '[id: 0xd121e5de, L:/127.0.0.1:62413 - R:localhost/127.0.0.1:53990]' for 'POST' to 'http://localhost:53990/session/084f90fcdba188c630b053b5ff69274e/element/ab0fd4b5-eea5-4357-abb5-90534fde9c0c/click'
12:04:42.526 [Forwarding clickElement on session 084f90fcdba188c630b053b5ff69274e to remote] DEBUG org.asynchttpclient.netty.request.NettyRequestSender - Using open Channel [id: 0xd121e5de, L:/127.0.0.1:62413 - R:localhost/127.0.0.1:53990] for POST '/session/084f90fcdba188c630b053b5ff69274e/element/ab0fd4b5-eea5-4357-abb5-90534fde9c0c/click'
12:04:42.731 [AsyncHttpClient-1-5] DEBUG org.asynchttpclient.netty.handler.HttpHandler - 

Request DefaultHttpRequest(decodeResult: success, version: HTTP/1.1)
POST /session/084f90fcdba188c630b053b5ff69274e/element/ab0fd4b5-eea5-4357-abb5-90534fde9c0c/click HTTP/1.1
User-Agent: selenium/4.1.2 (java windows)
Content-Length: 50
Content-Type: application/json; charset=utf-8
host: localhost:53990
accept: */*

Response DefaultHttpResponse(decodeResult: success, version: HTTP/1.1)
HTTP/1.1 200 OK
Content-Type: application/json; charset=utf-8
cache-control: no-cache
content-length: 14

12:04:42.732 [AsyncHttpClient-1-5] DEBUG org.asynchttpclient.netty.channel.ChannelManager - Adding key: http://localhost:53990 for channel [id: 0xd121e5de, L:/127.0.0.1:62413 - R:localhost/127.0.0.1:53990]
  &amp#27;[32mAnd &amp#27;[0m&amp#27;[32mI click vaccination bookings&amp#27;[0m                                                     &amp#27;[90m# starter.stepdefinitions.vaccinationBookingSteps.iClickVaccinationBookings()&amp#27;[0m
12:04:42.747 [Forwarding screenshot on session 084f90fcdba188c630b053b5ff69274e to remote] DEBUG org.asynchttpclient.netty.request.NettyRequestSender - Using pooled Channel '[id: 0xd121e5de, L:/127.0.0.1:62413 - R:localhost/127.0.0.1:53990]' for 'GET' to 'http://localhost:53990/session/084f90fcdba188c630b053b5ff69274e/screenshot'
12:04:42.747 [Forwarding screenshot on session 084f90fcdba188c630b053b5ff69274e to remote] DEBUG org.asynchttpclient.netty.request.NettyRequestSender - Using open Channel [id: 0xd121e5de, L:/127.0.0.1:62413 - R:localhost/127.0.0.1:53990] for GET '/session/084f90fcdba188c630b053b5ff69274e/screenshot'
12:04:42.840 [AsyncHttpClient-1-1] DEBUG org.asynchttpclient.netty.channel.DefaultChannelPool - Entry count for : http://localhost:62414 : 1
12:04:43.139 [AsyncHttpClient-1-5] DEBUG org.asynchttpclient.netty.handler.HttpHandler - 

Request DefaultFullHttpRequest(decodeResult: success, version: HTTP/1.1, content: EmptyByteBufBE)
GET /session/084f90fcdba188c630b053b5ff69274e/screenshot HTTP/1.1
User-Agent: selenium/4.1.2 (java windows)
Cache-Control: no-cache
Content-Type: application/json; charset=utf-8
host: localhost:53990
accept: */*

Response DefaultHttpResponse(decodeResult: success, version: HTTP/1.1)
HTTP/1.1 200 OK
Content-Type: application/json; charset=utf-8
cache-control: no-cache
content-length: 47768

12:04:43.140 [AsyncHttpClient-1-5] DEBUG org.asynchttpclient.netty.channel.ChannelManager - Adding key: http://localhost:53990 for channel [id: 0xd121e5de, L:/127.0.0.1:62413 - R:localhost/127.0.0.1:53990]
12:04:43.144 [main] DEBUG net.serenitybdd.core.photography.Darkroom - Send negative for processing for target\site\serenity\9e6cb51785b9ea14d8bae945c2dcc7b3d2267ef2949780af0a4004b13fa52b8d.png
12:04:43.151 [Darkroom Processing Line] DEBUG net.serenitybdd.core.photography.DarkroomProcessingLine - Processing screenshot image in /var/screenshots/screenshot-116750712556653988
12:04:43.152 [Darkroom Processing Line] DEBUG net.serenitybdd.core.photography.DarkroomProcessingLine - Saving screenshot to target\site\serenity\9e6cb51785b9ea14d8bae945c2dcc7b3d2267ef2949780af0a4004b13fa52b8d.png
12:04:43.939 [AsyncHttpClient-1-1] DEBUG org.asynchttpclient.netty.channel.DefaultChannelPool - Entry count for : http://localhost:53990 : 1
12:04:43.939 [AsyncHttpClient-1-1] DEBUG org.asynchttpclient.netty.channel.DefaultChannelPool - Entry count for : http://localhost:62414 : 1
12:04:43.972 [Forwarding findElement on session 084f90fcdba188c630b053b5ff69274e to remote] DEBUG org.asynchttpclient.netty.request.NettyRequestSender - Using pooled Channel '[id: 0xd121e5de, L:/127.0.0.1:62413 - R:localhost/127.0.0.1:53990]' for 'POST' to 'http://localhost:53990/session/084f90fcdba188c630b053b5ff69274e/element'
12:04:43.973 [Forwarding findElement on session 084f90fcdba188c630b053b5ff69274e to remote] DEBUG org.asynchttpclient.netty.request.NettyRequestSender - Using open Channel [id: 0xd121e5de, L:/127.0.0.1:62413 - R:localhost/127.0.0.1:53990] for POST '/session/084f90fcdba188c630b053b5ff69274e/element'
12:04:43.999 [AsyncHttpClient-1-5] DEBUG org.asynchttpclient.netty.handler.HttpHandler - 

Request DefaultHttpRequest(decodeResult: success, version: HTTP/1.1)
POST /session/084f90fcdba188c630b053b5ff69274e/element HTTP/1.1
User-Agent: selenium/4.1.2 (java windows)
Content-Length: 107
Content-Type: application/json; charset=utf-8
host: localhost:53990
accept: */*

Response DefaultHttpResponse(decodeResult: success, version: HTTP/1.1)
HTTP/1.1 200 OK
Content-Type: application/json; charset=utf-8
cache-control: no-cache
content-length: 88

12:04:43.999 [AsyncHttpClient-1-5] DEBUG org.asynchttpclient.netty.channel.ChannelManager - Adding key: http://localhost:53990 for channel [id: 0xd121e5de, L:/127.0.0.1:62413 - R:localhost/127.0.0.1:53990]
12:04:44.004 [Forwarding getElementTagName on session 084f90fcdba188c630b053b5ff69274e to remote] DEBUG org.asynchttpclient.netty.request.NettyRequestSender - Using pooled Channel '[id: 0xd121e5de, L:/127.0.0.1:62413 - R:localhost/127.0.0.1:53990]' for 'GET' to 'http://localhost:53990/session/084f90fcdba188c630b053b5ff69274e/element/2886be52-a7c8-42b0-922a-4dad3b6f78b8/name'
12:04:44.004 [Forwarding getElementTagName on session 084f90fcdba188c630b053b5ff69274e to remote] DEBUG org.asynchttpclient.netty.request.NettyRequestSender - Using open Channel [id: 0xd121e5de, L:/127.0.0.1:62413 - R:localhost/127.0.0.1:53990] for GET '/session/084f90fcdba188c630b053b5ff69274e/element/2886be52-a7c8-42b0-922a-4dad3b6f78b8/name'
12:04:44.014 [AsyncHttpClient-1-5] DEBUG org.asynchttpclient.netty.handler.HttpHandler - 

Request DefaultFullHttpRequest(decodeResult: success, version: HTTP/1.1, content: EmptyByteBufBE)
GET /session/084f90fcdba188c630b053b5ff69274e/element/2886be52-a7c8-42b0-922a-4dad3b6f78b8/name HTTP/1.1
User-Agent: selenium/4.1.2 (java windows)
Cache-Control: no-cache
Content-Type: application/json; charset=utf-8
host: localhost:53990
accept: */*

Response DefaultHttpResponse(decodeResult: success, version: HTTP/1.1)
HTTP/1.1 200 OK
Content-Type: application/json; charset=utf-8
cache-control: no-cache
content-length: 15

12:04:44.016 [AsyncHttpClient-1-5] DEBUG org.asynchttpclient.netty.channel.ChannelManager - Adding key: http://localhost:53990 for channel [id: 0xd121e5de, L:/127.0.0.1:62413 - R:localhost/127.0.0.1:53990]
12:04:44.021 [Forwarding getElementTagName on session 084f90fcdba188c630b053b5ff69274e to remote] DEBUG org.asynchttpclient.netty.request.NettyRequestSender - Using pooled Channel '[id: 0xd121e5de, L:/127.0.0.1:62413 - R:localhost/127.0.0.1:53990]' for 'GET' to 'http://localhost:53990/session/084f90fcdba188c630b053b5ff69274e/element/2886be52-a7c8-42b0-922a-4dad3b6f78b8/name'
12:04:44.021 [Forwarding getElementTagName on session 084f90fcdba188c630b053b5ff69274e to remote] DEBUG org.asynchttpclient.netty.request.NettyRequestSender - Using open Channel [id: 0xd121e5de, L:/127.0.0.1:62413 - R:localhost/127.0.0.1:53990] for GET '/session/084f90fcdba188c630b053b5ff69274e/element/2886be52-a7c8-42b0-922a-4dad3b6f78b8/name'
12:04:44.029 [AsyncHttpClient-1-5] DEBUG org.asynchttpclient.netty.handler.HttpHandler - 

Request DefaultFullHttpRequest(decodeResult: success, version: HTTP/1.1, content: EmptyByteBufBE)
GET /session/084f90fcdba188c630b053b5ff69274e/element/2886be52-a7c8-42b0-922a-4dad3b6f78b8/name HTTP/1.1
User-Agent: selenium/4.1.2 (java windows)
Cache-Control: no-cache
Content-Type: application/json; charset=utf-8
host: localhost:53990
accept: */*

Response DefaultHttpResponse(decodeResult: success, version: HTTP/1.1)
HTTP/1.1 200 OK
Content-Type: application/json; charset=utf-8
cache-control: no-cache
content-length: 15

12:04:44.029 [AsyncHttpClient-1-5] DEBUG org.asynchttpclient.netty.channel.ChannelManager - Adding key: http://localhost:53990 for channel [id: 0xd121e5de, L:/127.0.0.1:62413 - R:localhost/127.0.0.1:53990]
12:04:44.034 [Forwarding findElement on session 084f90fcdba188c630b053b5ff69274e to remote] DEBUG org.asynchttpclient.netty.request.NettyRequestSender - Using pooled Channel '[id: 0xd121e5de, L:/127.0.0.1:62413 - R:localhost/127.0.0.1:53990]' for 'POST' to 'http://localhost:53990/session/084f90fcdba188c630b053b5ff69274e/element'
12:04:44.034 [Forwarding findElement on session 084f90fcdba188c630b053b5ff69274e to remote] DEBUG org.asynchttpclient.netty.request.NettyRequestSender - Using open Channel [id: 0xd121e5de, L:/127.0.0.1:62413 - R:localhost/127.0.0.1:53990] for POST '/session/084f90fcdba188c630b053b5ff69274e/element'
12:04:44.051 [AsyncHttpClient-1-5] DEBUG org.asynchttpclient.netty.handler.HttpHandler - 

Request DefaultHttpRequest(decodeResult: success, version: HTTP/1.1)
POST /session/084f90fcdba188c630b053b5ff69274e/element HTTP/1.1
User-Agent: selenium/4.1.2 (java windows)
Content-Length: 107
Content-Type: application/json; charset=utf-8
host: localhost:53990
accept: */*

Response DefaultHttpResponse(decodeResult: success, version: HTTP/1.1)
HTTP/1.1 200 OK
Content-Type: application/json; charset=utf-8
cache-control: no-cache
content-length: 88

12:04:44.051 [AsyncHttpClient-1-5] DEBUG org.asynchttpclient.netty.channel.ChannelManager - Adding key: http://localhost:53990 for channel [id: 0xd121e5de, L:/127.0.0.1:62413 - R:localhost/127.0.0.1:53990]
12:04:44.056 [Forwarding clickElement on session 084f90fcdba188c630b053b5ff69274e to remote] DEBUG org.asynchttpclient.netty.request.NettyRequestSender - Using pooled Channel '[id: 0xd121e5de, L:/127.0.0.1:62413 - R:localhost/127.0.0.1:53990]' for 'POST' to 'http://localhost:53990/session/084f90fcdba188c630b053b5ff69274e/element/2886be52-a7c8-42b0-922a-4dad3b6f78b8/click'
12:04:44.057 [Forwarding clickElement on session 084f90fcdba188c630b053b5ff69274e to remote] DEBUG org.asynchttpclient.netty.request.NettyRequestSender - Using open Channel [id: 0xd121e5de, L:/127.0.0.1:62413 - R:localhost/127.0.0.1:53990] for POST '/session/084f90fcdba188c630b053b5ff69274e/element/2886be52-a7c8-42b0-922a-4dad3b6f78b8/click'
12:04:44.242 [AsyncHttpClient-1-5] DEBUG org.asynchttpclient.netty.handler.HttpHandler - 

Request DefaultHttpRequest(decodeResult: success, version: HTTP/1.1)
POST /session/084f90fcdba188c630b053b5ff69274e/element/2886be52-a7c8-42b0-922a-4dad3b6f78b8/click HTTP/1.1
User-Agent: selenium/4.1.2 (java windows)
Content-Length: 50
Content-Type: application/json; charset=utf-8
host: localhost:53990
accept: */*

Response DefaultHttpResponse(decodeResult: success, version: HTTP/1.1)
HTTP/1.1 200 OK
Content-Type: application/json; charset=utf-8
cache-control: no-cache
content-length: 14

12:04:44.242 [AsyncHttpClient-1-5] DEBUG org.asynchttpclient.netty.channel.ChannelManager - Adding key: http://localhost:53990 for channel [id: 0xd121e5de, L:/127.0.0.1:62413 - R:localhost/127.0.0.1:53990]
  &amp#27;[32mAnd &amp#27;[0m&amp#27;[32mI click my health facility&amp#27;[0m                                                       &amp#27;[90m# starter.stepdefinitions.sessionAvailSteps.iClickMyHealthFacility()&amp#27;[0m
12:04:44.271 [Forwarding screenshot on session 084f90fcdba188c630b053b5ff69274e to remote] DEBUG org.asynchttpclient.netty.request.NettyRequestSender - Using pooled Channel '[id: 0xd121e5de, L:/127.0.0.1:62413 - R:localhost/127.0.0.1:53990]' for 'GET' to 'http://localhost:53990/session/084f90fcdba188c630b053b5ff69274e/screenshot'
12:04:44.271 [Forwarding screenshot on session 084f90fcdba188c630b053b5ff69274e to remote] DEBUG org.asynchttpclient.netty.request.NettyRequestSender - Using open Channel [id: 0xd121e5de, L:/127.0.0.1:62413 - R:localhost/127.0.0.1:53990] for GET '/session/084f90fcdba188c630b053b5ff69274e/screenshot'
12:04:44.607 [AsyncHttpClient-1-5] DEBUG org.asynchttpclient.netty.handler.HttpHandler - 

Request DefaultFullHttpRequest(decodeResult: success, version: HTTP/1.1, content: EmptyByteBufBE)
GET /session/084f90fcdba188c630b053b5ff69274e/screenshot HTTP/1.1
User-Agent: selenium/4.1.2 (java windows)
Cache-Control: no-cache
Content-Type: application/json; charset=utf-8
host: localhost:53990
accept: */*

Response DefaultHttpResponse(decodeResult: success, version: HTTP/1.1)
HTTP/1.1 200 OK
Content-Type: application/json; charset=utf-8
cache-control: no-cache
content-length: 30204

12:04:44.609 [AsyncHttpClient-1-5] DEBUG org.asynchttpclient.netty.channel.ChannelManager - Adding key: http://localhost:53990 for channel [id: 0xd121e5de, L:/127.0.0.1:62413 - R:localhost/127.0.0.1:53990]
12:04:44.619 [main] DEBUG net.serenitybdd.core.photography.Darkroom - Send negative for processing for target\site\serenity\c7f0ce23ed9afdaf619fd4a7fd25ede7443e536bc17ff78906a680b6d9a487d5.png
12:04:44.636 [Darkroom Processing Line] DEBUG net.serenitybdd.core.photography.DarkroomProcessingLine - Processing screenshot image in /var/screenshots/screenshot-7913707614437761956
12:04:44.636 [Darkroom Processing Line] DEBUG net.serenitybdd.core.photography.DarkroomProcessingLine - Saving screenshot to target\site\serenity\c7f0ce23ed9afdaf619fd4a7fd25ede7443e536bc17ff78906a680b6d9a487d5.png
12:04:44.649 [Forwarding findElement on session 084f90fcdba188c630b053b5ff69274e to remote] DEBUG org.asynchttpclient.netty.request.NettyRequestSender - Using pooled Channel '[id: 0xd121e5de, L:/127.0.0.1:62413 - R:localhost/127.0.0.1:53990]' for 'POST' to 'http://localhost:53990/session/084f90fcdba188c630b053b5ff69274e/element'
12:04:44.649 [Forwarding findElement on session 084f90fcdba188c630b053b5ff69274e to remote] DEBUG org.asynchttpclient.netty.request.NettyRequestSender - Using open Channel [id: 0xd121e5de, L:/127.0.0.1:62413 - R:localhost/127.0.0.1:53990] for POST '/session/084f90fcdba188c630b053b5ff69274e/element'
12:04:45.091 [AsyncHttpClient-1-1] DEBUG org.asynchttpclient.netty.channel.DefaultChannelPool - Entry count for : http://localhost:62414 : 1
12:04:45.156 [AsyncHttpClient-1-5] DEBUG org.asynchttpclient.netty.handler.HttpHandler - 

Request DefaultHttpRequest(decodeResult: success, version: HTTP/1.1)
POST /session/084f90fcdba188c630b053b5ff69274e/element HTTP/1.1
User-Agent: selenium/4.1.2 (java windows)
Content-Length: 80
Content-Type: application/json; charset=utf-8
host: localhost:53990
accept: */*

Response DefaultHttpResponse(decodeResult: success, version: HTTP/1.1)
HTTP/1.1 200 OK
Content-Type: application/json; charset=utf-8
cache-control: no-cache
content-length: 88

12:04:45.158 [AsyncHttpClient-1-5] DEBUG org.asynchttpclient.netty.channel.ChannelManager - Adding key: http://localhost:53990 for channel [id: 0xd121e5de, L:/127.0.0.1:62413 - R:localhost/127.0.0.1:53990]
12:04:45.166 [Forwarding getElementTagName on session 084f90fcdba188c630b053b5ff69274e to remote] DEBUG org.asynchttpclient.netty.request.NettyRequestSender - Using pooled Channel '[id: 0xd121e5de, L:/127.0.0.1:62413 - R:localhost/127.0.0.1:53990]' for 'GET' to 'http://localhost:53990/session/084f90fcdba188c630b053b5ff69274e/element/69bfff43-0d6a-4b28-9fcc-a74f0d35c1da/name'
12:04:45.167 [Forwarding getElementTagName on session 084f90fcdba188c630b053b5ff69274e to remote] DEBUG org.asynchttpclient.netty.request.NettyRequestSender - Using open Channel [id: 0xd121e5de, L:/127.0.0.1:62413 - R:localhost/127.0.0.1:53990] for GET '/session/084f90fcdba188c630b053b5ff69274e/element/69bfff43-0d6a-4b28-9fcc-a74f0d35c1da/name'
12:04:45.180 [AsyncHttpClient-1-5] DEBUG org.asynchttpclient.netty.handler.HttpHandler - 

Request DefaultFullHttpRequest(decodeResult: success, version: HTTP/1.1, content: EmptyByteBufBE)
GET /session/084f90fcdba188c630b053b5ff69274e/element/69bfff43-0d6a-4b28-9fcc-a74f0d35c1da/name HTTP/1.1
User-Agent: selenium/4.1.2 (java windows)
Cache-Control: no-cache
Content-Type: application/json; charset=utf-8
host: localhost:53990
accept: */*

Response DefaultHttpResponse(decodeResult: success, version: HTTP/1.1)
HTTP/1.1 200 OK
Content-Type: application/json; charset=utf-8
cache-control: no-cache
content-length: 15

12:04:45.181 [AsyncHttpClient-1-5] DEBUG org.asynchttpclient.netty.channel.ChannelManager - Adding key: http://localhost:53990 for channel [id: 0xd121e5de, L:/127.0.0.1:62413 - R:localhost/127.0.0.1:53990]
12:04:45.190 [Forwarding getElementTagName on session 084f90fcdba188c630b053b5ff69274e to remote] DEBUG org.asynchttpclient.netty.request.NettyRequestSender - Using pooled Channel '[id: 0xd121e5de, L:/127.0.0.1:62413 - R:localhost/127.0.0.1:53990]' for 'GET' to 'http://localhost:53990/session/084f90fcdba188c630b053b5ff69274e/element/69bfff43-0d6a-4b28-9fcc-a74f0d35c1da/name'
12:04:45.190 [Forwarding getElementTagName on session 084f90fcdba188c630b053b5ff69274e to remote] DEBUG org.asynchttpclient.netty.request.NettyRequestSender - Using open Channel [id: 0xd121e5de, L:/127.0.0.1:62413 - R:localhost/127.0.0.1:53990] for GET '/session/084f90fcdba188c630b053b5ff69274e/element/69bfff43-0d6a-4b28-9fcc-a74f0d35c1da/name'
12:04:45.204 [AsyncHttpClient-1-5] DEBUG org.asynchttpclient.netty.handler.HttpHandler - 

Request DefaultFullHttpRequest(decodeResult: success, version: HTTP/1.1, content: EmptyByteBufBE)
GET /session/084f90fcdba188c630b053b5ff69274e/element/69bfff43-0d6a-4b28-9fcc-a74f0d35c1da/name HTTP/1.1
User-Agent: selenium/4.1.2 (java windows)
Cache-Control: no-cache
Content-Type: application/json; charset=utf-8
host: localhost:53990
accept: */*

Response DefaultHttpResponse(decodeResult: success, version: HTTP/1.1)
HTTP/1.1 200 OK
Content-Type: application/json; charset=utf-8
cache-control: no-cache
content-length: 15

12:04:45.204 [AsyncHttpClient-1-5] DEBUG org.asynchttpclient.netty.channel.ChannelManager - Adding key: http://localhost:53990 for channel [id: 0xd121e5de, L:/127.0.0.1:62413 - R:localhost/127.0.0.1:53990]
12:04:45.212 [Forwarding findElement on session 084f90fcdba188c630b053b5ff69274e to remote] DEBUG org.asynchttpclient.netty.request.NettyRequestSender - Using pooled Channel '[id: 0xd121e5de, L:/127.0.0.1:62413 - R:localhost/127.0.0.1:53990]' for 'POST' to 'http://localhost:53990/session/084f90fcdba188c630b053b5ff69274e/element'
12:04:45.212 [Forwarding findElement on session 084f90fcdba188c630b053b5ff69274e to remote] DEBUG org.asynchttpclient.netty.request.NettyRequestSender - Using open Channel [id: 0xd121e5de, L:/127.0.0.1:62413 - R:localhost/127.0.0.1:53990] for POST '/session/084f90fcdba188c630b053b5ff69274e/element'
12:04:45.228 [AsyncHttpClient-1-5] DEBUG org.asynchttpclient.netty.handler.HttpHandler - 

Request DefaultHttpRequest(decodeResult: success, version: HTTP/1.1)
POST /session/084f90fcdba188c630b053b5ff69274e/element HTTP/1.1
User-Agent: selenium/4.1.2 (java windows)
Content-Length: 80
Content-Type: application/json; charset=utf-8
host: localhost:53990
accept: */*

Response DefaultHttpResponse(decodeResult: success, version: HTTP/1.1)
HTTP/1.1 200 OK
Content-Type: application/json; charset=utf-8
cache-control: no-cache
content-length: 88

12:04:45.228 [AsyncHttpClient-1-5] DEBUG org.asynchttpclient.netty.channel.ChannelManager - Adding key: http://localhost:53990 for channel [id: 0xd121e5de, L:/127.0.0.1:62413 - R:localhost/127.0.0.1:53990]
12:04:45.239 [Forwarding clickElement on session 084f90fcdba188c630b053b5ff69274e to remote] DEBUG org.asynchttpclient.netty.request.NettyRequestSender - Using pooled Channel '[id: 0xd121e5de, L:/127.0.0.1:62413 - R:localhost/127.0.0.1:53990]' for 'POST' to 'http://localhost:53990/session/084f90fcdba188c630b053b5ff69274e/element/69bfff43-0d6a-4b28-9fcc-a74f0d35c1da/click'
12:04:45.239 [Forwarding clickElement on session 084f90fcdba188c630b053b5ff69274e to remote] DEBUG org.asynchttpclient.netty.request.NettyRequestSender - Using open Channel [id: 0xd121e5de, L:/127.0.0.1:62413 - R:localhost/127.0.0.1:53990] for POST '/session/084f90fcdba188c630b053b5ff69274e/element/69bfff43-0d6a-4b28-9fcc-a74f0d35c1da/click'
12:04:45.464 [AsyncHttpClient-1-5] DEBUG org.asynchttpclient.netty.handler.HttpHandler - 

Request DefaultHttpRequest(decodeResult: success, version: HTTP/1.1)
POST /session/084f90fcdba188c630b053b5ff69274e/element/69bfff43-0d6a-4b28-9fcc-a74f0d35c1da/click HTTP/1.1
User-Agent: selenium/4.1.2 (java windows)
Content-Length: 50
Content-Type: application/json; charset=utf-8
host: localhost:53990
accept: */*

Response DefaultHttpResponse(decodeResult: success, version: HTTP/1.1)
HTTP/1.1 200 OK
Content-Type: application/json; charset=utf-8
cache-control: no-cache
content-length: 14

12:04:45.465 [AsyncHttpClient-1-5] DEBUG org.asynchttpclient.netty.channel.ChannelManager - Adding key: http://localhost:53990 for channel [id: 0xd121e5de, L:/127.0.0.1:62413 - R:localhost/127.0.0.1:53990]
  &amp#27;[32mAnd &amp#27;[0m&amp#27;[32mI click edit status button&amp#27;[0m                                                       &amp#27;[90m# starter.stepdefinitions.vaccinationBookingSteps.iClickEditStatusButton()&amp#27;[0m
12:04:45.490 [Forwarding screenshot on session 084f90fcdba188c630b053b5ff69274e to remote] DEBUG org.asynchttpclient.netty.request.NettyRequestSender - Using pooled Channel '[id: 0xd121e5de, L:/127.0.0.1:62413 - R:localhost/127.0.0.1:53990]' for 'GET' to 'http://localhost:53990/session/084f90fcdba188c630b053b5ff69274e/screenshot'
12:04:45.491 [Forwarding screenshot on session 084f90fcdba188c630b053b5ff69274e to remote] DEBUG org.asynchttpclient.netty.request.NettyRequestSender - Using open Channel [id: 0xd121e5de, L:/127.0.0.1:62413 - R:localhost/127.0.0.1:53990] for GET '/session/084f90fcdba188c630b053b5ff69274e/screenshot'
12:04:45.935 [AsyncHttpClient-1-5] DEBUG org.asynchttpclient.netty.handler.HttpHandler - 

Request DefaultFullHttpRequest(decodeResult: success, version: HTTP/1.1, content: EmptyByteBufBE)
GET /session/084f90fcdba188c630b053b5ff69274e/screenshot HTTP/1.1
User-Agent: selenium/4.1.2 (java windows)
Cache-Control: no-cache
Content-Type: application/json; charset=utf-8
host: localhost:53990
accept: */*

Response DefaultHttpResponse(decodeResult: success, version: HTTP/1.1)
HTTP/1.1 200 OK
Content-Type: application/json; charset=utf-8
cache-control: no-cache
content-length: 60364

12:04:45.939 [AsyncHttpClient-1-5] DEBUG org.asynchttpclient.netty.channel.ChannelManager - Adding key: http://localhost:53990 for channel [id: 0xd121e5de, L:/127.0.0.1:62413 - R:localhost/127.0.0.1:53990]
12:04:45.949 [main] DEBUG net.serenitybdd.core.photography.Darkroom - Send negative for processing for target\site\serenity\6634c7cc1eafcfc3f1c73ea6e13d290de1535664871b7cb4eac7b74019fe625b.png
12:04:45.958 [Darkroom Processing Line] DEBUG net.serenitybdd.core.photography.DarkroomProcessingLine - Processing screenshot image in /var/screenshots/screenshot-18245872625592997546
12:04:45.958 [Darkroom Processing Line] DEBUG net.serenitybdd.core.photography.DarkroomProcessingLine - Saving screenshot to target\site\serenity\6634c7cc1eafcfc3f1c73ea6e13d290de1535664871b7cb4eac7b74019fe625b.png
12:04:46.134 [AsyncHttpClient-1-1] DEBUG org.asynchttpclient.netty.channel.DefaultChannelPool - Entry count for : http://localhost:53990 : 1
12:04:46.135 [AsyncHttpClient-1-1] DEBUG org.asynchttpclient.netty.channel.DefaultChannelPool - Entry count for : http://localhost:62414 : 1
12:04:47.175 [Forwarding findElement on session 084f90fcdba188c630b053b5ff69274e to remote] DEBUG org.asynchttpclient.netty.request.NettyRequestSender - Using pooled Channel '[id: 0xd121e5de, L:/127.0.0.1:62413 - R:localhost/127.0.0.1:53990]' for 'POST' to 'http://localhost:53990/session/084f90fcdba188c630b053b5ff69274e/element'
12:04:47.175 [Forwarding findElement on session 084f90fcdba188c630b053b5ff69274e to remote] DEBUG org.asynchttpclient.netty.request.NettyRequestSender - Using open Channel [id: 0xd121e5de, L:/127.0.0.1:62413 - R:localhost/127.0.0.1:53990] for POST '/session/084f90fcdba188c630b053b5ff69274e/element'
12:04:47.224 [AsyncHttpClient-1-1] DEBUG org.asynchttpclient.netty.channel.DefaultChannelPool - Entry count for : http://localhost:62414 : 1
12:04:48.330 [AsyncHttpClient-1-1] DEBUG org.asynchttpclient.netty.channel.DefaultChannelPool - Entry count for : http://localhost:62414 : 1
12:04:49.239 [AsyncHttpClient-1-5] DEBUG org.asynchttpclient.netty.handler.HttpHandler - 

Request DefaultHttpRequest(decodeResult: success, version: HTTP/1.1)
POST /session/084f90fcdba188c630b053b5ff69274e/element HTTP/1.1
User-Agent: selenium/4.1.2 (java windows)
Content-Length: 156
Content-Type: application/json; charset=utf-8
host: localhost:53990
accept: */*

Response DefaultHttpResponse(decodeResult: success, version: HTTP/1.1)
HTTP/1.1 404 Not Found
Content-Type: application/json; charset=utf-8
cache-control: no-cache
content-length: 1116

12:04:49.240 [AsyncHttpClient-1-5] DEBUG org.asynchttpclient.netty.channel.ChannelManager - Adding key: http://localhost:53990 for channel [id: 0xd121e5de, L:/127.0.0.1:62413 - R:localhost/127.0.0.1:53990]
  &amp#27;[31mAnd &amp#27;[0m&amp#27;[31mI click choose vaccination status &amp#27;[0m&amp#27;[31m&amp#27;[1m"not_yet"&amp#27;[0m                                      &amp#27;[90m# starter.stepdefinitions.vaccinationBookingSteps.iClickChooseVaccinationStatus(java.lang.String)&amp#27;[0m
      &amp#27;[31morg.openqa.selenium.NoSuchElementException: no such element: Unable to locate element: {"method":"xpath","selector":"//*[@class= 'p-[4px] mx-1 bg-green-200  font-bold text-xs rounded-xl text-white inline-block cursor-pointer']"}
  (Session info: chrome=103.0.5060.114)
For documentation on this error, please visit: https://selenium.dev/exceptions/#no_such_element
Build info: version: '4.1.2', revision: '9a5a329c5a'
System info: host: 'INGGRIT', ip: '192.168.137.1', os.name: 'Windows 10', os.arch: 'amd64', os.version: '10.0', java.version: '15.0.2'
Driver info: org.openqa.selenium.chrome.ChromeDriver
Command: [084f90fcdba188c630b053b5ff69274e, findElement {using=xpath, value=//*[@class= 'p-[4px] mx-1 bg-green-200  font-bold text-xs rounded-xl text-white inline-block cursor-pointer']}]
Capabilities {acceptInsecureCerts: false, browserName: chrome, browserVersion: 103.0.5060.114, chrome: {chromedriverVersion: 102.0.5005.61 (0e59bcc00cc4..., userDataDir: C:\Users\ponda\AppData\Loca...}, goog:chromeOptions: {debuggerAddress: localhost:62414}, javascriptEnabled: true, networkConnectionEnabled: false, pageLoadStrategy: normal, platform: WINDOWS, platformName: WINDOWS, proxy: Proxy(), se:cdp: ws://localhost:62414/devtoo..., se:cdpVersion: 103.0.5060.114, setWindowRect: true, strictFileInteractability: false, timeouts: {implicit: 0, pageLoad: 300000, script: 30000}, unhandledPromptBehavior: dismiss and notify, webauthn:extension:credBlob: true, webauthn:extension:largeBlob: true, webauthn:virtualAuthenticators: true}
Session ID: 084f90fcdba188c630b053b5ff69274e
	at java.base/jdk.internal.reflect.NativeConstructorAccessorImpl.newInstance0(Native Method)
	at java.base/jdk.internal.reflect.NativeConstructorAccessorImpl.newInstance(NativeConstructorAccessorImpl.java:64)
	at java.base/jdk.internal.reflect.DelegatingConstructorAccessorImpl.newInstance(DelegatingConstructorAccessorImpl.java:45)
	at java.base/java.lang.reflect.Constructor.newInstanceWithCaller(Constructor.java:500)
	at java.base/java.lang.reflect.Constructor.newInstance(Constructor.java:481)
	at org.openqa.selenium.remote.codec.w3c.W3CHttpResponseCodec.createException(W3CHttpResponseCodec.java:200)
	at org.openqa.selenium.remote.codec.w3c.W3CHttpResponseCodec.decode(W3CHttpResponseCodec.java:133)
	at org.openqa.selenium.remote.codec.w3c.W3CHttpResponseCodec.decode(W3CHttpResponseCodec.java:53)
	at org.openqa.selenium.remote.HttpCommandExecutor.execute(HttpCommandExecutor.java:184)
	at org.openqa.selenium.remote.service.DriverCommandExecutor.invokeExecute(DriverCommandExecutor.java:167)
	at org.openqa.selenium.remote.service.DriverCommandExecutor.execute(DriverCommandExecutor.java:142)
	at org.openqa.selenium.remote.RemoteWebDriver.execute(RemoteWebDriver.java:558)
	at org.openqa.selenium.remote.ElementLocation$ElementFinder$2.findElement(ElementLocation.java:162)
	at org.openqa.selenium.remote.ElementLocation.findElement(ElementLocation.java:60)
	at org.openqa.selenium.remote.RemoteWebDriver.findElement(RemoteWebDriver.java:382)
	at org.openqa.selenium.remote.RemoteWebDriver.findElement(RemoteWebDriver.java:374)
	at net.thucydides.core.webdriver.WebDriverFacade.findElement(WebDriverFacade.java:224)
	at net.serenitybdd.core.pages.WebElementResolverByLocator.resolveForDriver(WebElementResolverByLocator.java:25)
	at net.serenitybdd.core.pages.WebElementFacadeImpl.getResolvedElement(WebElementFacadeImpl.java:191)
	at net.serenitybdd.core.pages.WebElementFacadeImpl.getElement(WebElementFacadeImpl.java:186)
	at net.serenitybdd.core.pages.SerenityActions.wrappedElementIn(SerenityActions.java:14)
	at net.serenitybdd.core.pages.SerenityActions.moveToElement(SerenityActions.java:57)
	at Web.Automation@1.0-SNAPSHOT/starter.pages.admin.vaccination_booking.scrollTo(vaccination_booking.java:39)
	at Web.Automation@1.0-SNAPSHOT/starter.stepdefinitions.vaccinationBookingSteps.iClickChooseVaccinationStatus(vaccinationBookingSteps.java:27)
	at âœ½.I click choose vaccination status "not_yet"(file:///C:/Users/ponda/Downloads/Video/Web_Automation/src/test/resources/features/vaccination_bookings.feature:10)
&amp#27;[0m
12:04:49.320 [Forwarding screenshot on session 084f90fcdba188c630b053b5ff69274e to remote] DEBUG org.asynchttpclient.netty.request.NettyRequestSender - Using pooled Channel '[id: 0xd121e5de, L:/127.0.0.1:62413 - R:localhost/127.0.0.1:53990]' for 'GET' to 'http://localhost:53990/session/084f90fcdba188c630b053b5ff69274e/screenshot'
12:04:49.320 [Forwarding screenshot on session 084f90fcdba188c630b053b5ff69274e to remote] DEBUG org.asynchttpclient.netty.request.NettyRequestSender - Using open Channel [id: 0xd121e5de, L:/127.0.0.1:62413 - R:localhost/127.0.0.1:53990] for GET '/session/084f90fcdba188c630b053b5ff69274e/screenshot'
12:04:49.447 [AsyncHttpClient-1-1] DEBUG org.asynchttpclient.netty.channel.DefaultChannelPool - Entry count for : http://localhost:62414 : 1
12:04:49.570 [AsyncHttpClient-1-5] DEBUG org.asynchttpclient.netty.handler.HttpHandler - 

Request DefaultFullHttpRequest(decodeResult: success, version: HTTP/1.1, content: EmptyByteBufBE)
GET /session/084f90fcdba188c630b053b5ff69274e/screenshot HTTP/1.1
User-Agent: selenium/4.1.2 (java windows)
Cache-Control: no-cache
Content-Type: application/json; charset=utf-8
host: localhost:53990
accept: */*

Response DefaultHttpResponse(decodeResult: success, version: HTTP/1.1)
HTTP/1.1 200 OK
Content-Type: application/json; charset=utf-8
cache-control: no-cache
content-length: 65648

12:04:49.573 [AsyncHttpClient-1-5] DEBUG org.asynchttpclient.netty.channel.ChannelManager - Adding key: http://localhost:53990 for channel [id: 0xd121e5de, L:/127.0.0.1:62413 - R:localhost/127.0.0.1:53990]
12:04:49.584 [main] DEBUG net.serenitybdd.core.photography.Darkroom - Send negative for processing for target\site\serenity\9c8f544fc1ac3e87e95fe15e3c0478584f03c8a4a989677972186d9b2763e9f8.png
12:04:49.585 [Darkroom Processing Line] DEBUG net.serenitybdd.core.photography.DarkroomProcessingLine - Processing screenshot image in /var/screenshots/screenshot-14999454871808619949
12:04:49.585 [Darkroom Processing Line] DEBUG net.serenitybdd.core.photography.DarkroomProcessingLine - Saving screenshot to target\site\serenity\9c8f544fc1ac3e87e95fe15e3c0478584f03c8a4a989677972186d9b2763e9f8.png
12:04:49.592 [Forwarding getPageSource on session 084f90fcdba188c630b053b5ff69274e to remote] DEBUG org.asynchttpclient.netty.request.NettyRequestSender - Using pooled Channel '[id: 0xd121e5de, L:/127.0.0.1:62413 - R:localhost/127.0.0.1:53990]' for 'POST' to 'http://localhost:53990/session/084f90fcdba188c630b053b5ff69274e/execute/sync'
12:04:49.592 [Forwarding getPageSource on session 084f90fcdba188c630b053b5ff69274e to remote] DEBUG org.asynchttpclient.netty.request.NettyRequestSender - Using open Channel [id: 0xd121e5de, L:/127.0.0.1:62413 - R:localhost/127.0.0.1:53990] for POST '/session/084f90fcdba188c630b053b5ff69274e/execute/sync'
12:04:49.619 [AsyncHttpClient-1-5] DEBUG org.asynchttpclient.netty.handler.HttpHandler - 

Request DefaultHttpRequest(decodeResult: success, version: HTTP/1.1)
POST /session/084f90fcdba188c630b053b5ff69274e/execute/sync HTTP/1.1
User-Agent: selenium/4.1.2 (java windows)
Content-Length: 176
Content-Type: application/json; charset=utf-8
host: localhost:53990
accept: */*

Response DefaultHttpResponse(decodeResult: success, version: HTTP/1.1)
HTTP/1.1 200 OK
Content-Type: application/json; charset=utf-8
cache-control: no-cache
content-length: 47878

12:04:49.619 [AsyncHttpClient-1-5] DEBUG org.asynchttpclient.netty.channel.ChannelManager - Adding key: http://localhost:53990 for channel [id: 0xd121e5de, L:/127.0.0.1:62413 - R:localhost/127.0.0.1:53990]
12:04:49.784 [Forwarding getCurrentUrl on session 084f90fcdba188c630b053b5ff69274e to remote] DEBUG org.asynchttpclient.netty.request.NettyRequestSender - Using pooled Channel '[id: 0xd121e5de, L:/127.0.0.1:62413 - R:localhost/127.0.0.1:53990]' for 'GET' to 'http://localhost:53990/session/084f90fcdba188c630b053b5ff69274e/url'
12:04:49.785 [Forwarding getCurrentUrl on session 084f90fcdba188c630b053b5ff69274e to remote] DEBUG org.asynchttpclient.netty.request.NettyRequestSender - Using open Channel [id: 0xd121e5de, L:/127.0.0.1:62413 - R:localhost/127.0.0.1:53990] for GET '/session/084f90fcdba188c630b053b5ff69274e/url'
12:04:49.807 [AsyncHttpClient-1-5] DEBUG org.asynchttpclient.netty.handler.HttpHandler - 

Request DefaultFullHttpRequest(decodeResult: success, version: HTTP/1.1, content: EmptyByteBufBE)
GET /session/084f90fcdba188c630b053b5ff69274e/url HTTP/1.1
User-Agent: selenium/4.1.2 (java windows)
Cache-Control: no-cache
Content-Type: application/json; charset=utf-8
host: localhost:53990
accept: */*

Response DefaultHttpResponse(decodeResult: success, version: HTTP/1.1)
HTTP/1.1 200 OK
Content-Type: application/json; charset=utf-8
cache-control: no-cache
content-length: 87

12:04:49.808 [AsyncHttpClient-1-5] DEBUG org.asynchttpclient.netty.channel.ChannelManager - Adding key: http://localhost:53990 for channel [id: 0xd121e5de, L:/127.0.0.1:62413 - R:localhost/127.0.0.1:53990]
  &amp#27;[36mAnd &amp#27;[0m&amp#27;[36mI click update button&amp#27;[0m                                                            &amp#27;[90m# starter.stepdefinitions.vaccinationBookingSteps.iClickUpdateButton()&amp#27;[0m
  &amp#27;[36mAnd &amp#27;[0m&amp#27;[36mI success update vaccination status &amp#27;[0m&amp#27;[36m&amp#27;[1m"not_yet"&amp#27;[0m                                    &amp#27;[90m# starter.stepdefinitions.vaccinationBookingSteps.iSuccessUpdateVaccinationStatus(java.lang.String)&amp#27;[0m
12:04:50.024 [AsyncHttpClient-1-3] DEBUG org.asynchttpclient.netty.handler.WebSocketHandler - Channel Closed: [id: 0x80838cdc, L:/127.0.0.1:62422 ! R:localhost/127.0.0.1:62414] with attribute NettyResponseFuture{currentRetry=5,
	isDone=1,
	isCancelled=0,
	asyncHandler=org.asynchttpclient.ws.WebSocketUpgradeHandler@573e2fff,
	nettyRequest=org.asynchttpclient.netty.request.NettyRequest@506fd074,
	future=java.util.concurrent.CompletableFuture@3cd9d40f[Completed normally],
	uri=ws://localhost:62414/devtools/browser/be9fc19d-363e-4f93-80f3-7ff9082312b7,
	keepAlive=true,
	redirectCount=0,
	timeoutsHolder=null,
	inAuth=0,
	touch=1658207072277}
12:04:50.025 [AsyncHttpClient-1-3] DEBUG org.asynchttpclient.netty.channel.ChannelManager - Closing Channel [id: 0x80838cdc, L:/127.0.0.1:62422 ! R:localhost/127.0.0.1:62414] 
12:04:50.029 [Driver Command Executor] DEBUG org.asynchttpclient.netty.request.NettyRequestSender - Using pooled Channel '[id: 0xd121e5de, L:/127.0.0.1:62413 - R:localhost/127.0.0.1:53990]' for 'DELETE' to 'http://localhost:53990/session/084f90fcdba188c630b053b5ff69274e'
12:04:50.029 [Driver Command Executor] DEBUG org.asynchttpclient.netty.request.NettyRequestSender - Using open Channel [id: 0xd121e5de, L:/127.0.0.1:62413 - R:localhost/127.0.0.1:53990] for DELETE '/session/084f90fcdba188c630b053b5ff69274e'
12:04:50.626 [AsyncHttpClient-1-1] DEBUG org.asynchttpclient.netty.channel.DefaultChannelPool - Entry count for : http://localhost:62414 : 1
12:04:50.988 [AsyncHttpClient-1-2] DEBUG org.asynchttpclient.netty.handler.HttpHandler - Unexpected I/O exception on channel [id: 0x6e4f325f, L:/127.0.0.1:62421 - R:localhost/127.0.0.1:62414]
java.net.SocketException: Connection reset
	at java.base/sun.nio.ch.SocketChannelImpl.throwConnectionReset(SocketChannelImpl.java:367)
	at java.base/sun.nio.ch.SocketChannelImpl.read(SocketChannelImpl.java:398)
	at io.netty.buffer.PooledByteBuf.setBytes(PooledByteBuf.java:258)
	at io.netty.buffer.AbstractByteBuf.writeBytes(AbstractByteBuf.java:1132)
	at io.netty.channel.socket.nio.NioSocketChannel.doReadBytes(NioSocketChannel.java:350)
	at io.netty.channel.nio.AbstractNioByteChannel$NioByteUnsafe.read(AbstractNioByteChannel.java:151)
	at io.netty.channel.nio.NioEventLoop.processSelectedKey(NioEventLoop.java:722)
	at io.netty.channel.nio.NioEventLoop.processSelectedKeysOptimized(NioEventLoop.java:658)
	at io.netty.channel.nio.NioEventLoop.processSelectedKeys(NioEventLoop.java:584)
	at io.netty.channel.nio.NioEventLoop.run(NioEventLoop.java:496)
	at io.netty.util.concurrent.SingleThreadEventExecutor$4.run(SingleThreadEventExecutor.java:986)
	at io.netty.util.internal.ThreadExecutorMap$2.run(ThreadExecutorMap.java:74)
	at io.netty.util.concurrent.FastThreadLocalRunnable.run(FastThreadLocalRunnable.java:30)
	at java.base/java.lang.Thread.run(Thread.java:832)
12:04:50.988 [AsyncHttpClient-1-2] DEBUG org.asynchttpclient.netty.channel.ChannelManager - Closing Channel [id: 0x6e4f325f, L:/127.0.0.1:62421 - R:localhost/127.0.0.1:62414] 
12:04:50.989 [AsyncHttpClient-1-2] DEBUG org.asynchttpclient.netty.handler.HttpHandler - Channel Closed: [id: 0x6e4f325f, L:/127.0.0.1:62421 ! R:localhost/127.0.0.1:62414] with attribute DISCARD
12:04:51.034 [AsyncHttpClient-1-5] DEBUG org.asynchttpclient.netty.handler.HttpHandler - 

Request DefaultFullHttpRequest(decodeResult: success, version: HTTP/1.1, content: EmptyByteBufBE)
DELETE /session/084f90fcdba188c630b053b5ff69274e HTTP/1.1
User-Agent: selenium/4.1.2 (java windows)
Content-Type: application/json; charset=utf-8
host: localhost:53990
accept: */*

Response DefaultHttpResponse(decodeResult: success, version: HTTP/1.1)
HTTP/1.1 200 OK
Content-Type: application/json; charset=utf-8
cache-control: no-cache
content-length: 14

12:04:51.035 [AsyncHttpClient-1-5] DEBUG org.asynchttpclient.netty.channel.ChannelManager - Adding key: http://localhost:53990 for channel [id: 0xd121e5de, L:/127.0.0.1:62413 - R:localhost/127.0.0.1:53990]
12:04:51.596 [AsyncHttpClient-1-5] DEBUG org.asynchttpclient.netty.handler.HttpHandler - Channel Closed: [id: 0xd121e5de, L:/127.0.0.1:62413 ! R:localhost/127.0.0.1:53990] with attribute DISCARD
12:04:51.724 [AsyncHttpClient-1-1] DEBUG org.asynchttpclient.netty.channel.DefaultChannelPool - Entry count for : http://localhost:53990 : 1
12:04:51.724 [AsyncHttpClient-1-1] DEBUG org.asynchttpclient.netty.channel.DefaultChannelPool - Entry count for : http://localhost:62414 : 1
12:04:51.725 [AsyncHttpClient-1-1] DEBUG org.asynchttpclient.netty.channel.DefaultChannelPool - Adding Candidate expired Channel [id: 0xd121e5de, L:/127.0.0.1:62413 ! R:localhost/127.0.0.1:53990] isIdleTimeoutExpired=false isRemotelyClosed=true isTtlExpired=false
12:04:51.725 [AsyncHttpClient-1-1] DEBUG org.asynchttpclient.netty.channel.DefaultChannelPool - Closing Idle Channel [id: 0xd121e5de, L:/127.0.0.1:62413 ! R:localhost/127.0.0.1:53990]
12:04:51.726 [AsyncHttpClient-1-1] DEBUG org.asynchttpclient.netty.channel.DefaultChannelPool - Adding Candidate expired Channel [id: 0x6e4f325f, L:/127.0.0.1:62421 ! R:localhost/127.0.0.1:62414] isIdleTimeoutExpired=false isRemotelyClosed=true isTtlExpired=false
12:04:51.726 [AsyncHttpClient-1-1] DEBUG org.asynchttpclient.netty.channel.DefaultChannelPool - Closing Idle Channel [id: 0x6e4f325f, L:/127.0.0.1:62421 ! R:localhost/127.0.0.1:62414]
12:04:51.726 [AsyncHttpClient-1-1] DEBUG org.asynchttpclient.netty.channel.DefaultChannelPool - Closed 2 connections out of 2 in 2 ms
12:04:52.122 [main] ERROR  - 
  _____   ___   ___   _____     ___   ___   ___    ___    ___ 
 |_   _| | __| / __| |_   _|   | __| | _ \ | _ \  / _ \  | _ \
   | |   | _|  \__ \   | |     | _|  |   / |   / | (_) | |   /
   |_|   |___| |___/   |_|     |___| |_|_\ |_|_\  \___/  |_|_\

Update vaccination booking's status
---------------------------------------------------------------
12:04:52.122 [main] DEBUG  - RELATED ISSUES: 
12:04:52.124 [main] ERROR  -     Test failed at step: And I click choose vaccination status "not_yet"
12:04:52.125 [main] ERROR  -     no such element: Unable to locate element: {"method":"xpath","selector":"//*[@class= 'p-[4px] mx-1 bg-green-200  font-bold text-xs rounded-xl text-white inline-block cursor-pointer']"}
]]></system-out>
    <system-err><![CDATA[Starting ChromeDriver 102.0.5005.61 (0e59bcc00cc4985ce39ad31c150065f159d95ad3-refs/branch-heads/5005@{#819}) on port 53990
Only local connections are allowed.
Please see https://chromedriver.chromium.org/security-considerations for suggestions on keeping ChromeDriver safe.
ChromeDriver was started successfully.
[1658207071.786][WARNING]: This version of ChromeDriver has not been tested with Chrome version 103.
Jul 19, 2022 12:04:32 PM org.openqa.selenium.remote.ProtocolHandshake createSession
INFO: Detected dialect: W3C
Jul 19, 2022 12:04:32 PM org.openqa.selenium.devtools.CdpVersionFinder findNearestMatch
WARNING: Unable to find an exact match for CDP version 103, so returning the closest version found: a no-op implementation
Jul 19, 2022 12:04:32 PM org.openqa.selenium.devtools.CdpVersionFinder findNearestMatch
INFO: Unable to find CDP implementation matching 103.
Jul 19, 2022 12:04:32 PM org.openqa.selenium.chromium.ChromiumDriver lambda$new$3
WARNING: Unable to find version of CDP to use for . You may need to include a dependency on a specific version of the CDP using something similar to `org.seleniumhq.selenium:selenium-devtools-v86:4.1.2` where the version ("v86") matches the version of the chromium-based browser you're using and the version number of the artifact is the same as Selenium's.
]]></system-err>
  </testcase>
  <testcase name="Update Vaccination Stock" classname="Vaccine Stock" time="20.573">
    <error type="org.openqa.selenium.InvalidElementStateException"><![CDATA[org.openqa.selenium.InvalidElementStateException: 
invalid element state
  (Session info: chrome=103.0.5060.114)
Build info: version: '4.1.2', revision: '9a5a329c5a'
System info: host: 'INGGRIT', ip: '192.168.137.1', os.name: 'Windows 10', os.arch: 'amd64', os.version: '10.0', java.version: '15.0.2'
Driver info: org.openqa.selenium.chrome.ChromeDriver
Command: [3fc6c66fef4483d52522f141d7fab3eb, clearElement {id=91e00fb5-9cea-43cc-b721-9f0c4aa07e7c}]
Capabilities {acceptInsecureCerts: false, browserName: chrome, browserVersion: 103.0.5060.114, chrome: {chromedriverVersion: 102.0.5005.61 (0e59bcc00cc4..., userDataDir: C:\Users\ponda\AppData\Loca...}, goog:chromeOptions: {debuggerAddress: localhost:62446}, javascriptEnabled: true, networkConnectionEnabled: false, pageLoadStrategy: normal, platform: WINDOWS, platformName: WINDOWS, proxy: Proxy(), se:cdp: ws://localhost:62446/devtoo..., se:cdpVersion: 103.0.5060.114, setWindowRect: true, strictFileInteractability: false, timeouts: {implicit: 0, pageLoad: 300000, script: 30000}, unhandledPromptBehavior: dismiss and notify, webauthn:extension:credBlob: true, webauthn:extension:largeBlob: true, webauthn:virtualAuthenticators: true}
Element: [[ChromeDriver: chrome on WINDOWS (3fc6c66fef4483d52522f141d7fab3eb)] -> xpath: //*[@id="root"]/div/div/div/div[1]/div[3]/table/tbody/tr[1]/td[3]]
Session ID: 3fc6c66fef4483d52522f141d7fab3eb
]]></error>
    <system-out><![CDATA[12:04:52.137 [main] INFO io.cucumber.core.plugin.SerenityReporter - Running feature from file:///C:/Users/ponda/Downloads/Video/Web_Automation/src/test/resources/features/vaccine_stock.feature
12:04:52.143 [main] DEBUG net.thucydides.core.steps.StepEventBus - Test suite started for story net.thucydides.core.model.Story@7da66dd6
12:04:52.144 [main] INFO  - Test Suite Started: Vaccine Stock

Scenario: Update Vaccination Stock                                                     &amp#27;[90m# src/test/resources/features/vaccine_stock.feature:3&amp#27;[0m
12:04:52.243 [main] INFO io.cucumber.core.plugin.SerenityReporter - Running feature from file:///C:/Users/ponda/Downloads/Video/Web_Automation/src/test/resources/features/vaccine_stock.feature
12:04:52.250 [main] INFO  - 
  _____   ___   ___   _____     ___   _____     _     ___   _____   ___   ___  
 |_   _| | __| / __| |_   _|   / __| |_   _|   /_\   | _ \ |_   _| | __| |   \ 
   | |   | _|  \__ \   | |     \__ \   | |    / _ \  |   /   | |   | _|  | |) |
   |_|   |___| |___/   |_|     |___/   |_|   /_/ \_\ |_|_\   |_|   |___| |___/ 

Update Vaccination Stock(vaccine-stock;update-vaccination-stock)
--------------------------------------------------------------------------------
12:04:52.282 [main] INFO net.serenitybdd.core.webdriver.driverproviders.ChromeDriverProvider - Using automatically driver download
12:04:52.631 [main] DEBUG io.github.bonigarcia.wdm.cache.ResolutionCache - Resolution chrome=103 in cache (valid until 12:57:45 19/07/2022 WIB)
12:04:52.650 [main] DEBUG io.github.bonigarcia.wdm.cache.ResolutionCache - Resolution chrome103=103.0.5060.53 in cache (valid until 09:25:39 20/07/2022 WIB)
12:04:52.657 [main] INFO io.github.bonigarcia.wdm.WebDriverManager - Using chromedriver 103.0.5060.53 (resolved driver for Chrome 103)
12:04:52.784 [main] DEBUG io.github.bonigarcia.wdm.WebDriverManager - Driver chromedriver 103.0.5060.53 found in cache
12:04:52.788 [main] INFO io.github.bonigarcia.wdm.WebDriverManager - Exporting webdriver.chrome.driver as C:\Users\ponda\.cache\selenium\chromedriver\win32\103.0.5060.53\chromedriver.exe
12:04:53.213 [main] DEBUG net.serenitybdd.core.webdriver.driverproviders.ProvideNewDriver - Instantiating driver
12:04:53.213 [main] DEBUG net.serenitybdd.core.webdriver.driverproviders.ProvideNewDriver - Driver capabilities: Capabilities {acceptInsecureCerts: false, base.url: https://evizy-app.netlify.app, browserName: chrome, chrome.driver: src/test/resources/webdrive..., driver: chrome, goog:chromeOptions: {args: [], extensions: []}}
12:04:53.804 [AsyncHttpClient-1-4] DEBUG org.asynchttpclient.netty.channel.NettyConnectListener - Using new Channel '[id: 0xd5af475b, L:/127.0.0.1:62444 - R:localhost/127.0.0.1:53157]' for 'POST' to '/session'
12:04:57.806 [AsyncHttpClient-1-4] DEBUG org.asynchttpclient.netty.handler.HttpHandler - 

Request DefaultHttpRequest(decodeResult: success, version: HTTP/1.1)
POST /session HTTP/1.1
User-Agent: selenium/4.1.2 (java windows)
Content-Length: 610
Content-Type: application/json; charset=utf-8
host: localhost:53157
accept: */*

Response DefaultHttpResponse(decodeResult: success, version: HTTP/1.1)
HTTP/1.1 200 OK
Content-Type: application/json; charset=utf-8
cache-control: no-cache
content-length: 791

12:04:57.806 [AsyncHttpClient-1-4] DEBUG org.asynchttpclient.netty.channel.ChannelManager - Adding key: http://localhost:53157 for channel [id: 0xd5af475b, L:/127.0.0.1:62444 - R:localhost/127.0.0.1:53157]
12:04:57.833 [AsyncHttpClient-1-5] DEBUG org.asynchttpclient.netty.channel.NettyConnectListener - Using new Channel '[id: 0x4bc61ae1, L:/127.0.0.1:62453 - R:localhost/127.0.0.1:62446]' for 'GET' to '/json/version'
12:04:57.842 [AsyncHttpClient-1-5] DEBUG org.asynchttpclient.netty.handler.HttpHandler - 

Request DefaultFullHttpRequest(decodeResult: success, version: HTTP/1.1, content: EmptyByteBufBE)
GET /json/version HTTP/1.1
User-Agent: selenium/4.1.2 (java windows)
host: localhost:62446
accept: */*

Response DefaultHttpResponse(decodeResult: success, version: HTTP/1.1)
HTTP/1.1 200 OK
Content-Type: application/json; charset=UTF-8
content-length: 429

12:04:57.842 [AsyncHttpClient-1-5] DEBUG org.asynchttpclient.netty.channel.ChannelManager - Adding key: http://localhost:62446 for channel [id: 0x4bc61ae1, L:/127.0.0.1:62453 - R:localhost/127.0.0.1:62446]
12:04:57.857 [AsyncHttpClient-1-2] DEBUG org.asynchttpclient.netty.channel.NettyConnectListener - Using new Channel '[id: 0xb238e1bb, L:/127.0.0.1:62454 - R:localhost/127.0.0.1:62446]' for 'GET' to '/devtools/browser/0b74ddd4-54fd-443f-afd7-b9b6084a2d04'
12:04:57.869 [AsyncHttpClient-1-2] DEBUG org.asynchttpclient.netty.handler.WebSocketHandler - 

Request DefaultFullHttpRequest(decodeResult: success, version: HTTP/1.1, content: EmptyByteBufBE)
GET /devtools/browser/0b74ddd4-54fd-443f-afd7-b9b6084a2d04 HTTP/1.1
upgrade: websocket
connection: upgrade
sec-websocket-key: TLZ6SuMVWKkIOITz4IYzxA==
sec-websocket-version: 13
origin: http://localhost:62446
host: localhost:62446
accept: */*
user-agent: AHC/2.1

Response DefaultHttpResponse(decodeResult: success, version: HTTP/1.1)
HTTP/1.1 101 WebSocket Protocol Handshake
Upgrade: WebSocket
Connection: Upgrade
Sec-WebSocket-Accept: cJL41g9BOE11aWvbK8S5AZqtSOk=

12:04:57.904 [Forwarding maximizeCurrentWindow on session 3fc6c66fef4483d52522f141d7fab3eb to remote] DEBUG org.asynchttpclient.netty.request.NettyRequestSender - Using pooled Channel '[id: 0xd5af475b, L:/127.0.0.1:62444 - R:localhost/127.0.0.1:53157]' for 'POST' to 'http://localhost:53157/session/3fc6c66fef4483d52522f141d7fab3eb/window/maximize'
12:04:57.904 [Forwarding maximizeCurrentWindow on session 3fc6c66fef4483d52522f141d7fab3eb to remote] DEBUG org.asynchttpclient.netty.request.NettyRequestSender - Using open Channel [id: 0xd5af475b, L:/127.0.0.1:62444 - R:localhost/127.0.0.1:53157] for POST '/session/3fc6c66fef4483d52522f141d7fab3eb/window/maximize'
12:04:58.129 [AsyncHttpClient-1-4] DEBUG org.asynchttpclient.netty.handler.HttpHandler - 

Request DefaultHttpRequest(decodeResult: success, version: HTTP/1.1)
POST /session/3fc6c66fef4483d52522f141d7fab3eb/window/maximize HTTP/1.1
User-Agent: selenium/4.1.2 (java windows)
Content-Length: 3
Content-Type: application/json; charset=utf-8
host: localhost:53157
accept: */*

Response DefaultHttpResponse(decodeResult: success, version: HTTP/1.1)
HTTP/1.1 200 OK
Content-Type: application/json; charset=utf-8
cache-control: no-cache
content-length: 51

12:04:58.129 [AsyncHttpClient-1-4] DEBUG org.asynchttpclient.netty.channel.ChannelManager - Adding key: http://localhost:53157 for channel [id: 0xd5af475b, L:/127.0.0.1:62444 - R:localhost/127.0.0.1:53157]
12:04:58.143 [Forwarding get on session 3fc6c66fef4483d52522f141d7fab3eb to remote] DEBUG org.asynchttpclient.netty.request.NettyRequestSender - Using pooled Channel '[id: 0xd5af475b, L:/127.0.0.1:62444 - R:localhost/127.0.0.1:53157]' for 'POST' to 'http://localhost:53157/session/3fc6c66fef4483d52522f141d7fab3eb/url'
12:04:58.144 [Forwarding get on session 3fc6c66fef4483d52522f141d7fab3eb to remote] DEBUG org.asynchttpclient.netty.request.NettyRequestSender - Using open Channel [id: 0xd5af475b, L:/127.0.0.1:62444 - R:localhost/127.0.0.1:53157] for POST '/session/3fc6c66fef4483d52522f141d7fab3eb/url'
12:04:58.435 [AsyncHttpClient-1-1] DEBUG org.asynchttpclient.netty.channel.DefaultChannelPool - Entry count for : http://localhost:62446 : 1
12:04:59.524 [AsyncHttpClient-1-1] DEBUG org.asynchttpclient.netty.channel.DefaultChannelPool - Entry count for : http://localhost:62446 : 1
12:05:00.709 [AsyncHttpClient-1-1] DEBUG org.asynchttpclient.netty.channel.DefaultChannelPool - Entry count for : http://localhost:62446 : 1
12:05:01.305 [AsyncHttpClient-1-4] DEBUG org.asynchttpclient.netty.handler.HttpHandler - 

Request DefaultHttpRequest(decodeResult: success, version: HTTP/1.1)
POST /session/3fc6c66fef4483d52522f141d7fab3eb/url HTTP/1.1
User-Agent: selenium/4.1.2 (java windows)
Content-Length: 76
Content-Type: application/json; charset=utf-8
host: localhost:53157
accept: */*

Response DefaultHttpResponse(decodeResult: success, version: HTTP/1.1)
HTTP/1.1 200 OK
Content-Type: application/json; charset=utf-8
cache-control: no-cache
content-length: 14

12:05:01.305 [AsyncHttpClient-1-4] DEBUG org.asynchttpclient.netty.channel.ChannelManager - Adding key: http://localhost:53157 for channel [id: 0xd5af475b, L:/127.0.0.1:62444 - R:localhost/127.0.0.1:53157]
12:05:01.308 [Forwarding setTimeout on session 3fc6c66fef4483d52522f141d7fab3eb to remote] DEBUG org.asynchttpclient.netty.request.NettyRequestSender - Using pooled Channel '[id: 0xd5af475b, L:/127.0.0.1:62444 - R:localhost/127.0.0.1:53157]' for 'POST' to 'http://localhost:53157/session/3fc6c66fef4483d52522f141d7fab3eb/timeouts'
12:05:01.308 [Forwarding setTimeout on session 3fc6c66fef4483d52522f141d7fab3eb to remote] DEBUG org.asynchttpclient.netty.request.NettyRequestSender - Using open Channel [id: 0xd5af475b, L:/127.0.0.1:62444 - R:localhost/127.0.0.1:53157] for POST '/session/3fc6c66fef4483d52522f141d7fab3eb/timeouts'
12:05:01.311 [AsyncHttpClient-1-4] DEBUG org.asynchttpclient.netty.handler.HttpHandler - 

Request DefaultHttpRequest(decodeResult: success, version: HTTP/1.1)
POST /session/3fc6c66fef4483d52522f141d7fab3eb/timeouts HTTP/1.1
User-Agent: selenium/4.1.2 (java windows)
Content-Length: 22
Content-Type: application/json; charset=utf-8
host: localhost:53157
accept: */*

Response DefaultHttpResponse(decodeResult: success, version: HTTP/1.1)
HTTP/1.1 200 OK
Content-Type: application/json; charset=utf-8
cache-control: no-cache
content-length: 14

12:05:01.311 [AsyncHttpClient-1-4] DEBUG org.asynchttpclient.netty.channel.ChannelManager - Adding key: http://localhost:53157 for channel [id: 0xd5af475b, L:/127.0.0.1:62444 - R:localhost/127.0.0.1:53157]
12:05:01.315 [Forwarding getCurrentUrl on session 3fc6c66fef4483d52522f141d7fab3eb to remote] DEBUG org.asynchttpclient.netty.request.NettyRequestSender - Using pooled Channel '[id: 0xd5af475b, L:/127.0.0.1:62444 - R:localhost/127.0.0.1:53157]' for 'GET' to 'http://localhost:53157/session/3fc6c66fef4483d52522f141d7fab3eb/url'
12:05:01.315 [Forwarding getCurrentUrl on session 3fc6c66fef4483d52522f141d7fab3eb to remote] DEBUG org.asynchttpclient.netty.request.NettyRequestSender - Using open Channel [id: 0xd5af475b, L:/127.0.0.1:62444 - R:localhost/127.0.0.1:53157] for GET '/session/3fc6c66fef4483d52522f141d7fab3eb/url'
12:05:01.403 [AsyncHttpClient-1-4] DEBUG org.asynchttpclient.netty.handler.HttpHandler - 

Request DefaultFullHttpRequest(decodeResult: success, version: HTTP/1.1, content: EmptyByteBufBE)
GET /session/3fc6c66fef4483d52522f141d7fab3eb/url HTTP/1.1
User-Agent: selenium/4.1.2 (java windows)
Cache-Control: no-cache
Content-Type: application/json; charset=utf-8
host: localhost:53157
accept: */*

Response DefaultHttpResponse(decodeResult: success, version: HTTP/1.1)
HTTP/1.1 200 OK
Content-Type: application/json; charset=utf-8
cache-control: no-cache
content-length: 53

12:05:01.404 [AsyncHttpClient-1-4] DEBUG org.asynchttpclient.netty.channel.ChannelManager - Adding key: http://localhost:53157 for channel [id: 0xd5af475b, L:/127.0.0.1:62444 - R:localhost/127.0.0.1:53157]
  &amp#27;[32mGiven &amp#27;[0m&amp#27;[32mI am on Evizy login admin page for vaccination session&amp#27;[0m                         &amp#27;[90m# starter.stepdefinitions.sessionAvailSteps.iAmOnEvizyLoginAdminPageForVaccinationSession()&amp#27;[0m
12:05:01.415 [main] DEBUG net.serenitybdd.core.photography.Darkroom - Opening darkroom
12:05:01.417 [Forwarding screenshot on session 3fc6c66fef4483d52522f141d7fab3eb to remote] DEBUG org.asynchttpclient.netty.request.NettyRequestSender - Using pooled Channel '[id: 0xd5af475b, L:/127.0.0.1:62444 - R:localhost/127.0.0.1:53157]' for 'GET' to 'http://localhost:53157/session/3fc6c66fef4483d52522f141d7fab3eb/screenshot'
12:05:01.417 [Forwarding screenshot on session 3fc6c66fef4483d52522f141d7fab3eb to remote] DEBUG org.asynchttpclient.netty.request.NettyRequestSender - Using open Channel [id: 0xd5af475b, L:/127.0.0.1:62444 - R:localhost/127.0.0.1:53157] for GET '/session/3fc6c66fef4483d52522f141d7fab3eb/screenshot'
12:05:01.474 [Darkroom Processing Line] DEBUG net.serenitybdd.core.photography.DarkroomProcessingLine - Darkroom processing line starting up
12:05:01.736 [AsyncHttpClient-1-1] DEBUG org.asynchttpclient.netty.channel.DefaultChannelPool - Entry count for : http://localhost:62446 : 1
12:05:02.431 [AsyncHttpClient-1-4] DEBUG org.asynchttpclient.netty.handler.HttpHandler - 

Request DefaultFullHttpRequest(decodeResult: success, version: HTTP/1.1, content: EmptyByteBufBE)
GET /session/3fc6c66fef4483d52522f141d7fab3eb/screenshot HTTP/1.1
User-Agent: selenium/4.1.2 (java windows)
Cache-Control: no-cache
Content-Type: application/json; charset=utf-8
host: localhost:53157
accept: */*

Response DefaultHttpResponse(decodeResult: success, version: HTTP/1.1)
HTTP/1.1 200 OK
Content-Type: application/json; charset=utf-8
cache-control: no-cache
content-length: 665208

12:05:02.437 [AsyncHttpClient-1-4] DEBUG org.asynchttpclient.netty.channel.ChannelManager - Adding key: http://localhost:53157 for channel [id: 0xd5af475b, L:/127.0.0.1:62444 - R:localhost/127.0.0.1:53157]
12:05:02.522 [main] DEBUG net.serenitybdd.core.photography.Darkroom - Send negative for processing for target\site\serenity\2c1f36d9ed6d83a040ce305829ae3d5aa2ca8176a2ab04dc3bb248570b46c122.png
12:05:02.657 [Forwarding screenshot on session 3fc6c66fef4483d52522f141d7fab3eb to remote] DEBUG org.asynchttpclient.netty.request.NettyRequestSender - Using pooled Channel '[id: 0xd5af475b, L:/127.0.0.1:62444 - R:localhost/127.0.0.1:53157]' for 'GET' to 'http://localhost:53157/session/3fc6c66fef4483d52522f141d7fab3eb/screenshot'
12:05:02.658 [Forwarding screenshot on session 3fc6c66fef4483d52522f141d7fab3eb to remote] DEBUG org.asynchttpclient.netty.request.NettyRequestSender - Using open Channel [id: 0xd5af475b, L:/127.0.0.1:62444 - R:localhost/127.0.0.1:53157] for GET '/session/3fc6c66fef4483d52522f141d7fab3eb/screenshot'
12:05:02.826 [AsyncHttpClient-1-1] DEBUG org.asynchttpclient.netty.channel.DefaultChannelPool - Entry count for : http://localhost:62446 : 1
12:05:03.253 [AsyncHttpClient-1-4] DEBUG org.asynchttpclient.netty.handler.HttpHandler - 

Request DefaultFullHttpRequest(decodeResult: success, version: HTTP/1.1, content: EmptyByteBufBE)
GET /session/3fc6c66fef4483d52522f141d7fab3eb/screenshot HTTP/1.1
User-Agent: selenium/4.1.2 (java windows)
Cache-Control: no-cache
Content-Type: application/json; charset=utf-8
host: localhost:53157
accept: */*

Response DefaultHttpResponse(decodeResult: success, version: HTTP/1.1)
HTTP/1.1 200 OK
Content-Type: application/json; charset=utf-8
cache-control: no-cache
content-length: 665208

12:05:03.261 [AsyncHttpClient-1-4] DEBUG org.asynchttpclient.netty.channel.ChannelManager - Adding key: http://localhost:53157 for channel [id: 0xd5af475b, L:/127.0.0.1:62444 - R:localhost/127.0.0.1:53157]
12:05:03.427 [main] DEBUG net.serenitybdd.core.photography.Darkroom - Send negative for processing for target\site\serenity\2c1f36d9ed6d83a040ce305829ae3d5aa2ca8176a2ab04dc3bb248570b46c122.png
12:05:03.435 [Forwarding findElement on session 3fc6c66fef4483d52522f141d7fab3eb to remote] DEBUG org.asynchttpclient.netty.request.NettyRequestSender - Using pooled Channel '[id: 0xd5af475b, L:/127.0.0.1:62444 - R:localhost/127.0.0.1:53157]' for 'POST' to 'http://localhost:53157/session/3fc6c66fef4483d52522f141d7fab3eb/element'
12:05:03.435 [Forwarding findElement on session 3fc6c66fef4483d52522f141d7fab3eb to remote] DEBUG org.asynchttpclient.netty.request.NettyRequestSender - Using open Channel [id: 0xd5af475b, L:/127.0.0.1:62444 - R:localhost/127.0.0.1:53157] for POST '/session/3fc6c66fef4483d52522f141d7fab3eb/element'
12:05:03.479 [AsyncHttpClient-1-4] DEBUG org.asynchttpclient.netty.handler.HttpHandler - 

Request DefaultHttpRequest(decodeResult: success, version: HTTP/1.1)
POST /session/3fc6c66fef4483d52522f141d7fab3eb/element HTTP/1.1
User-Agent: selenium/4.1.2 (java windows)
Content-Length: 70
Content-Type: application/json; charset=utf-8
host: localhost:53157
accept: */*

Response DefaultHttpResponse(decodeResult: success, version: HTTP/1.1)
HTTP/1.1 200 OK
Content-Type: application/json; charset=utf-8
cache-control: no-cache
content-length: 88

12:05:03.479 [AsyncHttpClient-1-4] DEBUG org.asynchttpclient.netty.channel.ChannelManager - Adding key: http://localhost:53157 for channel [id: 0xd5af475b, L:/127.0.0.1:62444 - R:localhost/127.0.0.1:53157]
12:05:03.482 [Forwarding clearElement on session 3fc6c66fef4483d52522f141d7fab3eb to remote] DEBUG org.asynchttpclient.netty.request.NettyRequestSender - Using pooled Channel '[id: 0xd5af475b, L:/127.0.0.1:62444 - R:localhost/127.0.0.1:53157]' for 'POST' to 'http://localhost:53157/session/3fc6c66fef4483d52522f141d7fab3eb/element/ec6f06b1-4540-4248-8eb3-30ac9eef8100/clear'
12:05:03.482 [Forwarding clearElement on session 3fc6c66fef4483d52522f141d7fab3eb to remote] DEBUG org.asynchttpclient.netty.request.NettyRequestSender - Using open Channel [id: 0xd5af475b, L:/127.0.0.1:62444 - R:localhost/127.0.0.1:53157] for POST '/session/3fc6c66fef4483d52522f141d7fab3eb/element/ec6f06b1-4540-4248-8eb3-30ac9eef8100/clear'
12:05:03.539 [AsyncHttpClient-1-4] DEBUG org.asynchttpclient.netty.handler.HttpHandler - 

Request DefaultHttpRequest(decodeResult: success, version: HTTP/1.1)
POST /session/3fc6c66fef4483d52522f141d7fab3eb/element/ec6f06b1-4540-4248-8eb3-30ac9eef8100/clear HTTP/1.1
User-Agent: selenium/4.1.2 (java windows)
Content-Length: 50
Content-Type: application/json; charset=utf-8
host: localhost:53157
accept: */*

Response DefaultHttpResponse(decodeResult: success, version: HTTP/1.1)
HTTP/1.1 200 OK
Content-Type: application/json; charset=utf-8
cache-control: no-cache
content-length: 14

12:05:03.540 [AsyncHttpClient-1-4] DEBUG org.asynchttpclient.netty.channel.ChannelManager - Adding key: http://localhost:53157 for channel [id: 0xd5af475b, L:/127.0.0.1:62444 - R:localhost/127.0.0.1:53157]
12:05:03.543 [Forwarding sendKeysToElement on session 3fc6c66fef4483d52522f141d7fab3eb to remote] DEBUG org.asynchttpclient.netty.request.NettyRequestSender - Using pooled Channel '[id: 0xd5af475b, L:/127.0.0.1:62444 - R:localhost/127.0.0.1:53157]' for 'POST' to 'http://localhost:53157/session/3fc6c66fef4483d52522f141d7fab3eb/element/ec6f06b1-4540-4248-8eb3-30ac9eef8100/value'
12:05:03.543 [Forwarding sendKeysToElement on session 3fc6c66fef4483d52522f141d7fab3eb to remote] DEBUG org.asynchttpclient.netty.request.NettyRequestSender - Using open Channel [id: 0xd5af475b, L:/127.0.0.1:62444 - R:localhost/127.0.0.1:53157] for POST '/session/3fc6c66fef4483d52522f141d7fab3eb/element/ec6f06b1-4540-4248-8eb3-30ac9eef8100/value'
12:05:03.799 [AsyncHttpClient-1-4] DEBUG org.asynchttpclient.netty.handler.HttpHandler - 

Request DefaultHttpRequest(decodeResult: success, version: HTTP/1.1)
POST /session/3fc6c66fef4483d52522f141d7fab3eb/element/ec6f06b1-4540-4248-8eb3-30ac9eef8100/value HTTP/1.1
User-Agent: selenium/4.1.2 (java windows)
Content-Length: 181
Content-Type: application/json; charset=utf-8
host: localhost:53157
accept: */*

Response DefaultHttpResponse(decodeResult: success, version: HTTP/1.1)
HTTP/1.1 200 OK
Content-Type: application/json; charset=utf-8
cache-control: no-cache
content-length: 14

12:05:03.799 [AsyncHttpClient-1-4] DEBUG org.asynchttpclient.netty.channel.ChannelManager - Adding key: http://localhost:53157 for channel [id: 0xd5af475b, L:/127.0.0.1:62444 - R:localhost/127.0.0.1:53157]
12:05:03.812 [Forwarding findElement on session 3fc6c66fef4483d52522f141d7fab3eb to remote] DEBUG org.asynchttpclient.netty.request.NettyRequestSender - Using pooled Channel '[id: 0xd5af475b, L:/127.0.0.1:62444 - R:localhost/127.0.0.1:53157]' for 'POST' to 'http://localhost:53157/session/3fc6c66fef4483d52522f141d7fab3eb/element'
12:05:03.812 [Forwarding findElement on session 3fc6c66fef4483d52522f141d7fab3eb to remote] DEBUG org.asynchttpclient.netty.request.NettyRequestSender - Using open Channel [id: 0xd5af475b, L:/127.0.0.1:62444 - R:localhost/127.0.0.1:53157] for POST '/session/3fc6c66fef4483d52522f141d7fab3eb/element'
12:05:03.844 [AsyncHttpClient-1-4] DEBUG org.asynchttpclient.netty.handler.HttpHandler - 

Request DefaultHttpRequest(decodeResult: success, version: HTTP/1.1)
POST /session/3fc6c66fef4483d52522f141d7fab3eb/element HTTP/1.1
User-Agent: selenium/4.1.2 (java windows)
Content-Length: 70
Content-Type: application/json; charset=utf-8
host: localhost:53157
accept: */*

Response DefaultHttpResponse(decodeResult: success, version: HTTP/1.1)
HTTP/1.1 200 OK
Content-Type: application/json; charset=utf-8
cache-control: no-cache
content-length: 88

12:05:03.844 [AsyncHttpClient-1-4] DEBUG org.asynchttpclient.netty.channel.ChannelManager - Adding key: http://localhost:53157 for channel [id: 0xd5af475b, L:/127.0.0.1:62444 - R:localhost/127.0.0.1:53157]
12:05:03.847 [Forwarding clearElement on session 3fc6c66fef4483d52522f141d7fab3eb to remote] DEBUG org.asynchttpclient.netty.request.NettyRequestSender - Using pooled Channel '[id: 0xd5af475b, L:/127.0.0.1:62444 - R:localhost/127.0.0.1:53157]' for 'POST' to 'http://localhost:53157/session/3fc6c66fef4483d52522f141d7fab3eb/element/8f0c26cf-9882-423b-aa43-c3231a0d752d/clear'
12:05:03.848 [Forwarding clearElement on session 3fc6c66fef4483d52522f141d7fab3eb to remote] DEBUG org.asynchttpclient.netty.request.NettyRequestSender - Using open Channel [id: 0xd5af475b, L:/127.0.0.1:62444 - R:localhost/127.0.0.1:53157] for POST '/session/3fc6c66fef4483d52522f141d7fab3eb/element/8f0c26cf-9882-423b-aa43-c3231a0d752d/clear'
12:05:03.925 [AsyncHttpClient-1-1] DEBUG org.asynchttpclient.netty.channel.DefaultChannelPool - Entry count for : http://localhost:62446 : 1
12:05:03.928 [AsyncHttpClient-1-4] DEBUG org.asynchttpclient.netty.handler.HttpHandler - 

Request DefaultHttpRequest(decodeResult: success, version: HTTP/1.1)
POST /session/3fc6c66fef4483d52522f141d7fab3eb/element/8f0c26cf-9882-423b-aa43-c3231a0d752d/clear HTTP/1.1
User-Agent: selenium/4.1.2 (java windows)
Content-Length: 50
Content-Type: application/json; charset=utf-8
host: localhost:53157
accept: */*

Response DefaultHttpResponse(decodeResult: success, version: HTTP/1.1)
HTTP/1.1 200 OK
Content-Type: application/json; charset=utf-8
cache-control: no-cache
content-length: 14

12:05:03.929 [AsyncHttpClient-1-4] DEBUG org.asynchttpclient.netty.channel.ChannelManager - Adding key: http://localhost:53157 for channel [id: 0xd5af475b, L:/127.0.0.1:62444 - R:localhost/127.0.0.1:53157]
12:05:03.933 [Forwarding sendKeysToElement on session 3fc6c66fef4483d52522f141d7fab3eb to remote] DEBUG org.asynchttpclient.netty.request.NettyRequestSender - Using pooled Channel '[id: 0xd5af475b, L:/127.0.0.1:62444 - R:localhost/127.0.0.1:53157]' for 'POST' to 'http://localhost:53157/session/3fc6c66fef4483d52522f141d7fab3eb/element/8f0c26cf-9882-423b-aa43-c3231a0d752d/value'
12:05:03.934 [Forwarding sendKeysToElement on session 3fc6c66fef4483d52522f141d7fab3eb to remote] DEBUG org.asynchttpclient.netty.request.NettyRequestSender - Using open Channel [id: 0xd5af475b, L:/127.0.0.1:62444 - R:localhost/127.0.0.1:53157] for POST '/session/3fc6c66fef4483d52522f141d7fab3eb/element/8f0c26cf-9882-423b-aa43-c3231a0d752d/value'
12:05:04.286 [AsyncHttpClient-1-4] DEBUG org.asynchttpclient.netty.handler.HttpHandler - 

Request DefaultHttpRequest(decodeResult: success, version: HTTP/1.1)
POST /session/3fc6c66fef4483d52522f141d7fab3eb/element/8f0c26cf-9882-423b-aa43-c3231a0d752d/value HTTP/1.1
User-Agent: selenium/4.1.2 (java windows)
Content-Length: 201
Content-Type: application/json; charset=utf-8
host: localhost:53157
accept: */*

Response DefaultHttpResponse(decodeResult: success, version: HTTP/1.1)
HTTP/1.1 200 OK
Content-Type: application/json; charset=utf-8
cache-control: no-cache
content-length: 14

12:05:04.286 [AsyncHttpClient-1-4] DEBUG org.asynchttpclient.netty.channel.ChannelManager - Adding key: http://localhost:53157 for channel [id: 0xd5af475b, L:/127.0.0.1:62444 - R:localhost/127.0.0.1:53157]
12:05:04.303 [Forwarding findElement on session 3fc6c66fef4483d52522f141d7fab3eb to remote] DEBUG org.asynchttpclient.netty.request.NettyRequestSender - Using pooled Channel '[id: 0xd5af475b, L:/127.0.0.1:62444 - R:localhost/127.0.0.1:53157]' for 'POST' to 'http://localhost:53157/session/3fc6c66fef4483d52522f141d7fab3eb/element'
12:05:04.303 [Forwarding findElement on session 3fc6c66fef4483d52522f141d7fab3eb to remote] DEBUG org.asynchttpclient.netty.request.NettyRequestSender - Using open Channel [id: 0xd5af475b, L:/127.0.0.1:62444 - R:localhost/127.0.0.1:53157] for POST '/session/3fc6c66fef4483d52522f141d7fab3eb/element'
12:05:04.343 [AsyncHttpClient-1-4] DEBUG org.asynchttpclient.netty.handler.HttpHandler - 

Request DefaultHttpRequest(decodeResult: success, version: HTTP/1.1)
POST /session/3fc6c66fef4483d52522f141d7fab3eb/element HTTP/1.1
User-Agent: selenium/4.1.2 (java windows)
Content-Length: 68
Content-Type: application/json; charset=utf-8
host: localhost:53157
accept: */*

Response DefaultHttpResponse(decodeResult: success, version: HTTP/1.1)
HTTP/1.1 200 OK
Content-Type: application/json; charset=utf-8
cache-control: no-cache
content-length: 88

12:05:04.343 [AsyncHttpClient-1-4] DEBUG org.asynchttpclient.netty.channel.ChannelManager - Adding key: http://localhost:53157 for channel [id: 0xd5af475b, L:/127.0.0.1:62444 - R:localhost/127.0.0.1:53157]
12:05:04.365 [Forwarding getElementTagName on session 3fc6c66fef4483d52522f141d7fab3eb to remote] DEBUG org.asynchttpclient.netty.request.NettyRequestSender - Using pooled Channel '[id: 0xd5af475b, L:/127.0.0.1:62444 - R:localhost/127.0.0.1:53157]' for 'GET' to 'http://localhost:53157/session/3fc6c66fef4483d52522f141d7fab3eb/element/e33825ee-b0db-4256-af4b-2c4dabb97a6d/name'
12:05:04.378 [Forwarding getElementTagName on session 3fc6c66fef4483d52522f141d7fab3eb to remote] DEBUG org.asynchttpclient.netty.request.NettyRequestSender - Using open Channel [id: 0xd5af475b, L:/127.0.0.1:62444 - R:localhost/127.0.0.1:53157] for GET '/session/3fc6c66fef4483d52522f141d7fab3eb/element/e33825ee-b0db-4256-af4b-2c4dabb97a6d/name'
12:05:04.406 [AsyncHttpClient-1-4] DEBUG org.asynchttpclient.netty.handler.HttpHandler - 

Request DefaultFullHttpRequest(decodeResult: success, version: HTTP/1.1, content: EmptyByteBufBE)
GET /session/3fc6c66fef4483d52522f141d7fab3eb/element/e33825ee-b0db-4256-af4b-2c4dabb97a6d/name HTTP/1.1
User-Agent: selenium/4.1.2 (java windows)
Cache-Control: no-cache
Content-Type: application/json; charset=utf-8
host: localhost:53157
accept: */*

Response DefaultHttpResponse(decodeResult: success, version: HTTP/1.1)
HTTP/1.1 200 OK
Content-Type: application/json; charset=utf-8
cache-control: no-cache
content-length: 17

12:05:04.407 [AsyncHttpClient-1-4] DEBUG org.asynchttpclient.netty.channel.ChannelManager - Adding key: http://localhost:53157 for channel [id: 0xd5af475b, L:/127.0.0.1:62444 - R:localhost/127.0.0.1:53157]
12:05:04.414 [Forwarding getElementTagName on session 3fc6c66fef4483d52522f141d7fab3eb to remote] DEBUG org.asynchttpclient.netty.request.NettyRequestSender - Using pooled Channel '[id: 0xd5af475b, L:/127.0.0.1:62444 - R:localhost/127.0.0.1:53157]' for 'GET' to 'http://localhost:53157/session/3fc6c66fef4483d52522f141d7fab3eb/element/e33825ee-b0db-4256-af4b-2c4dabb97a6d/name'
12:05:04.414 [Forwarding getElementTagName on session 3fc6c66fef4483d52522f141d7fab3eb to remote] DEBUG org.asynchttpclient.netty.request.NettyRequestSender - Using open Channel [id: 0xd5af475b, L:/127.0.0.1:62444 - R:localhost/127.0.0.1:53157] for GET '/session/3fc6c66fef4483d52522f141d7fab3eb/element/e33825ee-b0db-4256-af4b-2c4dabb97a6d/name'
12:05:04.430 [AsyncHttpClient-1-4] DEBUG org.asynchttpclient.netty.handler.HttpHandler - 

Request DefaultFullHttpRequest(decodeResult: success, version: HTTP/1.1, content: EmptyByteBufBE)
GET /session/3fc6c66fef4483d52522f141d7fab3eb/element/e33825ee-b0db-4256-af4b-2c4dabb97a6d/name HTTP/1.1
User-Agent: selenium/4.1.2 (java windows)
Cache-Control: no-cache
Content-Type: application/json; charset=utf-8
host: localhost:53157
accept: */*

Response DefaultHttpResponse(decodeResult: success, version: HTTP/1.1)
HTTP/1.1 200 OK
Content-Type: application/json; charset=utf-8
cache-control: no-cache
content-length: 17

12:05:04.431 [AsyncHttpClient-1-4] DEBUG org.asynchttpclient.netty.channel.ChannelManager - Adding key: http://localhost:53157 for channel [id: 0xd5af475b, L:/127.0.0.1:62444 - R:localhost/127.0.0.1:53157]
12:05:04.438 [Forwarding isElementEnabled on session 3fc6c66fef4483d52522f141d7fab3eb to remote] DEBUG org.asynchttpclient.netty.request.NettyRequestSender - Using pooled Channel '[id: 0xd5af475b, L:/127.0.0.1:62444 - R:localhost/127.0.0.1:53157]' for 'GET' to 'http://localhost:53157/session/3fc6c66fef4483d52522f141d7fab3eb/element/e33825ee-b0db-4256-af4b-2c4dabb97a6d/enabled'
12:05:04.438 [Forwarding isElementEnabled on session 3fc6c66fef4483d52522f141d7fab3eb to remote] DEBUG org.asynchttpclient.netty.request.NettyRequestSender - Using open Channel [id: 0xd5af475b, L:/127.0.0.1:62444 - R:localhost/127.0.0.1:53157] for GET '/session/3fc6c66fef4483d52522f141d7fab3eb/element/e33825ee-b0db-4256-af4b-2c4dabb97a6d/enabled'
12:05:04.466 [AsyncHttpClient-1-4] DEBUG org.asynchttpclient.netty.handler.HttpHandler - 

Request DefaultFullHttpRequest(decodeResult: success, version: HTTP/1.1, content: EmptyByteBufBE)
GET /session/3fc6c66fef4483d52522f141d7fab3eb/element/e33825ee-b0db-4256-af4b-2c4dabb97a6d/enabled HTTP/1.1
User-Agent: selenium/4.1.2 (java windows)
Cache-Control: no-cache
Content-Type: application/json; charset=utf-8
host: localhost:53157
accept: */*

Response DefaultHttpResponse(decodeResult: success, version: HTTP/1.1)
HTTP/1.1 200 OK
Content-Type: application/json; charset=utf-8
cache-control: no-cache
content-length: 14

12:05:04.466 [AsyncHttpClient-1-4] DEBUG org.asynchttpclient.netty.channel.ChannelManager - Adding key: http://localhost:53157 for channel [id: 0xd5af475b, L:/127.0.0.1:62444 - R:localhost/127.0.0.1:53157]
12:05:04.470 [Forwarding isElementEnabled on session 3fc6c66fef4483d52522f141d7fab3eb to remote] DEBUG org.asynchttpclient.netty.request.NettyRequestSender - Using pooled Channel '[id: 0xd5af475b, L:/127.0.0.1:62444 - R:localhost/127.0.0.1:53157]' for 'GET' to 'http://localhost:53157/session/3fc6c66fef4483d52522f141d7fab3eb/element/e33825ee-b0db-4256-af4b-2c4dabb97a6d/enabled'
12:05:04.470 [Forwarding isElementEnabled on session 3fc6c66fef4483d52522f141d7fab3eb to remote] DEBUG org.asynchttpclient.netty.request.NettyRequestSender - Using open Channel [id: 0xd5af475b, L:/127.0.0.1:62444 - R:localhost/127.0.0.1:53157] for GET '/session/3fc6c66fef4483d52522f141d7fab3eb/element/e33825ee-b0db-4256-af4b-2c4dabb97a6d/enabled'
12:05:04.502 [AsyncHttpClient-1-4] DEBUG org.asynchttpclient.netty.handler.HttpHandler - 

Request DefaultFullHttpRequest(decodeResult: success, version: HTTP/1.1, content: EmptyByteBufBE)
GET /session/3fc6c66fef4483d52522f141d7fab3eb/element/e33825ee-b0db-4256-af4b-2c4dabb97a6d/enabled HTTP/1.1
User-Agent: selenium/4.1.2 (java windows)
Cache-Control: no-cache
Content-Type: application/json; charset=utf-8
host: localhost:53157
accept: */*

Response DefaultHttpResponse(decodeResult: success, version: HTTP/1.1)
HTTP/1.1 200 OK
Content-Type: application/json; charset=utf-8
cache-control: no-cache
content-length: 14

12:05:04.503 [AsyncHttpClient-1-4] DEBUG org.asynchttpclient.netty.channel.ChannelManager - Adding key: http://localhost:53157 for channel [id: 0xd5af475b, L:/127.0.0.1:62444 - R:localhost/127.0.0.1:53157]
12:05:04.515 [Forwarding findElement on session 3fc6c66fef4483d52522f141d7fab3eb to remote] DEBUG org.asynchttpclient.netty.request.NettyRequestSender - Using pooled Channel '[id: 0xd5af475b, L:/127.0.0.1:62444 - R:localhost/127.0.0.1:53157]' for 'POST' to 'http://localhost:53157/session/3fc6c66fef4483d52522f141d7fab3eb/element'
12:05:04.515 [Forwarding findElement on session 3fc6c66fef4483d52522f141d7fab3eb to remote] DEBUG org.asynchttpclient.netty.request.NettyRequestSender - Using open Channel [id: 0xd5af475b, L:/127.0.0.1:62444 - R:localhost/127.0.0.1:53157] for POST '/session/3fc6c66fef4483d52522f141d7fab3eb/element'
12:05:04.548 [AsyncHttpClient-1-4] DEBUG org.asynchttpclient.netty.handler.HttpHandler - 

Request DefaultHttpRequest(decodeResult: success, version: HTTP/1.1)
POST /session/3fc6c66fef4483d52522f141d7fab3eb/element HTTP/1.1
User-Agent: selenium/4.1.2 (java windows)
Content-Length: 68
Content-Type: application/json; charset=utf-8
host: localhost:53157
accept: */*

Response DefaultHttpResponse(decodeResult: success, version: HTTP/1.1)
HTTP/1.1 200 OK
Content-Type: application/json; charset=utf-8
cache-control: no-cache
content-length: 88

12:05:04.549 [AsyncHttpClient-1-4] DEBUG org.asynchttpclient.netty.channel.ChannelManager - Adding key: http://localhost:53157 for channel [id: 0xd5af475b, L:/127.0.0.1:62444 - R:localhost/127.0.0.1:53157]
12:05:04.554 [Forwarding clickElement on session 3fc6c66fef4483d52522f141d7fab3eb to remote] DEBUG org.asynchttpclient.netty.request.NettyRequestSender - Using pooled Channel '[id: 0xd5af475b, L:/127.0.0.1:62444 - R:localhost/127.0.0.1:53157]' for 'POST' to 'http://localhost:53157/session/3fc6c66fef4483d52522f141d7fab3eb/element/e33825ee-b0db-4256-af4b-2c4dabb97a6d/click'
12:05:04.554 [Forwarding clickElement on session 3fc6c66fef4483d52522f141d7fab3eb to remote] DEBUG org.asynchttpclient.netty.request.NettyRequestSender - Using open Channel [id: 0xd5af475b, L:/127.0.0.1:62444 - R:localhost/127.0.0.1:53157] for POST '/session/3fc6c66fef4483d52522f141d7fab3eb/element/e33825ee-b0db-4256-af4b-2c4dabb97a6d/click'
12:05:04.679 [AsyncHttpClient-1-4] DEBUG org.asynchttpclient.netty.handler.HttpHandler - 

Request DefaultHttpRequest(decodeResult: success, version: HTTP/1.1)
POST /session/3fc6c66fef4483d52522f141d7fab3eb/element/e33825ee-b0db-4256-af4b-2c4dabb97a6d/click HTTP/1.1
User-Agent: selenium/4.1.2 (java windows)
Content-Length: 50
Content-Type: application/json; charset=utf-8
host: localhost:53157
accept: */*

Response DefaultHttpResponse(decodeResult: success, version: HTTP/1.1)
HTTP/1.1 200 OK
Content-Type: application/json; charset=utf-8
cache-control: no-cache
content-length: 14

12:05:04.680 [AsyncHttpClient-1-4] DEBUG org.asynchttpclient.netty.channel.ChannelManager - Adding key: http://localhost:53157 for channel [id: 0xd5af475b, L:/127.0.0.1:62444 - R:localhost/127.0.0.1:53157]
  &amp#27;[32mWhen &amp#27;[0m&amp#27;[32mI enter my username and password for vaccination session and click login button&amp#27;[0m &amp#27;[90m# starter.stepdefinitions.sessionAvailSteps.iEnterMyUsernameAndPasswordForVaccinationSessionAndClickLoginButton()&amp#27;[0m
12:05:04.697 [Forwarding screenshot on session 3fc6c66fef4483d52522f141d7fab3eb to remote] DEBUG org.asynchttpclient.netty.request.NettyRequestSender - Using pooled Channel '[id: 0xd5af475b, L:/127.0.0.1:62444 - R:localhost/127.0.0.1:53157]' for 'GET' to 'http://localhost:53157/session/3fc6c66fef4483d52522f141d7fab3eb/screenshot'
12:05:04.697 [Forwarding screenshot on session 3fc6c66fef4483d52522f141d7fab3eb to remote] DEBUG org.asynchttpclient.netty.request.NettyRequestSender - Using open Channel [id: 0xd5af475b, L:/127.0.0.1:62444 - R:localhost/127.0.0.1:53157] for GET '/session/3fc6c66fef4483d52522f141d7fab3eb/screenshot'
12:05:05.076 [AsyncHttpClient-1-1] DEBUG org.asynchttpclient.netty.channel.DefaultChannelPool - Entry count for : http://localhost:62446 : 1
12:05:05.729 [AsyncHttpClient-1-4] DEBUG org.asynchttpclient.netty.handler.HttpHandler - 

Request DefaultFullHttpRequest(decodeResult: success, version: HTTP/1.1, content: EmptyByteBufBE)
GET /session/3fc6c66fef4483d52522f141d7fab3eb/screenshot HTTP/1.1
User-Agent: selenium/4.1.2 (java windows)
Cache-Control: no-cache
Content-Type: application/json; charset=utf-8
host: localhost:53157
accept: */*

Response DefaultHttpResponse(decodeResult: success, version: HTTP/1.1)
HTTP/1.1 200 OK
Content-Type: application/json; charset=utf-8
cache-control: no-cache
content-length: 657608

12:05:05.735 [AsyncHttpClient-1-4] DEBUG org.asynchttpclient.netty.channel.ChannelManager - Adding key: http://localhost:53157 for channel [id: 0xd5af475b, L:/127.0.0.1:62444 - R:localhost/127.0.0.1:53157]
12:05:05.896 [main] DEBUG net.serenitybdd.core.photography.Darkroom - Send negative for processing for target\site\serenity\427d7c5bd519e3e08d645df5e6cacb49c2683440379a39781ad688e619a6eed1.png
12:05:06.130 [Forwarding screenshot on session 3fc6c66fef4483d52522f141d7fab3eb to remote] DEBUG org.asynchttpclient.netty.request.NettyRequestSender - Using pooled Channel '[id: 0xd5af475b, L:/127.0.0.1:62444 - R:localhost/127.0.0.1:53157]' for 'GET' to 'http://localhost:53157/session/3fc6c66fef4483d52522f141d7fab3eb/screenshot'
12:05:06.130 [Forwarding screenshot on session 3fc6c66fef4483d52522f141d7fab3eb to remote] DEBUG org.asynchttpclient.netty.request.NettyRequestSender - Using open Channel [id: 0xd5af475b, L:/127.0.0.1:62444 - R:localhost/127.0.0.1:53157] for GET '/session/3fc6c66fef4483d52522f141d7fab3eb/screenshot'
12:05:06.146 [AsyncHttpClient-1-1] DEBUG org.asynchttpclient.netty.channel.DefaultChannelPool - Entry count for : http://localhost:62446 : 1
12:05:06.708 [AsyncHttpClient-1-4] DEBUG org.asynchttpclient.netty.handler.HttpHandler - 

Request DefaultFullHttpRequest(decodeResult: success, version: HTTP/1.1, content: EmptyByteBufBE)
GET /session/3fc6c66fef4483d52522f141d7fab3eb/screenshot HTTP/1.1
User-Agent: selenium/4.1.2 (java windows)
Cache-Control: no-cache
Content-Type: application/json; charset=utf-8
host: localhost:53157
accept: */*

Response DefaultHttpResponse(decodeResult: success, version: HTTP/1.1)
HTTP/1.1 200 OK
Content-Type: application/json; charset=utf-8
cache-control: no-cache
content-length: 575408

12:05:06.713 [AsyncHttpClient-1-4] DEBUG org.asynchttpclient.netty.channel.ChannelManager - Adding key: http://localhost:53157 for channel [id: 0xd5af475b, L:/127.0.0.1:62444 - R:localhost/127.0.0.1:53157]
12:05:06.770 [main] DEBUG net.serenitybdd.core.photography.Darkroom - Send negative for processing for target\site\serenity\133b9780295ad5b263af1e3770c008380d0007addc0bb4f791804e876154ae3c.png
12:05:06.773 [main] DEBUG net.thucydides.core.steps.StepInterceptor - STARTING STEP: addFamilyMemSteps.iDirectedToDashboard - menuOnDashboardDisplayed
12:05:06.800 [Forwarding findElement on session 3fc6c66fef4483d52522f141d7fab3eb to remote] DEBUG org.asynchttpclient.netty.request.NettyRequestSender - Using pooled Channel '[id: 0xd5af475b, L:/127.0.0.1:62444 - R:localhost/127.0.0.1:53157]' for 'POST' to 'http://localhost:53157/session/3fc6c66fef4483d52522f141d7fab3eb/element'
12:05:06.800 [Forwarding findElement on session 3fc6c66fef4483d52522f141d7fab3eb to remote] DEBUG org.asynchttpclient.netty.request.NettyRequestSender - Using open Channel [id: 0xd5af475b, L:/127.0.0.1:62444 - R:localhost/127.0.0.1:53157] for POST '/session/3fc6c66fef4483d52522f141d7fab3eb/element'
12:05:06.930 [AsyncHttpClient-1-4] DEBUG org.asynchttpclient.netty.handler.HttpHandler - 

Request DefaultHttpRequest(decodeResult: success, version: HTTP/1.1)
POST /session/3fc6c66fef4483d52522f141d7fab3eb/element HTTP/1.1
User-Agent: selenium/4.1.2 (java windows)
Content-Length: 118
Content-Type: application/json; charset=utf-8
host: localhost:53157
accept: */*

Response DefaultHttpResponse(decodeResult: success, version: HTTP/1.1)
HTTP/1.1 200 OK
Content-Type: application/json; charset=utf-8
cache-control: no-cache
content-length: 88

12:05:06.930 [AsyncHttpClient-1-4] DEBUG org.asynchttpclient.netty.channel.ChannelManager - Adding key: http://localhost:53157 for channel [id: 0xd5af475b, L:/127.0.0.1:62444 - R:localhost/127.0.0.1:53157]
12:05:06.945 [Forwarding isElementDisplayed on session 3fc6c66fef4483d52522f141d7fab3eb to remote] DEBUG org.asynchttpclient.netty.request.NettyRequestSender - Using pooled Channel '[id: 0xd5af475b, L:/127.0.0.1:62444 - R:localhost/127.0.0.1:53157]' for 'POST' to 'http://localhost:53157/session/3fc6c66fef4483d52522f141d7fab3eb/execute/sync'
12:05:06.945 [Forwarding isElementDisplayed on session 3fc6c66fef4483d52522f141d7fab3eb to remote] DEBUG org.asynchttpclient.netty.request.NettyRequestSender - Using open Channel [id: 0xd5af475b, L:/127.0.0.1:62444 - R:localhost/127.0.0.1:53157] for POST '/session/3fc6c66fef4483d52522f141d7fab3eb/execute/sync'
12:05:06.996 [AsyncHttpClient-1-4] DEBUG org.asynchttpclient.netty.handler.HttpHandler - 

Request DefaultHttpRequest(decodeResult: success, version: HTTP/1.1)
POST /session/3fc6c66fef4483d52522f141d7fab3eb/execute/sync HTTP/1.1
User-Agent: selenium/4.1.2 (java windows)
Content-Length: 48780
Content-Type: application/json; charset=utf-8
host: localhost:53157
accept: */*

Response DefaultHttpResponse(decodeResult: success, version: HTTP/1.1)
HTTP/1.1 200 OK
Content-Type: application/json; charset=utf-8
cache-control: no-cache
content-length: 14

12:05:06.996 [AsyncHttpClient-1-4] DEBUG org.asynchttpclient.netty.channel.ChannelManager - Adding key: http://localhost:53157 for channel [id: 0xd5af475b, L:/127.0.0.1:62444 - R:localhost/127.0.0.1:53157]
12:05:07.006 [Forwarding screenshot on session 3fc6c66fef4483d52522f141d7fab3eb to remote] DEBUG org.asynchttpclient.netty.request.NettyRequestSender - Using pooled Channel '[id: 0xd5af475b, L:/127.0.0.1:62444 - R:localhost/127.0.0.1:53157]' for 'GET' to 'http://localhost:53157/session/3fc6c66fef4483d52522f141d7fab3eb/screenshot'
12:05:07.006 [Forwarding screenshot on session 3fc6c66fef4483d52522f141d7fab3eb to remote] DEBUG org.asynchttpclient.netty.request.NettyRequestSender - Using open Channel [id: 0xd5af475b, L:/127.0.0.1:62444 - R:localhost/127.0.0.1:53157] for GET '/session/3fc6c66fef4483d52522f141d7fab3eb/screenshot'
12:05:07.250 [AsyncHttpClient-1-1] DEBUG org.asynchttpclient.netty.channel.DefaultChannelPool - Entry count for : http://localhost:62446 : 1
12:05:07.556 [AsyncHttpClient-1-4] DEBUG org.asynchttpclient.netty.handler.HttpHandler - 

Request DefaultFullHttpRequest(decodeResult: success, version: HTTP/1.1, content: EmptyByteBufBE)
GET /session/3fc6c66fef4483d52522f141d7fab3eb/screenshot HTTP/1.1
User-Agent: selenium/4.1.2 (java windows)
Cache-Control: no-cache
Content-Type: application/json; charset=utf-8
host: localhost:53157
accept: */*

Response DefaultHttpResponse(decodeResult: success, version: HTTP/1.1)
HTTP/1.1 200 OK
Content-Type: application/json; charset=utf-8
cache-control: no-cache
content-length: 575408

12:05:07.559 [AsyncHttpClient-1-4] DEBUG org.asynchttpclient.netty.channel.ChannelManager - Adding key: http://localhost:53157 for channel [id: 0xd5af475b, L:/127.0.0.1:62444 - R:localhost/127.0.0.1:53157]
12:05:07.656 [main] DEBUG net.serenitybdd.core.photography.Darkroom - Send negative for processing for target\site\serenity\133b9780295ad5b263af1e3770c008380d0007addc0bb4f791804e876154ae3c.png
12:05:07.656 [main] DEBUG net.thucydides.core.steps.StepInterceptor - STEP DONE: menuOnDashboardDisplayed
  &amp#27;[32mAnd &amp#27;[0m&amp#27;[32mI directed to dashboard&amp#27;[0m                                                          &amp#27;[90m# starter.stepdefinitions.addFamilyMemSteps.iDirectedToDashboard()&amp#27;[0m
12:05:07.707 [Forwarding screenshot on session 3fc6c66fef4483d52522f141d7fab3eb to remote] DEBUG org.asynchttpclient.netty.request.NettyRequestSender - Using pooled Channel '[id: 0xd5af475b, L:/127.0.0.1:62444 - R:localhost/127.0.0.1:53157]' for 'GET' to 'http://localhost:53157/session/3fc6c66fef4483d52522f141d7fab3eb/screenshot'
12:05:07.708 [Forwarding screenshot on session 3fc6c66fef4483d52522f141d7fab3eb to remote] DEBUG org.asynchttpclient.netty.request.NettyRequestSender - Using open Channel [id: 0xd5af475b, L:/127.0.0.1:62444 - R:localhost/127.0.0.1:53157] for GET '/session/3fc6c66fef4483d52522f141d7fab3eb/screenshot'
12:05:08.223 [AsyncHttpClient-1-4] DEBUG org.asynchttpclient.netty.handler.HttpHandler - 

Request DefaultFullHttpRequest(decodeResult: success, version: HTTP/1.1, content: EmptyByteBufBE)
GET /session/3fc6c66fef4483d52522f141d7fab3eb/screenshot HTTP/1.1
User-Agent: selenium/4.1.2 (java windows)
Cache-Control: no-cache
Content-Type: application/json; charset=utf-8
host: localhost:53157
accept: */*

Response DefaultHttpResponse(decodeResult: success, version: HTTP/1.1)
HTTP/1.1 200 OK
Content-Type: application/json; charset=utf-8
cache-control: no-cache
content-length: 575408

12:05:08.227 [AsyncHttpClient-1-4] DEBUG org.asynchttpclient.netty.channel.ChannelManager - Adding key: http://localhost:53157 for channel [id: 0xd5af475b, L:/127.0.0.1:62444 - R:localhost/127.0.0.1:53157]
12:05:08.274 [main] DEBUG net.serenitybdd.core.photography.Darkroom - Send negative for processing for target\site\serenity\133b9780295ad5b263af1e3770c008380d0007addc0bb4f791804e876154ae3c.png
12:05:08.301 [Forwarding findElement on session 3fc6c66fef4483d52522f141d7fab3eb to remote] DEBUG org.asynchttpclient.netty.request.NettyRequestSender - Using pooled Channel '[id: 0xd5af475b, L:/127.0.0.1:62444 - R:localhost/127.0.0.1:53157]' for 'POST' to 'http://localhost:53157/session/3fc6c66fef4483d52522f141d7fab3eb/element'
12:05:08.301 [Forwarding findElement on session 3fc6c66fef4483d52522f141d7fab3eb to remote] DEBUG org.asynchttpclient.netty.request.NettyRequestSender - Using open Channel [id: 0xd5af475b, L:/127.0.0.1:62444 - R:localhost/127.0.0.1:53157] for POST '/session/3fc6c66fef4483d52522f141d7fab3eb/element'
12:05:08.405 [AsyncHttpClient-1-1] DEBUG org.asynchttpclient.netty.channel.DefaultChannelPool - Entry count for : http://localhost:62446 : 1
12:05:08.408 [AsyncHttpClient-1-4] DEBUG org.asynchttpclient.netty.handler.HttpHandler - 

Request DefaultHttpRequest(decodeResult: success, version: HTTP/1.1)
POST /session/3fc6c66fef4483d52522f141d7fab3eb/element HTTP/1.1
User-Agent: selenium/4.1.2 (java windows)
Content-Length: 194
Content-Type: application/json; charset=utf-8
host: localhost:53157
accept: */*

Response DefaultHttpResponse(decodeResult: success, version: HTTP/1.1)
HTTP/1.1 200 OK
Content-Type: application/json; charset=utf-8
cache-control: no-cache
content-length: 88

12:05:08.408 [AsyncHttpClient-1-4] DEBUG org.asynchttpclient.netty.channel.ChannelManager - Adding key: http://localhost:53157 for channel [id: 0xd5af475b, L:/127.0.0.1:62444 - R:localhost/127.0.0.1:53157]
12:05:08.411 [Forwarding getElementTagName on session 3fc6c66fef4483d52522f141d7fab3eb to remote] DEBUG org.asynchttpclient.netty.request.NettyRequestSender - Using pooled Channel '[id: 0xd5af475b, L:/127.0.0.1:62444 - R:localhost/127.0.0.1:53157]' for 'GET' to 'http://localhost:53157/session/3fc6c66fef4483d52522f141d7fab3eb/element/f1178dad-7533-41dc-998d-645e1633e5fe/name'
12:05:08.412 [Forwarding getElementTagName on session 3fc6c66fef4483d52522f141d7fab3eb to remote] DEBUG org.asynchttpclient.netty.request.NettyRequestSender - Using open Channel [id: 0xd5af475b, L:/127.0.0.1:62444 - R:localhost/127.0.0.1:53157] for GET '/session/3fc6c66fef4483d52522f141d7fab3eb/element/f1178dad-7533-41dc-998d-645e1633e5fe/name'
12:05:08.425 [AsyncHttpClient-1-4] DEBUG org.asynchttpclient.netty.handler.HttpHandler - 

Request DefaultFullHttpRequest(decodeResult: success, version: HTTP/1.1, content: EmptyByteBufBE)
GET /session/3fc6c66fef4483d52522f141d7fab3eb/element/f1178dad-7533-41dc-998d-645e1633e5fe/name HTTP/1.1
User-Agent: selenium/4.1.2 (java windows)
Cache-Control: no-cache
Content-Type: application/json; charset=utf-8
host: localhost:53157
accept: */*

Response DefaultHttpResponse(decodeResult: success, version: HTTP/1.1)
HTTP/1.1 200 OK
Content-Type: application/json; charset=utf-8
cache-control: no-cache
content-length: 18

12:05:08.425 [AsyncHttpClient-1-4] DEBUG org.asynchttpclient.netty.channel.ChannelManager - Adding key: http://localhost:53157 for channel [id: 0xd5af475b, L:/127.0.0.1:62444 - R:localhost/127.0.0.1:53157]
12:05:08.428 [Forwarding getElementTagName on session 3fc6c66fef4483d52522f141d7fab3eb to remote] DEBUG org.asynchttpclient.netty.request.NettyRequestSender - Using pooled Channel '[id: 0xd5af475b, L:/127.0.0.1:62444 - R:localhost/127.0.0.1:53157]' for 'GET' to 'http://localhost:53157/session/3fc6c66fef4483d52522f141d7fab3eb/element/f1178dad-7533-41dc-998d-645e1633e5fe/name'
12:05:08.428 [Forwarding getElementTagName on session 3fc6c66fef4483d52522f141d7fab3eb to remote] DEBUG org.asynchttpclient.netty.request.NettyRequestSender - Using open Channel [id: 0xd5af475b, L:/127.0.0.1:62444 - R:localhost/127.0.0.1:53157] for GET '/session/3fc6c66fef4483d52522f141d7fab3eb/element/f1178dad-7533-41dc-998d-645e1633e5fe/name'
12:05:08.440 [AsyncHttpClient-1-4] DEBUG org.asynchttpclient.netty.handler.HttpHandler - 

Request DefaultFullHttpRequest(decodeResult: success, version: HTTP/1.1, content: EmptyByteBufBE)
GET /session/3fc6c66fef4483d52522f141d7fab3eb/element/f1178dad-7533-41dc-998d-645e1633e5fe/name HTTP/1.1
User-Agent: selenium/4.1.2 (java windows)
Cache-Control: no-cache
Content-Type: application/json; charset=utf-8
host: localhost:53157
accept: */*

Response DefaultHttpResponse(decodeResult: success, version: HTTP/1.1)
HTTP/1.1 200 OK
Content-Type: application/json; charset=utf-8
cache-control: no-cache
content-length: 18

12:05:08.441 [AsyncHttpClient-1-4] DEBUG org.asynchttpclient.netty.channel.ChannelManager - Adding key: http://localhost:53157 for channel [id: 0xd5af475b, L:/127.0.0.1:62444 - R:localhost/127.0.0.1:53157]
12:05:08.447 [Forwarding isElementEnabled on session 3fc6c66fef4483d52522f141d7fab3eb to remote] DEBUG org.asynchttpclient.netty.request.NettyRequestSender - Using pooled Channel '[id: 0xd5af475b, L:/127.0.0.1:62444 - R:localhost/127.0.0.1:53157]' for 'GET' to 'http://localhost:53157/session/3fc6c66fef4483d52522f141d7fab3eb/element/f1178dad-7533-41dc-998d-645e1633e5fe/enabled'
12:05:08.447 [Forwarding isElementEnabled on session 3fc6c66fef4483d52522f141d7fab3eb to remote] DEBUG org.asynchttpclient.netty.request.NettyRequestSender - Using open Channel [id: 0xd5af475b, L:/127.0.0.1:62444 - R:localhost/127.0.0.1:53157] for GET '/session/3fc6c66fef4483d52522f141d7fab3eb/element/f1178dad-7533-41dc-998d-645e1633e5fe/enabled'
12:05:08.471 [AsyncHttpClient-1-4] DEBUG org.asynchttpclient.netty.handler.HttpHandler - 

Request DefaultFullHttpRequest(decodeResult: success, version: HTTP/1.1, content: EmptyByteBufBE)
GET /session/3fc6c66fef4483d52522f141d7fab3eb/element/f1178dad-7533-41dc-998d-645e1633e5fe/enabled HTTP/1.1
User-Agent: selenium/4.1.2 (java windows)
Cache-Control: no-cache
Content-Type: application/json; charset=utf-8
host: localhost:53157
accept: */*

Response DefaultHttpResponse(decodeResult: success, version: HTTP/1.1)
HTTP/1.1 200 OK
Content-Type: application/json; charset=utf-8
cache-control: no-cache
content-length: 14

12:05:08.471 [AsyncHttpClient-1-4] DEBUG org.asynchttpclient.netty.channel.ChannelManager - Adding key: http://localhost:53157 for channel [id: 0xd5af475b, L:/127.0.0.1:62444 - R:localhost/127.0.0.1:53157]
12:05:08.475 [Forwarding isElementEnabled on session 3fc6c66fef4483d52522f141d7fab3eb to remote] DEBUG org.asynchttpclient.netty.request.NettyRequestSender - Using pooled Channel '[id: 0xd5af475b, L:/127.0.0.1:62444 - R:localhost/127.0.0.1:53157]' for 'GET' to 'http://localhost:53157/session/3fc6c66fef4483d52522f141d7fab3eb/element/f1178dad-7533-41dc-998d-645e1633e5fe/enabled'
12:05:08.475 [Forwarding isElementEnabled on session 3fc6c66fef4483d52522f141d7fab3eb to remote] DEBUG org.asynchttpclient.netty.request.NettyRequestSender - Using open Channel [id: 0xd5af475b, L:/127.0.0.1:62444 - R:localhost/127.0.0.1:53157] for GET '/session/3fc6c66fef4483d52522f141d7fab3eb/element/f1178dad-7533-41dc-998d-645e1633e5fe/enabled'
12:05:08.489 [AsyncHttpClient-1-4] DEBUG org.asynchttpclient.netty.handler.HttpHandler - 

Request DefaultFullHttpRequest(decodeResult: success, version: HTTP/1.1, content: EmptyByteBufBE)
GET /session/3fc6c66fef4483d52522f141d7fab3eb/element/f1178dad-7533-41dc-998d-645e1633e5fe/enabled HTTP/1.1
User-Agent: selenium/4.1.2 (java windows)
Cache-Control: no-cache
Content-Type: application/json; charset=utf-8
host: localhost:53157
accept: */*

Response DefaultHttpResponse(decodeResult: success, version: HTTP/1.1)
HTTP/1.1 200 OK
Content-Type: application/json; charset=utf-8
cache-control: no-cache
content-length: 14

12:05:08.489 [AsyncHttpClient-1-4] DEBUG org.asynchttpclient.netty.channel.ChannelManager - Adding key: http://localhost:53157 for channel [id: 0xd5af475b, L:/127.0.0.1:62444 - R:localhost/127.0.0.1:53157]
12:05:08.493 [Forwarding findElement on session 3fc6c66fef4483d52522f141d7fab3eb to remote] DEBUG org.asynchttpclient.netty.request.NettyRequestSender - Using pooled Channel '[id: 0xd5af475b, L:/127.0.0.1:62444 - R:localhost/127.0.0.1:53157]' for 'POST' to 'http://localhost:53157/session/3fc6c66fef4483d52522f141d7fab3eb/element'
12:05:08.493 [Forwarding findElement on session 3fc6c66fef4483d52522f141d7fab3eb to remote] DEBUG org.asynchttpclient.netty.request.NettyRequestSender - Using open Channel [id: 0xd5af475b, L:/127.0.0.1:62444 - R:localhost/127.0.0.1:53157] for POST '/session/3fc6c66fef4483d52522f141d7fab3eb/element'
12:05:08.508 [AsyncHttpClient-1-4] DEBUG org.asynchttpclient.netty.handler.HttpHandler - 

Request DefaultHttpRequest(decodeResult: success, version: HTTP/1.1)
POST /session/3fc6c66fef4483d52522f141d7fab3eb/element HTTP/1.1
User-Agent: selenium/4.1.2 (java windows)
Content-Length: 194
Content-Type: application/json; charset=utf-8
host: localhost:53157
accept: */*

Response DefaultHttpResponse(decodeResult: success, version: HTTP/1.1)
HTTP/1.1 200 OK
Content-Type: application/json; charset=utf-8
cache-control: no-cache
content-length: 88

12:05:08.509 [AsyncHttpClient-1-4] DEBUG org.asynchttpclient.netty.channel.ChannelManager - Adding key: http://localhost:53157 for channel [id: 0xd5af475b, L:/127.0.0.1:62444 - R:localhost/127.0.0.1:53157]
12:05:08.511 [Forwarding clickElement on session 3fc6c66fef4483d52522f141d7fab3eb to remote] DEBUG org.asynchttpclient.netty.request.NettyRequestSender - Using pooled Channel '[id: 0xd5af475b, L:/127.0.0.1:62444 - R:localhost/127.0.0.1:53157]' for 'POST' to 'http://localhost:53157/session/3fc6c66fef4483d52522f141d7fab3eb/element/f1178dad-7533-41dc-998d-645e1633e5fe/click'
12:05:08.511 [Forwarding clickElement on session 3fc6c66fef4483d52522f141d7fab3eb to remote] DEBUG org.asynchttpclient.netty.request.NettyRequestSender - Using open Channel [id: 0xd5af475b, L:/127.0.0.1:62444 - R:localhost/127.0.0.1:53157] for POST '/session/3fc6c66fef4483d52522f141d7fab3eb/element/f1178dad-7533-41dc-998d-645e1633e5fe/click'
12:05:08.809 [AsyncHttpClient-1-4] DEBUG org.asynchttpclient.netty.handler.HttpHandler - 

Request DefaultHttpRequest(decodeResult: success, version: HTTP/1.1)
POST /session/3fc6c66fef4483d52522f141d7fab3eb/element/f1178dad-7533-41dc-998d-645e1633e5fe/click HTTP/1.1
User-Agent: selenium/4.1.2 (java windows)
Content-Length: 50
Content-Type: application/json; charset=utf-8
host: localhost:53157
accept: */*

Response DefaultHttpResponse(decodeResult: success, version: HTTP/1.1)
HTTP/1.1 200 OK
Content-Type: application/json; charset=utf-8
cache-control: no-cache
content-length: 14

12:05:08.809 [AsyncHttpClient-1-4] DEBUG org.asynchttpclient.netty.channel.ChannelManager - Adding key: http://localhost:53157 for channel [id: 0xd5af475b, L:/127.0.0.1:62444 - R:localhost/127.0.0.1:53157]
  &amp#27;[32mAnd &amp#27;[0m&amp#27;[32mI click vaccine stock section&amp#27;[0m                                                    &amp#27;[90m# starter.stepdefinitions.vaccineStockSteps.iClickVaccineStockSection()&amp#27;[0m
12:05:08.841 [Forwarding screenshot on session 3fc6c66fef4483d52522f141d7fab3eb to remote] DEBUG org.asynchttpclient.netty.request.NettyRequestSender - Using pooled Channel '[id: 0xd5af475b, L:/127.0.0.1:62444 - R:localhost/127.0.0.1:53157]' for 'GET' to 'http://localhost:53157/session/3fc6c66fef4483d52522f141d7fab3eb/screenshot'
12:05:08.841 [Forwarding screenshot on session 3fc6c66fef4483d52522f141d7fab3eb to remote] DEBUG org.asynchttpclient.netty.request.NettyRequestSender - Using open Channel [id: 0xd5af475b, L:/127.0.0.1:62444 - R:localhost/127.0.0.1:53157] for GET '/session/3fc6c66fef4483d52522f141d7fab3eb/screenshot'
12:05:09.252 [AsyncHttpClient-1-4] DEBUG org.asynchttpclient.netty.handler.HttpHandler - 

Request DefaultFullHttpRequest(decodeResult: success, version: HTTP/1.1, content: EmptyByteBufBE)
GET /session/3fc6c66fef4483d52522f141d7fab3eb/screenshot HTTP/1.1
User-Agent: selenium/4.1.2 (java windows)
Cache-Control: no-cache
Content-Type: application/json; charset=utf-8
host: localhost:53157
accept: */*

Response DefaultHttpResponse(decodeResult: success, version: HTTP/1.1)
HTTP/1.1 200 OK
Content-Type: application/json; charset=utf-8
cache-control: no-cache
content-length: 50844

12:05:09.255 [AsyncHttpClient-1-4] DEBUG org.asynchttpclient.netty.channel.ChannelManager - Adding key: http://localhost:53157 for channel [id: 0xd5af475b, L:/127.0.0.1:62444 - R:localhost/127.0.0.1:53157]
12:05:09.262 [main] DEBUG net.serenitybdd.core.photography.Darkroom - Send negative for processing for target\site\serenity\a082cf921923c771142a3bbf23ea0f20aba0e2d0ee1b48f6209f192da2b216f0.png
12:05:09.267 [Darkroom Processing Line] DEBUG net.serenitybdd.core.photography.DarkroomProcessingLine - Processing screenshot image in /var/screenshots/screenshot-6862934700776185978
12:05:09.267 [Darkroom Processing Line] DEBUG net.serenitybdd.core.photography.DarkroomProcessingLine - Saving screenshot to target\site\serenity\a082cf921923c771142a3bbf23ea0f20aba0e2d0ee1b48f6209f192da2b216f0.png
12:05:09.440 [AsyncHttpClient-1-1] DEBUG org.asynchttpclient.netty.channel.DefaultChannelPool - Entry count for : http://localhost:53157 : 1
12:05:09.441 [AsyncHttpClient-1-1] DEBUG org.asynchttpclient.netty.channel.DefaultChannelPool - Entry count for : http://localhost:62446 : 1
12:05:10.088 [Forwarding findElement on session 3fc6c66fef4483d52522f141d7fab3eb to remote] DEBUG org.asynchttpclient.netty.request.NettyRequestSender - Using pooled Channel '[id: 0xd5af475b, L:/127.0.0.1:62444 - R:localhost/127.0.0.1:53157]' for 'POST' to 'http://localhost:53157/session/3fc6c66fef4483d52522f141d7fab3eb/element'
12:05:10.088 [Forwarding findElement on session 3fc6c66fef4483d52522f141d7fab3eb to remote] DEBUG org.asynchttpclient.netty.request.NettyRequestSender - Using open Channel [id: 0xd5af475b, L:/127.0.0.1:62444 - R:localhost/127.0.0.1:53157] for POST '/session/3fc6c66fef4483d52522f141d7fab3eb/element'
12:05:10.115 [AsyncHttpClient-1-4] DEBUG org.asynchttpclient.netty.handler.HttpHandler - 

Request DefaultHttpRequest(decodeResult: success, version: HTTP/1.1)
POST /session/3fc6c66fef4483d52522f141d7fab3eb/element HTTP/1.1
User-Agent: selenium/4.1.2 (java windows)
Content-Length: 107
Content-Type: application/json; charset=utf-8
host: localhost:53157
accept: */*

Response DefaultHttpResponse(decodeResult: success, version: HTTP/1.1)
HTTP/1.1 200 OK
Content-Type: application/json; charset=utf-8
cache-control: no-cache
content-length: 88

12:05:10.115 [AsyncHttpClient-1-4] DEBUG org.asynchttpclient.netty.channel.ChannelManager - Adding key: http://localhost:53157 for channel [id: 0xd5af475b, L:/127.0.0.1:62444 - R:localhost/127.0.0.1:53157]
12:05:10.119 [Forwarding getElementTagName on session 3fc6c66fef4483d52522f141d7fab3eb to remote] DEBUG org.asynchttpclient.netty.request.NettyRequestSender - Using pooled Channel '[id: 0xd5af475b, L:/127.0.0.1:62444 - R:localhost/127.0.0.1:53157]' for 'GET' to 'http://localhost:53157/session/3fc6c66fef4483d52522f141d7fab3eb/element/e5ea7ca8-216e-4311-b54f-2a5b508556e5/name'
12:05:10.119 [Forwarding getElementTagName on session 3fc6c66fef4483d52522f141d7fab3eb to remote] DEBUG org.asynchttpclient.netty.request.NettyRequestSender - Using open Channel [id: 0xd5af475b, L:/127.0.0.1:62444 - R:localhost/127.0.0.1:53157] for GET '/session/3fc6c66fef4483d52522f141d7fab3eb/element/e5ea7ca8-216e-4311-b54f-2a5b508556e5/name'
12:05:10.128 [AsyncHttpClient-1-4] DEBUG org.asynchttpclient.netty.handler.HttpHandler - 

Request DefaultFullHttpRequest(decodeResult: success, version: HTTP/1.1, content: EmptyByteBufBE)
GET /session/3fc6c66fef4483d52522f141d7fab3eb/element/e5ea7ca8-216e-4311-b54f-2a5b508556e5/name HTTP/1.1
User-Agent: selenium/4.1.2 (java windows)
Cache-Control: no-cache
Content-Type: application/json; charset=utf-8
host: localhost:53157
accept: */*

Response DefaultHttpResponse(decodeResult: success, version: HTTP/1.1)
HTTP/1.1 200 OK
Content-Type: application/json; charset=utf-8
cache-control: no-cache
content-length: 15

12:05:10.129 [AsyncHttpClient-1-4] DEBUG org.asynchttpclient.netty.channel.ChannelManager - Adding key: http://localhost:53157 for channel [id: 0xd5af475b, L:/127.0.0.1:62444 - R:localhost/127.0.0.1:53157]
12:05:10.137 [Forwarding getElementTagName on session 3fc6c66fef4483d52522f141d7fab3eb to remote] DEBUG org.asynchttpclient.netty.request.NettyRequestSender - Using pooled Channel '[id: 0xd5af475b, L:/127.0.0.1:62444 - R:localhost/127.0.0.1:53157]' for 'GET' to 'http://localhost:53157/session/3fc6c66fef4483d52522f141d7fab3eb/element/e5ea7ca8-216e-4311-b54f-2a5b508556e5/name'
12:05:10.137 [Forwarding getElementTagName on session 3fc6c66fef4483d52522f141d7fab3eb to remote] DEBUG org.asynchttpclient.netty.request.NettyRequestSender - Using open Channel [id: 0xd5af475b, L:/127.0.0.1:62444 - R:localhost/127.0.0.1:53157] for GET '/session/3fc6c66fef4483d52522f141d7fab3eb/element/e5ea7ca8-216e-4311-b54f-2a5b508556e5/name'
12:05:10.147 [AsyncHttpClient-1-4] DEBUG org.asynchttpclient.netty.handler.HttpHandler - 

Request DefaultFullHttpRequest(decodeResult: success, version: HTTP/1.1, content: EmptyByteBufBE)
GET /session/3fc6c66fef4483d52522f141d7fab3eb/element/e5ea7ca8-216e-4311-b54f-2a5b508556e5/name HTTP/1.1
User-Agent: selenium/4.1.2 (java windows)
Cache-Control: no-cache
Content-Type: application/json; charset=utf-8
host: localhost:53157
accept: */*

Response DefaultHttpResponse(decodeResult: success, version: HTTP/1.1)
HTTP/1.1 200 OK
Content-Type: application/json; charset=utf-8
cache-control: no-cache
content-length: 15

12:05:10.147 [AsyncHttpClient-1-4] DEBUG org.asynchttpclient.netty.channel.ChannelManager - Adding key: http://localhost:53157 for channel [id: 0xd5af475b, L:/127.0.0.1:62444 - R:localhost/127.0.0.1:53157]
12:05:10.154 [Forwarding findElement on session 3fc6c66fef4483d52522f141d7fab3eb to remote] DEBUG org.asynchttpclient.netty.request.NettyRequestSender - Using pooled Channel '[id: 0xd5af475b, L:/127.0.0.1:62444 - R:localhost/127.0.0.1:53157]' for 'POST' to 'http://localhost:53157/session/3fc6c66fef4483d52522f141d7fab3eb/element'
12:05:10.156 [Forwarding findElement on session 3fc6c66fef4483d52522f141d7fab3eb to remote] DEBUG org.asynchttpclient.netty.request.NettyRequestSender - Using open Channel [id: 0xd5af475b, L:/127.0.0.1:62444 - R:localhost/127.0.0.1:53157] for POST '/session/3fc6c66fef4483d52522f141d7fab3eb/element'
12:05:10.173 [AsyncHttpClient-1-4] DEBUG org.asynchttpclient.netty.handler.HttpHandler - 

Request DefaultHttpRequest(decodeResult: success, version: HTTP/1.1)
POST /session/3fc6c66fef4483d52522f141d7fab3eb/element HTTP/1.1
User-Agent: selenium/4.1.2 (java windows)
Content-Length: 107
Content-Type: application/json; charset=utf-8
host: localhost:53157
accept: */*

Response DefaultHttpResponse(decodeResult: success, version: HTTP/1.1)
HTTP/1.1 200 OK
Content-Type: application/json; charset=utf-8
cache-control: no-cache
content-length: 88

12:05:10.173 [AsyncHttpClient-1-4] DEBUG org.asynchttpclient.netty.channel.ChannelManager - Adding key: http://localhost:53157 for channel [id: 0xd5af475b, L:/127.0.0.1:62444 - R:localhost/127.0.0.1:53157]
12:05:10.175 [Forwarding clickElement on session 3fc6c66fef4483d52522f141d7fab3eb to remote] DEBUG org.asynchttpclient.netty.request.NettyRequestSender - Using pooled Channel '[id: 0xd5af475b, L:/127.0.0.1:62444 - R:localhost/127.0.0.1:53157]' for 'POST' to 'http://localhost:53157/session/3fc6c66fef4483d52522f141d7fab3eb/element/e5ea7ca8-216e-4311-b54f-2a5b508556e5/click'
12:05:10.176 [Forwarding clickElement on session 3fc6c66fef4483d52522f141d7fab3eb to remote] DEBUG org.asynchttpclient.netty.request.NettyRequestSender - Using open Channel [id: 0xd5af475b, L:/127.0.0.1:62444 - R:localhost/127.0.0.1:53157] for POST '/session/3fc6c66fef4483d52522f141d7fab3eb/element/e5ea7ca8-216e-4311-b54f-2a5b508556e5/click'
12:05:10.416 [AsyncHttpClient-1-4] DEBUG org.asynchttpclient.netty.handler.HttpHandler - 

Request DefaultHttpRequest(decodeResult: success, version: HTTP/1.1)
POST /session/3fc6c66fef4483d52522f141d7fab3eb/element/e5ea7ca8-216e-4311-b54f-2a5b508556e5/click HTTP/1.1
User-Agent: selenium/4.1.2 (java windows)
Content-Length: 50
Content-Type: application/json; charset=utf-8
host: localhost:53157
accept: */*

Response DefaultHttpResponse(decodeResult: success, version: HTTP/1.1)
HTTP/1.1 200 OK
Content-Type: application/json; charset=utf-8
cache-control: no-cache
content-length: 14

12:05:10.417 [AsyncHttpClient-1-4] DEBUG org.asynchttpclient.netty.channel.ChannelManager - Adding key: http://localhost:53157 for channel [id: 0xd5af475b, L:/127.0.0.1:62444 - R:localhost/127.0.0.1:53157]
  &amp#27;[32mAnd &amp#27;[0m&amp#27;[32mI click my health facility&amp#27;[0m                                                       &amp#27;[90m# starter.stepdefinitions.sessionAvailSteps.iClickMyHealthFacility()&amp#27;[0m
12:05:10.446 [Forwarding screenshot on session 3fc6c66fef4483d52522f141d7fab3eb to remote] DEBUG org.asynchttpclient.netty.request.NettyRequestSender - Using pooled Channel '[id: 0xd5af475b, L:/127.0.0.1:62444 - R:localhost/127.0.0.1:53157]' for 'GET' to 'http://localhost:53157/session/3fc6c66fef4483d52522f141d7fab3eb/screenshot'
12:05:10.447 [Forwarding screenshot on session 3fc6c66fef4483d52522f141d7fab3eb to remote] DEBUG org.asynchttpclient.netty.request.NettyRequestSender - Using open Channel [id: 0xd5af475b, L:/127.0.0.1:62444 - R:localhost/127.0.0.1:53157] for GET '/session/3fc6c66fef4483d52522f141d7fab3eb/screenshot'
12:05:10.533 [AsyncHttpClient-1-1] DEBUG org.asynchttpclient.netty.channel.DefaultChannelPool - Entry count for : http://localhost:62446 : 1
12:05:10.782 [AsyncHttpClient-1-4] DEBUG org.asynchttpclient.netty.handler.HttpHandler - 

Request DefaultFullHttpRequest(decodeResult: success, version: HTTP/1.1, content: EmptyByteBufBE)
GET /session/3fc6c66fef4483d52522f141d7fab3eb/screenshot HTTP/1.1
User-Agent: selenium/4.1.2 (java windows)
Cache-Control: no-cache
Content-Type: application/json; charset=utf-8
host: localhost:53157
accept: */*

Response DefaultHttpResponse(decodeResult: success, version: HTTP/1.1)
HTTP/1.1 200 OK
Content-Type: application/json; charset=utf-8
cache-control: no-cache
content-length: 38272

12:05:10.782 [AsyncHttpClient-1-4] DEBUG org.asynchttpclient.netty.channel.ChannelManager - Adding key: http://localhost:53157 for channel [id: 0xd5af475b, L:/127.0.0.1:62444 - R:localhost/127.0.0.1:53157]
12:05:10.788 [main] DEBUG net.serenitybdd.core.photography.Darkroom - Send negative for processing for target\site\serenity\9a1c60b4182268e7560be092064012f6e4baca9a4b15e3a32d0ce4a825c7305c.png
12:05:10.790 [Darkroom Processing Line] DEBUG net.serenitybdd.core.photography.DarkroomProcessingLine - Processing screenshot image in /var/screenshots/screenshot-10759273882665103241
12:05:10.790 [Darkroom Processing Line] DEBUG net.serenitybdd.core.photography.DarkroomProcessingLine - Saving screenshot to target\site\serenity\9a1c60b4182268e7560be092064012f6e4baca9a4b15e3a32d0ce4a825c7305c.png
12:05:10.803 [Forwarding findElement on session 3fc6c66fef4483d52522f141d7fab3eb to remote] DEBUG org.asynchttpclient.netty.request.NettyRequestSender - Using pooled Channel '[id: 0xd5af475b, L:/127.0.0.1:62444 - R:localhost/127.0.0.1:53157]' for 'POST' to 'http://localhost:53157/session/3fc6c66fef4483d52522f141d7fab3eb/element'
12:05:10.803 [Forwarding findElement on session 3fc6c66fef4483d52522f141d7fab3eb to remote] DEBUG org.asynchttpclient.netty.request.NettyRequestSender - Using open Channel [id: 0xd5af475b, L:/127.0.0.1:62444 - R:localhost/127.0.0.1:53157] for POST '/session/3fc6c66fef4483d52522f141d7fab3eb/element'
12:05:10.833 [AsyncHttpClient-1-4] DEBUG org.asynchttpclient.netty.handler.HttpHandler - 

Request DefaultHttpRequest(decodeResult: success, version: HTTP/1.1)
POST /session/3fc6c66fef4483d52522f141d7fab3eb/element HTTP/1.1
User-Agent: selenium/4.1.2 (java windows)
Content-Length: 159
Content-Type: application/json; charset=utf-8
host: localhost:53157
accept: */*

Response DefaultHttpResponse(decodeResult: success, version: HTTP/1.1)
HTTP/1.1 200 OK
Content-Type: application/json; charset=utf-8
cache-control: no-cache
content-length: 88

12:05:10.833 [AsyncHttpClient-1-4] DEBUG org.asynchttpclient.netty.channel.ChannelManager - Adding key: http://localhost:53157 for channel [id: 0xd5af475b, L:/127.0.0.1:62444 - R:localhost/127.0.0.1:53157]
12:05:10.838 [Forwarding clearElement on session 3fc6c66fef4483d52522f141d7fab3eb to remote] DEBUG org.asynchttpclient.netty.request.NettyRequestSender - Using pooled Channel '[id: 0xd5af475b, L:/127.0.0.1:62444 - R:localhost/127.0.0.1:53157]' for 'POST' to 'http://localhost:53157/session/3fc6c66fef4483d52522f141d7fab3eb/element/91e00fb5-9cea-43cc-b721-9f0c4aa07e7c/clear'
12:05:10.838 [Forwarding clearElement on session 3fc6c66fef4483d52522f141d7fab3eb to remote] DEBUG org.asynchttpclient.netty.request.NettyRequestSender - Using open Channel [id: 0xd5af475b, L:/127.0.0.1:62444 - R:localhost/127.0.0.1:53157] for POST '/session/3fc6c66fef4483d52522f141d7fab3eb/element/91e00fb5-9cea-43cc-b721-9f0c4aa07e7c/clear'
12:05:10.884 [AsyncHttpClient-1-4] DEBUG org.asynchttpclient.netty.handler.HttpHandler - 

Request DefaultHttpRequest(decodeResult: success, version: HTTP/1.1)
POST /session/3fc6c66fef4483d52522f141d7fab3eb/element/91e00fb5-9cea-43cc-b721-9f0c4aa07e7c/clear HTTP/1.1
User-Agent: selenium/4.1.2 (java windows)
Content-Length: 50
Content-Type: application/json; charset=utf-8
host: localhost:53157
accept: */*

Response DefaultHttpResponse(decodeResult: success, version: HTTP/1.1)
HTTP/1.1 400 Bad Request
Content-Type: application/json; charset=utf-8
cache-control: no-cache
content-length: 949

12:05:10.884 [AsyncHttpClient-1-4] DEBUG org.asynchttpclient.netty.channel.ChannelManager - Adding key: http://localhost:53157 for channel [id: 0xd5af475b, L:/127.0.0.1:62444 - R:localhost/127.0.0.1:53157]
  &amp#27;[31mAnd &amp#27;[0m&amp#27;[31mI input new value of vaccination stock&amp#27;[0m                                           &amp#27;[90m# starter.stepdefinitions.vaccineStockSteps.iInputNewValueOfVaccinationStock()&amp#27;[0m
      &amp#27;[31morg.openqa.selenium.InvalidElementStateException: invalid element state
  (Session info: chrome=103.0.5060.114)
Build info: version: '4.1.2', revision: '9a5a329c5a'
System info: host: 'INGGRIT', ip: '192.168.137.1', os.name: 'Windows 10', os.arch: 'amd64', os.version: '10.0', java.version: '15.0.2'
Driver info: org.openqa.selenium.chrome.ChromeDriver
Command: [3fc6c66fef4483d52522f141d7fab3eb, clearElement {id=91e00fb5-9cea-43cc-b721-9f0c4aa07e7c}]
Capabilities {acceptInsecureCerts: false, browserName: chrome, browserVersion: 103.0.5060.114, chrome: {chromedriverVersion: 102.0.5005.61 (0e59bcc00cc4..., userDataDir: C:\Users\ponda\AppData\Loca...}, goog:chromeOptions: {debuggerAddress: localhost:62446}, javascriptEnabled: true, networkConnectionEnabled: false, pageLoadStrategy: normal, platform: WINDOWS, platformName: WINDOWS, proxy: Proxy(), se:cdp: ws://localhost:62446/devtoo..., se:cdpVersion: 103.0.5060.114, setWindowRect: true, strictFileInteractability: false, timeouts: {implicit: 0, pageLoad: 300000, script: 30000}, unhandledPromptBehavior: dismiss and notify, webauthn:extension:credBlob: true, webauthn:extension:largeBlob: true, webauthn:virtualAuthenticators: true}
Element: [[ChromeDriver: chrome on WINDOWS (3fc6c66fef4483d52522f141d7fab3eb)] -> xpath: //*[@id="root"]/div/div/div/div[1]/div[3]/table/tbody/tr[1]/td[3]]
Session ID: 3fc6c66fef4483d52522f141d7fab3eb
	at java.base/jdk.internal.reflect.NativeConstructorAccessorImpl.newInstance0(Native Method)
	at java.base/jdk.internal.reflect.NativeConstructorAccessorImpl.newInstance(NativeConstructorAccessorImpl.java:64)
	at java.base/jdk.internal.reflect.DelegatingConstructorAccessorImpl.newInstance(DelegatingConstructorAccessorImpl.java:45)
	at java.base/java.lang.reflect.Constructor.newInstanceWithCaller(Constructor.java:500)
	at java.base/java.lang.reflect.Constructor.newInstance(Constructor.java:481)
	at org.openqa.selenium.remote.codec.w3c.W3CHttpResponseCodec.createException(W3CHttpResponseCodec.java:200)
	at org.openqa.selenium.remote.codec.w3c.W3CHttpResponseCodec.decode(W3CHttpResponseCodec.java:133)
	at org.openqa.selenium.remote.codec.w3c.W3CHttpResponseCodec.decode(W3CHttpResponseCodec.java:53)
	at org.openqa.selenium.remote.HttpCommandExecutor.execute(HttpCommandExecutor.java:184)
	at org.openqa.selenium.remote.service.DriverCommandExecutor.invokeExecute(DriverCommandExecutor.java:167)
	at org.openqa.selenium.remote.service.DriverCommandExecutor.execute(DriverCommandExecutor.java:142)
	at org.openqa.selenium.remote.RemoteWebDriver.execute(RemoteWebDriver.java:558)
	at org.openqa.selenium.remote.RemoteWebElement.execute(RemoteWebElement.java:251)
	at org.openqa.selenium.remote.RemoteWebElement.clear(RemoteWebElement.java:126)
	at net.serenitybdd.core.pages.WebElementFacadeImpl.clear(WebElementFacadeImpl.java:1234)
	at net.serenitybdd.core.pages.WebElementFacadeImpl.type(WebElementFacadeImpl.java:733)
	at Web.Automation@1.0-SNAPSHOT/starter.pages.admin.vaccination_stock.updateVaccineStock(vaccination_stock.java:21)
	at Web.Automation@1.0-SNAPSHOT/starter.stepdefinitions.vaccineStockSteps.iInputNewValueOfVaccinationStock(vaccineStockSteps.java:16)
	at âœ½.I input new value of vaccination stock(file:///C:/Users/ponda/Downloads/Video/Web_Automation/src/test/resources/features/vaccine_stock.feature:9)
&amp#27;[0m
12:05:10.918 [Forwarding screenshot on session 3fc6c66fef4483d52522f141d7fab3eb to remote] DEBUG org.asynchttpclient.netty.request.NettyRequestSender - Using pooled Channel '[id: 0xd5af475b, L:/127.0.0.1:62444 - R:localhost/127.0.0.1:53157]' for 'GET' to 'http://localhost:53157/session/3fc6c66fef4483d52522f141d7fab3eb/screenshot'
12:05:10.919 [Forwarding screenshot on session 3fc6c66fef4483d52522f141d7fab3eb to remote] DEBUG org.asynchttpclient.netty.request.NettyRequestSender - Using open Channel [id: 0xd5af475b, L:/127.0.0.1:62444 - R:localhost/127.0.0.1:53157] for GET '/session/3fc6c66fef4483d52522f141d7fab3eb/screenshot'
12:05:11.166 [AsyncHttpClient-1-4] DEBUG org.asynchttpclient.netty.handler.HttpHandler - 

Request DefaultFullHttpRequest(decodeResult: success, version: HTTP/1.1, content: EmptyByteBufBE)
GET /session/3fc6c66fef4483d52522f141d7fab3eb/screenshot HTTP/1.1
User-Agent: selenium/4.1.2 (java windows)
Cache-Control: no-cache
Content-Type: application/json; charset=utf-8
host: localhost:53157
accept: */*

Response DefaultHttpResponse(decodeResult: success, version: HTTP/1.1)
HTTP/1.1 200 OK
Content-Type: application/json; charset=utf-8
cache-control: no-cache
content-length: 53396

12:05:11.167 [AsyncHttpClient-1-4] DEBUG org.asynchttpclient.netty.channel.ChannelManager - Adding key: http://localhost:53157 for channel [id: 0xd5af475b, L:/127.0.0.1:62444 - R:localhost/127.0.0.1:53157]
12:05:11.173 [main] DEBUG net.serenitybdd.core.photography.Darkroom - Send negative for processing for target\site\serenity\28e200af331fc3a218f30d3f3a65a26f9c11694572afd63a0120f6dab34bcfb1.png
12:05:11.174 [Darkroom Processing Line] DEBUG net.serenitybdd.core.photography.DarkroomProcessingLine - Processing screenshot image in /var/screenshots/screenshot-1706253453830385350
12:05:11.174 [Darkroom Processing Line] DEBUG net.serenitybdd.core.photography.DarkroomProcessingLine - Saving screenshot to target\site\serenity\28e200af331fc3a218f30d3f3a65a26f9c11694572afd63a0120f6dab34bcfb1.png
12:05:11.176 [Forwarding getPageSource on session 3fc6c66fef4483d52522f141d7fab3eb to remote] DEBUG org.asynchttpclient.netty.request.NettyRequestSender - Using pooled Channel '[id: 0xd5af475b, L:/127.0.0.1:62444 - R:localhost/127.0.0.1:53157]' for 'POST' to 'http://localhost:53157/session/3fc6c66fef4483d52522f141d7fab3eb/execute/sync'
12:05:11.176 [Forwarding getPageSource on session 3fc6c66fef4483d52522f141d7fab3eb to remote] DEBUG org.asynchttpclient.netty.request.NettyRequestSender - Using open Channel [id: 0xd5af475b, L:/127.0.0.1:62444 - R:localhost/127.0.0.1:53157] for POST '/session/3fc6c66fef4483d52522f141d7fab3eb/execute/sync'
12:05:11.194 [AsyncHttpClient-1-4] DEBUG org.asynchttpclient.netty.handler.HttpHandler - 

Request DefaultHttpRequest(decodeResult: success, version: HTTP/1.1)
POST /session/3fc6c66fef4483d52522f141d7fab3eb/execute/sync HTTP/1.1
User-Agent: selenium/4.1.2 (java windows)
Content-Length: 176
Content-Type: application/json; charset=utf-8
host: localhost:53157
accept: */*

Response DefaultHttpResponse(decodeResult: success, version: HTTP/1.1)
HTTP/1.1 200 OK
Content-Type: application/json; charset=utf-8
cache-control: no-cache
content-length: 46342

12:05:11.195 [AsyncHttpClient-1-4] DEBUG org.asynchttpclient.netty.channel.ChannelManager - Adding key: http://localhost:53157 for channel [id: 0xd5af475b, L:/127.0.0.1:62444 - R:localhost/127.0.0.1:53157]
12:05:11.257 [Forwarding getCurrentUrl on session 3fc6c66fef4483d52522f141d7fab3eb to remote] DEBUG org.asynchttpclient.netty.request.NettyRequestSender - Using pooled Channel '[id: 0xd5af475b, L:/127.0.0.1:62444 - R:localhost/127.0.0.1:53157]' for 'GET' to 'http://localhost:53157/session/3fc6c66fef4483d52522f141d7fab3eb/url'
12:05:11.258 [Forwarding getCurrentUrl on session 3fc6c66fef4483d52522f141d7fab3eb to remote] DEBUG org.asynchttpclient.netty.request.NettyRequestSender - Using open Channel [id: 0xd5af475b, L:/127.0.0.1:62444 - R:localhost/127.0.0.1:53157] for GET '/session/3fc6c66fef4483d52522f141d7fab3eb/url'
12:05:11.267 [AsyncHttpClient-1-4] DEBUG org.asynchttpclient.netty.handler.HttpHandler - 

Request DefaultFullHttpRequest(decodeResult: success, version: HTTP/1.1, content: EmptyByteBufBE)
GET /session/3fc6c66fef4483d52522f141d7fab3eb/url HTTP/1.1
User-Agent: selenium/4.1.2 (java windows)
Cache-Control: no-cache
Content-Type: application/json; charset=utf-8
host: localhost:53157
accept: */*

Response DefaultHttpResponse(decodeResult: success, version: HTTP/1.1)
HTTP/1.1 200 OK
Content-Type: application/json; charset=utf-8
cache-control: no-cache
content-length: 72

12:05:11.269 [AsyncHttpClient-1-4] DEBUG org.asynchttpclient.netty.channel.ChannelManager - Adding key: http://localhost:53157 for channel [id: 0xd5af475b, L:/127.0.0.1:62444 - R:localhost/127.0.0.1:53157]
  &amp#27;[36mAnd &amp#27;[0m&amp#27;[36mI click add stock button&amp#27;[0m                                                         &amp#27;[90m# starter.stepdefinitions.vaccineStockSteps.iClickAddStockButton()&amp#27;[0m
  &amp#27;[36mAnd &amp#27;[0m&amp#27;[36mI success update vaccine stock&amp#27;[0m                                                   &amp#27;[90m# starter.stepdefinitions.vaccineStockSteps.iSuccessUpdateVaccineStock()&amp#27;[0m
12:05:11.356 [main] ERROR  - 
  _____   ___   ___   _____     ___   ___   ___    ___    ___ 
 |_   _| | __| / __| |_   _|   | __| | _ \ | _ \  / _ \  | _ \
   | |   | _|  \__ \   | |     | _|  |   / |   / | (_) | |   /
   |_|   |___| |___/   |_|     |___| |_|_\ |_|_\  \___/  |_|_\

Update Vaccination Stock
---------------------------------------------------------------
12:05:11.356 [main] DEBUG  - RELATED ISSUES: 
12:05:11.356 [main] ERROR  -     Test failed at step: And I input new value of vaccination stock
12:05:11.359 [main] ERROR  -     invalid element state
12:05:11.367 [AsyncHttpClient-1-2] DEBUG org.asynchttpclient.netty.handler.WebSocketHandler - Channel Closed: [id: 0xb238e1bb, L:/127.0.0.1:62454 ! R:localhost/127.0.0.1:62446] with attribute NettyResponseFuture{currentRetry=5,
	isDone=1,
	isCancelled=0,
	asyncHandler=org.asynchttpclient.ws.WebSocketUpgradeHandler@1724be81,
	nettyRequest=org.asynchttpclient.netty.request.NettyRequest@2c911193,
	future=java.util.concurrent.CompletableFuture@1f4ac143[Completed normally],
	uri=ws://localhost:62446/devtools/browser/0b74ddd4-54fd-443f-afd7-b9b6084a2d04,
	keepAlive=true,
	redirectCount=0,
	timeoutsHolder=null,
	inAuth=0,
	touch=1658207097870}
12:05:11.369 [AsyncHttpClient-1-2] DEBUG org.asynchttpclient.netty.channel.ChannelManager - Closing Channel [id: 0xb238e1bb, L:/127.0.0.1:62454 ! R:localhost/127.0.0.1:62446] 
12:05:11.371 [Driver Command Executor] DEBUG org.asynchttpclient.netty.request.NettyRequestSender - Using pooled Channel '[id: 0xd5af475b, L:/127.0.0.1:62444 - R:localhost/127.0.0.1:53157]' for 'DELETE' to 'http://localhost:53157/session/3fc6c66fef4483d52522f141d7fab3eb'
12:05:11.371 [Driver Command Executor] DEBUG org.asynchttpclient.netty.request.NettyRequestSender - Using open Channel [id: 0xd5af475b, L:/127.0.0.1:62444 - R:localhost/127.0.0.1:53157] for DELETE '/session/3fc6c66fef4483d52522f141d7fab3eb'
12:05:11.624 [AsyncHttpClient-1-1] DEBUG org.asynchttpclient.netty.channel.DefaultChannelPool - Entry count for : http://localhost:62446 : 1
12:05:11.832 [AsyncHttpClient-1-5] DEBUG org.asynchttpclient.netty.handler.HttpHandler - Unexpected I/O exception on channel [id: 0x4bc61ae1, L:/127.0.0.1:62453 - R:localhost/127.0.0.1:62446]
java.net.SocketException: Connection reset
	at java.base/sun.nio.ch.SocketChannelImpl.throwConnectionReset(SocketChannelImpl.java:367)
	at java.base/sun.nio.ch.SocketChannelImpl.read(SocketChannelImpl.java:398)
	at io.netty.buffer.PooledByteBuf.setBytes(PooledByteBuf.java:258)
	at io.netty.buffer.AbstractByteBuf.writeBytes(AbstractByteBuf.java:1132)
	at io.netty.channel.socket.nio.NioSocketChannel.doReadBytes(NioSocketChannel.java:350)
	at io.netty.channel.nio.AbstractNioByteChannel$NioByteUnsafe.read(AbstractNioByteChannel.java:151)
	at io.netty.channel.nio.NioEventLoop.processSelectedKey(NioEventLoop.java:722)
	at io.netty.channel.nio.NioEventLoop.processSelectedKeysOptimized(NioEventLoop.java:658)
	at io.netty.channel.nio.NioEventLoop.processSelectedKeys(NioEventLoop.java:584)
	at io.netty.channel.nio.NioEventLoop.run(NioEventLoop.java:496)
	at io.netty.util.concurrent.SingleThreadEventExecutor$4.run(SingleThreadEventExecutor.java:986)
	at io.netty.util.internal.ThreadExecutorMap$2.run(ThreadExecutorMap.java:74)
	at io.netty.util.concurrent.FastThreadLocalRunnable.run(FastThreadLocalRunnable.java:30)
	at java.base/java.lang.Thread.run(Thread.java:832)
12:05:11.832 [AsyncHttpClient-1-5] DEBUG org.asynchttpclient.netty.channel.ChannelManager - Closing Channel [id: 0x4bc61ae1, L:/127.0.0.1:62453 - R:localhost/127.0.0.1:62446] 
12:05:11.833 [AsyncHttpClient-1-5] DEBUG org.asynchttpclient.netty.handler.HttpHandler - Channel Closed: [id: 0x4bc61ae1, L:/127.0.0.1:62453 ! R:localhost/127.0.0.1:62446] with attribute DISCARD
12:05:11.890 [AsyncHttpClient-1-4] DEBUG org.asynchttpclient.netty.handler.HttpHandler - 

Request DefaultFullHttpRequest(decodeResult: success, version: HTTP/1.1, content: EmptyByteBufBE)
DELETE /session/3fc6c66fef4483d52522f141d7fab3eb HTTP/1.1
User-Agent: selenium/4.1.2 (java windows)
Content-Type: application/json; charset=utf-8
host: localhost:53157
accept: */*

Response DefaultHttpResponse(decodeResult: success, version: HTTP/1.1)
HTTP/1.1 200 OK
Content-Type: application/json; charset=utf-8
cache-control: no-cache
content-length: 14

12:05:11.890 [AsyncHttpClient-1-4] DEBUG org.asynchttpclient.netty.channel.ChannelManager - Adding key: http://localhost:53157 for channel [id: 0xd5af475b, L:/127.0.0.1:62444 - R:localhost/127.0.0.1:53157]
12:05:12.193 [AsyncHttpClient-1-4] DEBUG org.asynchttpclient.netty.handler.HttpHandler - Channel Closed: [id: 0xd5af475b, L:/127.0.0.1:62444 ! R:localhost/127.0.0.1:53157] with attribute DISCARD
]]></system-out>
    <system-err><![CDATA[Starting ChromeDriver 102.0.5005.61 (0e59bcc00cc4985ce39ad31c150065f159d95ad3-refs/branch-heads/5005@{#819}) on port 53157
Only local connections are allowed.
Please see https://chromedriver.chromium.org/security-considerations for suggestions on keeping ChromeDriver safe.
ChromeDriver was started successfully.
[1658207096.945][WARNING]: This version of ChromeDriver has not been tested with Chrome version 103.
Jul 19, 2022 12:04:57 PM org.openqa.selenium.remote.ProtocolHandshake createSession
INFO: Detected dialect: W3C
Jul 19, 2022 12:04:57 PM org.openqa.selenium.devtools.CdpVersionFinder findNearestMatch
WARNING: Unable to find an exact match for CDP version 103, so returning the closest version found: a no-op implementation
Jul 19, 2022 12:04:57 PM org.openqa.selenium.devtools.CdpVersionFinder findNearestMatch
INFO: Unable to find CDP implementation matching 103.
Jul 19, 2022 12:04:57 PM org.openqa.selenium.chromium.ChromiumDriver lambda$new$3
WARNING: Unable to find version of CDP to use for . You may need to include a dependency on a specific version of the CDP using something similar to `org.seleniumhq.selenium:selenium-devtools-v86:4.1.2` where the version ("v86") matches the version of the chromium-based browser you're using and the version number of the artifact is the same as Selenium's.
]]></system-err>
  </testcase>
</testsuite>